Godot Engine v4.2.1.stable.official.b09f793f5 - https://godotengine.org
Vulkan API 1.3.292 - Forward+ - Using Vulkan Device #0: AMD - AMD Radeon RX 7800 XT
 
Grid: Ready called
TestMap: Ready called
Grid: Input event received: InputEventMouseButton: button_index=1, mods=none, pressed=true, canceled=false, position=((84, 667)), button_mask=1, double_click=false
TestMap: Input event received: InputEventMouseButton: button_index=1, mods=none, pressed=true, canceled=false, position=((84, 667)), button_mask=1, double_click=false
Grid: Input event received: InputEventMouseButton: button_index=1, mods=none, pressed=false, canceled=false, position=((87.5, 667.5)), button_mask=0, double_click=false
TestMap: Input event received: InputEventMouseButton: button_index=1, mods=none, pressed=false, canceled=false, position=((87.5, 667.5)), button_mask=0, double_click=false
Grid: Input event received: InputEventMouseButton: button_index=2, mods=none, pressed=true, canceled=false, position=((967, 301.5)), button_mask=2, double_click=false
TestMap: Input event received: InputEventMouseButton: button_index=2, mods=none, pressed=true, canceled=false, position=((967, 301.5)), button_mask=2, double_click=false
TestMap: Unhandled input event: InputEventMouseButton: button_index=2, mods=none, pressed=true, canceled=false, position=((967, 301.5)), button_mask=2, double_click=false
TestMap: Attempting to place wall
Screen pos: (967, 301.5) -> Local pos: (1526.17, 569.4117) -> Grid pos: (23, 8)
TestMap: Wall placement - Mouse pos: (967, 301.5) Grid pos: (23, 8)
TestMap: Placing wall
Grid: Input event received: InputEventMouseButton: button_index=2, mods=none, pressed=false, canceled=false, position=((967, 301.5)), button_mask=0, double_click=false
TestMap: Input event received: InputEventMouseButton: button_index=2, mods=none, pressed=false, canceled=false, position=((967, 301.5)), button_mask=0, double_click=false
TestMap: Unhandled input event: InputEventMouseButton: button_index=2, mods=none, pressed=false, canceled=false, position=((967, 301.5)), button_mask=0, double_click=false
Grid: Input event received: InputEventMouseButton: button_index=1, mods=none, pressed=true, canceled=false, position=((955.5, 317.5)), button_mask=1, double_click=false
TestMap: Input event received: InputEventMouseButton: button_index=1, mods=none, pressed=true, canceled=false, position=((955.5, 317.5)), button_mask=1, double_click=false
TestMap: Unhandled input event: InputEventMouseButton: button_index=1, mods=none, pressed=true, canceled=false, position=((955.5, 317.5)), button_mask=1, double_click=false
TestMap: Attempting to place tower
Screen pos: (956, 317.5) -> Local pos: (1500.863, 606.2222) -> Grid pos: (23, 9)
TestMap: Tower placement - Mouse pos: (956, 317.5) Grid pos: (23, 9)
TestMap: Placing tower
Grid: Input event received: InputEventMouseButton: button_index=1, mods=none, pressed=false, canceled=false, position=((956, 317.5)), button_mask=0, double_click=false
TestMap: Input event received: InputEventMouseButton: button_index=1, mods=none, pressed=false, canceled=false, position=((956, 317.5)), button_mask=0, double_click=false
TestMap: Unhandled input event: InputEventMouseButton: button_index=1, mods=none, pressed=false, canceled=false, position=((956, 317.5)), button_mask=0, double_click=false
Grid: Input event received: InputEventMouseButton: button_index=1, mods=none, pressed=true, canceled=false, position=((956, 264.5)), button_mask=1, double_click=false
TestMap: Input event received: InputEventMouseButton: button_index=1, mods=none, pressed=true, canceled=false, position=((956, 264.5)), button_mask=1, double_click=false
TestMap: Unhandled input event: InputEventMouseButton: button_index=1, mods=none, pressed=true, canceled=false, position=((956, 264.5)), button_mask=1, double_click=false
TestMap: Attempting to place tower
Screen pos: (956, 264.5) -> Local pos: (1500.863, 484.2875) -> Grid pos: (23, 7)
TestMap: Tower placement - Mouse pos: (956, 264.5) Grid pos: (23, 7)
TestMap: Not enough gold
Grid: Input event received: InputEventMouseButton: button_index=1, mods=none, pressed=false, canceled=false, position=((956, 264.5)), button_mask=0, double_click=false
TestMap: Input event received: InputEventMouseButton: button_index=1, mods=none, pressed=false, canceled=false, position=((956, 264.5)), button_mask=0, double_click=false
TestMap: Unhandled input event: InputEventMouseButton: button_index=1, mods=none, pressed=false, canceled=false, position=((956, 264.5)), button_mask=0, double_click=false
Grid: Input event received: InputEventMouseButton: button_index=2, mods=none, pressed=true, canceled=false, position=((942.5, 266.5)), button_mask=2, double_click=false
TestMap: Input event received: InputEventMouseButton: button_index=2, mods=none, pressed=true, canceled=false, position=((942.5, 266.5)), button_mask=2, double_click=false
TestMap: Unhandled input event: InputEventMouseButton: button_index=2, mods=none, pressed=true, canceled=false, position=((942.5, 266.5)), button_mask=2, double_click=false
TestMap: Attempting to place wall
Screen pos: (942.5, 266.5) -> Local pos: (1469.804, 488.8889) -> Grid pos: (22, 7)
TestMap: Wall placement - Mouse pos: (942.5, 266.5) Grid pos: (22, 7)
TestMap: Placing wall
Grid: Input event received: InputEventMouseButton: button_index=2, mods=none, pressed=false, canceled=false, position=((942.5, 266.5)), button_mask=0, double_click=false
TestMap: Input event received: InputEventMouseButton: button_index=2, mods=none, pressed=false, canceled=false, position=((942.5, 266.5)), button_mask=0, double_click=false
TestMap: Unhandled input event: InputEventMouseButton: button_index=2, mods=none, pressed=false, canceled=false, position=((942.5, 266.5)), button_mask=0, double_click=false
Grid: Input event received: InputEventMouseButton: button_index=2, mods=none, pressed=true, canceled=false, position=((931, 241.5)), button_mask=2, double_click=false
TestMap: Input event received: InputEventMouseButton: button_index=2, mods=none, pressed=true, canceled=false, position=((931, 241.5)), button_mask=2, double_click=false
TestMap: Unhandled input event: InputEventMouseButton: button_index=2, mods=none, pressed=true, canceled=false, position=((931, 241.5)), button_mask=2, double_click=false
TestMap: Attempting to place wall
Screen pos: (931, 241.5) -> Local pos: (1443.346, 431.3725) -> Grid pos: (22, 6)
TestMap: Wall placement - Mouse pos: (931, 241.5) Grid pos: (22, 6)
TestMap: Not enough gold
Grid: Input event received: InputEventMouseButton: button_index=2, mods=none, pressed=false, canceled=false, position=((931, 241.5)), button_mask=0, double_click=false
TestMap: Input event received: InputEventMouseButton: button_index=2, mods=none, pressed=false, canceled=false, position=((931, 241.5)), button_mask=0, double_click=false
TestMap: Unhandled input event: InputEventMouseButton: button_index=2, mods=none, pressed=false, canceled=false, position=((931, 241.5)), button_mask=0, double_click=false
Grid: Input event received: InputEventMouseButton: button_index=2, mods=none, pressed=true, canceled=false, position=((953.5, 239)), button_mask=2, double_click=false
TestMap: Input event received: InputEventMouseButton: button_index=2, mods=none, pressed=true, canceled=false, position=((953.5, 239)), button_mask=2, double_click=false
TestMap: Unhandled input event: InputEventMouseButton: button_index=2, mods=none, pressed=true, canceled=false, position=((953.5, 239)), button_mask=2, double_click=false
TestMap: Attempting to place wall
Screen pos: (953.5, 239.5) -> Local pos: (1495.111, 426.7712) -> Grid pos: (23, 6)
TestMap: Wall placement - Mouse pos: (953.5, 239.5) Grid pos: (23, 6)
TestMap: Not enough gold
Grid: Input event received: InputEventMouseButton: button_index=2, mods=none, pressed=false, canceled=false, position=((954, 239.5)), button_mask=0, double_click=false
TestMap: Input event received: InputEventMouseButton: button_index=2, mods=none, pressed=false, canceled=false, position=((954, 239.5)), button_mask=0, double_click=false
TestMap: Unhandled input event: InputEventMouseButton: button_index=2, mods=none, pressed=false, canceled=false, position=((954, 239.5)), button_mask=0, double_click=false
Grid: Input event received: InputEventMouseButton: button_index=1, mods=none, pressed=true, canceled=false, position=((954, 239.5)), button_mask=1, double_click=false
TestMap: Input event received: InputEventMouseButton: button_index=1, mods=none, pressed=true, canceled=false, position=((954, 239.5)), button_mask=1, double_click=false
TestMap: Unhandled input event: InputEventMouseButton: button_index=1, mods=none, pressed=true, canceled=false, position=((954, 239.5)), button_mask=1, double_click=false
TestMap: Attempting to place tower
Screen pos: (954, 239.5) -> Local pos: (1496.261, 426.7712) -> Grid pos: (23, 6)
TestMap: Tower placement - Mouse pos: (954, 239.5) Grid pos: (23, 6)
TestMap: Not enough gold
Grid: Input event received: InputEventMouseButton: button_index=1, mods=none, pressed=false, canceled=false, position=((954, 239.5)), button_mask=0, double_click=false
TestMap: Input event received: InputEventMouseButton: button_index=1, mods=none, pressed=false, canceled=false, position=((954, 239.5)), button_mask=0, double_click=false
TestMap: Unhandled input event: InputEventMouseButton: button_index=1, mods=none, pressed=false, canceled=false, position=((954, 239.5)), button_mask=0, double_click=false
Grid: Input event received: InputEventKey: keycode=32 (Space), mods=none, physical=false, pressed=true, echo=false
TestMap: Input event received: InputEventKey: keycode=32 (Space), mods=none, physical=false, pressed=true, echo=false
TestMap: Unhandled input event: InputEventKey: keycode=32 (Space), mods=none, physical=false, pressed=true, echo=false
Grid: Input event received: InputEventKey: keycode=32 (Space), mods=none, physical=false, pressed=false, echo=false
TestMap: Input event received: InputEventKey: keycode=32 (Space), mods=none, physical=false, pressed=false, echo=false
TestMap: Unhandled input event: InputEventKey: keycode=32 (Space), mods=none, physical=false, pressed=false, echo=false
Grid: Input event received: InputEventMouseButton: button_index=1, mods=none, pressed=true, canceled=false, position=((1620, 40)), button_mask=1, double_click=false
TestMap: Input event received: InputEventMouseButton: button_index=1, mods=none, pressed=true, canceled=false, position=((1620, 40)), button_mask=1, double_click=false
Grid: Input event received: InputEventMouseButton: button_index=1, mods=none, pressed=false, canceled=false, position=((1620, 40)), button_mask=0, double_click=false
TestMap: Input event received: InputEventMouseButton: button_index=1, mods=none, pressed=false, canceled=false, position=((1620, 40)), button_mask=0, double_click=false
Wave 1 started with 10 enemies
Screen pos: (32, 1184) -> Local pos: (1467.503, 1005.386) -> Grid pos: (22, 15)
Enemy updating path from: (22, 15) to: (37, 11)
Spawned enemy at position: (32, 1184)
Screen pos: (32, 288) -> Local pos: (1347.869, 1016.889) -> Grid pos: (21, 15)
Enemy updating path from: (21, 15) to: (37, 11)
Spawned enemy at position: (32, 288)
Screen pos: (32, 480) -> Local pos: (1360.523, 1003.085) -> Grid pos: (21, 15)
Enemy updating path from: (21, 15) to: (37, 11)
Spawned enemy at position: (32, 480)
Screen pos: (32, 1120) -> Local pos: (1370.876, 992.7321) -> Grid pos: (21, 15)
Enemy updating path from: (21, 15) to: (37, 11)
Spawned enemy at position: (32, 1120)
Screen pos: (32, 352) -> Local pos: (1370.876, 992.7321) -> Grid pos: (21, 15)
Enemy updating path from: (21, 15) to: (37, 11)
Spawned enemy at position: (32, 352)
Screen pos: (32, 672) -> Local pos: (1377.778, 990.4314) -> Grid pos: (21, 15)
Enemy updating path from: (21, 15) to: (37, 11)
Spawned enemy at position: (32, 672)
Screen pos: (32, 352) -> Local pos: (1377.778, 990.4314) -> Grid pos: (21, 15)
Enemy updating path from: (21, 15) to: (37, 11)
Spawned enemy at position: (32, 352)
Screen pos: (32, 1248) -> Local pos: (1380.078, 990.4314) -> Grid pos: (21, 15)
Enemy updating path from: (21, 15) to: (37, 11)
Spawned enemy at position: (32, 1248)
Screen pos: (32, 992) -> Local pos: (1384.68, 988.1307) -> Grid pos: (21, 15)
Enemy updating path from: (21, 15) to: (37, 11)
Spawned enemy at position: (32, 992)
Screen pos: (32, 864) -> Local pos: (1385.83, 986.9803) -> Grid pos: (21, 15)
Enemy updating path from: (21, 15) to: (37, 11)
Spawned enemy at position: (32, 864)
Wave 1 completed
Grid: Input event received: InputEventKey: keycode=4194305 (Escape), mods=none, physical=false, pressed=true, echo=false
TestMap: Input event received: InputEventKey: keycode=4194305 (Escape), mods=none, physical=false, pressed=true, echo=false
TestMap: Unhandled input event: InputEventKey: keycode=4194305 (Escape), mods=none, physical=false, pressed=true, echo=false
Grid: Input event received: InputEventKey: keycode=4194305 (Escape), mods=none, physical=false, pressed=false, echo=false
TestMap: Input event received: InputEventKey: keycode=4194305 (Escape), mods=none, physical=false, pressed=false, echo=false
TestMap: Unhandled input event: InputEventKey: keycode=4194305 (Escape), mods=none, physical=false, pressed=false, echo=false
Grid: Input event received: InputEventMouseButton: button_index=1, mods=none, pressed=true, canceled=false, position=((1164, 374)), button_mask=1, double_click=false
TestMap: Input event received: InputEventMouseButton: button_index=1, mods=none, pressed=true, canceled=false, position=((1164, 374)), button_mask=1, double_click=false
TestMap: Unhandled input event: InputEventMouseButton: button_index=1, mods=none, pressed=true, canceled=false, position=((1164, 374)), button_mask=1, double_click=false
TestMap: Attempting to place tower
Screen pos: (1164, 374) -> Local pos: (1979.399, 736.2091) -> Grid pos: (30, 11)
TestMap: Tower placement - Mouse pos: (1164, 374) Grid pos: (30, 11)
TestMap: Not enough gold
Grid: Input event received: InputEventMouseButton: button_index=1, mods=none, pressed=false, canceled=false, position=((1164, 374)), button_mask=0, double_click=false
TestMap: Input event received: InputEventMouseButton: button_index=1, mods=none, pressed=false, canceled=false, position=((1164, 374)), button_mask=0, double_click=false
TestMap: Unhandled input event: InputEventMouseButton: button_index=1, mods=none, pressed=false, canceled=false, position=((1164, 374)), button_mask=0, double_click=false
Grid: Input event received: InputEventKey: keycode=4194339 (F8), mods=none, physical=false, pressed=true, echo=false
TestMap: Input event received: InputEventKey: keycode=4194339 (F8), mods=none, physical=false, pressed=true, echo=false
TestMap: Unhandled input event: InputEventKey: keycode=4194339 (F8), mods=none, physical=false, pressed=true, echo=false
