Godot Engine v4.2.1.stable.official.b09f793f5 - https://godotengine.org
Vulkan API 1.3.292 - Forward+ - Using Vulkan Device #0: AMD - AMD Radeon RX 7800 XT
 
Grid: Ready called
TestMap: Ready called
Grid: Input event received: InputEventMouseButton: button_index=2, mods=none, pressed=true, canceled=false, position=((979, 335)), button_mask=2, double_click=false
TestMap: Input event received: InputEventMouseButton: button_index=2, mods=none, pressed=true, canceled=false, position=((979, 335)), button_mask=2, double_click=false
TestMap: Unhandled input event: InputEventMouseButton: button_index=2, mods=none, pressed=true, canceled=false, position=((979, 335)), button_mask=2, double_click=false
TestMap: Attempting to place wall
Screen pos: (979, 335) -> Local pos: (1553.778, 646.4836) -> Grid pos: (24, 10)
TestMap: Wall placement - Mouse pos: (979, 335) Grid pos: (24, 10)
TestMap: Placing wall
Grid: Input event received: InputEventMouseButton: button_index=2, mods=none, pressed=false, canceled=false, position=((979, 335)), button_mask=0, double_click=false
TestMap: Input event received: InputEventMouseButton: button_index=2, mods=none, pressed=false, canceled=false, position=((979, 335)), button_mask=0, double_click=false
TestMap: Unhandled input event: InputEventMouseButton: button_index=2, mods=none, pressed=false, canceled=false, position=((979, 335)), button_mask=0, double_click=false
Grid: Input event received: InputEventMouseButton: button_index=1, mods=none, pressed=true, canceled=false, position=((856, 379.5)), button_mask=1, double_click=false
TestMap: Input event received: InputEventMouseButton: button_index=1, mods=none, pressed=true, canceled=false, position=((856, 379.5)), button_mask=1, double_click=false
TestMap: Unhandled input event: InputEventMouseButton: button_index=1, mods=none, pressed=true, canceled=false, position=((856, 379.5)), button_mask=1, double_click=false
TestMap: Attempting to place tower
Screen pos: (856, 379.5) -> Local pos: (1270.797, 748.8627) -> Grid pos: (19, 11)
TestMap: Tower placement - Mouse pos: (856, 379.5) Grid pos: (19, 11)
TestMap: Placing tower
Grid: Input event received: InputEventMouseButton: button_index=1, mods=none, pressed=false, canceled=false, position=((856, 379.5)), button_mask=0, double_click=false
TestMap: Input event received: InputEventMouseButton: button_index=1, mods=none, pressed=false, canceled=false, position=((856, 379.5)), button_mask=0, double_click=false
TestMap: Unhandled input event: InputEventMouseButton: button_index=1, mods=none, pressed=false, canceled=false, position=((856, 379.5)), button_mask=0, double_click=false
Grid: Input event received: InputEventMouseButton: button_index=1, mods=none, pressed=true, canceled=false, position=((845.5, 290.5)), button_mask=1, double_click=false
TestMap: Input event received: InputEventMouseButton: button_index=1, mods=none, pressed=true, canceled=false, position=((845.5, 290.5)), button_mask=1, double_click=false
TestMap: Unhandled input event: InputEventMouseButton: button_index=1, mods=none, pressed=true, canceled=false, position=((845.5, 290.5)), button_mask=1, double_click=false
TestMap: Attempting to place tower
Screen pos: (845.5, 290.5) -> Local pos: (1246.641, 544.1046) -> Grid pos: (19, 8)
TestMap: Tower placement - Mouse pos: (845.5, 290.5) Grid pos: (19, 8)
TestMap: Not enough gold
Grid: Input event received: InputEventMouseButton: button_index=1, mods=none, pressed=false, canceled=false, position=((845.5, 290.5)), button_mask=0, double_click=false
TestMap: Input event received: InputEventMouseButton: button_index=1, mods=none, pressed=false, canceled=false, position=((845.5, 290.5)), button_mask=0, double_click=false
TestMap: Unhandled input event: InputEventMouseButton: button_index=1, mods=none, pressed=false, canceled=false, position=((845.5, 290.5)), button_mask=0, double_click=false
Grid: Input event received: InputEventMouseButton: button_index=1, mods=none, pressed=true, canceled=false, position=((1624, 37.5)), button_mask=1, double_click=false
TestMap: Input event received: InputEventMouseButton: button_index=1, mods=none, pressed=true, canceled=false, position=((1624, 37.5)), button_mask=1, double_click=false
Grid: Input event received: InputEventMouseButton: button_index=1, mods=none, pressed=false, canceled=false, position=((1624, 37.5)), button_mask=0, double_click=false
TestMap: Input event received: InputEventMouseButton: button_index=1, mods=none, pressed=false, canceled=false, position=((1624, 37.5)), button_mask=0, double_click=false
Wave 1 started with 10 enemies
Screen pos: (32, 416) -> Local pos: (2552.261, 368.1046) -> Grid pos: (39, 5)
Enemy updating path from: (39, 5) to: (37, 11)
Spawned enemy at position: (32, 416)
Screen pos: (32, 608) -> Local pos: (1889.673, 593.5686) -> Grid pos: (29, 9)
Enemy updating path from: (29, 9) to: (37, 11)
Spawned enemy at position: (32, 608)
Screen pos: (32, 608) -> Local pos: (1886.222, 595.8693) -> Grid pos: (29, 9)
Enemy updating path from: (29, 9) to: (37, 11)
Spawned enemy at position: (32, 608)
Screen pos: (32, 864) -> Local pos: (1886.222, 595.8693) -> Grid pos: (29, 9)
Enemy updating path from: (29, 9) to: (37, 11)
Spawned enemy at position: (32, 864)
Screen pos: (32, 992) -> Local pos: (1886.222, 595.8693) -> Grid pos: (29, 9)
Enemy updating path from: (29, 9) to: (37, 11)
Spawned enemy at position: (32, 992)
Screen pos: (32, 288) -> Local pos: (1886.222, 595.8693) -> Grid pos: (29, 9)
Enemy updating path from: (29, 9) to: (37, 11)
Spawned enemy at position: (32, 288)
Screen pos: (32, 480) -> Local pos: (1886.222, 595.8693) -> Grid pos: (29, 9)
Enemy updating path from: (29, 9) to: (37, 11)
Spawned enemy at position: (32, 480)
Screen pos: (32, 672) -> Local pos: (1886.222, 595.8693) -> Grid pos: (29, 9)
Enemy updating path from: (29, 9) to: (37, 11)
Spawned enemy at position: (32, 672)
Screen pos: (32, 672) -> Local pos: (1886.222, 595.8693) -> Grid pos: (29, 9)
Enemy updating path from: (29, 9) to: (37, 11)
Spawned enemy at position: (32, 672)
Screen pos: (32, 928) -> Local pos: (1185.673, 760.366) -> Grid pos: (18, 11)
Enemy updating path from: (18, 11) to: (37, 11)
Spawned enemy at position: (32, 928)
Grid: Input event received: InputEventMouseButton: button_index=1, mods=none, pressed=true, canceled=false, position=((1131.5, 289.5)), button_mask=1, double_click=false
TestMap: Input event received: InputEventMouseButton: button_index=1, mods=none, pressed=true, canceled=false, position=((1131.5, 289.5)), button_mask=1, double_click=false
Grid: Input event received: InputEventMouseButton: button_index=1, mods=none, pressed=false, canceled=false, position=((1131.5, 289.5)), button_mask=0, double_click=false
TestMap: Input event received: InputEventMouseButton: button_index=1, mods=none, pressed=false, canceled=false, position=((1131.5, 289.5)), button_mask=0, double_click=false
Screen pos: (2400.001, 731.2953) -> Local pos: (1940.288, 564.8104) -> Grid pos: (30, 8)
Enemy updating path from: (30, 8) to: (37, 11)
Grid: Input event received: InputEventMouseButton: button_index=1, mods=none, pressed=true, canceled=false, position=((1137.5, 290.5)), button_mask=1, double_click=false
TestMap: Input event received: InputEventMouseButton: button_index=1, mods=none, pressed=true, canceled=false, position=((1137.5, 290.5)), button_mask=1, double_click=false
Grid: Input event received: InputEventMouseButton: button_index=1, mods=none, pressed=false, canceled=false, position=((1137.5, 290.5)), button_mask=0, double_click=false
TestMap: Input event received: InputEventMouseButton: button_index=1, mods=none, pressed=false, canceled=false, position=((1137.5, 290.5)), button_mask=0, double_click=false
Screen pos: (2395.233, 736.0002) -> Local pos: (1918.431, 544.1046) -> Grid pos: (29, 8)
Enemy updating path from: (29, 8) to: (37, 11)
Grid: Input event received: InputEventKey: keycode=4194340 (F9), mods=none, physical=false, pressed=true, echo=false
TestMap: Input event received: InputEventKey: keycode=4194340 (F9), mods=none, physical=false, pressed=true, echo=false
TestMap: Unhandled input event: InputEventKey: keycode=4194340 (F9), mods=none, physical=false, pressed=true, echo=false
Grid: Input event received: InputEventKey: keycode=4194340 (F9), mods=none, physical=false, pressed=false, echo=false
TestMap: Input event received: InputEventKey: keycode=4194340 (F9), mods=none, physical=false, pressed=false, echo=false
TestMap: Unhandled input event: InputEventKey: keycode=4194340 (F9), mods=none, physical=false, pressed=false, echo=false
Grid: Input event received: InputEventKey: keycode=4194339 (F8), mods=none, physical=false, pressed=true, echo=false
TestMap: Input event received: InputEventKey: keycode=4194339 (F8), mods=none, physical=false, pressed=true, echo=false
TestMap: Unhandled input event: InputEventKey: keycode=4194339 (F8), mods=none, physical=false, pressed=true, echo=false
