Godot Engine v4.2.1.stable.official.b09f793f5 - https://godotengine.org
Vulkan API 1.3.292 - Forward+ - Using Vulkan Device #0: AMD - AMD Radeon RX 7800 XT
 
Grid: Ready called
Flag: Initializing...
Flag: Setting up Attackable component...
Flag: Attackable component initialized with health: 100
Flag: Health bar found and initialized
Flag: Health changed - Current: 100 Maximum: 100
USER WARNING: Nodes with non-equal opposite anchors will have their size overridden after _ready(). 
If you want to set size, change the anchors or consider using set_deferred().
   at: _set_size (scene/gui/control.cpp:1440)
Flag: Health bar width updated to: 64
Flag: Health bar updated - Size: (64, 8) Color: (0, 1, 0, 1)

=== Starting Flag Attack Tests ===
Spawned enemy at: (1920, 540)

Starting test: front

Test passed: front
Flag: Taking damage: 20
Flag: Forwarding damage to attackable component
Flag: Damage taken - Amount: 20 Current Health: 80
Flag: Health changed - Current: 80 Maximum: 100
Flag: Health bar width updated to: 51.2
Flag: Health bar updated - Size: (51.2, 8) Color: (0, 1, 0, 1)
Flag: Actual damage taken: 20
Spawned enemy at: (2240, 540)

Starting test: back
Calculated target position: (1920, 540)
Distance to flag: 328, ATTACK_RANGE: 40
Distance to flag: 277, ATTACK_RANGE: 40

[back] State: Moving, Distance to flag: 257, Path length: 4
   Position: (2177.96, 543.5951)
   Next waypoint: (2144, 544)
Distance to flag: 227, ATTACK_RANGE: 40
Distance to flag: 227, ATTACK_RANGE: 40
Distance to flag: 177, ATTACK_RANGE: 40

[back] State: Moving, Distance to flag: 157, Path length: 2
   Position: (2077.908, 543.9617)
   Next waypoint: (2016, 544)
Distance to flag: 127, ATTACK_RANGE: 40
Distance to flag: 127, ATTACK_RANGE: 40
Distance to flag: 77, ATTACK_RANGE: 40

[back] State: Moving, Distance to flag: 58, Path length: 1
   Position: (1977.869, 543.9961)
   Next waypoint: (1952, 544)
Distance to flag: 51, ATTACK_RANGE: 40
Distance to flag: 51, ATTACK_RANGE: 40

[back] State: Moving, Distance to flag: 51
   Position: (1971.183, 543.9971)
Distance to flag: 51, ATTACK_RANGE: 40
Distance to flag: 51, ATTACK_RANGE: 40

[back] State: Moving, Distance to flag: 51
   Position: (1971.183, 543.9971)

Test failed: back (Timeout)
Spawned enemy at: (2240, 540)

Starting test: back
Calculated target position: (1920, 540)
Distance to flag: 327, ATTACK_RANGE: 40
Distance to flag: 277, ATTACK_RANGE: 40

[back] State: Moving, Distance to flag: 258, Path length: 4
   Position: (2178.115, 543.6017)
   Next waypoint: (2144, 544)
Distance to flag: 227, ATTACK_RANGE: 40
Distance to flag: 178, ATTACK_RANGE: 40

[back] State: Moving, Distance to flag: 158, Path length: 2
   Position: (2078.132, 543.9625)
   Next waypoint: (2016, 544)
