Godot Engine v4.2.1.stable.official.b09f793f5 - https://godotengine.org
Vulkan API 1.3.292 - Forward+ - Using Vulkan Device #0: AMD - AMD Radeon RX 7800 XT
 
USER ERROR: res://scenes/Tower.tscn:10 - Parse Error: Can't load cached ext-resource id: res://resources/sprites/towers/ballista.tres
   at: _parse_node_tag (scene/resources/resource_format_text.cpp:284)
USER ERROR: Failed loading resource: res://scenes/Tower.tscn. Make sure resources have been imported by opening the project in the editor at least once.
   at: _load (core/io/resource_loader.cpp:274)
HealthComponent _ready called on: /root/TestMap/Flag/HealthComponent
EntityComponent _ready called for Node
EntityComponent _ready completed for Node
HealthComponent _ready completed on: /root/TestMap/Flag/HealthComponent
EntityComponent _ready called for Node
EntityComponent _ready completed for Node
EntityComponent _ready called for Node
EntityComponent _ready completed for Node
EntityComponent _ready called for Node
EntityComponent _ready completed for Node
USER ERROR: Node not found: "Attackable" (relative to "/root/TestMap/Flag").
   at: get_node (scene/main/node.cpp:1638)
Entity _ready called for: Flag
USER ERROR: Node not found: "Sprite" (relative to "/root/TestMap/Flag/VisualManager").
   at: get_node (scene/main/node.cpp:1638)
USER ERROR: Node not found: "AnimationPlayer" (relative to "/root/TestMap/Flag/VisualManager").
   at: get_node (scene/main/node.cpp:1638)
USER ERROR: Node not found: "HealthBar" (relative to "/root/TestMap/Flag/VisualManager").
   at: get_node (scene/main/node.cpp:1638)
USER ERROR: Node not found: "EffectContainer" (relative to "/root/TestMap/Flag/VisualManager").
   at: get_node (scene/main/node.cpp:1638)
Visual manager added to Flag
StateManager ready for: Flag
Entering idle state
State manager added to Flag
USER ERROR: Flag: Attackable component not found!
   at: push_error (core/variant/variant_utility.cpp:1091)

TestMap: Initializing...
Checking scenes...
- Tower scene loaded: true
USER ERROR: Failed to instantiate scene state of "res://scenes/Tower.tscn", node count is 0. Make sure the PackedScene resource is valid.
   at: instantiate (scene/resources/packed_scene.cpp:141)
USER ERROR: Failed to instantiate tower!
   at: push_error (core/variant/variant_utility.cpp:1091)
HealthComponent _initialize called on: /root/TestMap/Flag/HealthComponent
Health initialized to: 1000 on: /root/TestMap/Flag/HealthComponent
HealthComponent _initialize completed with health: 1000 on: /root/TestMap/Flag/HealthComponent
CombatComponent initialized for: Flag
USER ERROR: CombatManager: No grid found in scene
   at: push_error (core/variant/variant_utility.cpp:1091)
Entity: Connecting component signals for Flag
Entity: Health signals connected
Entity: Movement signals connected
Entity: Combat signals connected
Entity: Status signals connected

Left click detected at: (923.5, 239)

Attempting tower placement:
- Screen pos: (923.5, 239)
- World pos: (1426.092, 261.6209)
- Grid pos: (22, 4)
- Selected tower type: 0
- Current gold: 1000
- Tower cost: 50
Placing tower...
USER ERROR: Failed to instantiate scene state of "res://scenes/Tower.tscn", node count is 0. Make sure the PackedScene resource is valid.
   at: instantiate (scene/resources/packed_scene.cpp:141)
USER ERROR: Failed to instantiate tower!
   at: push_error (core/variant/variant_utility.cpp:1091)
Failed: Could not place tower

Right click detected at: (877, 330.5)

Attempting wall placement:
- Screen pos: (876.5, 331)
- World pos: (1317.961, 473.281)
- Grid pos: (21, 7)
- Current gold: 1000
- Wall cost: 20
Placing wall...
Entity _ready called for: Wall
HealthComponent _ready called on: /root/TestMap/Grid/Wall/HealthComponent
EntityComponent _ready called for Node
EntityComponent _ready completed for Node
HealthComponent _ready completed on: /root/TestMap/Grid/Wall/HealthComponent
Health component added to Wall
EntityComponent _ready called for Node
EntityComponent _ready completed for Node
Movement component added to Wall
EntityComponent _ready called for Node
EntityComponent _ready completed for Node
Combat component added to Wall
EntityComponent _ready called for Node
EntityComponent _ready completed for Node
Status component added to Wall
USER ERROR: Node not found: "Sprite" (relative to "/root/TestMap/Grid/Wall/VisualManager").
   at: get_node (scene/main/node.cpp:1638)
USER ERROR: Node not found: "AnimationPlayer" (relative to "/root/TestMap/Grid/Wall/VisualManager").
   at: get_node (scene/main/node.cpp:1638)
USER ERROR: Node not found: "HealthBar" (relative to "/root/TestMap/Grid/Wall/VisualManager").
   at: get_node (scene/main/node.cpp:1638)
USER ERROR: Node not found: "EffectContainer" (relative to "/root/TestMap/Grid/Wall/VisualManager").
   at: get_node (scene/main/node.cpp:1638)
Visual manager added to Wall
StateManager ready for: Wall
Entering idle state
State manager added to Wall
Wall placed successfully
Entity: Connecting component signals for Wall
Entity: Health signals connected
Entity: Movement signals connected
Entity: Combat signals connected
Entity: Status signals connected
HealthComponent _initialize called on: /root/TestMap/Grid/Wall/HealthComponent
Health initialized to: 100 on: /root/TestMap/Grid/Wall/HealthComponent
HealthComponent _initialize completed with health: 100 on: /root/TestMap/Grid/Wall/HealthComponent
CombatComponent initialized for: Wall

Right click detected at: (856.5, 370)

Attempting wall placement:
- Screen pos: (856.5, 370.5)
- World pos: (1271.948, 564.1569)
- Grid pos: (20, 9)
- Current gold: 980
- Wall cost: 20
Placing wall...
Entity _ready called for: @Node2D@4
HealthComponent _ready called on: /root/TestMap/Grid/@Node2D@4/HealthComponent
EntityComponent _ready called for Node
EntityComponent _ready completed for Node
HealthComponent _ready completed on: /root/TestMap/Grid/@Node2D@4/HealthComponent
Health component added to @Node2D@4
EntityComponent _ready called for Node
EntityComponent _ready completed for Node
Movement component added to @Node2D@4
EntityComponent _ready called for Node
EntityComponent _ready completed for Node
Combat component added to @Node2D@4
EntityComponent _ready called for Node
EntityComponent _ready completed for Node
Status component added to @Node2D@4
USER ERROR: Node not found: "Sprite" (relative to "/root/TestMap/Grid/@Node2D@4/VisualManager").
   at: get_node (scene/main/node.cpp:1638)
USER ERROR: Node not found: "AnimationPlayer" (relative to "/root/TestMap/Grid/@Node2D@4/VisualManager").
   at: get_node (scene/main/node.cpp:1638)
USER ERROR: Node not found: "HealthBar" (relative to "/root/TestMap/Grid/@Node2D@4/VisualManager").
   at: get_node (scene/main/node.cpp:1638)
USER ERROR: Node not found: "EffectContainer" (relative to "/root/TestMap/Grid/@Node2D@4/VisualManager").
   at: get_node (scene/main/node.cpp:1638)
Visual manager added to @Node2D@4
StateManager ready for: @Node2D@4
Entering idle state
State manager added to @Node2D@4
Wall placed successfully
Entity: Connecting component signals for @Node2D@4
Entity: Health signals connected
Entity: Movement signals connected
Entity: Combat signals connected
Entity: Status signals connected
HealthComponent _initialize called on: /root/TestMap/Grid/@Node2D@4/HealthComponent
Health initialized to: 100 on: /root/TestMap/Grid/@Node2D@4/HealthComponent
HealthComponent _initialize completed with health: 100 on: /root/TestMap/Grid/@Node2D@4/HealthComponent
CombatComponent initialized for: @Node2D@4

Right click detected at: (772.5, 302)

Attempting wall placement:
- Screen pos: (772.5, 302)
- World pos: (1078.693, 406.5621)
- Grid pos: (17, 6)
- Current gold: 960
- Wall cost: 20
Placing wall...
Entity _ready called for: @Node2D@5
HealthComponent _ready called on: /root/TestMap/Grid/@Node2D@5/HealthComponent
EntityComponent _ready called for Node
EntityComponent _ready completed for Node
HealthComponent _ready completed on: /root/TestMap/Grid/@Node2D@5/HealthComponent
Health component added to @Node2D@5
EntityComponent _ready called for Node
EntityComponent _ready completed for Node
Movement component added to @Node2D@5
EntityComponent _ready called for Node
EntityComponent _ready completed for Node
Combat component added to @Node2D@5
EntityComponent _ready called for Node
EntityComponent _ready completed for Node
Status component added to @Node2D@5
USER ERROR: Node not found: "Sprite" (relative to "/root/TestMap/Grid/@Node2D@5/VisualManager").
   at: get_node (scene/main/node.cpp:1638)
USER ERROR: Node not found: "AnimationPlayer" (relative to "/root/TestMap/Grid/@Node2D@5/VisualManager").
   at: get_node (scene/main/node.cpp:1638)
USER ERROR: Node not found: "HealthBar" (relative to "/root/TestMap/Grid/@Node2D@5/VisualManager").
   at: get_node (scene/main/node.cpp:1638)
USER ERROR: Node not found: "EffectContainer" (relative to "/root/TestMap/Grid/@Node2D@5/VisualManager").
   at: get_node (scene/main/node.cpp:1638)
Visual manager added to @Node2D@5
StateManager ready for: @Node2D@5
Entering idle state
State manager added to @Node2D@5
Wall placed successfully
Entity: Connecting component signals for @Node2D@5
Entity: Health signals connected
Entity: Movement signals connected
Entity: Combat signals connected
Entity: Status signals connected
HealthComponent _initialize called on: /root/TestMap/Grid/@Node2D@5/HealthComponent
Health initialized to: 100 on: /root/TestMap/Grid/@Node2D@5/HealthComponent
HealthComponent _initialize completed with health: 100 on: /root/TestMap/Grid/@Node2D@5/HealthComponent
CombatComponent initialized for: @Node2D@5

Right click detected at: (728, 301)

Attempting wall placement:
- Screen pos: (728, 301.5)
- World pos: (976.3137, 405.4117)
- Grid pos: (15, 6)
- Current gold: 940
- Wall cost: 20
Placing wall...
Entity _ready called for: @Node2D@6
HealthComponent _ready called on: /root/TestMap/Grid/@Node2D@6/HealthComponent
EntityComponent _ready called for Node
EntityComponent _ready completed for Node
HealthComponent _ready completed on: /root/TestMap/Grid/@Node2D@6/HealthComponent
Health component added to @Node2D@6
EntityComponent _ready called for Node
EntityComponent _ready completed for Node
Movement component added to @Node2D@6
EntityComponent _ready called for Node
EntityComponent _ready completed for Node
Combat component added to @Node2D@6
EntityComponent _ready called for Node
EntityComponent _ready completed for Node
Status component added to @Node2D@6
USER ERROR: Node not found: "Sprite" (relative to "/root/TestMap/Grid/@Node2D@6/VisualManager").
   at: get_node (scene/main/node.cpp:1638)
USER ERROR: Node not found: "AnimationPlayer" (relative to "/root/TestMap/Grid/@Node2D@6/VisualManager").
   at: get_node (scene/main/node.cpp:1638)
USER ERROR: Node not found: "HealthBar" (relative to "/root/TestMap/Grid/@Node2D@6/VisualManager").
   at: get_node (scene/main/node.cpp:1638)
USER ERROR: Node not found: "EffectContainer" (relative to "/root/TestMap/Grid/@Node2D@6/VisualManager").
   at: get_node (scene/main/node.cpp:1638)
Visual manager added to @Node2D@6
StateManager ready for: @Node2D@6
Entering idle state
State manager added to @Node2D@6
Wall placed successfully
HealthComponent _initialize called on: /root/TestMap/Grid/@Node2D@6/HealthComponent
Health initialized to: 100 on: /root/TestMap/Grid/@Node2D@6/HealthComponent
HealthComponent _initialize completed with health: 100 on: /root/TestMap/Grid/@Node2D@6/HealthComponent
CombatComponent initialized for: @Node2D@6
Entity: Connecting component signals for @Node2D@6
Entity: Health signals connected
Entity: Movement signals connected
Entity: Combat signals connected
Entity: Status signals connected

Right click detected at: (679, 308.5)

Attempting wall placement:
- Screen pos: (679, 308.5)
- World pos: (863.5817, 421.5164)
- Grid pos: (13, 7)
- Current gold: 920
- Wall cost: 20
Placing wall...
Entity _ready called for: @Node2D@7
HealthComponent _ready called on: /root/TestMap/Grid/@Node2D@7/HealthComponent
EntityComponent _ready called for Node
EntityComponent _ready completed for Node
HealthComponent _ready completed on: /root/TestMap/Grid/@Node2D@7/HealthComponent
Health component added to @Node2D@7
EntityComponent _ready called for Node
EntityComponent _ready completed for Node
Movement component added to @Node2D@7
EntityComponent _ready called for Node
EntityComponent _ready completed for Node
Combat component added to @Node2D@7
EntityComponent _ready called for Node
EntityComponent _ready completed for Node
Status component added to @Node2D@7
USER ERROR: Node not found: "Sprite" (relative to "/root/TestMap/Grid/@Node2D@7/VisualManager").
   at: get_node (scene/main/node.cpp:1638)
USER ERROR: Node not found: "AnimationPlayer" (relative to "/root/TestMap/Grid/@Node2D@7/VisualManager").
   at: get_node (scene/main/node.cpp:1638)
USER ERROR: Node not found: "HealthBar" (relative to "/root/TestMap/Grid/@Node2D@7/VisualManager").
   at: get_node (scene/main/node.cpp:1638)
USER ERROR: Node not found: "EffectContainer" (relative to "/root/TestMap/Grid/@Node2D@7/VisualManager").
   at: get_node (scene/main/node.cpp:1638)
Visual manager added to @Node2D@7
StateManager ready for: @Node2D@7
Entering idle state
State manager added to @Node2D@7
Wall placed successfully
Entity: Connecting component signals for @Node2D@7
Entity: Health signals connected
Entity: Movement signals connected
Entity: Combat signals connected
Entity: Status signals connected
HealthComponent _initialize called on: /root/TestMap/Grid/@Node2D@7/HealthComponent
Health initialized to: 100 on: /root/TestMap/Grid/@Node2D@7/HealthComponent
HealthComponent _initialize completed with health: 100 on: /root/TestMap/Grid/@Node2D@7/HealthComponent
CombatComponent initialized for: @Node2D@7

Right click detected at: (680.5, 276)

Attempting wall placement:
- Screen pos: (680.5, 276)
- World pos: (867.0327, 346.7451)
- Grid pos: (14, 5)
- Current gold: 900
- Wall cost: 20
Placing wall...
Entity _ready called for: @Node2D@8
HealthComponent _ready called on: /root/TestMap/Grid/@Node2D@8/HealthComponent
EntityComponent _ready called for Node
EntityComponent _ready completed for Node
HealthComponent _ready completed on: /root/TestMap/Grid/@Node2D@8/HealthComponent
Health component added to @Node2D@8
EntityComponent _ready called for Node
EntityComponent _ready completed for Node
Movement component added to @Node2D@8
EntityComponent _ready called for Node
EntityComponent _ready completed for Node
Combat component added to @Node2D@8
EntityComponent _ready called for Node
EntityComponent _ready completed for Node
Status component added to @Node2D@8
USER ERROR: Node not found: "Sprite" (relative to "/root/TestMap/Grid/@Node2D@8/VisualManager").
   at: get_node (scene/main/node.cpp:1638)
USER ERROR: Node not found: "AnimationPlayer" (relative to "/root/TestMap/Grid/@Node2D@8/VisualManager").
   at: get_node (scene/main/node.cpp:1638)
USER ERROR: Node not found: "HealthBar" (relative to "/root/TestMap/Grid/@Node2D@8/VisualManager").
   at: get_node (scene/main/node.cpp:1638)
USER ERROR: Node not found: "EffectContainer" (relative to "/root/TestMap/Grid/@Node2D@8/VisualManager").
   at: get_node (scene/main/node.cpp:1638)
Visual manager added to @Node2D@8
StateManager ready for: @Node2D@8
Entering idle state
State manager added to @Node2D@8
Wall placed successfully
HealthComponent _initialize called on: /root/TestMap/Grid/@Node2D@8/HealthComponent
Health initialized to: 100 on: /root/TestMap/Grid/@Node2D@8/HealthComponent
HealthComponent _initialize completed with health: 100 on: /root/TestMap/Grid/@Node2D@8/HealthComponent
CombatComponent initialized for: @Node2D@8
Entity: Connecting component signals for @Node2D@8
Entity: Health signals connected
Entity: Movement signals connected
Entity: Combat signals connected
Entity: Status signals connected

Right click detected at: (630.5, 278)

Attempting wall placement:
- Screen pos: (628.5, 277.5)
- World pos: (747.3987, 350.1961)
- Grid pos: (12, 5)
- Current gold: 880
- Wall cost: 20
Placing wall...
Entity _ready called for: @Node2D@9
HealthComponent _ready called on: /root/TestMap/Grid/@Node2D@9/HealthComponent
EntityComponent _ready called for Node
EntityComponent _ready completed for Node
HealthComponent _ready completed on: /root/TestMap/Grid/@Node2D@9/HealthComponent
Health component added to @Node2D@9
EntityComponent _ready called for Node
EntityComponent _ready completed for Node
Movement component added to @Node2D@9
EntityComponent _ready called for Node
EntityComponent _ready completed for Node
Combat component added to @Node2D@9
EntityComponent _ready called for Node
EntityComponent _ready completed for Node
Status component added to @Node2D@9
USER ERROR: Node not found: "Sprite" (relative to "/root/TestMap/Grid/@Node2D@9/VisualManager").
   at: get_node (scene/main/node.cpp:1638)
USER ERROR: Node not found: "AnimationPlayer" (relative to "/root/TestMap/Grid/@Node2D@9/VisualManager").
   at: get_node (scene/main/node.cpp:1638)
USER ERROR: Node not found: "HealthBar" (relative to "/root/TestMap/Grid/@Node2D@9/VisualManager").
   at: get_node (scene/main/node.cpp:1638)
USER ERROR: Node not found: "EffectContainer" (relative to "/root/TestMap/Grid/@Node2D@9/VisualManager").
   at: get_node (scene/main/node.cpp:1638)
Visual manager added to @Node2D@9
StateManager ready for: @Node2D@9
Entering idle state
State manager added to @Node2D@9
Wall placed successfully
HealthComponent _initialize called on: /root/TestMap/Grid/@Node2D@9/HealthComponent
Health initialized to: 100 on: /root/TestMap/Grid/@Node2D@9/HealthComponent
HealthComponent _initialize completed with health: 100 on: /root/TestMap/Grid/@Node2D@9/HealthComponent
CombatComponent initialized for: @Node2D@9
Entity: Connecting component signals for @Node2D@9
Entity: Health signals connected
Entity: Movement signals connected
Entity: Combat signals connected
Entity: Status signals connected

Right click detected at: (589.5, 300)

Attempting wall placement:
- Screen pos: (589.5, 300)
- World pos: (657.6732, 401.9608)
- Grid pos: (10, 6)
- Current gold: 860
- Wall cost: 20
Placing wall...
Entity _ready called for: @Node2D@10
HealthComponent _ready called on: /root/TestMap/Grid/@Node2D@10/HealthComponent
EntityComponent _ready called for Node
EntityComponent _ready completed for Node
HealthComponent _ready completed on: /root/TestMap/Grid/@Node2D@10/HealthComponent
Health component added to @Node2D@10
EntityComponent _ready called for Node
EntityComponent _ready completed for Node
Movement component added to @Node2D@10
EntityComponent _ready called for Node
EntityComponent _ready completed for Node
Combat component added to @Node2D@10
EntityComponent _ready called for Node
EntityComponent _ready completed for Node
Status component added to @Node2D@10
USER ERROR: Node not found: "Sprite" (relative to "/root/TestMap/Grid/@Node2D@10/VisualManager").
   at: get_node (scene/main/node.cpp:1638)
USER ERROR: Node not found: "AnimationPlayer" (relative to "/root/TestMap/Grid/@Node2D@10/VisualManager").
   at: get_node (scene/main/node.cpp:1638)
USER ERROR: Node not found: "HealthBar" (relative to "/root/TestMap/Grid/@Node2D@10/VisualManager").
   at: get_node (scene/main/node.cpp:1638)
USER ERROR: Node not found: "EffectContainer" (relative to "/root/TestMap/Grid/@Node2D@10/VisualManager").
   at: get_node (scene/main/node.cpp:1638)
Visual manager added to @Node2D@10
StateManager ready for: @Node2D@10
Entering idle state
State manager added to @Node2D@10
Wall placed successfully
Entity: Connecting component signals for @Node2D@10
Entity: Health signals connected
Entity: Movement signals connected
Entity: Combat signals connected
Entity: Status signals connected
HealthComponent _initialize called on: /root/TestMap/Grid/@Node2D@10/HealthComponent
Health initialized to: 100 on: /root/TestMap/Grid/@Node2D@10/HealthComponent
HealthComponent _initialize completed with health: 100 on: /root/TestMap/Grid/@Node2D@10/HealthComponent
CombatComponent initialized for: @Node2D@10

Right click detected at: (612, 348.5)

Attempting wall placement:
- Screen pos: (612, 349)
- World pos: (709.4379, 514.6928)
- Grid pos: (11, 8)
- Current gold: 840
- Wall cost: 20
Placing wall...
Entity _ready called for: @Node2D@11
HealthComponent _ready called on: /root/TestMap/Grid/@Node2D@11/HealthComponent
EntityComponent _ready called for Node
EntityComponent _ready completed for Node
HealthComponent _ready completed on: /root/TestMap/Grid/@Node2D@11/HealthComponent
Health component added to @Node2D@11
EntityComponent _ready called for Node
EntityComponent _ready completed for Node
Movement component added to @Node2D@11
EntityComponent _ready called for Node
EntityComponent _ready completed for Node
Combat component added to @Node2D@11
EntityComponent _ready called for Node
EntityComponent _ready completed for Node
Status component added to @Node2D@11
USER ERROR: Node not found: "Sprite" (relative to "/root/TestMap/Grid/@Node2D@11/VisualManager").
   at: get_node (scene/main/node.cpp:1638)
USER ERROR: Node not found: "AnimationPlayer" (relative to "/root/TestMap/Grid/@Node2D@11/VisualManager").
   at: get_node (scene/main/node.cpp:1638)
USER ERROR: Node not found: "HealthBar" (relative to "/root/TestMap/Grid/@Node2D@11/VisualManager").
   at: get_node (scene/main/node.cpp:1638)
USER ERROR: Node not found: "EffectContainer" (relative to "/root/TestMap/Grid/@Node2D@11/VisualManager").
   at: get_node (scene/main/node.cpp:1638)
Visual manager added to @Node2D@11
StateManager ready for: @Node2D@11
Entering idle state
State manager added to @Node2D@11
Wall placed successfully
Entity: Connecting component signals for @Node2D@11
Entity: Health signals connected
Entity: Movement signals connected
Entity: Combat signals connected
Entity: Status signals connected
HealthComponent _initialize called on: /root/TestMap/Grid/@Node2D@11/HealthComponent
Health initialized to: 100 on: /root/TestMap/Grid/@Node2D@11/HealthComponent
HealthComponent _initialize completed with health: 100 on: /root/TestMap/Grid/@Node2D@11/HealthComponent
CombatComponent initialized for: @Node2D@11

Right click detected at: (658, 408.5)

Attempting wall placement:
- Screen pos: (658, 408.5)
- World pos: (815.2679, 651.5817)
- Grid pos: (13, 10)
- Current gold: 820
- Wall cost: 20
Placing wall...
Entity _ready called for: @Node2D@12
HealthComponent _ready called on: /root/TestMap/Grid/@Node2D@12/HealthComponent
EntityComponent _ready called for Node
EntityComponent _ready completed for Node
HealthComponent _ready completed on: /root/TestMap/Grid/@Node2D@12/HealthComponent
Health component added to @Node2D@12
EntityComponent _ready called for Node
EntityComponent _ready completed for Node
Movement component added to @Node2D@12
EntityComponent _ready called for Node
EntityComponent _ready completed for Node
Combat component added to @Node2D@12
EntityComponent _ready called for Node
EntityComponent _ready completed for Node
Status component added to @Node2D@12
USER ERROR: Node not found: "Sprite" (relative to "/root/TestMap/Grid/@Node2D@12/VisualManager").
   at: get_node (scene/main/node.cpp:1638)
USER ERROR: Node not found: "AnimationPlayer" (relative to "/root/TestMap/Grid/@Node2D@12/VisualManager").
   at: get_node (scene/main/node.cpp:1638)
USER ERROR: Node not found: "HealthBar" (relative to "/root/TestMap/Grid/@Node2D@12/VisualManager").
   at: get_node (scene/main/node.cpp:1638)
USER ERROR: Node not found: "EffectContainer" (relative to "/root/TestMap/Grid/@Node2D@12/VisualManager").
   at: get_node (scene/main/node.cpp:1638)
Visual manager added to @Node2D@12
StateManager ready for: @Node2D@12
Entering idle state
State manager added to @Node2D@12
Wall placed successfully
HealthComponent _initialize called on: /root/TestMap/Grid/@Node2D@12/HealthComponent
Health initialized to: 100 on: /root/TestMap/Grid/@Node2D@12/HealthComponent
HealthComponent _initialize completed with health: 100 on: /root/TestMap/Grid/@Node2D@12/HealthComponent
CombatComponent initialized for: @Node2D@12
Entity: Connecting component signals for @Node2D@12
Entity: Health signals connected
Entity: Movement signals connected
Entity: Combat signals connected
Entity: Status signals connected

Right click detected at: (627, 410.5)

Attempting wall placement:
- Screen pos: (627, 410.5)
- World pos: (743.9477, 656.183)
- Grid pos: (12, 10)
- Current gold: 800
- Wall cost: 20
Placing wall...
Entity _ready called for: @Node2D@13
HealthComponent _ready called on: /root/TestMap/Grid/@Node2D@13/HealthComponent
EntityComponent _ready called for Node
EntityComponent _ready completed for Node
HealthComponent _ready completed on: /root/TestMap/Grid/@Node2D@13/HealthComponent
Health component added to @Node2D@13
EntityComponent _ready called for Node
EntityComponent _ready completed for Node
Movement component added to @Node2D@13
EntityComponent _ready called for Node
EntityComponent _ready completed for Node
Combat component added to @Node2D@13
EntityComponent _ready called for Node
EntityComponent _ready completed for Node
Status component added to @Node2D@13
USER ERROR: Node not found: "Sprite" (relative to "/root/TestMap/Grid/@Node2D@13/VisualManager").
   at: get_node (scene/main/node.cpp:1638)
USER ERROR: Node not found: "AnimationPlayer" (relative to "/root/TestMap/Grid/@Node2D@13/VisualManager").
   at: get_node (scene/main/node.cpp:1638)
USER ERROR: Node not found: "HealthBar" (relative to "/root/TestMap/Grid/@Node2D@13/VisualManager").
   at: get_node (scene/main/node.cpp:1638)
USER ERROR: Node not found: "EffectContainer" (relative to "/root/TestMap/Grid/@Node2D@13/VisualManager").
   at: get_node (scene/main/node.cpp:1638)
Visual manager added to @Node2D@13
StateManager ready for: @Node2D@13
Entering idle state
State manager added to @Node2D@13
Wall placed successfully
Entity: Connecting component signals for @Node2D@13
Entity: Health signals connected
Entity: Movement signals connected
Entity: Combat signals connected
Entity: Status signals connected
HealthComponent _initialize called on: /root/TestMap/Grid/@Node2D@13/HealthComponent
Health initialized to: 100 on: /root/TestMap/Grid/@Node2D@13/HealthComponent
HealthComponent _initialize completed with health: 100 on: /root/TestMap/Grid/@Node2D@13/HealthComponent
CombatComponent initialized for: @Node2D@13

Right click detected at: (612.5, 410.5)

Attempting wall placement:
- Screen pos: (612.5, 410.5)
- World pos: (710.5883, 656.183)
- Grid pos: (11, 10)
- Current gold: 780
- Wall cost: 20
Placing wall...
Entity _ready called for: @Node2D@14
HealthComponent _ready called on: /root/TestMap/Grid/@Node2D@14/HealthComponent
EntityComponent _ready called for Node
EntityComponent _ready completed for Node
HealthComponent _ready completed on: /root/TestMap/Grid/@Node2D@14/HealthComponent
Health component added to @Node2D@14
EntityComponent _ready called for Node
EntityComponent _ready completed for Node
Movement component added to @Node2D@14
EntityComponent _ready called for Node
EntityComponent _ready completed for Node
Combat component added to @Node2D@14
EntityComponent _ready called for Node
EntityComponent _ready completed for Node
Status component added to @Node2D@14
USER ERROR: Node not found: "Sprite" (relative to "/root/TestMap/Grid/@Node2D@14/VisualManager").
   at: get_node (scene/main/node.cpp:1638)
USER ERROR: Node not found: "AnimationPlayer" (relative to "/root/TestMap/Grid/@Node2D@14/VisualManager").
   at: get_node (scene/main/node.cpp:1638)
USER ERROR: Node not found: "HealthBar" (relative to "/root/TestMap/Grid/@Node2D@14/VisualManager").
   at: get_node (scene/main/node.cpp:1638)
USER ERROR: Node not found: "EffectContainer" (relative to "/root/TestMap/Grid/@Node2D@14/VisualManager").
   at: get_node (scene/main/node.cpp:1638)
Visual manager added to @Node2D@14
StateManager ready for: @Node2D@14
Entering idle state
State manager added to @Node2D@14
Wall placed successfully
HealthComponent _initialize called on: /root/TestMap/Grid/@Node2D@14/HealthComponent
Health initialized to: 100 on: /root/TestMap/Grid/@Node2D@14/HealthComponent
HealthComponent _initialize completed with health: 100 on: /root/TestMap/Grid/@Node2D@14/HealthComponent
CombatComponent initialized for: @Node2D@14
Entity: Connecting component signals for @Node2D@14
Entity: Health signals connected
Entity: Movement signals connected
Entity: Combat signals connected
Entity: Status signals connected

Right click detected at: (583, 410.5)

Attempting wall placement:
- Screen pos: (583, 410.5)
- World pos: (642.7189, 656.183)
- Grid pos: (10, 10)
- Current gold: 760
- Wall cost: 20
Placing wall...
Entity _ready called for: @Node2D@15
HealthComponent _ready called on: /root/TestMap/Grid/@Node2D@15/HealthComponent
EntityComponent _ready called for Node
EntityComponent _ready completed for Node
HealthComponent _ready completed on: /root/TestMap/Grid/@Node2D@15/HealthComponent
Health component added to @Node2D@15
EntityComponent _ready called for Node
EntityComponent _ready completed for Node
Movement component added to @Node2D@15
EntityComponent _ready called for Node
EntityComponent _ready completed for Node
Combat component added to @Node2D@15
EntityComponent _ready called for Node
EntityComponent _ready completed for Node
Status component added to @Node2D@15
USER ERROR: Node not found: "Sprite" (relative to "/root/TestMap/Grid/@Node2D@15/VisualManager").
   at: get_node (scene/main/node.cpp:1638)
USER ERROR: Node not found: "AnimationPlayer" (relative to "/root/TestMap/Grid/@Node2D@15/VisualManager").
   at: get_node (scene/main/node.cpp:1638)
USER ERROR: Node not found: "HealthBar" (relative to "/root/TestMap/Grid/@Node2D@15/VisualManager").
   at: get_node (scene/main/node.cpp:1638)
USER ERROR: Node not found: "EffectContainer" (relative to "/root/TestMap/Grid/@Node2D@15/VisualManager").
   at: get_node (scene/main/node.cpp:1638)
Visual manager added to @Node2D@15
StateManager ready for: @Node2D@15
Entering idle state
State manager added to @Node2D@15
Wall placed successfully
HealthComponent _initialize called on: /root/TestMap/Grid/@Node2D@15/HealthComponent
Health initialized to: 100 on: /root/TestMap/Grid/@Node2D@15/HealthComponent
HealthComponent _initialize completed with health: 100 on: /root/TestMap/Grid/@Node2D@15/HealthComponent
CombatComponent initialized for: @Node2D@15
Entity: Connecting component signals for @Node2D@15
Entity: Health signals connected
Entity: Movement signals connected
Entity: Combat signals connected
Entity: Status signals connected

Right click detected at: (547, 411)

Attempting wall placement:
- Screen pos: (547, 411)
- World pos: (559.8954, 657.3333)
- Grid pos: (9, 10)
- Current gold: 740
- Wall cost: 20
Placing wall...
Entity _ready called for: @Node2D@16
HealthComponent _ready called on: /root/TestMap/Grid/@Node2D@16/HealthComponent
EntityComponent _ready called for Node
EntityComponent _ready completed for Node
HealthComponent _ready completed on: /root/TestMap/Grid/@Node2D@16/HealthComponent
Health component added to @Node2D@16
EntityComponent _ready called for Node
EntityComponent _ready completed for Node
Movement component added to @Node2D@16
EntityComponent _ready called for Node
EntityComponent _ready completed for Node
Combat component added to @Node2D@16
EntityComponent _ready called for Node
EntityComponent _ready completed for Node
Status component added to @Node2D@16
USER ERROR: Node not found: "Sprite" (relative to "/root/TestMap/Grid/@Node2D@16/VisualManager").
   at: get_node (scene/main/node.cpp:1638)
USER ERROR: Node not found: "AnimationPlayer" (relative to "/root/TestMap/Grid/@Node2D@16/VisualManager").
   at: get_node (scene/main/node.cpp:1638)
USER ERROR: Node not found: "HealthBar" (relative to "/root/TestMap/Grid/@Node2D@16/VisualManager").
   at: get_node (scene/main/node.cpp:1638)
USER ERROR: Node not found: "EffectContainer" (relative to "/root/TestMap/Grid/@Node2D@16/VisualManager").
   at: get_node (scene/main/node.cpp:1638)
Visual manager added to @Node2D@16
StateManager ready for: @Node2D@16
Entering idle state
State manager added to @Node2D@16
Wall placed successfully
Entity: Connecting component signals for @Node2D@16
Entity: Health signals connected
Entity: Movement signals connected
Entity: Combat signals connected
Entity: Status signals connected
HealthComponent _initialize called on: /root/TestMap/Grid/@Node2D@16/HealthComponent
Health initialized to: 100 on: /root/TestMap/Grid/@Node2D@16/HealthComponent
HealthComponent _initialize completed with health: 100 on: /root/TestMap/Grid/@Node2D@16/HealthComponent
CombatComponent initialized for: @Node2D@16

Right click detected at: (534, 411)

Attempting wall placement:
- Screen pos: (534, 411)
- World pos: (529.9869, 657.3333)
- Grid pos: (8, 10)
- Current gold: 720
- Wall cost: 20
Placing wall...
Entity _ready called for: @Node2D@17
HealthComponent _ready called on: /root/TestMap/Grid/@Node2D@17/HealthComponent
EntityComponent _ready called for Node
EntityComponent _ready completed for Node
HealthComponent _ready completed on: /root/TestMap/Grid/@Node2D@17/HealthComponent
Health component added to @Node2D@17
EntityComponent _ready called for Node
EntityComponent _ready completed for Node
Movement component added to @Node2D@17
EntityComponent _ready called for Node
EntityComponent _ready completed for Node
Combat component added to @Node2D@17
EntityComponent _ready called for Node
EntityComponent _ready completed for Node
Status component added to @Node2D@17
USER ERROR: Node not found: "Sprite" (relative to "/root/TestMap/Grid/@Node2D@17/VisualManager").
   at: get_node (scene/main/node.cpp:1638)
USER ERROR: Node not found: "AnimationPlayer" (relative to "/root/TestMap/Grid/@Node2D@17/VisualManager").
   at: get_node (scene/main/node.cpp:1638)
USER ERROR: Node not found: "HealthBar" (relative to "/root/TestMap/Grid/@Node2D@17/VisualManager").
   at: get_node (scene/main/node.cpp:1638)
USER ERROR: Node not found: "EffectContainer" (relative to "/root/TestMap/Grid/@Node2D@17/VisualManager").
   at: get_node (scene/main/node.cpp:1638)
Visual manager added to @Node2D@17
StateManager ready for: @Node2D@17
Entering idle state
State manager added to @Node2D@17
Wall placed successfully
Entity: Connecting component signals for @Node2D@17
Entity: Health signals connected
Entity: Movement signals connected
Entity: Combat signals connected
Entity: Status signals connected
HealthComponent _initialize called on: /root/TestMap/Grid/@Node2D@17/HealthComponent
Health initialized to: 100 on: /root/TestMap/Grid/@Node2D@17/HealthComponent
HealthComponent _initialize completed with health: 100 on: /root/TestMap/Grid/@Node2D@17/HealthComponent
CombatComponent initialized for: @Node2D@17

Right click detected at: (507, 409)

Attempting wall placement:
- Screen pos: (507, 409)
- World pos: (467.8693, 652.7321)
- Grid pos: (7, 10)
- Current gold: 700
- Wall cost: 20
Placing wall...
Entity _ready called for: @Node2D@18
HealthComponent _ready called on: /root/TestMap/Grid/@Node2D@18/HealthComponent
EntityComponent _ready called for Node
EntityComponent _ready completed for Node
HealthComponent _ready completed on: /root/TestMap/Grid/@Node2D@18/HealthComponent
Health component added to @Node2D@18
EntityComponent _ready called for Node
EntityComponent _ready completed for Node
Movement component added to @Node2D@18
EntityComponent _ready called for Node
EntityComponent _ready completed for Node
Combat component added to @Node2D@18
EntityComponent _ready called for Node
EntityComponent _ready completed for Node
Status component added to @Node2D@18
USER ERROR: Node not found: "Sprite" (relative to "/root/TestMap/Grid/@Node2D@18/VisualManager").
   at: get_node (scene/main/node.cpp:1638)
USER ERROR: Node not found: "AnimationPlayer" (relative to "/root/TestMap/Grid/@Node2D@18/VisualManager").
   at: get_node (scene/main/node.cpp:1638)
USER ERROR: Node not found: "HealthBar" (relative to "/root/TestMap/Grid/@Node2D@18/VisualManager").
   at: get_node (scene/main/node.cpp:1638)
USER ERROR: Node not found: "EffectContainer" (relative to "/root/TestMap/Grid/@Node2D@18/VisualManager").
   at: get_node (scene/main/node.cpp:1638)
Visual manager added to @Node2D@18
StateManager ready for: @Node2D@18
Entering idle state
State manager added to @Node2D@18
Wall placed successfully
Entity: Connecting component signals for @Node2D@18
Entity: Health signals connected
Entity: Movement signals connected
Entity: Combat signals connected
Entity: Status signals connected
HealthComponent _initialize called on: /root/TestMap/Grid/@Node2D@18/HealthComponent
Health initialized to: 100 on: /root/TestMap/Grid/@Node2D@18/HealthComponent
HealthComponent _initialize completed with health: 100 on: /root/TestMap/Grid/@Node2D@18/HealthComponent
CombatComponent initialized for: @Node2D@18

Right click detected at: (458, 408)

Attempting wall placement:
- Screen pos: (458, 408)
- World pos: (355.1373, 650.4314)
- Grid pos: (6, 10)
- Current gold: 680
- Wall cost: 20
Placing wall...
Entity _ready called for: @Node2D@19
HealthComponent _ready called on: /root/TestMap/Grid/@Node2D@19/HealthComponent
EntityComponent _ready called for Node
EntityComponent _ready completed for Node
HealthComponent _ready completed on: /root/TestMap/Grid/@Node2D@19/HealthComponent
Health component added to @Node2D@19
EntityComponent _ready called for Node
EntityComponent _ready completed for Node
Movement component added to @Node2D@19
EntityComponent _ready called for Node
EntityComponent _ready completed for Node
Combat component added to @Node2D@19
EntityComponent _ready called for Node
EntityComponent _ready completed for Node
Status component added to @Node2D@19
USER ERROR: Node not found: "Sprite" (relative to "/root/TestMap/Grid/@Node2D@19/VisualManager").
   at: get_node (scene/main/node.cpp:1638)
USER ERROR: Node not found: "AnimationPlayer" (relative to "/root/TestMap/Grid/@Node2D@19/VisualManager").
   at: get_node (scene/main/node.cpp:1638)
USER ERROR: Node not found: "HealthBar" (relative to "/root/TestMap/Grid/@Node2D@19/VisualManager").
   at: get_node (scene/main/node.cpp:1638)
USER ERROR: Node not found: "EffectContainer" (relative to "/root/TestMap/Grid/@Node2D@19/VisualManager").
   at: get_node (scene/main/node.cpp:1638)
Visual manager added to @Node2D@19
StateManager ready for: @Node2D@19
Entering idle state
State manager added to @Node2D@19
Wall placed successfully
Entity: Connecting component signals for @Node2D@19
Entity: Health signals connected
Entity: Movement signals connected
Entity: Combat signals connected
Entity: Status signals connected
HealthComponent _initialize called on: /root/TestMap/Grid/@Node2D@19/HealthComponent
Health initialized to: 100 on: /root/TestMap/Grid/@Node2D@19/HealthComponent
HealthComponent _initialize completed with health: 100 on: /root/TestMap/Grid/@Node2D@19/HealthComponent
CombatComponent initialized for: @Node2D@19

Right click detected at: (416, 408)

Attempting wall placement:
- Screen pos: (416, 408)
- World pos: (258.5098, 650.4314)
- Grid pos: (4, 10)
- Current gold: 660
- Wall cost: 20
Placing wall...
Entity _ready called for: @Node2D@20
HealthComponent _ready called on: /root/TestMap/Grid/@Node2D@20/HealthComponent
EntityComponent _ready called for Node
EntityComponent _ready completed for Node
HealthComponent _ready completed on: /root/TestMap/Grid/@Node2D@20/HealthComponent
Health component added to @Node2D@20
EntityComponent _ready called for Node
EntityComponent _ready completed for Node
Movement component added to @Node2D@20
EntityComponent _ready called for Node
EntityComponent _ready completed for Node
Combat component added to @Node2D@20
EntityComponent _ready called for Node
EntityComponent _ready completed for Node
Status component added to @Node2D@20
USER ERROR: Node not found: "Sprite" (relative to "/root/TestMap/Grid/@Node2D@20/VisualManager").
   at: get_node (scene/main/node.cpp:1638)
USER ERROR: Node not found: "AnimationPlayer" (relative to "/root/TestMap/Grid/@Node2D@20/VisualManager").
   at: get_node (scene/main/node.cpp:1638)
USER ERROR: Node not found: "HealthBar" (relative to "/root/TestMap/Grid/@Node2D@20/VisualManager").
   at: get_node (scene/main/node.cpp:1638)
USER ERROR: Node not found: "EffectContainer" (relative to "/root/TestMap/Grid/@Node2D@20/VisualManager").
   at: get_node (scene/main/node.cpp:1638)
Visual manager added to @Node2D@20
StateManager ready for: @Node2D@20
Entering idle state
State manager added to @Node2D@20
Wall placed successfully
Entity: Connecting component signals for @Node2D@20
Entity: Health signals connected
Entity: Movement signals connected
Entity: Combat signals connected
Entity: Status signals connected
HealthComponent _initialize called on: /root/TestMap/Grid/@Node2D@20/HealthComponent
Health initialized to: 100 on: /root/TestMap/Grid/@Node2D@20/HealthComponent
HealthComponent _initialize completed with health: 100 on: /root/TestMap/Grid/@Node2D@20/HealthComponent
CombatComponent initialized for: @Node2D@20

Right click detected at: (368.5, 406)

Attempting wall placement:
- Screen pos: (368.5, 406)
- World pos: (149.2288, 645.8301)
- Grid pos: (2, 10)
- Current gold: 640
- Wall cost: 20
Placing wall...
Entity _ready called for: @Node2D@21
HealthComponent _ready called on: /root/TestMap/Grid/@Node2D@21/HealthComponent
EntityComponent _ready called for Node
EntityComponent _ready completed for Node
HealthComponent _ready completed on: /root/TestMap/Grid/@Node2D@21/HealthComponent
Health component added to @Node2D@21
EntityComponent _ready called for Node
EntityComponent _ready completed for Node
Movement component added to @Node2D@21
EntityComponent _ready called for Node
EntityComponent _ready completed for Node
Combat component added to @Node2D@21
EntityComponent _ready called for Node
EntityComponent _ready completed for Node
Status component added to @Node2D@21
USER ERROR: Node not found: "Sprite" (relative to "/root/TestMap/Grid/@Node2D@21/VisualManager").
   at: get_node (scene/main/node.cpp:1638)
USER ERROR: Node not found: "AnimationPlayer" (relative to "/root/TestMap/Grid/@Node2D@21/VisualManager").
   at: get_node (scene/main/node.cpp:1638)
USER ERROR: Node not found: "HealthBar" (relative to "/root/TestMap/Grid/@Node2D@21/VisualManager").
   at: get_node (scene/main/node.cpp:1638)
USER ERROR: Node not found: "EffectContainer" (relative to "/root/TestMap/Grid/@Node2D@21/VisualManager").
   at: get_node (scene/main/node.cpp:1638)
Visual manager added to @Node2D@21
StateManager ready for: @Node2D@21
Entering idle state
State manager added to @Node2D@21
Wall placed successfully
HealthComponent _initialize called on: /root/TestMap/Grid/@Node2D@21/HealthComponent
Health initialized to: 100 on: /root/TestMap/Grid/@Node2D@21/HealthComponent
HealthComponent _initialize completed with health: 100 on: /root/TestMap/Grid/@Node2D@21/HealthComponent
CombatComponent initialized for: @Node2D@21
Entity: Connecting component signals for @Node2D@21
Entity: Health signals connected
Entity: Movement signals connected
Entity: Combat signals connected
Entity: Status signals connected

Right click detected at: (332, 407.5)

Attempting wall placement:
- Screen pos: (332, 407.5)
- World pos: (65.25488, 649.2811)
- Grid pos: (1, 10)
- Current gold: 620
- Wall cost: 20
Placing wall...
Entity _ready called for: @Node2D@22
HealthComponent _ready called on: /root/TestMap/Grid/@Node2D@22/HealthComponent
EntityComponent _ready called for Node
EntityComponent _ready completed for Node
HealthComponent _ready completed on: /root/TestMap/Grid/@Node2D@22/HealthComponent
Health component added to @Node2D@22
EntityComponent _ready called for Node
EntityComponent _ready completed for Node
Movement component added to @Node2D@22
EntityComponent _ready called for Node
EntityComponent _ready completed for Node
Combat component added to @Node2D@22
EntityComponent _ready called for Node
EntityComponent _ready completed for Node
Status component added to @Node2D@22
USER ERROR: Node not found: "Sprite" (relative to "/root/TestMap/Grid/@Node2D@22/VisualManager").
   at: get_node (scene/main/node.cpp:1638)
USER ERROR: Node not found: "AnimationPlayer" (relative to "/root/TestMap/Grid/@Node2D@22/VisualManager").
   at: get_node (scene/main/node.cpp:1638)
USER ERROR: Node not found: "HealthBar" (relative to "/root/TestMap/Grid/@Node2D@22/VisualManager").
   at: get_node (scene/main/node.cpp:1638)
USER ERROR: Node not found: "EffectContainer" (relative to "/root/TestMap/Grid/@Node2D@22/VisualManager").
   at: get_node (scene/main/node.cpp:1638)
Visual manager added to @Node2D@22
StateManager ready for: @Node2D@22
Entering idle state
State manager added to @Node2D@22
Wall placed successfully
Entity: Connecting component signals for @Node2D@22
Entity: Health signals connected
Entity: Movement signals connected
Entity: Combat signals connected
Entity: Status signals connected
HealthComponent _initialize called on: /root/TestMap/Grid/@Node2D@22/HealthComponent
Health initialized to: 100 on: /root/TestMap/Grid/@Node2D@22/HealthComponent
HealthComponent _initialize completed with health: 100 on: /root/TestMap/Grid/@Node2D@22/HealthComponent
CombatComponent initialized for: @Node2D@22
