Godot Engine v4.2.1.stable.official.b09f793f5 - https://godotengine.org
Vulkan API 1.3.292 - Forward+ - Using Vulkan Device #0: AMD - AMD Radeon RX 7800 XT
 
Grid: Ready called
Flag: Initializing...
Flag: Setting up Attackable component...
Flag: Attackable component initialized with health: 100
Flag: Health bar found and initialized
Flag: Health changed - Current: 100 Maximum: 100
USER WARNING: Nodes with non-equal opposite anchors will have their size overridden after _ready(). 
If you want to set size, change the anchors or consider using set_deferred().
   at: _set_size (scene/gui/control.cpp:1440)
Flag: Health bar width updated to: 64
Flag: Health bar updated - Size: (64, 8) Color: (0, 1, 0, 1)

=== Starting Flag Attack Tests ===
Spawned enemy at: (1920, 540)

Starting test: front

Test passed: front
Flag: Taking damage: 20
Flag: Forwarding damage to attackable component
Flag: Damage taken - Amount: 20 Current Health: 80
Flag: Health changed - Current: 80 Maximum: 100
Flag: Health bar width updated to: 51.2
Flag: Health bar updated - Size: (51.2, 8) Color: (0, 1, 0, 1)
Flag: Actual damage taken: 20
Spawned enemy at: (2240, 540)

Starting test: back
Calculated target position: (1920, 540)
Distance to flag: 324, ATTACK_RANGE: 40
Distance to flag: 273, ATTACK_RANGE: 40

[back] State: Moving, Distance to flag: 257, Path length: 4
   Position: (2177.249, 543.5999)
   Next waypoint: (2144, 544)
Distance to flag: 223, ATTACK_RANGE: 40
Distance to flag: 173, ATTACK_RANGE: 40
Distance to flag: 173, ATTACK_RANGE: 40

[back] State: Moving, Distance to flag: 157, Path length: 2
   Position: (2077.266, 543.9611)
   Next waypoint: (2016, 544)
Distance to flag: 123, ATTACK_RANGE: 40
Distance to flag: 73, ATTACK_RANGE: 40
Distance to flag: 73, ATTACK_RANGE: 40

[back] State: Moving, Distance to flag: 57, Path length: 1
   Position: (1977.275, 543.8339)
   Next waypoint: (1952, 544)

Test passed: back
Flag: Taking damage: 20
Flag: Forwarding damage to attackable component
Flag: Damage taken - Amount: 20 Current Health: 60
Flag: Health changed - Current: 60 Maximum: 100
Flag: Health bar width updated to: 38.4
Flag: Health bar updated - Size: (38.4, 8) Color: (1, 1, 0, 1)
Flag: Actual damage taken: 20
Spawned enemy at: (1920, 340)

Starting test: top
Calculated target position: (1920, 540)
Distance to flag: 198, ATTACK_RANGE: 40
Distance to flag: 158, ATTACK_RANGE: 40

[top] State: Moving, Distance to flag: 126, Path length: 2
   Position: (1948.458, 416.9865)
   Next waypoint: (1952, 480)
Distance to flag: 111, ATTACK_RANGE: 40
Distance to flag: 65, ATTACK_RANGE: 40

Test passed: top
Flag: Taking damage: 20
Flag: Forwarding damage to attackable component
Flag: Damage taken - Amount: 20 Current Health: 40
Flag: Health changed - Current: 40 Maximum: 100
Flag: Health bar width updated to: 25.6
Flag: Health bar updated - Size: (25.6, 8) Color: (1, 1, 0, 1)
Flag: Actual damage taken: 20
Spawned enemy at: (1920, 740)

Starting test: bottom
Calculated target position: (1920, 540)
Distance to flag: 198, ATTACK_RANGE: 40
Distance to flag: 154, ATTACK_RANGE: 40

[bottom] State: Moving, Distance to flag: 128, Path length: 2
   Position: (1948.461, 665.1393)
   Next waypoint: (1952, 608)
Distance to flag: 107, ATTACK_RANGE: 40
Distance to flag: 106, ATTACK_RANGE: 40
Distance to flag: 61, ATTACK_RANGE: 40

Test passed: bottom
Flag: Taking damage: 20
Flag: Forwarding damage to attackable component
Flag: Damage taken - Amount: 20 Current Health: 20
Flag: Health changed - Current: 20 Maximum: 100
Flag: Health bar width updated to: 12.8
Flag: Health bar updated - Size: (12.8, 8) Color: (1, 0, 0, 1)
Flag: Actual damage taken: 20
Spawned enemy at: (2240, 740)

Starting test: diagonal
Calculated target position: (1920, 540)
Distance to flag: 385, ATTACK_RANGE: 40
Distance to flag: 385, ATTACK_RANGE: 40
Distance to flag: 340, ATTACK_RANGE: 40

[diagonal] State: Moving, Distance to flag: 319, Path length: 4
   Position: (2205.114, 684.8934)
   Next waypoint: (2144, 672)
Distance to flag: 293, ATTACK_RANGE: 40
Distance to flag: 244, ATTACK_RANGE: 40

[diagonal] State: Moving, Distance to flag: 222, Path length: 3
   Position: (2118.914, 640.0507)
   Next waypoint: (2080, 608)
Distance to flag: 196, ATTACK_RANGE: 40
Distance to flag: 149, ATTACK_RANGE: 40

[diagonal] State: Moving, Distance to flag: 128, Path length: 2
   Position: (2044.937, 571.9841)
   Next waypoint: (2016, 544)
Distance to flag: 105, ATTACK_RANGE: 40
Distance to flag: 55, ATTACK_RANGE: 40

Test passed: diagonal
Flag: Taking damage: 20
Flag: Forwarding damage to attackable component
Flag: Damage taken - Amount: 20 Current Health: 0
Flag: Health changed - Current: 0 Maximum: 100
Flag: Health bar width updated to: 0
Flag: Health bar updated - Size: (0, 8) Color: (1, 0, 0, 1)
Flag: Destroyed!
Flag: Actual damage taken: 20

All tests completed!
