Godot Engine v4.2.1.stable.official.b09f793f5 - https://godotengine.org
Vulkan API 1.3.292 - Forward+ - Using Vulkan Device #0: AMD - AMD Radeon RX 7800 XT
 
Grid: Ready called
Added spawn point at grid position: (0, 2)
Added spawn point at grid position: (0, 3)
Added spawn point at grid position: (0, 4)
Added spawn point at grid position: (0, 5)
Added spawn point at grid position: (0, 6)
Added spawn point at grid position: (0, 7)
Added spawn point at grid position: (0, 8)
Added spawn point at grid position: (0, 9)
Added spawn point at grid position: (0, 10)
Added spawn point at grid position: (0, 11)
Added spawn point at grid position: (0, 12)
Added spawn point at grid position: (0, 13)
Added spawn point at grid position: (0, 14)
Added spawn point at grid position: (0, 15)
Added spawn point at grid position: (0, 16)
Added spawn point at grid position: (0, 17)
Added spawn point at grid position: (0, 18)
Added spawn point at grid position: (0, 19)
Attackable: Ready called
Flag: Initializing...
Flag: Setting up Attackable component...
Attackable: Initializing with health: 100
Attackable: Initialization complete. Current health: 100
Flag: Attackable component initialized with health: 100
Flag: Health bar found and initialized
Flag: Health changed - Current: 100 Maximum: 100
USER WARNING: Nodes with non-equal opposite anchors will have their size overridden after _ready(). 
If you want to set size, change the anchors or consider using set_deferred().
   at: _set_size (scene/gui/control.cpp:1440)
Flag: Health bar width updated to: 64
Flag: Health bar updated - Size: (64, 8) Color: (0, 1, 0, 1)
TestMap: Ready called
TestMap: Connecting UI signals
TestMap: Mouse button event - button_index: 2 pressed: true
TestMap: Right click detected - attempting wall placement

Wall Placement Debug:
Viewport Mouse Position: (1022, 272)
World Position: (1652.706, 501.5425)
Grid Position: (25, 7)
Placing wall...
Attackable: Ready called
Attackable: Initializing with health: 1000
Attackable: Initialization complete. Current health: 1000
Wall initialized with health: 1000
TestMap: Mouse button event - button_index: 2 pressed: false
TestMap: Mouse button event - button_index: 2 pressed: true
TestMap: Right click detected - attempting wall placement

Wall Placement Debug:
Viewport Mouse Position: (1021, 294)
World Position: (1650.405, 552.1569)
Grid Position: (25, 8)
Placing wall...
Attackable: Ready called
Attackable: Initializing with health: 1000
Attackable: Initialization complete. Current health: 1000
Wall initialized with health: 1000
TestMap: Mouse button event - button_index: 2 pressed: false
TestMap: Mouse button event - button_index: 2 pressed: true
TestMap: Right click detected - attempting wall placement

Wall Placement Debug:
Viewport Mouse Position: (1034.5, 319.5)
World Position: (1681.464, 610.8235)
Grid Position: (26, 9)
Placing wall...
Attackable: Ready called
Attackable: Initializing with health: 1000
Attackable: Initialization complete. Current health: 1000
Wall initialized with health: 1000
TestMap: Mouse button event - button_index: 2 pressed: false
TestMap: Mouse button event - button_index: 2 pressed: true
TestMap: Right click detected - attempting wall placement

Wall Placement Debug:
Viewport Mouse Position: (1070.5, 338)
World Position: (1764.288, 653.3856)
Grid Position: (27, 10)
Placing wall...
Attackable: Ready called
Attackable: Initializing with health: 1000
Attackable: Initialization complete. Current health: 1000
Wall initialized with health: 1000
TestMap: Mouse button event - button_index: 2 pressed: false
TestMap: Mouse button event - button_index: 2 pressed: true
TestMap: Right click detected - attempting wall placement

Wall Placement Debug:
Viewport Mouse Position: (1110, 342)
World Position: (1855.163, 662.5883)
Grid Position: (28, 10)
Placing wall...
Attackable: Ready called
Attackable: Initializing with health: 1000
Attackable: Initialization complete. Current health: 1000
Wall initialized with health: 1000
TestMap: Mouse button event - button_index: 2 pressed: false
TestMap: Mouse button event - button_index: 2 pressed: true
TestMap: Right click detected - attempting wall placement

Wall Placement Debug:
Viewport Mouse Position: (1151, 344)
World Position: (1949.49, 667.1895)
Grid Position: (30, 10)
Placing wall...
Attackable: Ready called
Attackable: Initializing with health: 1000
Attackable: Initialization complete. Current health: 1000
Wall initialized with health: 1000
TestMap: Mouse button event - button_index: 2 pressed: false
TestMap: Mouse button event - button_index: 2 pressed: true
TestMap: Right click detected - attempting wall placement

Wall Placement Debug:
Viewport Mouse Position: (1138, 344.5)
World Position: (1919.582, 668.3398)
Grid Position: (29, 10)
Placing wall...
Attackable: Ready called
Attackable: Initializing with health: 1000
Attackable: Initialization complete. Current health: 1000
Wall initialized with health: 1000
TestMap: Mouse button event - button_index: 2 pressed: false
TestMap: Mouse button event - button_index: 2 pressed: true
TestMap: Right click detected - attempting wall placement

Wall Placement Debug:
Viewport Mouse Position: (1183.5, 347.5)
World Position: (2024.261, 675.2418)
Grid Position: (31, 10)
Placing wall...
Attackable: Ready called
Attackable: Initializing with health: 1000
Attackable: Initialization complete. Current health: 1000
Wall initialized with health: 1000
TestMap: Mouse button event - button_index: 2 pressed: false
TestMap: Mouse button event - button_index: 2 pressed: true
TestMap: Right click detected - attempting wall placement

Wall Placement Debug:
Viewport Mouse Position: (1220.5, 349)
World Position: (2109.386, 678.6928)
Grid Position: (32, 10)
Placing wall...
Attackable: Ready called
Attackable: Initializing with health: 1000
Attackable: Initialization complete. Current health: 1000
Wall initialized with health: 1000
TestMap: Mouse button event - button_index: 2 pressed: false
TestMap: Mouse button event - button_index: 2 pressed: true
TestMap: Right click detected - attempting wall placement

Wall Placement Debug:
Viewport Mouse Position: (1244.5, 345.5)
World Position: (2164.601, 670.6405)
Grid Position: (33, 10)
Placing wall...
Attackable: Ready called
Attackable: Initializing with health: 1000
Attackable: Initialization complete. Current health: 1000
Wall initialized with health: 1000
TestMap: Mouse button event - button_index: 2 pressed: false
TestMap: Mouse button event - button_index: 2 pressed: true
TestMap: Right click detected - attempting wall placement

Wall Placement Debug:
Viewport Mouse Position: (1235, 321)
World Position: (2142.745, 614.2745)
Grid Position: (33, 9)
Placing wall...
Attackable: Ready called
Attackable: Initializing with health: 1000
Attackable: Initialization complete. Current health: 1000
Wall initialized with health: 1000
TestMap: Mouse button event - button_index: 2 pressed: false
TestMap: Mouse button event - button_index: 2 pressed: true
TestMap: Right click detected - attempting wall placement

Wall Placement Debug:
Viewport Mouse Position: (1230.5, 282)
World Position: (2132.392, 524.549)
Grid Position: (33, 8)
Placing wall...
Attackable: Ready called
Attackable: Initializing with health: 1000
Attackable: Initialization complete. Current health: 1000
Wall initialized with health: 1000
TestMap: Mouse button event - button_index: 2 pressed: false
TestMap: Mouse button event - button_index: 2 pressed: true
TestMap: Right click detected - attempting wall placement

Wall Placement Debug:
Viewport Mouse Position: (1228.5, 263.5)
World Position: (2127.791, 481.9869)
Grid Position: (33, 7)
Placing wall...
Attackable: Ready called
Attackable: Initializing with health: 1000
Attackable: Initialization complete. Current health: 1000
Wall initialized with health: 1000
TestMap: Mouse button event - button_index: 2 pressed: false
TestMap: Mouse button event - button_index: 2 pressed: true
TestMap: Right click detected - attempting wall placement

Wall Placement Debug:
Viewport Mouse Position: (1223, 234)
World Position: (2115.137, 414.1176)
Grid Position: (33, 6)
Placing wall...
Attackable: Ready called
Attackable: Initializing with health: 1000
Attackable: Initialization complete. Current health: 1000
Wall initialized with health: 1000
TestMap: Mouse button event - button_index: 2 pressed: false
TestMap: Mouse button event - button_index: 2 pressed: true
TestMap: Right click detected - attempting wall placement

Wall Placement Debug:
Viewport Mouse Position: (1207, 218)
World Position: (2078.327, 377.3072)
Grid Position: (32, 5)
Placing wall...
Attackable: Ready called
Attackable: Initializing with health: 1000
Attackable: Initialization complete. Current health: 1000
Wall initialized with health: 1000
TestMap: Mouse button event - button_index: 2 pressed: false
TestMap: Mouse button event - button_index: 2 pressed: true
TestMap: Right click detected - attempting wall placement

Wall Placement Debug:
Viewport Mouse Position: (1170, 217)
World Position: (1993.203, 375.0065)
Grid Position: (31, 5)
Placing wall...
Attackable: Ready called
Attackable: Initializing with health: 1000
Attackable: Initialization complete. Current health: 1000
Wall initialized with health: 1000
TestMap: Mouse button event - button_index: 2 pressed: false
TestMap: Mouse button event - button_index: 2 pressed: true
TestMap: Right click detected - attempting wall placement

Wall Placement Debug:
Viewport Mouse Position: (1139, 216.5)
World Position: (1921.882, 373.8562)
Grid Position: (30, 5)
Placing wall...
Attackable: Ready called
Attackable: Initializing with health: 1000
Attackable: Initialization complete. Current health: 1000
Wall initialized with health: 1000
TestMap: Mouse button event - button_index: 2 pressed: false
TestMap: Mouse button event - button_index: 2 pressed: true
TestMap: Right click detected - attempting wall placement

Wall Placement Debug:
Viewport Mouse Position: (1108.5, 215.5)
World Position: (1851.712, 371.5556)
Grid Position: (28, 5)
Placing wall...
Attackable: Ready called
Attackable: Initializing with health: 1000
Attackable: Initialization complete. Current health: 1000
Wall initialized with health: 1000
TestMap: Mouse button event - button_index: 2 pressed: false
TestMap: Mouse button event - button_index: 2 pressed: true
TestMap: Right click detected - attempting wall placement

Wall Placement Debug:
Viewport Mouse Position: (1119, 213)
World Position: (1875.869, 365.8039)
Grid Position: (29, 5)
Placing wall...
Attackable: Ready called
Attackable: Initializing with health: 1000
Attackable: Initialization complete. Current health: 1000
Wall initialized with health: 1000
TestMap: Mouse button event - button_index: 2 pressed: false
TestMap: Mouse button event - button_index: 2 pressed: true
TestMap: Right click detected - attempting wall placement

Wall Placement Debug:
Viewport Mouse Position: (1063, 213)
World Position: (1747.033, 365.8039)
Grid Position: (27, 5)
Placing wall...
Attackable: Ready called
Attackable: Initializing with health: 1000
Attackable: Initialization complete. Current health: 1000
Wall initialized with health: 1000
TestMap: Mouse button event - button_index: 2 pressed: false
TestMap: Mouse button event - button_index: 2 pressed: true
TestMap: Right click detected - attempting wall placement

Wall Placement Debug:
Viewport Mouse Position: (1034, 217)
World Position: (1680.314, 375.0065)
Grid Position: (26, 5)
Placing wall...
Attackable: Ready called
Attackable: Initializing with health: 1000
Attackable: Initialization complete. Current health: 1000
Wall initialized with health: 1000
TestMap: Mouse button event - button_index: 2 pressed: false
TestMap: Mouse button event - button_index: 2 pressed: true
TestMap: Right click detected - attempting wall placement

Wall Placement Debug:
Viewport Mouse Position: (1019, 232)
World Position: (1645.804, 409.5163)
Grid Position: (25, 6)
Placing wall...
Attackable: Ready called
Attackable: Initializing with health: 1000
Attackable: Initialization complete. Current health: 1000
Wall initialized with health: 1000
TestMap: Mouse button event - button_index: 2 pressed: false
TestMap: Mouse click on UI element, ignoring placement
TestMap: Mouse click on UI element, ignoring placement
TestMap: Start Wave button pressed
TestMap: Starting wave...
Wall taking damage: 20
Attackable: Taking damage: 20 Current health: 1000
Attackable: After damage - Health: 980/1000
Wall health changed: 980/1000
Wall taking damage: 20
Attackable: Taking damage: 20 Current health: 980
Attackable: After damage - Health: 960/1000
Wall health changed: 960/1000
Wall taking damage: 20
Attackable: Taking damage: 20 Current health: 960
Attackable: After damage - Health: 940/1000
Wall health changed: 940/1000
Wall taking damage: 20
Attackable: Taking damage: 20 Current health: 1000
Attackable: After damage - Health: 980/1000
Wall health changed: 980/1000
Wall taking damage: 20
Attackable: Taking damage: 20 Current health: 940
Attackable: After damage - Health: 920/1000
Wall health changed: 920/1000
Wall taking damage: 20
Attackable: Taking damage: 20 Current health: 980
Attackable: After damage - Health: 960/1000
Wall health changed: 960/1000
Wall taking damage: 20
Attackable: Taking damage: 20 Current health: 920
Attackable: After damage - Health: 900/1000
Wall health changed: 900/1000
Wall taking damage: 20
Attackable: Taking damage: 20 Current health: 960
Attackable: After damage - Health: 940/1000
Wall health changed: 940/1000
Wall taking damage: 20
Attackable: Taking damage: 20 Current health: 900
Attackable: After damage - Health: 880/1000
Wall health changed: 880/1000
Wall taking damage: 20
Attackable: Taking damage: 20 Current health: 940
Attackable: After damage - Health: 920/1000
Wall health changed: 920/1000
Wall taking damage: 20
Attackable: Taking damage: 20 Current health: 920
Attackable: After damage - Health: 900/1000
Wall health changed: 900/1000
Wall taking damage: 20
Attackable: Taking damage: 20 Current health: 880
Attackable: After damage - Health: 860/1000
Wall health changed: 860/1000
Wall taking damage: 20
Attackable: Taking damage: 20 Current health: 900
Attackable: After damage - Health: 880/1000
Wall health changed: 880/1000
Wall taking damage: 20
Attackable: Taking damage: 20 Current health: 880
Attackable: After damage - Health: 860/1000
Wall health changed: 860/1000
Wall taking damage: 20
Attackable: Taking damage: 20 Current health: 860
Attackable: After damage - Health: 840/1000
Wall health changed: 840/1000
Wall taking damage: 20
Attackable: Taking damage: 20 Current health: 840
Attackable: After damage - Health: 820/1000
Wall health changed: 820/1000
Wall taking damage: 20
Attackable: Taking damage: 20 Current health: 860
Attackable: After damage - Health: 840/1000
Wall health changed: 840/1000
Wall taking damage: 20
Attackable: Taking damage: 20 Current health: 840
Attackable: After damage - Health: 820/1000
Wall health changed: 820/1000
Wall taking damage: 20
Attackable: Taking damage: 20 Current health: 820
Attackable: After damage - Health: 800/1000
Wall health changed: 800/1000
Wall taking damage: 20
Attackable: Taking damage: 20 Current health: 800
Attackable: After damage - Health: 780/1000
Wall health changed: 780/1000
Wall taking damage: 20
Attackable: Taking damage: 20 Current health: 820
Attackable: After damage - Health: 800/1000
Wall health changed: 800/1000
Wall taking damage: 20
Attackable: Taking damage: 20 Current health: 800
Attackable: After damage - Health: 780/1000
Wall health changed: 780/1000
Wall taking damage: 20
Attackable: Taking damage: 20 Current health: 1000
Attackable: After damage - Health: 980/1000
Wall health changed: 980/1000
Wall taking damage: 20
Attackable: Taking damage: 20 Current health: 780
Attackable: After damage - Health: 760/1000
Wall health changed: 760/1000
Wall taking damage: 20
Attackable: Taking damage: 20 Current health: 760
Attackable: After damage - Health: 740/1000
Wall health changed: 740/1000
Wall taking damage: 20
Attackable: Taking damage: 20 Current health: 780
Attackable: After damage - Health: 760/1000
Wall health changed: 760/1000
Wall taking damage: 20
Attackable: Taking damage: 20 Current health: 760
Attackable: After damage - Health: 740/1000
Wall health changed: 740/1000
Wall taking damage: 20
Attackable: Taking damage: 20 Current health: 980
Attackable: After damage - Health: 960/1000
Wall health changed: 960/1000
Wall taking damage: 20
Attackable: Taking damage: 20 Current health: 740
Attackable: After damage - Health: 720/1000
Wall health changed: 720/1000
Wall taking damage: 20
Attackable: Taking damage: 20 Current health: 720
Attackable: After damage - Health: 700/1000
Wall health changed: 700/1000
Wall taking damage: 20
Attackable: Taking damage: 20 Current health: 740
Attackable: After damage - Health: 720/1000
Wall health changed: 720/1000
Wall taking damage: 20
Attackable: Taking damage: 20 Current health: 720
Attackable: After damage - Health: 700/1000
Wall health changed: 700/1000
Wall taking damage: 20
Attackable: Taking damage: 20 Current health: 960
Attackable: After damage - Health: 940/1000
Wall health changed: 940/1000
Wall taking damage: 20
Attackable: Taking damage: 20 Current health: 700
Attackable: After damage - Health: 680/1000
Wall health changed: 680/1000
Wall taking damage: 20
Attackable: Taking damage: 20 Current health: 700
Attackable: After damage - Health: 680/1000
Wall health changed: 680/1000
Wall taking damage: 20
Attackable: Taking damage: 20 Current health: 680
Attackable: After damage - Health: 660/1000
Wall health changed: 660/1000
Wall taking damage: 20
Attackable: Taking damage: 20 Current health: 680
Attackable: After damage - Health: 660/1000
Wall health changed: 660/1000
Wall taking damage: 20
Attackable: Taking damage: 20 Current health: 660
Attackable: After damage - Health: 640/1000
Wall health changed: 640/1000
Wall taking damage: 20
Attackable: Taking damage: 20 Current health: 940
Attackable: After damage - Health: 920/1000
Wall health changed: 920/1000
Wall taking damage: 20
Attackable: Taking damage: 20 Current health: 640
Attackable: After damage - Health: 620/1000
Wall health changed: 620/1000
Wall taking damage: 20
Attackable: Taking damage: 20 Current health: 660
Attackable: After damage - Health: 640/1000
Wall health changed: 640/1000
Wall taking damage: 20
Attackable: Taking damage: 20 Current health: 640
Attackable: After damage - Health: 620/1000
Wall health changed: 620/1000
Wall taking damage: 20
Attackable: Taking damage: 20 Current health: 620
Attackable: After damage - Health: 600/1000
Wall health changed: 600/1000
Wall taking damage: 20
Attackable: Taking damage: 20 Current health: 600
Attackable: After damage - Health: 580/1000
Wall health changed: 580/1000
Wall taking damage: 20
Attackable: Taking damage: 20 Current health: 920
Attackable: After damage - Health: 900/1000
Wall health changed: 900/1000
Wall taking damage: 20
Attackable: Taking damage: 20 Current health: 620
Attackable: After damage - Health: 600/1000
Wall health changed: 600/1000
Wall taking damage: 20
Attackable: Taking damage: 20 Current health: 580
Attackable: After damage - Health: 560/1000
Wall health changed: 560/1000
Wall taking damage: 20
Attackable: Taking damage: 20 Current health: 600
Attackable: After damage - Health: 580/1000
Wall health changed: 580/1000
Wall taking damage: 20
Attackable: Taking damage: 20 Current health: 580
Attackable: After damage - Health: 560/1000
Wall health changed: 560/1000
Wall taking damage: 20
Attackable: Taking damage: 20 Current health: 560
Attackable: After damage - Health: 540/1000
Wall health changed: 540/1000
Wall taking damage: 20
Attackable: Taking damage: 20 Current health: 540
Attackable: After damage - Health: 520/1000
Wall health changed: 520/1000
Wall taking damage: 20
Attackable: Taking damage: 20 Current health: 900
Attackable: After damage - Health: 880/1000
Wall health changed: 880/1000
Wall taking damage: 20
Attackable: Taking damage: 20 Current health: 560
Attackable: After damage - Health: 540/1000
Wall health changed: 540/1000
Wall taking damage: 20
Attackable: Taking damage: 20 Current health: 520
Attackable: After damage - Health: 500/1000
Wall health changed: 500/1000
Wall taking damage: 20
Attackable: Taking damage: 20 Current health: 540
Attackable: After damage - Health: 520/1000
Wall health changed: 520/1000
Wall taking damage: 20
Attackable: Taking damage: 20 Current health: 520
Attackable: After damage - Health: 500/1000
Wall health changed: 500/1000
Wall taking damage: 20
Attackable: Taking damage: 20 Current health: 500
Attackable: After damage - Health: 480/1000
Wall health changed: 480/1000
Wall taking damage: 20
Attackable: Taking damage: 20 Current health: 480
Attackable: After damage - Health: 460/1000
Wall health changed: 460/1000
Wall taking damage: 20
Attackable: Taking damage: 20 Current health: 460
Attackable: After damage - Health: 440/1000
Wall health changed: 440/1000
Wall taking damage: 20
Attackable: Taking damage: 20 Current health: 880
Attackable: After damage - Health: 860/1000
Wall health changed: 860/1000
Wall taking damage: 20
Attackable: Taking damage: 20 Current health: 500
Attackable: After damage - Health: 480/1000
Wall health changed: 480/1000
Wall taking damage: 20
Attackable: Taking damage: 20 Current health: 440
Attackable: After damage - Health: 420/1000
Wall health changed: 420/1000
Wall taking damage: 20
Attackable: Taking damage: 20 Current health: 480
Attackable: After damage - Health: 460/1000
Wall health changed: 460/1000
Wall taking damage: 20
Attackable: Taking damage: 20 Current health: 460
Attackable: After damage - Health: 440/1000
Wall health changed: 440/1000
Wall taking damage: 20
Attackable: Taking damage: 20 Current health: 420
Attackable: After damage - Health: 400/1000
Wall health changed: 400/1000
Wall taking damage: 20
Attackable: Taking damage: 20 Current health: 400
Attackable: After damage - Health: 380/1000
Wall health changed: 380/1000
Wall taking damage: 20
Attackable: Taking damage: 20 Current health: 380
Attackable: After damage - Health: 360/1000
Wall health changed: 360/1000
Wall taking damage: 20
Attackable: Taking damage: 20 Current health: 360
Attackable: After damage - Health: 340/1000
Wall health changed: 340/1000
Wall taking damage: 20
Attackable: Taking damage: 20 Current health: 860
Attackable: After damage - Health: 840/1000
Wall health changed: 840/1000
Wall taking damage: 20
Attackable: Taking damage: 20 Current health: 440
Attackable: After damage - Health: 420/1000
Wall health changed: 420/1000
Wall taking damage: 20
Attackable: Taking damage: 20 Current health: 340
Attackable: After damage - Health: 320/1000
Wall health changed: 320/1000
Wall taking damage: 20
Attackable: Taking damage: 20 Current health: 420
Attackable: After damage - Health: 400/1000
Wall health changed: 400/1000
Wall taking damage: 20
Attackable: Taking damage: 20 Current health: 400
Attackable: After damage - Health: 380/1000
Wall health changed: 380/1000
Wall taking damage: 20
Attackable: Taking damage: 20 Current health: 320
Attackable: After damage - Health: 300/1000
Wall health changed: 300/1000
Wall taking damage: 20
Attackable: Taking damage: 20 Current health: 300
Attackable: After damage - Health: 280/1000
Wall health changed: 280/1000
Wall taking damage: 20
Attackable: Taking damage: 20 Current health: 280
Attackable: After damage - Health: 260/1000
Wall health changed: 260/1000
Wall taking damage: 20
Attackable: Taking damage: 20 Current health: 260
Attackable: After damage - Health: 240/1000
Wall health changed: 240/1000
Wall taking damage: 20
Attackable: Taking damage: 20 Current health: 840
Attackable: After damage - Health: 820/1000
Wall health changed: 820/1000
Wall taking damage: 20
Attackable: Taking damage: 20 Current health: 380
Attackable: After damage - Health: 360/1000
Wall health changed: 360/1000
Wall taking damage: 20
Attackable: Taking damage: 20 Current health: 240
Attackable: After damage - Health: 220/1000
Wall health changed: 220/1000
Wall taking damage: 20
Attackable: Taking damage: 20 Current health: 360
Attackable: After damage - Health: 340/1000
Wall health changed: 340/1000
Wall taking damage: 20
Attackable: Taking damage: 20 Current health: 340
Attackable: After damage - Health: 320/1000
Wall health changed: 320/1000
Wall taking damage: 20
Attackable: Taking damage: 20 Current health: 220
Attackable: After damage - Health: 200/1000
Wall health changed: 200/1000
Wall taking damage: 20
Attackable: Taking damage: 20 Current health: 200
Attackable: After damage - Health: 180/1000
Wall health changed: 180/1000
Wall taking damage: 20
Attackable: Taking damage: 20 Current health: 180
Attackable: After damage - Health: 160/1000
Wall health changed: 160/1000
Wall taking damage: 20
Attackable: Taking damage: 20 Current health: 160
Attackable: After damage - Health: 140/1000
Wall health changed: 140/1000
Wall taking damage: 20
Attackable: Taking damage: 20 Current health: 820
Attackable: After damage - Health: 800/1000
Wall health changed: 800/1000
Wall taking damage: 20
Attackable: Taking damage: 20 Current health: 320
Attackable: After damage - Health: 300/1000
Wall health changed: 300/1000
Wall taking damage: 20
Attackable: Taking damage: 20 Current health: 140
Attackable: After damage - Health: 120/1000
Wall health changed: 120/1000
Wall taking damage: 20
Attackable: Taking damage: 20 Current health: 300
Attackable: After damage - Health: 280/1000
Wall health changed: 280/1000
Wall taking damage: 20
Attackable: Taking damage: 20 Current health: 280
Attackable: After damage - Health: 260/1000
Wall health changed: 260/1000
Wall taking damage: 20
Attackable: Taking damage: 20 Current health: 120
Attackable: After damage - Health: 100/1000
Wall health changed: 100/1000
Wall taking damage: 20
Attackable: Taking damage: 20 Current health: 100
Attackable: After damage - Health: 80/1000
Wall health changed: 80/1000
Wall taking damage: 20
Attackable: Taking damage: 20 Current health: 80
Attackable: After damage - Health: 60/1000
Wall health changed: 60/1000
Wall taking damage: 20
Attackable: Taking damage: 20 Current health: 60
Attackable: After damage - Health: 40/1000
Wall health changed: 40/1000
Wall taking damage: 20
Attackable: Taking damage: 20 Current health: 800
Attackable: After damage - Health: 780/1000
Wall health changed: 780/1000
Wall taking damage: 20
Attackable: Taking damage: 20 Current health: 260
Attackable: After damage - Health: 240/1000
Wall health changed: 240/1000
Wall taking damage: 20
Attackable: Taking damage: 20 Current health: 40
Attackable: After damage - Health: 20/1000
Wall health changed: 20/1000
Wall taking damage: 20
Attackable: Taking damage: 20 Current health: 240
Attackable: After damage - Health: 220/1000
Wall health changed: 220/1000
Wall taking damage: 20
Attackable: Taking damage: 20 Current health: 220
Attackable: After damage - Health: 200/1000
Wall health changed: 200/1000
Wall taking damage: 20
Attackable: Taking damage: 20 Current health: 20
Attackable: After damage - Health: 0/1000
Wall health changed: 0/1000
Attackable: Health depleted, handling destruction
Attackable: Emitting destroyed signal
Wall destroyed at position: (1632, 544)
Wall taking damage: 20
Attackable: Taking damage: 20 Current health: 780
Attackable: After damage - Health: 760/1000
Wall health changed: 760/1000
Wall taking damage: 20
Attackable: Taking damage: 20 Current health: 200
Attackable: After damage - Health: 180/1000
Wall health changed: 180/1000
Wall taking damage: 20
Attackable: Taking damage: 20 Current health: 180
Attackable: After damage - Health: 160/1000
Wall health changed: 160/1000
Wall taking damage: 20
Attackable: Taking damage: 20 Current health: 160
Attackable: After damage - Health: 140/1000
Wall health changed: 140/1000
Wall taking damage: 20
Attackable: Taking damage: 20 Current health: 760
Attackable: After damage - Health: 740/1000
Wall health changed: 740/1000
Wall taking damage: 20
Attackable: Taking damage: 20 Current health: 140
Attackable: After damage - Health: 120/1000
Wall health changed: 120/1000
Wall taking damage: 20
Attackable: Taking damage: 20 Current health: 120
Attackable: After damage - Health: 100/1000
Wall health changed: 100/1000
Wall taking damage: 20
Attackable: Taking damage: 20 Current health: 100
Attackable: After damage - Health: 80/1000
Wall health changed: 80/1000
Wall taking damage: 20
Attackable: Taking damage: 20 Current health: 740
Attackable: After damage - Health: 720/1000
Wall health changed: 720/1000
Wall taking damage: 20
Attackable: Taking damage: 20 Current health: 80
Attackable: After damage - Health: 60/1000
Wall health changed: 60/1000
Wall taking damage: 20
Attackable: Taking damage: 20 Current health: 60
Attackable: After damage - Health: 40/1000
Wall health changed: 40/1000
Wall taking damage: 20
Attackable: Taking damage: 20 Current health: 40
Attackable: After damage - Health: 20/1000
Wall health changed: 20/1000
Wall taking damage: 20
Attackable: Taking damage: 20 Current health: 720
Attackable: After damage - Health: 700/1000
Wall health changed: 700/1000
Wall taking damage: 20
Attackable: Taking damage: 20 Current health: 20
Attackable: After damage - Health: 0/1000
Wall health changed: 0/1000
Attackable: Health depleted, handling destruction
Attackable: Emitting destroyed signal
Wall destroyed at position: (1632, 416)
Wall taking damage: 20
Attackable: Taking damage: 20 Current health: 700
Attackable: After damage - Health: 680/1000
Wall health changed: 680/1000
Wall taking damage: 20
Attackable: Taking damage: 20 Current health: 680
Attackable: After damage - Health: 660/1000
Wall health changed: 660/1000
Flag: Taking damage: 20
Flag: Forwarding damage to attackable component
Attackable: Taking damage: 20 Current health: 100
Attackable: After damage - Health: 80/100
Flag: Damage taken - Amount: 20 Current Health: 80
Flag: Health changed - Current: 80 Maximum: 100
Flag: Health bar width updated to: 51.2
Flag: Health bar updated - Size: (51.2, 8) Color: (0, 1, 0, 1)
Flag: Actual damage taken: 20
Wall taking damage: 20
Attackable: Taking damage: 20 Current health: 660
Attackable: After damage - Health: 640/1000
Wall health changed: 640/1000
Flag: Taking damage: 20
Flag: Forwarding damage to attackable component
Attackable: Taking damage: 20 Current health: 80
Attackable: After damage - Health: 60/100
Flag: Damage taken - Amount: 20 Current Health: 60
Flag: Health changed - Current: 60 Maximum: 100
Flag: Health bar width updated to: 38.4
Flag: Health bar updated - Size: (38.4, 8) Color: (1, 1, 0, 1)
Flag: Actual damage taken: 20
Flag: Taking damage: 20
Flag: Forwarding damage to attackable component
Attackable: Taking damage: 20 Current health: 60
Attackable: After damage - Health: 40/100
Flag: Damage taken - Amount: 20 Current Health: 40
Flag: Health changed - Current: 40 Maximum: 100
Flag: Health bar width updated to: 25.6
Flag: Health bar updated - Size: (25.6, 8) Color: (1, 1, 0, 1)
Flag: Actual damage taken: 20
Flag: Taking damage: 20
Flag: Forwarding damage to attackable component
Attackable: Taking damage: 20 Current health: 40
Attackable: After damage - Health: 20/100
Flag: Damage taken - Amount: 20 Current Health: 20
Flag: Health changed - Current: 20 Maximum: 100
Flag: Health bar width updated to: 12.8
Flag: Health bar updated - Size: (12.8, 8) Color: (1, 0, 0, 1)
Flag: Actual damage taken: 20
Flag: Taking damage: 20
Flag: Forwarding damage to attackable component
Attackable: Taking damage: 20 Current health: 20
Attackable: After damage - Health: 0/100
Flag: Damage taken - Amount: 20 Current Health: 0
Flag: Health changed - Current: 0 Maximum: 100
Flag: Health bar width updated to: 0
Flag: Health bar updated - Size: (0, 8) Color: (1, 0, 0, 1)
Attackable: Health depleted, handling destruction
Attackable: Emitting destroyed signal
Flag: Destroyed!
Game Over screen shown
Flag: Actual damage taken: 20
