Godot Engine v4.2.1.stable.official.b09f793f5 - https://godotengine.org
Vulkan API 1.3.292 - Forward+ - Using Vulkan Device #0: AMD - AMD Radeon RX 7800 XT
 
Grid: Ready called
Added spawn point at grid position: (0, 2)
Added spawn point at grid position: (0, 3)
Added spawn point at grid position: (0, 4)
Added spawn point at grid position: (0, 5)
Added spawn point at grid position: (0, 6)
Added spawn point at grid position: (0, 7)
Added spawn point at grid position: (0, 8)
Added spawn point at grid position: (0, 9)
Added spawn point at grid position: (0, 10)
Added spawn point at grid position: (0, 11)
Added spawn point at grid position: (0, 12)
Added spawn point at grid position: (0, 13)
Added spawn point at grid position: (0, 14)
Added spawn point at grid position: (0, 15)
Added spawn point at grid position: (0, 16)
Added spawn point at grid position: (0, 17)
Added spawn point at grid position: (0, 18)
Added spawn point at grid position: (0, 19)
Attackable: Ready called
Flag: Initializing...
Flag: Setting up Attackable component...
Attackable: Initializing with health: 100
Attackable: Initialization complete. Current health: 100
Flag: Attackable component initialized with health: 100
Flag: Health bar found and initialized
Flag: Health changed - Current: 100 Maximum: 100
USER WARNING: Nodes with non-equal opposite anchors will have their size overridden after _ready(). 
If you want to set size, change the anchors or consider using set_deferred().
   at: _set_size (scene/gui/control.cpp:1440)
Flag: Health bar width updated to: 64
Flag: Health bar updated - Size: (64, 8) Color: (0, 1, 0, 1)
TestMap: Ready called
TestMap: Connecting UI signals
TestMap: Mouse button event - button_index: 2 pressed: true
TestMap: Right click detected - attempting wall placement

Wall Placement Debug:
Viewport Mouse Position: (953, 254.5)
World Position: (1493.961, 461.2811)
Grid Position: (23, 7)
Placing wall...
Attackable: Ready called
Attackable: Initializing with health: 1000
Attackable: Initialization complete. Current health: 1000
Wall initialized with health: 1000
TestMap: Mouse button event - button_index: 2 pressed: false
TestMap: Mouse button event - button_index: 2 pressed: true
TestMap: Right click detected - attempting wall placement

Wall Placement Debug:
Viewport Mouse Position: (955, 288)
World Position: (1498.562, 538.3529)
Grid Position: (23, 8)
Placing wall...
Attackable: Ready called
Attackable: Initializing with health: 1000
Attackable: Initialization complete. Current health: 1000
Wall initialized with health: 1000
TestMap: Mouse button event - button_index: 2 pressed: false
TestMap: Mouse button event - button_index: 2 pressed: true
TestMap: Right click detected - attempting wall placement

Wall Placement Debug:
Viewport Mouse Position: (952.5, 316)
World Position: (1492.81, 602.7712)
Grid Position: (23, 9)
Placing wall...
Attackable: Ready called
Attackable: Initializing with health: 1000
Attackable: Initialization complete. Current health: 1000
Wall initialized with health: 1000
TestMap: Mouse button event - button_index: 2 pressed: false
TestMap: Mouse button event - button_index: 2 pressed: true
TestMap: Right click detected - attempting wall placement

Wall Placement Debug:
Viewport Mouse Position: (949.5, 353.5)
World Position: (1485.908, 689.0458)
Grid Position: (23, 10)
Placing wall...
Attackable: Ready called
Attackable: Initializing with health: 1000
Attackable: Initialization complete. Current health: 1000
Wall initialized with health: 1000
TestMap: Mouse button event - button_index: 2 pressed: false
TestMap: Mouse button event - button_index: 2 pressed: true
TestMap: Right click detected - attempting wall placement

Wall Placement Debug:
Viewport Mouse Position: (951.5, 368)
World Position: (1490.51, 722.4052)
Grid Position: (23, 11)
Placing wall...
Attackable: Ready called
Attackable: Initializing with health: 1000
Attackable: Initialization complete. Current health: 1000
Wall initialized with health: 1000
TestMap: Mouse button event - button_index: 2 pressed: false
TestMap: Mouse button event - button_index: 2 pressed: true
TestMap: Right click detected - attempting wall placement

Wall Placement Debug:
Viewport Mouse Position: (964.5, 395.5)
World Position: (1520.418, 785.6732)
Grid Position: (23, 12)
Placing wall...
Attackable: Ready called
Attackable: Initializing with health: 1000
Attackable: Initialization complete. Current health: 1000
Wall initialized with health: 1000
TestMap: Mouse button event - button_index: 2 pressed: false
TestMap: Mouse button event - button_index: 2 pressed: true
TestMap: Right click detected - attempting wall placement

Wall Placement Debug:
Viewport Mouse Position: (960, 436)
World Position: (1510.065, 878.8497)
Grid Position: (23, 13)
Placing wall...
Attackable: Ready called
Attackable: Initializing with health: 1000
Attackable: Initialization complete. Current health: 1000
Wall initialized with health: 1000
TestMap: Mouse button event - button_index: 2 pressed: false
TestMap: Mouse button event - button_index: 2 pressed: true
TestMap: Right click detected - attempting wall placement

Wall Placement Debug:
Viewport Mouse Position: (963, 464)
World Position: (1516.967, 943.2679)
Grid Position: (23, 14)
Placing wall...
Attackable: Ready called
Attackable: Initializing with health: 1000
Attackable: Initialization complete. Current health: 1000
Wall initialized with health: 1000
TestMap: Mouse button event - button_index: 2 pressed: false
TestMap: Mouse button event - button_index: 2 pressed: true
TestMap: Right click detected - attempting wall placement

Wall Placement Debug:
Viewport Mouse Position: (966.5, 491.5)
World Position: (1525.02, 1006.536)
Grid Position: (23, 15)
Placing wall...
Attackable: Ready called
Attackable: Initializing with health: 1000
Attackable: Initialization complete. Current health: 1000
Wall initialized with health: 1000
TestMap: Mouse button event - button_index: 2 pressed: false
TestMap: Mouse button event - button_index: 2 pressed: true
TestMap: Right click detected - attempting wall placement

Wall Placement Debug:
Viewport Mouse Position: (961.5, 525.5)
World Position: (1513.516, 1084.758)
Grid Position: (23, 16)
Placing wall...
Attackable: Ready called
Attackable: Initializing with health: 1000
Attackable: Initialization complete. Current health: 1000
Wall initialized with health: 1000
TestMap: Mouse button event - button_index: 2 pressed: false
TestMap: Mouse button event - button_index: 2 pressed: true
TestMap: Right click detected - attempting wall placement

Wall Placement Debug:
Viewport Mouse Position: (949, 550)
World Position: (1484.758, 1141.124)
Grid Position: (23, 17)
Placing wall...
Attackable: Ready called
Attackable: Initializing with health: 1000
Attackable: Initialization complete. Current health: 1000
Wall initialized with health: 1000
TestMap: Mouse button event - button_index: 2 pressed: false
TestMap: Mouse button event - button_index: 2 pressed: true
TestMap: Right click detected - attempting wall placement

Wall Placement Debug:
Viewport Mouse Position: (959, 594.5)
World Position: (1507.765, 1243.503)
Grid Position: (23, 19)
Placing wall...
Attackable: Ready called
Attackable: Initializing with health: 1000
Attackable: Initialization complete. Current health: 1000
Wall initialized with health: 1000
TestMap: Mouse button event - button_index: 2 pressed: false
TestMap: Mouse button event - button_index: 2 pressed: true
TestMap: Right click detected - attempting wall placement

Wall Placement Debug:
Viewport Mouse Position: (958, 557.5)
World Position: (1505.464, 1158.379)
Grid Position: (23, 18)
Placing wall...
Attackable: Ready called
Attackable: Initializing with health: 1000
Attackable: Initialization complete. Current health: 1000
Wall initialized with health: 1000
TestMap: Mouse button event - button_index: 2 pressed: false
TestMap: Mouse button event - button_index: 2 pressed: true
TestMap: Right click detected - attempting wall placement

Wall Placement Debug:
Viewport Mouse Position: (956, 637)
World Position: (1500.863, 1341.281)
Grid Position: (23, 20)
Placing wall...
Attackable: Ready called
Attackable: Initializing with health: 1000
Attackable: Initialization complete. Current health: 1000
Wall initialized with health: 1000
TestMap: Mouse button event - button_index: 2 pressed: false
TestMap: Mouse button event - button_index: 2 pressed: true
TestMap: Right click detected - attempting wall placement

Wall Placement Debug:
Viewport Mouse Position: (954, 650.5)
World Position: (1496.261, 1372.34)
Grid Position: (23, 21)
Placing wall...
Attackable: Ready called
Attackable: Initializing with health: 1000
Attackable: Initialization complete. Current health: 1000
Wall initialized with health: 1000
TestMap: Mouse button event - button_index: 2 pressed: false
TestMap: Mouse button event - button_index: 2 pressed: true
TestMap: Right click detected - attempting wall placement

Wall Placement Debug:
Viewport Mouse Position: (961.5, 223.5)
World Position: (1513.516, 389.9608)
Grid Position: (23, 6)
Placing wall...
Attackable: Ready called
Attackable: Initializing with health: 1000
Attackable: Initialization complete. Current health: 1000
Wall initialized with health: 1000
TestMap: Mouse button event - button_index: 2 pressed: false
TestMap: Mouse button event - button_index: 2 pressed: true
TestMap: Right click detected - attempting wall placement

Wall Placement Debug:
Viewport Mouse Position: (962.5, 174)
World Position: (1515.817, 276.0784)
Grid Position: (23, 4)
Placing wall...
Attackable: Ready called
Attackable: Initializing with health: 1000
Attackable: Initialization complete. Current health: 1000
Wall initialized with health: 1000
TestMap: Mouse button event - button_index: 2 pressed: false
TestMap: Mouse button event - button_index: 2 pressed: true
TestMap: Right click detected - attempting wall placement

Wall Placement Debug:
Viewport Mouse Position: (964.5, 210)
World Position: (1520.418, 358.902)
Grid Position: (23, 5)
Placing wall...
Attackable: Ready called
Attackable: Initializing with health: 1000
Attackable: Initialization complete. Current health: 1000
Wall initialized with health: 1000
TestMap: Mouse button event - button_index: 2 pressed: false
TestMap: Mouse button event - button_index: 2 pressed: true
TestMap: Right click detected - attempting wall placement

Wall Placement Debug:
Viewport Mouse Position: (965, 147)
World Position: (1521.569, 213.9608)
Grid Position: (23, 3)
Placing wall...
Attackable: Ready called
Attackable: Initializing with health: 1000
Attackable: Initialization complete. Current health: 1000
Wall initialized with health: 1000
TestMap: Mouse button event - button_index: 2 pressed: false
TestMap: Mouse button event - button_index: 2 pressed: true
TestMap: Right click detected - attempting wall placement

Wall Placement Debug:
Viewport Mouse Position: (958, 119)
World Position: (1505.464, 149.5425)
Grid Position: (23, 2)
Placing wall...
Attackable: Ready called
Attackable: Initializing with health: 1000
Attackable: Initialization complete. Current health: 1000
Wall initialized with health: 1000
TestMap: Mouse button event - button_index: 2 pressed: false
TestMap: Mouse button event - button_index: 4 pressed: true
TestMap: Mouse button event - button_index: 4 pressed: false
TestMap: Mouse button event - button_index: 4 pressed: true
TestMap: Mouse button event - button_index: 4 pressed: false
TestMap: Mouse button event - button_index: 4 pressed: true
TestMap: Mouse button event - button_index: 4 pressed: false
TestMap: Mouse button event - button_index: 5 pressed: true
TestMap: Mouse button event - button_index: 5 pressed: false
TestMap: Mouse button event - button_index: 5 pressed: true
TestMap: Mouse button event - button_index: 5 pressed: false
TestMap: Mouse button event - button_index: 5 pressed: true
TestMap: Mouse button event - button_index: 5 pressed: false
TestMap: Mouse button event - button_index: 5 pressed: true
TestMap: Mouse button event - button_index: 5 pressed: false
TestMap: Mouse button event - button_index: 5 pressed: true
TestMap: Mouse button event - button_index: 5 pressed: false
TestMap: Mouse button event - button_index: 5 pressed: true
TestMap: Mouse button event - button_index: 5 pressed: false
TestMap: Mouse button event - button_index: 5 pressed: true
TestMap: Mouse button event - button_index: 5 pressed: false
TestMap: Mouse button event - button_index: 5 pressed: true
TestMap: Mouse button event - button_index: 5 pressed: false
TestMap: Mouse button event - button_index: 4 pressed: true
TestMap: Mouse button event - button_index: 4 pressed: false
TestMap: Mouse button event - button_index: 5 pressed: true
TestMap: Mouse button event - button_index: 5 pressed: false
TestMap: Mouse button event - button_index: 5 pressed: true
TestMap: Mouse button event - button_index: 5 pressed: false
TestMap: Mouse button event - button_index: 5 pressed: true
TestMap: Mouse button event - button_index: 5 pressed: false
TestMap: Mouse button event - button_index: 5 pressed: true
TestMap: Mouse button event - button_index: 5 pressed: false
TestMap: Mouse button event - button_index: 5 pressed: true
TestMap: Mouse button event - button_index: 5 pressed: false
TestMap: Mouse button event - button_index: 5 pressed: true
TestMap: Mouse button event - button_index: 5 pressed: false
TestMap: Mouse button event - button_index: 5 pressed: true
TestMap: Mouse button event - button_index: 5 pressed: false
TestMap: Mouse button event - button_index: 2 pressed: true
TestMap: Right click detected - attempting wall placement

Wall Placement Debug:
Viewport Mouse Position: (976.5, 67.5)
World Position: (1513, 119)
Grid Position: (23, 1)
Placing wall...
Attackable: Ready called
Attackable: Initializing with health: 1000
Attackable: Initialization complete. Current health: 1000
Wall initialized with health: 1000
TestMap: Mouse button event - button_index: 2 pressed: false
TestMap: Mouse click on UI element, ignoring placement
TestMap: Mouse click on UI element, ignoring placement
TestMap: Mouse click on UI element, ignoring placement
TestMap: Mouse click on UI element, ignoring placement
TestMap: Start Wave button pressed
TestMap: Starting wave...
Wall taking damage: 20
Attackable: Taking damage: 20 Current health: 1000
Attackable: After damage - Health: 980/1000
Wall health changed: 980/1000
Wall taking damage: 20
Attackable: Taking damage: 20 Current health: 980
Attackable: After damage - Health: 960/1000
Wall health changed: 960/1000
Wall taking damage: 20
Attackable: Taking damage: 20 Current health: 960
Attackable: After damage - Health: 940/1000
Wall health changed: 940/1000
Wall taking damage: 20
Attackable: Taking damage: 20 Current health: 940
Attackable: After damage - Health: 920/1000
Wall health changed: 920/1000
Wall taking damage: 20
Attackable: Taking damage: 20 Current health: 920
Attackable: After damage - Health: 900/1000
Wall health changed: 900/1000
Wall taking damage: 20
Attackable: Taking damage: 20 Current health: 900
Attackable: After damage - Health: 880/1000
Wall health changed: 880/1000
Wall taking damage: 20
Attackable: Taking damage: 20 Current health: 880
Attackable: After damage - Health: 860/1000
Wall health changed: 860/1000
Wall taking damage: 20
Attackable: Taking damage: 20 Current health: 860
Attackable: After damage - Health: 840/1000
Wall health changed: 840/1000
Wall taking damage: 20
Attackable: Taking damage: 20 Current health: 840
Attackable: After damage - Health: 820/1000
Wall health changed: 820/1000
Wall taking damage: 20
Attackable: Taking damage: 20 Current health: 820
Attackable: After damage - Health: 800/1000
Wall health changed: 800/1000
Wall taking damage: 20
Attackable: Taking damage: 20 Current health: 800
Attackable: After damage - Health: 780/1000
Wall health changed: 780/1000
Wall taking damage: 20
Attackable: Taking damage: 20 Current health: 780
Attackable: After damage - Health: 760/1000
Wall health changed: 760/1000
Wall taking damage: 20
Attackable: Taking damage: 20 Current health: 760
Attackable: After damage - Health: 740/1000
Wall health changed: 740/1000
Wall taking damage: 20
Attackable: Taking damage: 20 Current health: 740
Attackable: After damage - Health: 720/1000
Wall health changed: 720/1000
Wall taking damage: 20
Attackable: Taking damage: 20 Current health: 720
Attackable: After damage - Health: 700/1000
Wall health changed: 700/1000
Wall taking damage: 20
Attackable: Taking damage: 20 Current health: 700
Attackable: After damage - Health: 680/1000
Wall health changed: 680/1000
Wall taking damage: 20
Attackable: Taking damage: 20 Current health: 680
Attackable: After damage - Health: 660/1000
Wall health changed: 660/1000
Wall taking damage: 20
Attackable: Taking damage: 20 Current health: 660
Attackable: After damage - Health: 640/1000
Wall health changed: 640/1000
Wall taking damage: 20
Attackable: Taking damage: 20 Current health: 640
Attackable: After damage - Health: 620/1000
Wall health changed: 620/1000
Wall taking damage: 20
Attackable: Taking damage: 20 Current health: 620
Attackable: After damage - Health: 600/1000
Wall health changed: 600/1000
Wall taking damage: 20
Attackable: Taking damage: 20 Current health: 600
Attackable: After damage - Health: 580/1000
Wall health changed: 580/1000
Wall taking damage: 20
Attackable: Taking damage: 20 Current health: 580
Attackable: After damage - Health: 560/1000
Wall health changed: 560/1000
Wall taking damage: 20
Attackable: Taking damage: 20 Current health: 560
Attackable: After damage - Health: 540/1000
Wall health changed: 540/1000
Wall taking damage: 20
Attackable: Taking damage: 20 Current health: 540
Attackable: After damage - Health: 520/1000
Wall health changed: 520/1000
Wall taking damage: 20
Attackable: Taking damage: 20 Current health: 520
Attackable: After damage - Health: 500/1000
Wall health changed: 500/1000
Wall taking damage: 20
Attackable: Taking damage: 20 Current health: 500
Attackable: After damage - Health: 480/1000
Wall health changed: 480/1000
Wall taking damage: 20
Attackable: Taking damage: 20 Current health: 480
Attackable: After damage - Health: 460/1000
Wall health changed: 460/1000
Wall taking damage: 20
Attackable: Taking damage: 20 Current health: 460
Attackable: After damage - Health: 440/1000
Wall health changed: 440/1000
Wall taking damage: 20
Attackable: Taking damage: 20 Current health: 440
Attackable: After damage - Health: 420/1000
Wall health changed: 420/1000
Wall taking damage: 20
Attackable: Taking damage: 20 Current health: 420
Attackable: After damage - Health: 400/1000
Wall health changed: 400/1000
Wall taking damage: 20
Attackable: Taking damage: 20 Current health: 400
Attackable: After damage - Health: 380/1000
Wall health changed: 380/1000
Wall taking damage: 20
Attackable: Taking damage: 20 Current health: 380
Attackable: After damage - Health: 360/1000
Wall health changed: 360/1000
Wall taking damage: 20
Attackable: Taking damage: 20 Current health: 360
Attackable: After damage - Health: 340/1000
Wall health changed: 340/1000
Wall taking damage: 20
Attackable: Taking damage: 20 Current health: 340
Attackable: After damage - Health: 320/1000
Wall health changed: 320/1000
Wall taking damage: 20
Attackable: Taking damage: 20 Current health: 320
Attackable: After damage - Health: 300/1000
Wall health changed: 300/1000
Wall taking damage: 20
Attackable: Taking damage: 20 Current health: 300
Attackable: After damage - Health: 280/1000
Wall health changed: 280/1000
Wall taking damage: 20
Attackable: Taking damage: 20 Current health: 280
Attackable: After damage - Health: 260/1000
Wall health changed: 260/1000
Wall taking damage: 20
Attackable: Taking damage: 20 Current health: 260
Attackable: After damage - Health: 240/1000
Wall health changed: 240/1000
Wall taking damage: 20
Attackable: Taking damage: 20 Current health: 240
Attackable: After damage - Health: 220/1000
Wall health changed: 220/1000
Wall taking damage: 20
Attackable: Taking damage: 20 Current health: 220
Attackable: After damage - Health: 200/1000
Wall health changed: 200/1000
Wall taking damage: 20
Attackable: Taking damage: 20 Current health: 200
Attackable: After damage - Health: 180/1000
Wall health changed: 180/1000
Wall taking damage: 20
Attackable: Taking damage: 20 Current health: 180
Attackable: After damage - Health: 160/1000
Wall health changed: 160/1000
Wall taking damage: 20
Attackable: Taking damage: 20 Current health: 160
Attackable: After damage - Health: 140/1000
Wall health changed: 140/1000
Wall taking damage: 20
Attackable: Taking damage: 20 Current health: 140
Attackable: After damage - Health: 120/1000
Wall health changed: 120/1000
Wall taking damage: 20
Attackable: Taking damage: 20 Current health: 120
Attackable: After damage - Health: 100/1000
Wall health changed: 100/1000
Wall taking damage: 20
Attackable: Taking damage: 20 Current health: 100
Attackable: After damage - Health: 80/1000
Wall health changed: 80/1000
Wall taking damage: 20
Attackable: Taking damage: 20 Current health: 80
Attackable: After damage - Health: 60/1000
Wall health changed: 60/1000
Wall taking damage: 20
Attackable: Taking damage: 20 Current health: 60
Attackable: After damage - Health: 40/1000
Wall health changed: 40/1000
Wall taking damage: 20
Attackable: Taking damage: 20 Current health: 40
Attackable: After damage - Health: 20/1000
Wall health changed: 20/1000
Wall taking damage: 20
Attackable: Taking damage: 20 Current health: 20
Attackable: After damage - Health: 0/1000
Wall health changed: 0/1000
Attackable: Health depleted, handling destruction
Attackable: Emitting destroyed signal
Wall destroyed at position: (1504, 96)
Flag: Taking damage: 20
Flag: Forwarding damage to attackable component
Attackable: Taking damage: 20 Current health: 100
Attackable: After damage - Health: 80/100
Flag: Damage taken - Amount: 20 Current Health: 80
Flag: Health changed - Current: 80 Maximum: 100
Flag: Health bar width updated to: 51.2
Flag: Health bar updated - Size: (51.2, 8) Color: (0, 1, 0, 1)
Flag: Actual damage taken: 20
Flag: Taking damage: 20
Flag: Forwarding damage to attackable component
Attackable: Taking damage: 20 Current health: 80
Attackable: After damage - Health: 60/100
Flag: Damage taken - Amount: 20 Current Health: 60
Flag: Health changed - Current: 60 Maximum: 100
Flag: Health bar width updated to: 38.4
Flag: Health bar updated - Size: (38.4, 8) Color: (1, 1, 0, 1)
Flag: Actual damage taken: 20
Flag: Taking damage: 20
Flag: Forwarding damage to attackable component
Attackable: Taking damage: 20 Current health: 60
Attackable: After damage - Health: 40/100
Flag: Damage taken - Amount: 20 Current Health: 40
Flag: Health changed - Current: 40 Maximum: 100
Flag: Health bar width updated to: 25.6
Flag: Health bar updated - Size: (25.6, 8) Color: (1, 1, 0, 1)
Flag: Actual damage taken: 20
Flag: Taking damage: 20
Flag: Forwarding damage to attackable component
Attackable: Taking damage: 20 Current health: 40
Attackable: After damage - Health: 20/100
Flag: Damage taken - Amount: 20 Current Health: 20
Flag: Health changed - Current: 20 Maximum: 100
Flag: Health bar width updated to: 12.8
Flag: Health bar updated - Size: (12.8, 8) Color: (1, 0, 0, 1)
Flag: Actual damage taken: 20
Flag: Taking damage: 20
Flag: Forwarding damage to attackable component
Attackable: Taking damage: 20 Current health: 20
Attackable: After damage - Health: 0/100
Flag: Damage taken - Amount: 20 Current Health: 0
Flag: Health changed - Current: 0 Maximum: 100
Flag: Health bar width updated to: 0
Flag: Health bar updated - Size: (0, 8) Color: (1, 0, 0, 1)
Attackable: Health depleted, handling destruction
Attackable: Emitting destroyed signal
Flag: Destroyed!
Game Over screen shown
Flag: Actual damage taken: 20
