Godot Engine v4.2.1.stable.official.b09f793f5 - https://godotengine.org
Vulkan API 1.3.292 - Forward+ - Using Vulkan Device #0: AMD - AMD Radeon RX 7800 XT
 
Grid: Ready called
TestMap: Ready called
Grid: Input event received: InputEventMouseButton: button_index=2, mods=none, pressed=true, canceled=false, position=((835.5, 315.5)), button_mask=2, double_click=false
TestMap: Input event received: InputEventMouseButton: button_index=2, mods=none, pressed=true, canceled=false, position=((835.5, 315.5)), button_mask=2, double_click=false
TestMap: Unhandled input event: InputEventMouseButton: button_index=2, mods=none, pressed=true, canceled=false, position=((835.5, 315.5)), button_mask=2, double_click=false
TestMap: Attempting to place wall
Screen pos: (835.5, 315.5) -> Local pos: (1223.634, 601.6209) -> Grid pos: (19, 9)
TestMap: Wall placement - Mouse pos: (835.5, 315.5) Grid pos: (19, 9)
TestMap: Placing wall
Grid: Input event received: InputEventMouseButton: button_index=2, mods=none, pressed=false, canceled=false, position=((835.5, 315.5)), button_mask=0, double_click=false
TestMap: Input event received: InputEventMouseButton: button_index=2, mods=none, pressed=false, canceled=false, position=((835.5, 315.5)), button_mask=0, double_click=false
TestMap: Unhandled input event: InputEventMouseButton: button_index=2, mods=none, pressed=false, canceled=false, position=((835.5, 315.5)), button_mask=0, double_click=false
Grid: Input event received: InputEventMouseButton: button_index=1, mods=none, pressed=true, canceled=false, position=((166.5, 662.5)), button_mask=1, double_click=false
TestMap: Input event received: InputEventMouseButton: button_index=1, mods=none, pressed=true, canceled=false, position=((166.5, 662.5)), button_mask=1, double_click=false
Grid: Input event received: InputEventMouseButton: button_index=1, mods=none, pressed=false, canceled=false, position=((165.5, 662.5)), button_mask=0, double_click=false
TestMap: Input event received: InputEventMouseButton: button_index=1, mods=none, pressed=false, canceled=false, position=((165.5, 662.5)), button_mask=0, double_click=false
Grid: Input event received: InputEventMouseButton: button_index=1, mods=none, pressed=true, canceled=false, position=((759.5, 392)), button_mask=1, double_click=false
TestMap: Input event received: InputEventMouseButton: button_index=1, mods=none, pressed=true, canceled=false, position=((759.5, 392)), button_mask=1, double_click=false
TestMap: Unhandled input event: InputEventMouseButton: button_index=1, mods=none, pressed=true, canceled=false, position=((759.5, 392)), button_mask=1, double_click=false
TestMap: Attempting to place tower
Screen pos: (759.5, 392) -> Local pos: (1048.784, 777.6209) -> Grid pos: (16, 12)
TestMap: Tower placement - Mouse pos: (759.5, 392) Grid pos: (16, 12)
TestMap: Placing tower
Grid: Input event received: InputEventMouseButton: button_index=1, mods=none, pressed=false, canceled=false, position=((759.5, 392)), button_mask=0, double_click=false
TestMap: Input event received: InputEventMouseButton: button_index=1, mods=none, pressed=false, canceled=false, position=((759.5, 392)), button_mask=0, double_click=false
TestMap: Unhandled input event: InputEventMouseButton: button_index=1, mods=none, pressed=false, canceled=false, position=((759.5, 392)), button_mask=0, double_click=false
Grid: Input event received: InputEventKey: keycode=4194328 (Alt), mods=none, physical=false, pressed=true, echo=false
TestMap: Input event received: InputEventKey: keycode=4194328 (Alt), mods=none, physical=false, pressed=true, echo=false
TestMap: Unhandled input event: InputEventKey: keycode=4194328 (Alt), mods=none, physical=false, pressed=true, echo=false
Grid: Input event received: InputEventMouseButton: button_index=1, mods=none, pressed=true, canceled=false, position=((1165, 582)), button_mask=1, double_click=false
TestMap: Input event received: InputEventMouseButton: button_index=1, mods=none, pressed=true, canceled=false, position=((1165, 582)), button_mask=1, double_click=false
TestMap: Unhandled input event: InputEventMouseButton: button_index=1, mods=none, pressed=true, canceled=false, position=((1165, 582)), button_mask=1, double_click=false
TestMap: Attempting to place tower
Screen pos: (1165, 582) -> Local pos: (1981.699, 1214.745) -> Grid pos: (30, 18)
TestMap: Tower placement - Mouse pos: (1165, 582) Grid pos: (30, 18)
TestMap: Not enough gold
Grid: Input event received: InputEventMouseButton: button_index=1, mods=none, pressed=false, canceled=false, position=((1165, 581.5)), button_mask=0, double_click=false
TestMap: Input event received: InputEventMouseButton: button_index=1, mods=none, pressed=false, canceled=false, position=((1165, 581.5)), button_mask=0, double_click=false
TestMap: Unhandled input event: InputEventMouseButton: button_index=1, mods=none, pressed=false, canceled=false, position=((1165, 581.5)), button_mask=0, double_click=false
Grid: Input event received: InputEventKey: keycode=4194305 (Escape), mods=none, physical=false, pressed=true, echo=false
TestMap: Input event received: InputEventKey: keycode=4194305 (Escape), mods=none, physical=false, pressed=true, echo=false
TestMap: Unhandled input event: InputEventKey: keycode=4194305 (Escape), mods=none, physical=false, pressed=true, echo=false
Grid: Input event received: InputEventKey: keycode=4194305 (Escape), mods=none, physical=false, pressed=false, echo=false
TestMap: Input event received: InputEventKey: keycode=4194305 (Escape), mods=none, physical=false, pressed=false, echo=false
TestMap: Unhandled input event: InputEventKey: keycode=4194305 (Escape), mods=none, physical=false, pressed=false, echo=false
Grid: Input event received: InputEventMouseButton: button_index=1, mods=none, pressed=true, canceled=false, position=((1360, 205.5)), button_mask=1, double_click=false
TestMap: Input event received: InputEventMouseButton: button_index=1, mods=none, pressed=true, canceled=false, position=((1360, 205.5)), button_mask=1, double_click=false
TestMap: Unhandled input event: InputEventMouseButton: button_index=1, mods=none, pressed=true, canceled=false, position=((1360, 205.5)), button_mask=1, double_click=false
TestMap: Attempting to place tower
Screen pos: (1360, 205.5) -> Local pos: (2430.327, 348.549) -> Grid pos: (37, 5)
TestMap: Tower placement - Mouse pos: (1360, 205.5) Grid pos: (37, 5)
TestMap: Not enough gold
Grid: Input event received: InputEventMouseButton: button_index=1, mods=none, pressed=false, canceled=false, position=((1360, 206)), button_mask=0, double_click=false
TestMap: Input event received: InputEventMouseButton: button_index=1, mods=none, pressed=false, canceled=false, position=((1360, 206)), button_mask=0, double_click=false
TestMap: Unhandled input event: InputEventMouseButton: button_index=1, mods=none, pressed=false, canceled=false, position=((1360, 206)), button_mask=0, double_click=false
Grid: Input event received: InputEventKey: keycode=4194339 (F8), mods=none, physical=false, pressed=true, echo=false
TestMap: Input event received: InputEventKey: keycode=4194339 (F8), mods=none, physical=false, pressed=true, echo=false
TestMap: Unhandled input event: InputEventKey: keycode=4194339 (F8), mods=none, physical=false, pressed=true, echo=false
