Godot Engine v4.2.1.stable.official.b09f793f5 - https://godotengine.org
Vulkan API 1.3.292 - Forward+ - Using Vulkan Device #0: AMD - AMD Radeon RX 7800 XT
 
Grid: Ready called
Added spawn point at grid position: (0, 2)
Added spawn point at grid position: (0, 3)
Added spawn point at grid position: (0, 4)
Added spawn point at grid position: (0, 5)
Added spawn point at grid position: (0, 6)
Added spawn point at grid position: (0, 7)
Added spawn point at grid position: (0, 8)
Added spawn point at grid position: (0, 9)
Added spawn point at grid position: (0, 10)
Added spawn point at grid position: (0, 11)
Added spawn point at grid position: (0, 12)
Added spawn point at grid position: (0, 13)
Added spawn point at grid position: (0, 14)
Added spawn point at grid position: (0, 15)
Added spawn point at grid position: (0, 16)
Added spawn point at grid position: (0, 17)
Added spawn point at grid position: (0, 18)
Added spawn point at grid position: (0, 19)
Attackable: Ready called
Flag: Initializing...
Flag: Setting up Attackable component...
Attackable: Initializing with health: 100
Attackable: Initialization complete. Current health: 100
Flag: Attackable component initialized with health: 100
Flag: Health bar found and initialized
Flag: Health changed - Current: 100 Maximum: 100
USER WARNING: Nodes with non-equal opposite anchors will have their size overridden after _ready(). 
If you want to set size, change the anchors or consider using set_deferred().
   at: _set_size (scene/gui/control.cpp:1440)
Flag: Health bar width updated to: 64
Flag: Health bar updated - Size: (64, 8) Color: (0, 1, 0, 1)
TestMap: Ready called
TestMap: Input event received: InputEventMouseButton: button_index=2, mods=none, pressed=true, canceled=false, position=((695.5, 61.5)), button_mask=2, double_click=false

Wall Placement Debug:
Viewport Mouse Position: (695.5, 61.5)
World Position: (901.5425, 17.25488)
World (901.5425, 17.25488) -> Grid (14, 0)
Grid Position: (14, 0)
Placing wall...
Grid (14, 0) -> World (928, 32)
Placing wall at: (928, 32)
Attackable: Ready called
Attackable: Initializing with health: 1000
Attackable: Initialization complete. Current health: 1000
Wall initialized with health: 1000
TestMap: Input event received: InputEventMouseButton: button_index=2, mods=none, pressed=false, canceled=false, position=((695.5, 61.5)), button_mask=0, double_click=false
TestMap: Input event received: InputEventMouseButton: button_index=2, mods=none, pressed=true, canceled=false, position=((695, 89.5)), button_mask=2, double_click=false

Wall Placement Debug:
Viewport Mouse Position: (695, 89.5)
World Position: (900.3922, 81.67322)
World (900.3922, 81.67322) -> Grid (14, 1)
Grid Position: (14, 1)
Placing wall...
Grid (14, 1) -> World (928, 96)
Placing wall at: (928, 96)
Attackable: Ready called
Attackable: Initializing with health: 1000
Attackable: Initialization complete. Current health: 1000
Wall initialized with health: 1000
TestMap: Input event received: InputEventMouseButton: button_index=2, mods=none, pressed=false, canceled=false, position=((696.5, 96)), button_mask=0, double_click=false
TestMap: Input event received: InputEventMouseButton: button_index=2, mods=none, pressed=true, canceled=false, position=((701, 124.5)), button_mask=2, double_click=false

Wall Placement Debug:
Viewport Mouse Position: (701, 124.5)
World Position: (914.196, 162.1961)
World (914.196, 162.1961) -> Grid (14, 2)
Grid Position: (14, 2)
Placing wall...
Grid (14, 2) -> World (928, 160)
Placing wall at: (928, 160)
Attackable: Ready called
Attackable: Initializing with health: 1000
Attackable: Initialization complete. Current health: 1000
Wall initialized with health: 1000
TestMap: Input event received: InputEventMouseButton: button_index=2, mods=none, pressed=false, canceled=false, position=((701, 140)), button_mask=0, double_click=false
TestMap: Input event received: InputEventMouseButton: button_index=2, mods=none, pressed=true, canceled=false, position=((699.5, 151.5)), button_mask=2, double_click=false

Wall Placement Debug:
Viewport Mouse Position: (699.5, 151.5)
World Position: (910.7451, 224.3137)
World (910.7451, 224.3137) -> Grid (14, 3)
Grid Position: (14, 3)
Placing wall...
Grid (14, 3) -> World (928, 224)
Placing wall at: (928, 224)
Attackable: Ready called
Attackable: Initializing with health: 1000
Attackable: Initialization complete. Current health: 1000
Wall initialized with health: 1000
TestMap: Input event received: InputEventMouseButton: button_index=2, mods=none, pressed=false, canceled=false, position=((698, 158.5)), button_mask=0, double_click=false
TestMap: Input event received: InputEventMouseButton: button_index=2, mods=none, pressed=true, canceled=false, position=((697.5, 183.5)), button_mask=2, double_click=false

Wall Placement Debug:
Viewport Mouse Position: (697.5, 184)
World Position: (906.1438, 299.085)
World (906.1438, 299.085) -> Grid (14, 4)
Grid Position: (14, 4)
Placing wall...
Grid (14, 4) -> World (928, 288)
Placing wall at: (928, 288)
Attackable: Ready called
Attackable: Initializing with health: 1000
Attackable: Initialization complete. Current health: 1000
Wall initialized with health: 1000
TestMap: Input event received: InputEventMouseButton: button_index=2, mods=none, pressed=false, canceled=false, position=((697, 189)), button_mask=0, double_click=false
TestMap: Input event received: InputEventMouseButton: button_index=2, mods=none, pressed=true, canceled=false, position=((695, 215)), button_mask=2, double_click=false

Wall Placement Debug:
Viewport Mouse Position: (695, 215)
World Position: (900.3922, 370.4052)
World (900.3922, 370.4052) -> Grid (14, 5)
Grid Position: (14, 5)
Placing wall...
Grid (14, 5) -> World (928, 352)
Placing wall at: (928, 352)
Attackable: Ready called
Attackable: Initializing with health: 1000
Attackable: Initialization complete. Current health: 1000
Wall initialized with health: 1000
TestMap: Input event received: InputEventMouseButton: button_index=2, mods=none, pressed=false, canceled=false, position=((700, 230)), button_mask=0, double_click=false
TestMap: Input event received: InputEventMouseButton: button_index=2, mods=none, pressed=true, canceled=false, position=((704, 247.5)), button_mask=2, double_click=false

Wall Placement Debug:
Viewport Mouse Position: (704, 247.5)
World Position: (921.098, 445.1765)
World (921.098, 445.1765) -> Grid (14, 6)
Grid Position: (14, 6)
Placing wall...
Grid (14, 6) -> World (928, 416)
Placing wall at: (928, 416)
Attackable: Ready called
Attackable: Initializing with health: 1000
Attackable: Initialization complete. Current health: 1000
Wall initialized with health: 1000
TestMap: Input event received: InputEventMouseButton: button_index=2, mods=none, pressed=false, canceled=false, position=((704, 250.5)), button_mask=0, double_click=false
TestMap: Input event received: InputEventMouseButton: button_index=2, mods=none, pressed=true, canceled=false, position=((698.5, 270.5)), button_mask=2, double_click=false

Wall Placement Debug:
Viewport Mouse Position: (698.5, 270.5)
World Position: (908.4445, 498.0915)
World (908.4445, 498.0915) -> Grid (14, 7)
Grid Position: (14, 7)
Placing wall...
Grid (14, 7) -> World (928, 480)
Placing wall at: (928, 480)
Attackable: Ready called
Attackable: Initializing with health: 1000
Attackable: Initialization complete. Current health: 1000
Wall initialized with health: 1000
TestMap: Input event received: InputEventMouseButton: button_index=2, mods=none, pressed=false, canceled=false, position=((698.5, 273)), button_mask=0, double_click=false
TestMap: Input event received: InputEventMouseButton: button_index=2, mods=none, pressed=true, canceled=false, position=((703, 297.5)), button_mask=2, double_click=false

Wall Placement Debug:
Viewport Mouse Position: (703, 297.5)
World Position: (918.7974, 560.2092)
World (918.7974, 560.2092) -> Grid (14, 8)
Grid Position: (14, 8)
Placing wall...
Grid (14, 8) -> World (928, 544)
Placing wall at: (928, 544)
Attackable: Ready called
Attackable: Initializing with health: 1000
Attackable: Initialization complete. Current health: 1000
Wall initialized with health: 1000
TestMap: Input event received: InputEventMouseButton: button_index=2, mods=none, pressed=false, canceled=false, position=((704.5, 304)), button_mask=0, double_click=false
TestMap: Input event received: InputEventMouseButton: button_index=2, mods=none, pressed=true, canceled=false, position=((700.5, 318.5)), button_mask=2, double_click=false

Wall Placement Debug:
Viewport Mouse Position: (700.5, 319)
World Position: (913.0458, 609.6732)
World (913.0458, 609.6732) -> Grid (14, 9)
Grid Position: (14, 9)
Placing wall...
Grid (14, 9) -> World (928, 608)
Placing wall at: (928, 608)
Attackable: Ready called
Attackable: Initializing with health: 1000
Attackable: Initialization complete. Current health: 1000
Wall initialized with health: 1000
TestMap: Input event received: InputEventMouseButton: button_index=2, mods=none, pressed=false, canceled=false, position=((700.5, 328.5)), button_mask=0, double_click=false
TestMap: Input event received: InputEventMouseButton: button_index=2, mods=none, pressed=true, canceled=false, position=((699, 352.5)), button_mask=2, double_click=false

Wall Placement Debug:
Viewport Mouse Position: (699, 352.5)
World Position: (909.5948, 686.7451)
World (909.5948, 686.7451) -> Grid (14, 10)
Grid Position: (14, 10)
Placing wall...
Grid (14, 10) -> World (928, 672)
Placing wall at: (928, 672)
Attackable: Ready called
Attackable: Initializing with health: 1000
Attackable: Initialization complete. Current health: 1000
Wall initialized with health: 1000
TestMap: Input event received: InputEventMouseButton: button_index=2, mods=none, pressed=false, canceled=false, position=((699, 358)), button_mask=0, double_click=false
TestMap: Input event received: InputEventMouseButton: button_index=2, mods=none, pressed=true, canceled=false, position=((701, 375.5)), button_mask=2, double_click=false

Wall Placement Debug:
Viewport Mouse Position: (701, 376)
World Position: (914.196, 740.8105)
World (914.196, 740.8105) -> Grid (14, 11)
Grid Position: (14, 11)
Placing wall...
Grid (14, 11) -> World (928, 736)
Placing wall at: (928, 736)
Attackable: Ready called
Attackable: Initializing with health: 1000
Attackable: Initialization complete. Current health: 1000
Wall initialized with health: 1000
TestMap: Input event received: InputEventMouseButton: button_index=2, mods=none, pressed=false, canceled=false, position=((700.5, 385.5)), button_mask=0, double_click=false
TestMap: Input event received: InputEventMouseButton: button_index=2, mods=none, pressed=true, canceled=false, position=((697, 415)), button_mask=2, double_click=false

Wall Placement Debug:
Viewport Mouse Position: (697, 415)
World Position: (904.9935, 830.5359)
World (904.9935, 830.5359) -> Grid (14, 12)
Grid Position: (14, 12)
Placing wall...
Grid (14, 12) -> World (928, 800)
Placing wall at: (928, 800)
Attackable: Ready called
Attackable: Initializing with health: 1000
Attackable: Initialization complete. Current health: 1000
Wall initialized with health: 1000
TestMap: Input event received: InputEventMouseButton: button_index=2, mods=none, pressed=false, canceled=false, position=((697, 421.5)), button_mask=0, double_click=false
TestMap: Input event received: InputEventMouseButton: button_index=2, mods=none, pressed=true, canceled=false, position=((696, 440)), button_mask=2, double_click=false

Wall Placement Debug:
Viewport Mouse Position: (696, 440)
World Position: (902.6928, 888.0523)
World (902.6928, 888.0523) -> Grid (14, 13)
Grid Position: (14, 13)
Placing wall...
Grid (14, 13) -> World (928, 864)
Placing wall at: (928, 864)
Attackable: Ready called
Attackable: Initializing with health: 1000
Attackable: Initialization complete. Current health: 1000
Wall initialized with health: 1000
TestMap: Input event received: InputEventMouseButton: button_index=2, mods=none, pressed=false, canceled=false, position=((695, 450.5)), button_mask=0, double_click=false
TestMap: Input event received: InputEventMouseButton: button_index=2, mods=none, pressed=true, canceled=false, position=((696, 463.5)), button_mask=2, double_click=false

Wall Placement Debug:
Viewport Mouse Position: (696, 464)
World Position: (902.6928, 943.2679)
World (902.6928, 943.2679) -> Grid (14, 14)
Grid Position: (14, 14)
Placing wall...
Grid (14, 14) -> World (928, 928)
Placing wall at: (928, 928)
Attackable: Ready called
Attackable: Initializing with health: 1000
Attackable: Initialization complete. Current health: 1000
Wall initialized with health: 1000
TestMap: Input event received: InputEventMouseButton: button_index=2, mods=none, pressed=false, canceled=false, position=((696.5, 477)), button_mask=0, double_click=false
TestMap: Input event received: InputEventMouseButton: button_index=2, mods=none, pressed=true, canceled=false, position=((698, 493)), button_mask=2, double_click=false

Wall Placement Debug:
Viewport Mouse Position: (698, 493)
World Position: (907.2941, 1009.987)
World (907.2941, 1009.987) -> Grid (14, 15)
Grid Position: (14, 15)
Placing wall...
Grid (14, 15) -> World (928, 992)
Placing wall at: (928, 992)
Attackable: Ready called
Attackable: Initializing with health: 1000
Attackable: Initialization complete. Current health: 1000
Wall initialized with health: 1000
TestMap: Input event received: InputEventMouseButton: button_index=2, mods=none, pressed=false, canceled=false, position=((698, 498.5)), button_mask=0, double_click=false
TestMap: Input event received: InputEventMouseButton: button_index=2, mods=none, pressed=true, canceled=false, position=((697.5, 516)), button_mask=2, double_click=false

Wall Placement Debug:
Viewport Mouse Position: (697.5, 516)
World Position: (906.1438, 1062.902)
World (906.1438, 1062.902) -> Grid (14, 16)
Grid Position: (14, 16)
Placing wall...
Grid (14, 16) -> World (928, 1056)
Placing wall at: (928, 1056)
Attackable: Ready called
Attackable: Initializing with health: 1000
Attackable: Initialization complete. Current health: 1000
Wall initialized with health: 1000
TestMap: Input event received: InputEventMouseButton: button_index=2, mods=none, pressed=false, canceled=false, position=((697, 520.5)), button_mask=0, double_click=false
TestMap: Input event received: InputEventMouseButton: button_index=2, mods=none, pressed=true, canceled=false, position=((698, 563)), button_mask=2, double_click=false

Wall Placement Debug:
Viewport Mouse Position: (698, 563.5)
World Position: (907.2941, 1172.183)
World (907.2941, 1172.183) -> Grid (14, 18)
Grid Position: (14, 18)
Placing wall...
Grid (14, 18) -> World (928, 1184)
Placing wall at: (928, 1184)
Attackable: Ready called
Attackable: Initializing with health: 1000
Attackable: Initialization complete. Current health: 1000
Wall initialized with health: 1000
TestMap: Input event received: InputEventMouseButton: button_index=2, mods=none, pressed=false, canceled=false, position=((698, 570)), button_mask=0, double_click=false
TestMap: Input event received: InputEventMouseButton: button_index=2, mods=none, pressed=true, canceled=false, position=((708.5, 543.5)), button_mask=2, double_click=false

Wall Placement Debug:
Viewport Mouse Position: (708.5, 543.5)
World Position: (931.451, 1126.17)
World (931.451, 1126.17) -> Grid (14, 17)
Grid Position: (14, 17)
Placing wall...
Grid (14, 17) -> World (928, 1120)
Placing wall at: (928, 1120)
Attackable: Ready called
Attackable: Initializing with health: 1000
Attackable: Initialization complete. Current health: 1000
Wall initialized with health: 1000
TestMap: Input event received: InputEventMouseButton: button_index=2, mods=none, pressed=false, canceled=false, position=((708.5, 545)), button_mask=0, double_click=false
TestMap: Input event received: InputEventMouseButton: button_index=2, mods=none, pressed=true, canceled=false, position=((708, 599)), button_mask=2, double_click=false

Wall Placement Debug:
Viewport Mouse Position: (708, 599)
World Position: (930.3007, 1253.856)
World (930.3007, 1253.856) -> Grid (14, 19)
Grid Position: (14, 19)
Placing wall...
Grid (14, 19) -> World (928, 1248)
Placing wall at: (928, 1248)
Attackable: Ready called
Attackable: Initializing with health: 1000
Attackable: Initialization complete. Current health: 1000
Wall initialized with health: 1000
TestMap: Input event received: InputEventMouseButton: button_index=2, mods=none, pressed=false, canceled=false, position=((708, 601)), button_mask=0, double_click=false
TestMap: Input event received: InputEventMouseButton: button_index=2, mods=none, pressed=true, canceled=false, position=((708, 630)), button_mask=2, double_click=false

Wall Placement Debug:
Viewport Mouse Position: (708, 630)
World Position: (930.3007, 1325.177)
World (930.3007, 1325.177) -> Grid (14, 20)
Grid Position: (14, 20)
Placing wall...
Grid (14, 20) -> World (928, 1312)
Placing wall at: (928, 1312)
Attackable: Ready called
Attackable: Initializing with health: 1000
Attackable: Initialization complete. Current health: 1000
Wall initialized with health: 1000
TestMap: Input event received: InputEventMouseButton: button_index=2, mods=none, pressed=false, canceled=false, position=((706.5, 631.5)), button_mask=0, double_click=false
TestMap: Input event received: InputEventMouseButton: button_index=2, mods=none, pressed=true, canceled=false, position=((703.5, 645)), button_mask=2, double_click=false

Wall Placement Debug:
Viewport Mouse Position: (703.5, 645)
World Position: (919.9478, 1359.686)
World (919.9478, 1359.686) -> Grid (14, 21)
Grid Position: (14, 21)
Placing wall...
Grid (14, 21) -> World (928, 1376)
Placing wall at: (928, 1376)
Attackable: Ready called
Attackable: Initializing with health: 1000
Attackable: Initialization complete. Current health: 1000
Wall initialized with health: 1000
TestMap: Input event received: InputEventMouseButton: button_index=2, mods=none, pressed=false, canceled=false, position=((702, 649)), button_mask=0, double_click=false
TestMap: Input event received: InputEventMouseButton: button_index=1, mods=none, pressed=true, canceled=false, position=((1616, 26)), button_mask=1, double_click=false
TestMap: Input event received: InputEventMouseButton: button_index=1, mods=none, pressed=false, canceled=false, position=((1616.5, 26)), button_mask=0, double_click=false
Wave 1 started with 10 enemies
Grid (0, 5) -> World (32, 352)
Selected spawn point: grid=(0, 5) world=(32, 352)
Spawned enemy at grid-aligned position: (32, 352)
World (32, 352) -> Grid (0, 5)
World (1920, 540) -> Grid (30, 8)
Enemy: Recalculating path from (0, 5) to (30, 8)
World (32, 352) -> Grid (0, 5)
World (1920, 540) -> Grid (30, 8)
Enemy: Recalculating path from (0, 5) to (30, 8)
World (32, 352) -> Grid (0, 5)
World (1920, 540) -> Grid (30, 8)
Enemy: Recalculating path from (0, 5) to (30, 8)
World (32, 352) -> Grid (0, 5)
World (1920, 540) -> Grid (30, 8)
Enemy: Recalculating path from (0, 5) to (30, 8)
World (32, 352) -> Grid (0, 5)
World (1920, 540) -> Grid (30, 8)
Enemy: Recalculating path from (0, 5) to (30, 8)
World (32, 352) -> Grid (0, 5)
World (1920, 540) -> Grid (30, 8)
Enemy: Recalculating path from (0, 5) to (30, 8)
World (32, 352) -> Grid (0, 5)
World (1920, 540) -> Grid (30, 8)
Enemy: Recalculating path from (0, 5) to (30, 8)
World (32, 352) -> Grid (0, 5)
World (1920, 540) -> Grid (30, 8)
Enemy: Recalculating path from (0, 5) to (30, 8)
World (32, 352) -> Grid (0, 5)
World (1920, 540) -> Grid (30, 8)
Enemy: Recalculating path from (0, 5) to (30, 8)
World (32, 352) -> Grid (0, 5)
World (1920, 540) -> Grid (30, 8)
Enemy: Recalculating path from (0, 5) to (30, 8)
World (32, 352) -> Grid (0, 5)
World (1920, 540) -> Grid (30, 8)
Enemy: Recalculating path from (0, 5) to (30, 8)
World (32, 352) -> Grid (0, 5)
World (1920, 540) -> Grid (30, 8)
Enemy: Recalculating path from (0, 5) to (30, 8)
World (32, 352) -> Grid (0, 5)
World (1920, 540) -> Grid (30, 8)
Enemy: Recalculating path from (0, 5) to (30, 8)
World (32, 352) -> Grid (0, 5)
World (1920, 540) -> Grid (30, 8)
Enemy: Recalculating path from (0, 5) to (30, 8)
World (32, 352) -> Grid (0, 5)
World (1920, 540) -> Grid (30, 8)
Enemy: Recalculating path from (0, 5) to (30, 8)
World (32, 352) -> Grid (0, 5)
World (1920, 540) -> Grid (30, 8)
Enemy: Recalculating path from (0, 5) to (30, 8)
World (32, 352) -> Grid (0, 5)
World (1920, 540) -> Grid (30, 8)
Enemy: Recalculating path from (0, 5) to (30, 8)
World (32, 352) -> Grid (0, 5)
World (1920, 540) -> Grid (30, 8)
Enemy: Recalculating path from (0, 5) to (30, 8)
World (32, 352) -> Grid (0, 5)
World (1920, 540) -> Grid (30, 8)
Enemy: Recalculating path from (0, 5) to (30, 8)
World (32, 352) -> Grid (0, 5)
World (1920, 540) -> Grid (30, 8)
Enemy: Recalculating path from (0, 5) to (30, 8)
World (32, 352) -> Grid (0, 5)
World (1920, 540) -> Grid (30, 8)
Enemy: Recalculating path from (0, 5) to (30, 8)
World (32, 352) -> Grid (0, 5)
World (1920, 540) -> Grid (30, 8)
Enemy: Recalculating path from (0, 5) to (30, 8)
World (32, 352) -> Grid (0, 5)
World (1920, 540) -> Grid (30, 8)
Enemy: Recalculating path from (0, 5) to (30, 8)
World (32, 352) -> Grid (0, 5)
World (1920, 540) -> Grid (30, 8)
Enemy: Recalculating path from (0, 5) to (30, 8)
World (32, 352) -> Grid (0, 5)
World (1920, 540) -> Grid (30, 8)
Enemy: Recalculating path from (0, 5) to (30, 8)
World (32, 352) -> Grid (0, 5)
World (1920, 540) -> Grid (30, 8)
Enemy: Recalculating path from (0, 5) to (30, 8)
World (32, 352) -> Grid (0, 5)
World (1920, 540) -> Grid (30, 8)
Enemy: Recalculating path from (0, 5) to (30, 8)
World (32, 352) -> Grid (0, 5)
World (1920, 540) -> Grid (30, 8)
Enemy: Recalculating path from (0, 5) to (30, 8)
World (32, 352) -> Grid (0, 5)
World (1920, 540) -> Grid (30, 8)
Enemy: Recalculating path from (0, 5) to (30, 8)
World (32, 352) -> Grid (0, 5)
World (1920, 540) -> Grid (30, 8)
Enemy: Recalculating path from (0, 5) to (30, 8)
World (32, 352) -> Grid (0, 5)
World (1920, 540) -> Grid (30, 8)
Enemy: Recalculating path from (0, 5) to (30, 8)
World (32, 352) -> Grid (0, 5)
World (1920, 540) -> Grid (30, 8)
Enemy: Recalculating path from (0, 5) to (30, 8)
World (32, 352) -> Grid (0, 5)
World (1920, 540) -> Grid (30, 8)
Enemy: Recalculating path from (0, 5) to (30, 8)
World (32, 352) -> Grid (0, 5)
World (1920, 540) -> Grid (30, 8)
Enemy: Recalculating path from (0, 5) to (30, 8)
World (32, 352) -> Grid (0, 5)
World (1920, 540) -> Grid (30, 8)
Enemy: Recalculating path from (0, 5) to (30, 8)
World (32, 352) -> Grid (0, 5)
World (1920, 540) -> Grid (30, 8)
Enemy: Recalculating path from (0, 5) to (30, 8)
World (32, 352) -> Grid (0, 5)
World (1920, 540) -> Grid (30, 8)
Enemy: Recalculating path from (0, 5) to (30, 8)
World (32, 352) -> Grid (0, 5)
World (1920, 540) -> Grid (30, 8)
Enemy: Recalculating path from (0, 5) to (30, 8)
World (32, 352) -> Grid (0, 5)
World (1920, 540) -> Grid (30, 8)
Enemy: Recalculating path from (0, 5) to (30, 8)
World (32, 352) -> Grid (0, 5)
World (1920, 540) -> Grid (30, 8)
Enemy: Recalculating path from (0, 5) to (30, 8)
World (32, 352) -> Grid (0, 5)
World (1920, 540) -> Grid (30, 8)
Enemy: Recalculating path from (0, 5) to (30, 8)
World (32, 352) -> Grid (0, 5)
World (1920, 540) -> Grid (30, 8)
Enemy: Recalculating path from (0, 5) to (30, 8)
World (32, 352) -> Grid (0, 5)
World (1920, 540) -> Grid (30, 8)
Enemy: Recalculating path from (0, 5) to (30, 8)
World (32, 352) -> Grid (0, 5)
World (1920, 540) -> Grid (30, 8)
Enemy: Recalculating path from (0, 5) to (30, 8)
World (32, 352) -> Grid (0, 5)
World (1920, 540) -> Grid (30, 8)
Enemy: Recalculating path from (0, 5) to (30, 8)
World (32, 352) -> Grid (0, 5)
World (1920, 540) -> Grid (30, 8)
Enemy: Recalculating path from (0, 5) to (30, 8)
World (32, 352) -> Grid (0, 5)
World (1920, 540) -> Grid (30, 8)
Enemy: Recalculating path from (0, 5) to (30, 8)
World (32, 352) -> Grid (0, 5)
World (1920, 540) -> Grid (30, 8)
Enemy: Recalculating path from (0, 5) to (30, 8)
World (32, 352) -> Grid (0, 5)
World (1920, 540) -> Grid (30, 8)
Enemy: Recalculating path from (0, 5) to (30, 8)
World (32, 352) -> Grid (0, 5)
World (1920, 540) -> Grid (30, 8)
Enemy: Recalculating path from (0, 5) to (30, 8)
World (32, 352) -> Grid (0, 5)
World (1920, 540) -> Grid (30, 8)
Enemy: Recalculating path from (0, 5) to (30, 8)
World (32, 352) -> Grid (0, 5)
World (1920, 540) -> Grid (30, 8)
Enemy: Recalculating path from (0, 5) to (30, 8)
World (32, 352) -> Grid (0, 5)
World (1920, 540) -> Grid (30, 8)
Enemy: Recalculating path from (0, 5) to (30, 8)
World (32, 352) -> Grid (0, 5)
World (1920, 540) -> Grid (30, 8)
Enemy: Recalculating path from (0, 5) to (30, 8)
World (32, 352) -> Grid (0, 5)
World (1920, 540) -> Grid (30, 8)
Enemy: Recalculating path from (0, 5) to (30, 8)
World (32, 352) -> Grid (0, 5)
World (1920, 540) -> Grid (30, 8)
Enemy: Recalculating path from (0, 5) to (30, 8)
World (32, 352) -> Grid (0, 5)
World (1920, 540) -> Grid (30, 8)
Enemy: Recalculating path from (0, 5) to (30, 8)
Grid (0, 12) -> World (32, 800)
Selected spawn point: grid=(0, 12) world=(32, 800)
Spawned enemy at grid-aligned position: (32, 800)
World (32, 352) -> Grid (0, 5)
World (1920, 540) -> Grid (30, 8)
Enemy: Recalculating path from (0, 5) to (30, 8)
World (32, 352) -> Grid (0, 5)
World (1920, 540) -> Grid (30, 8)
Enemy: Recalculating path from (0, 5) to (30, 8)
World (32, 800) -> Grid (0, 12)
World (1920, 540) -> Grid (30, 8)
Enemy: Recalculating path from (0, 12) to (30, 8)
World (32, 352) -> Grid (0, 5)
World (1920, 540) -> Grid (30, 8)
Enemy: Recalculating path from (0, 5) to (30, 8)
World (32, 800) -> Grid (0, 12)
World (1920, 540) -> Grid (30, 8)
Enemy: Recalculating path from (0, 12) to (30, 8)
World (32, 352) -> Grid (0, 5)
World (1920, 540) -> Grid (30, 8)
Enemy: Recalculating path from (0, 5) to (30, 8)
World (32, 800) -> Grid (0, 12)
World (1920, 540) -> Grid (30, 8)
Enemy: Recalculating path from (0, 12) to (30, 8)
World (32, 352) -> Grid (0, 5)
World (1920, 540) -> Grid (30, 8)
Enemy: Recalculating path from (0, 5) to (30, 8)
World (32, 800) -> Grid (0, 12)
World (1920, 540) -> Grid (30, 8)
Enemy: Recalculating path from (0, 12) to (30, 8)
World (32, 352) -> Grid (0, 5)
World (1920, 540) -> Grid (30, 8)
Enemy: Recalculating path from (0, 5) to (30, 8)
World (32, 800) -> Grid (0, 12)
World (1920, 540) -> Grid (30, 8)
Enemy: Recalculating path from (0, 12) to (30, 8)
World (32, 352) -> Grid (0, 5)
World (1920, 540) -> Grid (30, 8)
Enemy: Recalculating path from (0, 5) to (30, 8)
World (32, 800) -> Grid (0, 12)
World (1920, 540) -> Grid (30, 8)
Enemy: Recalculating path from (0, 12) to (30, 8)
World (32, 352) -> Grid (0, 5)
World (1920, 540) -> Grid (30, 8)
Enemy: Recalculating path from (0, 5) to (30, 8)
World (32, 800) -> Grid (0, 12)
World (1920, 540) -> Grid (30, 8)
Enemy: Recalculating path from (0, 12) to (30, 8)
World (32, 352) -> Grid (0, 5)
World (1920, 540) -> Grid (30, 8)
Enemy: Recalculating path from (0, 5) to (30, 8)
World (32, 800) -> Grid (0, 12)
World (1920, 540) -> Grid (30, 8)
Enemy: Recalculating path from (0, 12) to (30, 8)
World (32, 352) -> Grid (0, 5)
World (1920, 540) -> Grid (30, 8)
Enemy: Recalculating path from (0, 5) to (30, 8)
World (32, 800) -> Grid (0, 12)
World (1920, 540) -> Grid (30, 8)
Enemy: Recalculating path from (0, 12) to (30, 8)
World (32, 352) -> Grid (0, 5)
World (1920, 540) -> Grid (30, 8)
Enemy: Recalculating path from (0, 5) to (30, 8)
World (32, 800) -> Grid (0, 12)
World (1920, 540) -> Grid (30, 8)
Enemy: Recalculating path from (0, 12) to (30, 8)
World (32, 352) -> Grid (0, 5)
World (1920, 540) -> Grid (30, 8)
Enemy: Recalculating path from (0, 5) to (30, 8)
World (32, 800) -> Grid (0, 12)
World (1920, 540) -> Grid (30, 8)
Enemy: Recalculating path from (0, 12) to (30, 8)
World (32, 352) -> Grid (0, 5)
World (1920, 540) -> Grid (30, 8)
Enemy: Recalculating path from (0, 5) to (30, 8)
World (32, 800) -> Grid (0, 12)
World (1920, 540) -> Grid (30, 8)
Enemy: Recalculating path from (0, 12) to (30, 8)
World (32, 352) -> Grid (0, 5)
World (1920, 540) -> Grid (30, 8)
Enemy: Recalculating path from (0, 5) to (30, 8)
World (32, 800) -> Grid (0, 12)
World (1920, 540) -> Grid (30, 8)
Enemy: Recalculating path from (0, 12) to (30, 8)
World (32, 352) -> Grid (0, 5)
World (1920, 540) -> Grid (30, 8)
Enemy: Recalculating path from (0, 5) to (30, 8)
World (32, 800) -> Grid (0, 12)
World (1920, 540) -> Grid (30, 8)
Enemy: Recalculating path from (0, 12) to (30, 8)
World (32, 352) -> Grid (0, 5)
World (1920, 540) -> Grid (30, 8)
Enemy: Recalculating path from (0, 5) to (30, 8)
World (32, 800) -> Grid (0, 12)
World (1920, 540) -> Grid (30, 8)
Enemy: Recalculating path from (0, 12) to (30, 8)
World (32, 352) -> Grid (0, 5)
World (1920, 540) -> Grid (30, 8)
Enemy: Recalculating path from (0, 5) to (30, 8)
World (32, 800) -> Grid (0, 12)
World (1920, 540) -> Grid (30, 8)
Enemy: Recalculating path from (0, 12) to (30, 8)
World (32, 352) -> Grid (0, 5)
World (1920, 540) -> Grid (30, 8)
Enemy: Recalculating path from (0, 5) to (30, 8)
World (32, 800) -> Grid (0, 12)
World (1920, 540) -> Grid (30, 8)
Enemy: Recalculating path from (0, 12) to (30, 8)
World (32, 352) -> Grid (0, 5)
World (1920, 540) -> Grid (30, 8)
Enemy: Recalculating path from (0, 5) to (30, 8)
World (32, 800) -> Grid (0, 12)
World (1920, 540) -> Grid (30, 8)
Enemy: Recalculating path from (0, 12) to (30, 8)
World (32, 352) -> Grid (0, 5)
World (1920, 540) -> Grid (30, 8)
Enemy: Recalculating path from (0, 5) to (30, 8)
World (32, 800) -> Grid (0, 12)
World (1920, 540) -> Grid (30, 8)
Enemy: Recalculating path from (0, 12) to (30, 8)
World (32, 352) -> Grid (0, 5)
World (1920, 540) -> Grid (30, 8)
Enemy: Recalculating path from (0, 5) to (30, 8)
World (32, 800) -> Grid (0, 12)
World (1920, 540) -> Grid (30, 8)
Enemy: Recalculating path from (0, 12) to (30, 8)
World (32, 352) -> Grid (0, 5)
World (1920, 540) -> Grid (30, 8)
Enemy: Recalculating path from (0, 5) to (30, 8)
World (32, 800) -> Grid (0, 12)
World (1920, 540) -> Grid (30, 8)
Enemy: Recalculating path from (0, 12) to (30, 8)
World (32, 352) -> Grid (0, 5)
World (1920, 540) -> Grid (30, 8)
Enemy: Recalculating path from (0, 5) to (30, 8)
World (32, 800) -> Grid (0, 12)
World (1920, 540) -> Grid (30, 8)
Enemy: Recalculating path from (0, 12) to (30, 8)
World (32, 352) -> Grid (0, 5)
World (1920, 540) -> Grid (30, 8)
Enemy: Recalculating path from (0, 5) to (30, 8)
World (32, 800) -> Grid (0, 12)
World (1920, 540) -> Grid (30, 8)
Enemy: Recalculating path from (0, 12) to (30, 8)
World (32, 352) -> Grid (0, 5)
World (1920, 540) -> Grid (30, 8)
Enemy: Recalculating path from (0, 5) to (30, 8)
World (32, 800) -> Grid (0, 12)
World (1920, 540) -> Grid (30, 8)
Enemy: Recalculating path from (0, 12) to (30, 8)
World (32, 352) -> Grid (0, 5)
World (1920, 540) -> Grid (30, 8)
Enemy: Recalculating path from (0, 5) to (30, 8)
World (32, 800) -> Grid (0, 12)
World (1920, 540) -> Grid (30, 8)
Enemy: Recalculating path from (0, 12) to (30, 8)
World (32, 352) -> Grid (0, 5)
World (1920, 540) -> Grid (30, 8)
Enemy: Recalculating path from (0, 5) to (30, 8)
World (32, 800) -> Grid (0, 12)
World (1920, 540) -> Grid (30, 8)
Enemy: Recalculating path from (0, 12) to (30, 8)
World (32, 352) -> Grid (0, 5)
World (1920, 540) -> Grid (30, 8)
Enemy: Recalculating path from (0, 5) to (30, 8)
World (32, 800) -> Grid (0, 12)
World (1920, 540) -> Grid (30, 8)
Enemy: Recalculating path from (0, 12) to (30, 8)
World (32, 352) -> Grid (0, 5)
World (1920, 540) -> Grid (30, 8)
Enemy: Recalculating path from (0, 5) to (30, 8)
World (32, 800) -> Grid (0, 12)
World (1920, 540) -> Grid (30, 8)
Enemy: Recalculating path from (0, 12) to (30, 8)
Grid (0, 19) -> World (32, 1248)
Selected spawn point: grid=(0, 19) world=(32, 1248)
Spawned enemy at grid-aligned position: (32, 1248)
World (32, 352) -> Grid (0, 5)
World (1920, 540) -> Grid (30, 8)
Enemy: Recalculating path from (0, 5) to (30, 8)
World (32, 800) -> Grid (0, 12)
World (1920, 540) -> Grid (30, 8)
Enemy: Recalculating path from (0, 12) to (30, 8)
World (32, 352) -> Grid (0, 5)
World (1920, 540) -> Grid (30, 8)
Enemy: Recalculating path from (0, 5) to (30, 8)
World (32, 800) -> Grid (0, 12)
World (1920, 540) -> Grid (30, 8)
Enemy: Recalculating path from (0, 12) to (30, 8)
World (32, 1248) -> Grid (0, 19)
World (1920, 540) -> Grid (30, 8)
Enemy: Recalculating path from (0, 19) to (30, 8)
World (32, 352) -> Grid (0, 5)
World (1920, 540) -> Grid (30, 8)
Enemy: Recalculating path from (0, 5) to (30, 8)
World (32, 800) -> Grid (0, 12)
World (1920, 540) -> Grid (30, 8)
Enemy: Recalculating path from (0, 12) to (30, 8)
World (32, 1248) -> Grid (0, 19)
World (1920, 540) -> Grid (30, 8)
Enemy: Recalculating path from (0, 19) to (30, 8)
World (32, 352) -> Grid (0, 5)
World (1920, 540) -> Grid (30, 8)
Enemy: Recalculating path from (0, 5) to (30, 8)
World (32, 800) -> Grid (0, 12)
World (1920, 540) -> Grid (30, 8)
Enemy: Recalculating path from (0, 12) to (30, 8)
World (32, 1248) -> Grid (0, 19)
World (1920, 540) -> Grid (30, 8)
Enemy: Recalculating path from (0, 19) to (30, 8)
World (32, 352) -> Grid (0, 5)
World (1920, 540) -> Grid (30, 8)
Enemy: Recalculating path from (0, 5) to (30, 8)
World (32, 800) -> Grid (0, 12)
World (1920, 540) -> Grid (30, 8)
Enemy: Recalculating path from (0, 12) to (30, 8)
World (32, 1248) -> Grid (0, 19)
World (1920, 540) -> Grid (30, 8)
Enemy: Recalculating path from (0, 19) to (30, 8)
World (32, 352) -> Grid (0, 5)
World (1920, 540) -> Grid (30, 8)
Enemy: Recalculating path from (0, 5) to (30, 8)
World (32, 800) -> Grid (0, 12)
World (1920, 540) -> Grid (30, 8)
Enemy: Recalculating path from (0, 12) to (30, 8)
World (32, 1248) -> Grid (0, 19)
World (1920, 540) -> Grid (30, 8)
Enemy: Recalculating path from (0, 19) to (30, 8)
World (32, 352) -> Grid (0, 5)
World (1920, 540) -> Grid (30, 8)
Enemy: Recalculating path from (0, 5) to (30, 8)
World (32, 800) -> Grid (0, 12)
World (1920, 540) -> Grid (30, 8)
Enemy: Recalculating path from (0, 12) to (30, 8)
World (32, 1248) -> Grid (0, 19)
World (1920, 540) -> Grid (30, 8)
Enemy: Recalculating path from (0, 19) to (30, 8)
World (32, 352) -> Grid (0, 5)
World (1920, 540) -> Grid (30, 8)
Enemy: Recalculating path from (0, 5) to (30, 8)
World (32, 800) -> Grid (0, 12)
World (1920, 540) -> Grid (30, 8)
Enemy: Recalculating path from (0, 12) to (30, 8)
World (32, 1248) -> Grid (0, 19)
World (1920, 540) -> Grid (30, 8)
Enemy: Recalculating path from (0, 19) to (30, 8)
World (32, 352) -> Grid (0, 5)
World (1920, 540) -> Grid (30, 8)
Enemy: Recalculating path from (0, 5) to (30, 8)
World (32, 800) -> Grid (0, 12)
World (1920, 540) -> Grid (30, 8)
Enemy: Recalculating path from (0, 12) to (30, 8)
World (32, 1248) -> Grid (0, 19)
World (1920, 540) -> Grid (30, 8)
Enemy: Recalculating path from (0, 19) to (30, 8)
World (32, 352) -> Grid (0, 5)
World (1920, 540) -> Grid (30, 8)
Enemy: Recalculating path from (0, 5) to (30, 8)
World (32, 800) -> Grid (0, 12)
World (1920, 540) -> Grid (30, 8)
Enemy: Recalculating path from (0, 12) to (30, 8)
World (32, 1248) -> Grid (0, 19)
World (1920, 540) -> Grid (30, 8)
Enemy: Recalculating path from (0, 19) to (30, 8)
World (32, 352) -> Grid (0, 5)
World (1920, 540) -> Grid (30, 8)
Enemy: Recalculating path from (0, 5) to (30, 8)
World (32, 800) -> Grid (0, 12)
World (1920, 540) -> Grid (30, 8)
Enemy: Recalculating path from (0, 12) to (30, 8)
World (32, 1248) -> Grid (0, 19)
World (1920, 540) -> Grid (30, 8)
Enemy: Recalculating path from (0, 19) to (30, 8)
World (32, 352) -> Grid (0, 5)
World (1920, 540) -> Grid (30, 8)
Enemy: Recalculating path from (0, 5) to (30, 8)
World (32, 800) -> Grid (0, 12)
World (1920, 540) -> Grid (30, 8)
Enemy: Recalculating path from (0, 12) to (30, 8)
World (32, 1248) -> Grid (0, 19)
World (1920, 540) -> Grid (30, 8)
Enemy: Recalculating path from (0, 19) to (30, 8)
World (32, 352) -> Grid (0, 5)
World (1920, 540) -> Grid (30, 8)
Enemy: Recalculating path from (0, 5) to (30, 8)
World (32, 800) -> Grid (0, 12)
World (1920, 540) -> Grid (30, 8)
Enemy: Recalculating path from (0, 12) to (30, 8)
World (32, 1248) -> Grid (0, 19)
World (1920, 540) -> Grid (30, 8)
Enemy: Recalculating path from (0, 19) to (30, 8)
World (32, 352) -> Grid (0, 5)
World (1920, 540) -> Grid (30, 8)
Enemy: Recalculating path from (0, 5) to (30, 8)
World (32, 800) -> Grid (0, 12)
World (1920, 540) -> Grid (30, 8)
Enemy: Recalculating path from (0, 12) to (30, 8)
World (32, 1248) -> Grid (0, 19)
World (1920, 540) -> Grid (30, 8)
Enemy: Recalculating path from (0, 19) to (30, 8)
World (32, 352) -> Grid (0, 5)
World (1920, 540) -> Grid (30, 8)
Enemy: Recalculating path from (0, 5) to (30, 8)
World (32, 800) -> Grid (0, 12)
World (1920, 540) -> Grid (30, 8)
Enemy: Recalculating path from (0, 12) to (30, 8)
World (32, 1248) -> Grid (0, 19)
World (1920, 540) -> Grid (30, 8)
Enemy: Recalculating path from (0, 19) to (30, 8)
World (32, 352) -> Grid (0, 5)
World (1920, 540) -> Grid (30, 8)
Enemy: Recalculating path from (0, 5) to (30, 8)
World (32, 800) -> Grid (0, 12)
World (1920, 540) -> Grid (30, 8)
Enemy: Recalculating path from (0, 12) to (30, 8)
World (32, 1248) -> Grid (0, 19)
World (1920, 540) -> Grid (30, 8)
Enemy: Recalculating path from (0, 19) to (30, 8)
World (32, 352) -> Grid (0, 5)
World (1920, 540) -> Grid (30, 8)
Enemy: Recalculating path from (0, 5) to (30, 8)
World (32, 800) -> Grid (0, 12)
World (1920, 540) -> Grid (30, 8)
Enemy: Recalculating path from (0, 12) to (30, 8)
World (32, 1248) -> Grid (0, 19)
World (1920, 540) -> Grid (30, 8)
Enemy: Recalculating path from (0, 19) to (30, 8)
World (32, 352) -> Grid (0, 5)
World (1920, 540) -> Grid (30, 8)
Enemy: Recalculating path from (0, 5) to (30, 8)
World (32, 800) -> Grid (0, 12)
World (1920, 540) -> Grid (30, 8)
Enemy: Recalculating path from (0, 12) to (30, 8)
World (32, 1248) -> Grid (0, 19)
World (1920, 540) -> Grid (30, 8)
Enemy: Recalculating path from (0, 19) to (30, 8)
World (32, 352) -> Grid (0, 5)
World (1920, 540) -> Grid (30, 8)
Enemy: Recalculating path from (0, 5) to (30, 8)
World (32, 800) -> Grid (0, 12)
World (1920, 540) -> Grid (30, 8)
Enemy: Recalculating path from (0, 12) to (30, 8)
World (32, 1248) -> Grid (0, 19)
World (1920, 540) -> Grid (30, 8)
Enemy: Recalculating path from (0, 19) to (30, 8)
World (32, 352) -> Grid (0, 5)
World (1920, 540) -> Grid (30, 8)
Enemy: Recalculating path from (0, 5) to (30, 8)
World (32, 800) -> Grid (0, 12)
World (1920, 540) -> Grid (30, 8)
Enemy: Recalculating path from (0, 12) to (30, 8)
World (32, 1248) -> Grid (0, 19)
World (1920, 540) -> Grid (30, 8)
Enemy: Recalculating path from (0, 19) to (30, 8)
Grid (0, 11) -> World (32, 736)
Selected spawn point: grid=(0, 11) world=(32, 736)
Spawned enemy at grid-aligned position: (32, 736)
World (32, 352) -> Grid (0, 5)
World (1920, 540) -> Grid (30, 8)
Enemy: Recalculating path from (0, 5) to (30, 8)
World (32, 800) -> Grid (0, 12)
World (1920, 540) -> Grid (30, 8)
Enemy: Recalculating path from (0, 12) to (30, 8)
World (32, 1248) -> Grid (0, 19)
World (1920, 540) -> Grid (30, 8)
Enemy: Recalculating path from (0, 19) to (30, 8)
World (32, 352) -> Grid (0, 5)
World (1920, 540) -> Grid (30, 8)
Enemy: Recalculating path from (0, 5) to (30, 8)
World (32, 800) -> Grid (0, 12)
World (1920, 540) -> Grid (30, 8)
Enemy: Recalculating path from (0, 12) to (30, 8)
World (32, 1248) -> Grid (0, 19)
World (1920, 540) -> Grid (30, 8)
Enemy: Recalculating path from (0, 19) to (30, 8)
World (32, 736) -> Grid (0, 11)
World (1920, 540) -> Grid (30, 8)
Enemy: Recalculating path from (0, 11) to (30, 8)
World (32, 352) -> Grid (0, 5)
World (1920, 540) -> Grid (30, 8)
Enemy: Recalculating path from (0, 5) to (30, 8)
World (32, 800) -> Grid (0, 12)
World (1920, 540) -> Grid (30, 8)
Enemy: Recalculating path from (0, 12) to (30, 8)
World (32, 1248) -> Grid (0, 19)
World (1920, 540) -> Grid (30, 8)
Enemy: Recalculating path from (0, 19) to (30, 8)
World (32, 736) -> Grid (0, 11)
World (1920, 540) -> Grid (30, 8)
Enemy: Recalculating path from (0, 11) to (30, 8)
World (32, 352) -> Grid (0, 5)
World (1920, 540) -> Grid (30, 8)
Enemy: Recalculating path from (0, 5) to (30, 8)
World (32, 800) -> Grid (0, 12)
World (1920, 540) -> Grid (30, 8)
Enemy: Recalculating path from (0, 12) to (30, 8)
World (32, 1248) -> Grid (0, 19)
World (1920, 540) -> Grid (30, 8)
Enemy: Recalculating path from (0, 19) to (30, 8)
World (32, 736) -> Grid (0, 11)
World (1920, 540) -> Grid (30, 8)
Enemy: Recalculating path from (0, 11) to (30, 8)
World (32, 352) -> Grid (0, 5)
World (1920, 540) -> Grid (30, 8)
Enemy: Recalculating path from (0, 5) to (30, 8)
World (32, 800) -> Grid (0, 12)
World (1920, 540) -> Grid (30, 8)
Enemy: Recalculating path from (0, 12) to (30, 8)
World (32, 1248) -> Grid (0, 19)
World (1920, 540) -> Grid (30, 8)
Enemy: Recalculating path from (0, 19) to (30, 8)
World (32, 736) -> Grid (0, 11)
World (1920, 540) -> Grid (30, 8)
Enemy: Recalculating path from (0, 11) to (30, 8)
World (32, 352) -> Grid (0, 5)
World (1920, 540) -> Grid (30, 8)
Enemy: Recalculating path from (0, 5) to (30, 8)
World (32, 800) -> Grid (0, 12)
World (1920, 540) -> Grid (30, 8)
Enemy: Recalculating path from (0, 12) to (30, 8)
World (32, 1248) -> Grid (0, 19)
World (1920, 540) -> Grid (30, 8)
Enemy: Recalculating path from (0, 19) to (30, 8)
World (32, 736) -> Grid (0, 11)
World (1920, 540) -> Grid (30, 8)
Enemy: Recalculating path from (0, 11) to (30, 8)
TestMap: Input event received: InputEventKey: keycode=4194339 (F8), mods=none, physical=false, pressed=true, echo=false
World (32, 352) -> Grid (0, 5)
World (1920, 540) -> Grid (30, 8)
Enemy: Recalculating path from (0, 5) to (30, 8)
World (32, 800) -> Grid (0, 12)
World (1920, 540) -> Grid (30, 8)
Enemy: Recalculating path from (0, 12) to (30, 8)
World (32, 1248) -> Grid (0, 19)
World (1920, 540) -> Grid (30, 8)
Enemy: Recalculating path from (0, 19) to (30, 8)
World (32, 736) -> Grid (0, 11)
World (1920, 540) -> Grid (30, 8)
Enemy: Recalculating path from (0, 11) to (30, 8)
