Godot Engine v4.2.1.stable.official.b09f793f5 - https://godotengine.org
Vulkan API 1.3.292 - Forward+ - Using Vulkan Device #0: AMD - AMD Radeon RX 7800 XT
 
Grid: Ready called
Added spawn point at grid position: (0, 2)
Added spawn point at grid position: (0, 3)
Added spawn point at grid position: (0, 4)
Added spawn point at grid position: (0, 5)
Added spawn point at grid position: (0, 6)
Added spawn point at grid position: (0, 7)
Added spawn point at grid position: (0, 8)
Added spawn point at grid position: (0, 9)
Added spawn point at grid position: (0, 10)
Added spawn point at grid position: (0, 11)
Added spawn point at grid position: (0, 12)
Added spawn point at grid position: (0, 13)
Added spawn point at grid position: (0, 14)
Added spawn point at grid position: (0, 15)
Added spawn point at grid position: (0, 16)
Added spawn point at grid position: (0, 17)
Added spawn point at grid position: (0, 18)
Added spawn point at grid position: (0, 19)
Attackable: Ready called
Flag: Initializing...
Flag: Setting up Attackable component...
Attackable: Initializing with health: 100
Attackable: Initialization complete. Current health: 100
Flag: Attackable component initialized with health: 100
Flag: Health bar found and initialized
Flag: Health changed - Current: 100 Maximum: 100
USER WARNING: Nodes with non-equal opposite anchors will have their size overridden after _ready(). 
If you want to set size, change the anchors or consider using set_deferred().
   at: _set_size (scene/gui/control.cpp:1440)
Flag: Health bar width updated to: 64
Flag: Health bar updated - Size: (64, 8) Color: (0, 1, 0, 1)
TestMap: Ready called
TestMap: Connecting UI signals
TestMap: Mouse button event - button_index: 1 pressed: true
TestMap: Left click detected - attempting tower placement

Tower Placement Debug:
Viewport Mouse Position: (960.5, 304.5)
World Position: (1511.216, 576.3137)
Selected Tower Type: 0
Current Gold: 1000
Tower Cost: 50
Grid Position: (23, 9)
Placing tower...
Attackable: Ready called
Attackable: Initializing with health: 200
Attackable: Initialization complete. Current health: 200
TestMap: Mouse button event - button_index: 1 pressed: false
TestMap: Mouse button event - button_index: 2 pressed: true
TestMap: Right click detected - attempting wall placement

Wall Placement Debug:
Viewport Mouse Position: (862.5, 298)
World Position: (1285.752, 561.3595)
Grid Position: (20, 8)
Placing wall...
Attackable: Ready called
Attackable: Initializing with health: 1000
Attackable: Initialization complete. Current health: 1000
Wall initialized with health: 1000
TestMap: Mouse button event - button_index: 2 pressed: false
TestMap: Mouse button event - button_index: 2 pressed: true
TestMap: Right click detected - attempting wall placement

Wall Placement Debug:
Viewport Mouse Position: (863, 321.5)
World Position: (1286.902, 615.4248)
Grid Position: (20, 9)
Placing wall...
Attackable: Ready called
Attackable: Initializing with health: 1000
Attackable: Initialization complete. Current health: 1000
Wall initialized with health: 1000
TestMap: Mouse button event - button_index: 2 pressed: false
TestMap: Mouse button event - button_index: 2 pressed: true
TestMap: Right click detected - attempting wall placement

Wall Placement Debug:
Viewport Mouse Position: (870, 349.5)
World Position: (1303.007, 679.8431)
Grid Position: (20, 10)
Placing wall...
Attackable: Ready called
Attackable: Initializing with health: 1000
Attackable: Initialization complete. Current health: 1000
Wall initialized with health: 1000
TestMap: Mouse button event - button_index: 2 pressed: false
TestMap: Mouse click on UI element, ignoring placement
TestMap: Mouse click on UI element, ignoring placement
TestMap: Start Wave button pressed
TestMap: Starting wave...
TestMap: Mouse button event - button_index: 2 pressed: true
TestMap: Right click detected - attempting wall placement

Wall Placement Debug:
Viewport Mouse Position: (1094, 387)
World Position: (1818.353, 766.1177)
Grid Position: (28, 11)
Placing wall...
Attackable: Ready called
Attackable: Initializing with health: 1000
Attackable: Initialization complete. Current health: 1000
Wall initialized with health: 1000
TestMap: Mouse button event - button_index: 2 pressed: false
Flag: Taking damage: 20
Flag: Forwarding damage to attackable component
Attackable: Taking damage: 20 Current health: 100
Attackable: After damage - Health: 80/100
Flag: Damage taken - Amount: 20 Current Health: 80
Flag: Health changed - Current: 80 Maximum: 100
Flag: Health bar width updated to: 51.2
Flag: Health bar updated - Size: (51.2, 8) Color: (0, 1, 0, 1)
Flag: Actual damage taken: 20
TestMap: Mouse button event - button_index: 1 pressed: true
TestMap: Left click detected - attempting tower placement

Tower Placement Debug:
Viewport Mouse Position: (1083.5, 343)
World Position: (1794.196, 664.8889)
Selected Tower Type: 0
Current Gold: 870
Tower Cost: 50
Grid Position: (28, 10)
Placing tower...
Attackable: Ready called
Attackable: Initializing with health: 200
Attackable: Initialization complete. Current health: 200
TestMap: Mouse button event - button_index: 1 pressed: false
Flag: Taking damage: 20
Flag: Forwarding damage to attackable component
Attackable: Taking damage: 20 Current health: 80
Attackable: After damage - Health: 60/100
Flag: Damage taken - Amount: 20 Current Health: 60
Flag: Health changed - Current: 60 Maximum: 100
Flag: Health bar width updated to: 38.4
Flag: Health bar updated - Size: (38.4, 8) Color: (1, 1, 0, 1)
Flag: Actual damage taken: 20
Flag: Taking damage: 20
Flag: Forwarding damage to attackable component
Attackable: Taking damage: 20 Current health: 60
Attackable: After damage - Health: 40/100
Flag: Damage taken - Amount: 20 Current Health: 40
Flag: Health changed - Current: 40 Maximum: 100
Flag: Health bar width updated to: 25.6
Flag: Health bar updated - Size: (25.6, 8) Color: (1, 1, 0, 1)
Flag: Actual damage taken: 20
Flag: Taking damage: 20
Flag: Forwarding damage to attackable component
Attackable: Taking damage: 20 Current health: 40
Attackable: After damage - Health: 20/100
Flag: Damage taken - Amount: 20 Current Health: 20
Flag: Health changed - Current: 20 Maximum: 100
Flag: Health bar width updated to: 12.8
Flag: Health bar updated - Size: (12.8, 8) Color: (1, 0, 0, 1)
Flag: Actual damage taken: 20
Flag: Taking damage: 20
Flag: Forwarding damage to attackable component
Attackable: Taking damage: 20 Current health: 20
Attackable: After damage - Health: 0/100
Flag: Damage taken - Amount: 20 Current Health: 0
Flag: Health changed - Current: 0 Maximum: 100
Flag: Health bar width updated to: 0
Flag: Health bar updated - Size: (0, 8) Color: (1, 0, 0, 1)
Attackable: Health depleted, handling destruction
Attackable: Emitting destroyed signal
Flag: Destroyed!
Game Over screen shown
Flag: Actual damage taken: 20
Restart button pressed
Grid: Ready called
Added spawn point at grid position: (0, 2)
Added spawn point at grid position: (0, 3)
Added spawn point at grid position: (0, 4)
Added spawn point at grid position: (0, 5)
Added spawn point at grid position: (0, 6)
Added spawn point at grid position: (0, 7)
Added spawn point at grid position: (0, 8)
Added spawn point at grid position: (0, 9)
Added spawn point at grid position: (0, 10)
Added spawn point at grid position: (0, 11)
Added spawn point at grid position: (0, 12)
Added spawn point at grid position: (0, 13)
Added spawn point at grid position: (0, 14)
Added spawn point at grid position: (0, 15)
Added spawn point at grid position: (0, 16)
Added spawn point at grid position: (0, 17)
Added spawn point at grid position: (0, 18)
Added spawn point at grid position: (0, 19)
Attackable: Ready called
Flag: Initializing...
Flag: Setting up Attackable component...
Attackable: Initializing with health: 100
Attackable: Initialization complete. Current health: 100
Flag: Attackable component initialized with health: 100
Flag: Health bar found and initialized
Flag: Health changed - Current: 100 Maximum: 100
USER WARNING: Nodes with non-equal opposite anchors will have their size overridden after _ready(). 
If you want to set size, change the anchors or consider using set_deferred().
   at: _set_size (scene/gui/control.cpp:1440)
Flag: Health bar width updated to: 64
Flag: Health bar updated - Size: (64, 8) Color: (0, 1, 0, 1)
TestMap: Ready called
TestMap: Connecting UI signals
TestMap: Mouse button event - button_index: 2 pressed: true
TestMap: Right click detected - attempting wall placement

Wall Placement Debug:
Viewport Mouse Position: (929, 291.5)
World Position: (1438.745, 546.4052)
Grid Position: (22, 8)
Placing wall...
Attackable: Ready called
Attackable: Initializing with health: 1000
Attackable: Initialization complete. Current health: 1000
Wall initialized with health: 1000
TestMap: Mouse button event - button_index: 2 pressed: false
TestMap: Mouse button event - button_index: 2 pressed: true
TestMap: Right click detected - attempting wall placement

Wall Placement Debug:
Viewport Mouse Position: (925, 315.5)
World Position: (1429.542, 601.6209)
Grid Position: (22, 9)
Placing wall...
Attackable: Ready called
Attackable: Initializing with health: 1000
Attackable: Initialization complete. Current health: 1000
Wall initialized with health: 1000
TestMap: Mouse button event - button_index: 2 pressed: false
TestMap: Mouse button event - button_index: 2 pressed: true
TestMap: Right click detected - attempting wall placement

Wall Placement Debug:
Viewport Mouse Position: (933.5, 263.5)
World Position: (1449.098, 481.9869)
Grid Position: (22, 7)
Placing wall...
Attackable: Ready called
Attackable: Initializing with health: 1000
Attackable: Initialization complete. Current health: 1000
Wall initialized with health: 1000
TestMap: Mouse button event - button_index: 2 pressed: false
TestMap: Mouse button event - button_index: 2 pressed: true
TestMap: Right click detected - attempting wall placement

Wall Placement Debug:
Viewport Mouse Position: (963.5, 267)
World Position: (1518.118, 490.0392)
Grid Position: (23, 7)
Placing wall...
Attackable: Ready called
Attackable: Initializing with health: 1000
Attackable: Initialization complete. Current health: 1000
Wall initialized with health: 1000
TestMap: Mouse button event - button_index: 2 pressed: false
TestMap: Mouse button event - button_index: 2 pressed: true
TestMap: Right click detected - attempting wall placement

Wall Placement Debug:
Viewport Mouse Position: (993, 251.5)
World Position: (1585.987, 454.3791)
Grid Position: (24, 7)
Placing wall...
Attackable: Ready called
Attackable: Initializing with health: 1000
Attackable: Initialization complete. Current health: 1000
Wall initialized with health: 1000
TestMap: Mouse button event - button_index: 2 pressed: false
TestMap: Mouse button event - button_index: 2 pressed: true
TestMap: Right click detected - attempting wall placement

Wall Placement Debug:
Viewport Mouse Position: (1008, 242.5)
World Position: (1620.497, 433.6732)
Grid Position: (25, 6)
Placing wall...
Attackable: Ready called
Attackable: Initializing with health: 1000
Attackable: Initialization complete. Current health: 1000
Wall initialized with health: 1000
TestMap: Mouse button event - button_index: 2 pressed: false
TestMap: Mouse button event - button_index: 2 pressed: true
TestMap: Right click detected - attempting wall placement

Wall Placement Debug:
Viewport Mouse Position: (1026.5, 215)
World Position: (1663.059, 370.4052)
Grid Position: (25, 5)
Placing wall...
Attackable: Ready called
Attackable: Initializing with health: 1000
Attackable: Initialization complete. Current health: 1000
Wall initialized with health: 1000
TestMap: Mouse button event - button_index: 2 pressed: false
TestMap: Mouse click on UI element, ignoring placement
TestMap: Mouse click on UI element, ignoring placement
TestMap: Start Wave button pressed
TestMap: Starting wave...
TestMap: Mouse button event - button_index: 1 pressed: true
TestMap: Left click detected - attempting tower placement

Tower Placement Debug:
Viewport Mouse Position: (1031.5, 180.5)
World Position: (1674.562, 291.0327)
Selected Tower Type: 0
Current Gold: 860
Tower Cost: 50
Grid Position: (26, 4)
Placing tower...
Attackable: Ready called
Attackable: Initializing with health: 200
Attackable: Initialization complete. Current health: 200
TestMap: Mouse button event - button_index: 1 pressed: false
Wall taking damage: 20
Attackable: Taking damage: 20 Current health: 1000
Attackable: After damage - Health: 980/1000
Wall health changed: 980/1000
Wall taking damage: 20
Attackable: Taking damage: 20 Current health: 980
Attackable: After damage - Health: 960/1000
Wall health changed: 960/1000
Wall taking damage: 20
Attackable: Taking damage: 20 Current health: 960
Attackable: After damage - Health: 940/1000
Wall health changed: 940/1000
Wall taking damage: 20
Attackable: Taking damage: 20 Current health: 940
Attackable: After damage - Health: 920/1000
Wall health changed: 920/1000
Wall taking damage: 20
Attackable: Taking damage: 20 Current health: 920
Attackable: After damage - Health: 900/1000
Wall health changed: 900/1000
Wall taking damage: 20
Attackable: Taking damage: 20 Current health: 900
Attackable: After damage - Health: 880/1000
Wall health changed: 880/1000
Wall taking damage: 20
Attackable: Taking damage: 20 Current health: 880
Attackable: After damage - Health: 860/1000
Wall health changed: 860/1000
Wall taking damage: 20
Attackable: Taking damage: 20 Current health: 860
Attackable: After damage - Health: 840/1000
Wall health changed: 840/1000
Wall taking damage: 20
Attackable: Taking damage: 20 Current health: 840
Attackable: After damage - Health: 820/1000
Wall health changed: 820/1000
Wall taking damage: 20
Attackable: Taking damage: 20 Current health: 820
Attackable: After damage - Health: 800/1000
Wall health changed: 800/1000
Wall taking damage: 20
Attackable: Taking damage: 20 Current health: 800
Attackable: After damage - Health: 780/1000
Wall health changed: 780/1000
Wall taking damage: 20
Attackable: Taking damage: 20 Current health: 780
Attackable: After damage - Health: 760/1000
Wall health changed: 760/1000
Flag: Taking damage: 20
Flag: Forwarding damage to attackable component
Attackable: Taking damage: 20 Current health: 100
Attackable: After damage - Health: 80/100
Flag: Damage taken - Amount: 20 Current Health: 80
Flag: Health changed - Current: 80 Maximum: 100
Flag: Health bar width updated to: 51.2
Flag: Health bar updated - Size: (51.2, 8) Color: (0, 1, 0, 1)
Flag: Actual damage taken: 20
Wall taking damage: 20
Attackable: Taking damage: 20 Current health: 760
Attackable: After damage - Health: 740/1000
Wall health changed: 740/1000
Flag: Taking damage: 20
Flag: Forwarding damage to attackable component
Attackable: Taking damage: 20 Current health: 80
Attackable: After damage - Health: 60/100
Flag: Damage taken - Amount: 20 Current Health: 60
Flag: Health changed - Current: 60 Maximum: 100
Flag: Health bar width updated to: 38.4
Flag: Health bar updated - Size: (38.4, 8) Color: (1, 1, 0, 1)
Flag: Actual damage taken: 20
Wall taking damage: 20
Attackable: Taking damage: 20 Current health: 740
Attackable: After damage - Health: 720/1000
Wall health changed: 720/1000
Flag: Taking damage: 20
Flag: Forwarding damage to attackable component
Attackable: Taking damage: 20 Current health: 60
Attackable: After damage - Health: 40/100
Flag: Damage taken - Amount: 20 Current Health: 40
Flag: Health changed - Current: 40 Maximum: 100
Flag: Health bar width updated to: 25.6
Flag: Health bar updated - Size: (25.6, 8) Color: (1, 1, 0, 1)
Flag: Actual damage taken: 20
Wall taking damage: 20
Attackable: Taking damage: 20 Current health: 720
Attackable: After damage - Health: 700/1000
Wall health changed: 700/1000
Flag: Taking damage: 20
Flag: Forwarding damage to attackable component
Attackable: Taking damage: 20 Current health: 40
Attackable: After damage - Health: 20/100
Flag: Damage taken - Amount: 20 Current Health: 20
Flag: Health changed - Current: 20 Maximum: 100
Flag: Health bar width updated to: 12.8
Flag: Health bar updated - Size: (12.8, 8) Color: (1, 0, 0, 1)
Flag: Actual damage taken: 20
Wall taking damage: 20
Attackable: Taking damage: 20 Current health: 700
Attackable: After damage - Health: 680/1000
Wall health changed: 680/1000
Flag: Taking damage: 20
Flag: Forwarding damage to attackable component
Attackable: Taking damage: 20 Current health: 20
Attackable: After damage - Health: 0/100
Flag: Damage taken - Amount: 20 Current Health: 0
Flag: Health changed - Current: 0 Maximum: 100
Flag: Health bar width updated to: 0
Flag: Health bar updated - Size: (0, 8) Color: (1, 0, 0, 1)
Attackable: Health depleted, handling destruction
Attackable: Emitting destroyed signal
Flag: Destroyed!
Game Over screen shown
Flag: Actual damage taken: 20
