Godot Engine v4.2.1.stable.official.b09f793f5 - https://godotengine.org
Vulkan API 1.3.292 - Forward+ - Using Vulkan Device #0: AMD - AMD Radeon RX 7800 XT
 
Grid: Ready called
Flag: Initializing...
Flag: Setting up Attackable component...
Flag: Attackable component initialized with health: 100
Flag: Health bar found and initialized
Flag: Health changed - Current: 100 Maximum: 100
USER WARNING: Nodes with non-equal opposite anchors will have their size overridden after _ready(). 
If you want to set size, change the anchors or consider using set_deferred().
   at: _set_size (scene/gui/control.cpp:1440)
Flag: Health bar width updated to: 64
Flag: Health bar updated - Size: (64, 8) Color: (0, 1, 0, 1)
Calculated target position: (1920, 540)
Distance to flag: 1919, ATTACK_RANGE: 40
Distance to flag: 1918, ATTACK_RANGE: 40
Distance to flag: 1917, ATTACK_RANGE: 40
Distance to flag: 2016, ATTACK_RANGE: 40
Calculated target position: (1920, 540)
Calculated target position: (1920, 540)
Distance to flag: 1808, ATTACK_RANGE: 40
Distance to flag: 1912, ATTACK_RANGE: 40
Distance to flag: 1869, ATTACK_RANGE: 40
Distance to flag: 1806, ATTACK_RANGE: 40
Distance to flag: 1910, ATTACK_RANGE: 40
Distance to flag: 1867, ATTACK_RANGE: 40
Distance to flag: 1805, ATTACK_RANGE: 40
Distance to flag: 1909, ATTACK_RANGE: 40
Distance to flag: 1865, ATTACK_RANGE: 40
Calculated target position: (1920, 540)
Distance to flag: 1682, ATTACK_RANGE: 40
Distance to flag: 1794, ATTACK_RANGE: 40
Distance to flag: 1722, ATTACK_RANGE: 40
Distance to flag: 1797, ATTACK_RANGE: 40
Distance to flag: 1681, ATTACK_RANGE: 40
Distance to flag: 1793, ATTACK_RANGE: 40
Distance to flag: 1720, ATTACK_RANGE: 40
Distance to flag: 1795, ATTACK_RANGE: 40
Distance to flag: 1679, ATTACK_RANGE: 40
Distance to flag: 1791, ATTACK_RANGE: 40
Distance to flag: 1719, ATTACK_RANGE: 40
Distance to flag: 1794, ATTACK_RANGE: 40
Distance to flag: 1892, ATTACK_RANGE: 40
Calculated target position: (1920, 540)
Calculated target position: (1920, 540)
Distance to flag: 1586, ATTACK_RANGE: 40
Distance to flag: 1680, ATTACK_RANGE: 40
Distance to flag: 1589, ATTACK_RANGE: 40
Distance to flag: 1687, ATTACK_RANGE: 40
Distance to flag: 1763, ATTACK_RANGE: 40
Distance to flag: 1881, ATTACK_RANGE: 40
Distance to flag: 1586, ATTACK_RANGE: 40
Distance to flag: 1679, ATTACK_RANGE: 40
Distance to flag: 1588, ATTACK_RANGE: 40
Distance to flag: 1686, ATTACK_RANGE: 40
Distance to flag: 1762, ATTACK_RANGE: 40
Distance to flag: 1879, ATTACK_RANGE: 40
Distance to flag: 1585, ATTACK_RANGE: 40
Distance to flag: 1678, ATTACK_RANGE: 40
Distance to flag: 1586, ATTACK_RANGE: 40
Distance to flag: 1685, ATTACK_RANGE: 40
Distance to flag: 1760, ATTACK_RANGE: 40
Distance to flag: 1877, ATTACK_RANGE: 40
Calculated target position: (1920, 540)
Distance to flag: 1569, ATTACK_RANGE: 40
Distance to flag: 1614, ATTACK_RANGE: 40
Distance to flag: 1467, ATTACK_RANGE: 40
Distance to flag: 1599, ATTACK_RANGE: 40
Distance to flag: 1656, ATTACK_RANGE: 40
Distance to flag: 1733, ATTACK_RANGE: 40
Distance to flag: 1827, ATTACK_RANGE: 40
Distance to flag: 1569, ATTACK_RANGE: 40
Distance to flag: 1614, ATTACK_RANGE: 40
Distance to flag: 1465, ATTACK_RANGE: 40
Distance to flag: 1598, ATTACK_RANGE: 40
Distance to flag: 1654, ATTACK_RANGE: 40
Distance to flag: 1731, ATTACK_RANGE: 40
Distance to flag: 1826, ATTACK_RANGE: 40
Distance to flag: 1569, ATTACK_RANGE: 40
Distance to flag: 1613, ATTACK_RANGE: 40
Distance to flag: 1464, ATTACK_RANGE: 40
Distance to flag: 1597, ATTACK_RANGE: 40
Distance to flag: 1653, ATTACK_RANGE: 40
Distance to flag: 1729, ATTACK_RANGE: 40
Distance to flag: 1824, ATTACK_RANGE: 40
Distance to flag: 1905, ATTACK_RANGE: 40
Calculated target position: (1920, 540)
Calculated target position: (1920, 540)
Distance to flag: 1570, ATTACK_RANGE: 40
Distance to flag: 1583, ATTACK_RANGE: 40
Distance to flag: 1389, ATTACK_RANGE: 40
Distance to flag: 1489, ATTACK_RANGE: 40
Distance to flag: 1568, ATTACK_RANGE: 40
Distance to flag: 1589, ATTACK_RANGE: 40
Distance to flag: 1720, ATTACK_RANGE: 40
Distance to flag: 1824, ATTACK_RANGE: 40
Distance to flag: 1853, ATTACK_RANGE: 40
Distance to flag: 1570, ATTACK_RANGE: 40
Distance to flag: 1583, ATTACK_RANGE: 40
Distance to flag: 1389, ATTACK_RANGE: 40
Distance to flag: 1488, ATTACK_RANGE: 40
Distance to flag: 1567, ATTACK_RANGE: 40
Distance to flag: 1588, ATTACK_RANGE: 40
Distance to flag: 1719, ATTACK_RANGE: 40
Distance to flag: 1822, ATTACK_RANGE: 40
Distance to flag: 1852, ATTACK_RANGE: 40
Distance to flag: 1570, ATTACK_RANGE: 40
Distance to flag: 1583, ATTACK_RANGE: 40
Distance to flag: 1389, ATTACK_RANGE: 40
Distance to flag: 1486, ATTACK_RANGE: 40
Distance to flag: 1567, ATTACK_RANGE: 40
Distance to flag: 1586, ATTACK_RANGE: 40
Distance to flag: 1717, ATTACK_RANGE: 40
Distance to flag: 1821, ATTACK_RANGE: 40
Distance to flag: 1850, ATTACK_RANGE: 40
Calculated target position: (1920, 540)
Distance to flag: 1584, ATTACK_RANGE: 40
Distance to flag: 1577, ATTACK_RANGE: 40
Distance to flag: 1376, ATTACK_RANGE: 40
Distance to flag: 1394, ATTACK_RANGE: 40
Distance to flag: 1548, ATTACK_RANGE: 40
Distance to flag: 1544, ATTACK_RANGE: 40
Distance to flag: 1583, ATTACK_RANGE: 40
Distance to flag: 1719, ATTACK_RANGE: 40
Distance to flag: 1723, ATTACK_RANGE: 40
Distance to flag: 1957, ATTACK_RANGE: 40
Distance to flag: 1585, ATTACK_RANGE: 40
Distance to flag: 1577, ATTACK_RANGE: 40
Distance to flag: 1376, ATTACK_RANGE: 40
Distance to flag: 1394, ATTACK_RANGE: 40
Distance to flag: 1547, ATTACK_RANGE: 40
Distance to flag: 1544, ATTACK_RANGE: 40
Distance to flag: 1582, ATTACK_RANGE: 40
Distance to flag: 1718, ATTACK_RANGE: 40
Distance to flag: 1721, ATTACK_RANGE: 40
Distance to flag: 1956, ATTACK_RANGE: 40
Distance to flag: 1585, ATTACK_RANGE: 40
Distance to flag: 1577, ATTACK_RANGE: 40
Distance to flag: 1376, ATTACK_RANGE: 40
Distance to flag: 1393, ATTACK_RANGE: 40
Distance to flag: 1547, ATTACK_RANGE: 40
Distance to flag: 1544, ATTACK_RANGE: 40
Distance to flag: 1580, ATTACK_RANGE: 40
Distance to flag: 1717, ATTACK_RANGE: 40
Distance to flag: 1719, ATTACK_RANGE: 40
Distance to flag: 1955, ATTACK_RANGE: 40
Distance to flag: 1563, ATTACK_RANGE: 40
Distance to flag: 1566, ATTACK_RANGE: 40
Distance to flag: 1381, ATTACK_RANGE: 40
Distance to flag: 1377, ATTACK_RANGE: 40
Distance to flag: 1536, ATTACK_RANGE: 40
Distance to flag: 1536, ATTACK_RANGE: 40
Distance to flag: 1537, ATTACK_RANGE: 40
Distance to flag: 1616, ATTACK_RANGE: 40
Distance to flag: 1577, ATTACK_RANGE: 40
Distance to flag: 1871, ATTACK_RANGE: 40
Distance to flag: 1562, ATTACK_RANGE: 40
Distance to flag: 1566, ATTACK_RANGE: 40
Distance to flag: 1381, ATTACK_RANGE: 40
Distance to flag: 1377, ATTACK_RANGE: 40
Distance to flag: 1536, ATTACK_RANGE: 40
Distance to flag: 1536, ATTACK_RANGE: 40
Distance to flag: 1537, ATTACK_RANGE: 40
Distance to flag: 1615, ATTACK_RANGE: 40
Distance to flag: 1575, ATTACK_RANGE: 40
Distance to flag: 1870, ATTACK_RANGE: 40
Distance to flag: 1561, ATTACK_RANGE: 40
Distance to flag: 1565, ATTACK_RANGE: 40
Distance to flag: 1381, ATTACK_RANGE: 40
Distance to flag: 1377, ATTACK_RANGE: 40
Distance to flag: 1536, ATTACK_RANGE: 40
Distance to flag: 1536, ATTACK_RANGE: 40
Distance to flag: 1537, ATTACK_RANGE: 40
Distance to flag: 1613, ATTACK_RANGE: 40
Distance to flag: 1573, ATTACK_RANGE: 40
Distance to flag: 1869, ATTACK_RANGE: 40
Distance to flag: 1560, ATTACK_RANGE: 40
Distance to flag: 1565, ATTACK_RANGE: 40
Distance to flag: 1381, ATTACK_RANGE: 40
Distance to flag: 1377, ATTACK_RANGE: 40
Distance to flag: 1536, ATTACK_RANGE: 40
Distance to flag: 1536, ATTACK_RANGE: 40
Distance to flag: 1537, ATTACK_RANGE: 40
Distance to flag: 1612, ATTACK_RANGE: 40
Distance to flag: 1571, ATTACK_RANGE: 40
Distance to flag: 1868, ATTACK_RANGE: 40
Distance to flag: 1433, ATTACK_RANGE: 40
Distance to flag: 1557, ATTACK_RANGE: 40
Distance to flag: 1402, ATTACK_RANGE: 40
Distance to flag: 1379, ATTACK_RANGE: 40
Distance to flag: 1539, ATTACK_RANGE: 40
Distance to flag: 1542, ATTACK_RANGE: 40
Distance to flag: 1540, ATTACK_RANGE: 40
Distance to flag: 1583, ATTACK_RANGE: 40
Distance to flag: 1537, ATTACK_RANGE: 40
Distance to flag: 1773, ATTACK_RANGE: 40
Distance to flag: 1432, ATTACK_RANGE: 40
Distance to flag: 1557, ATTACK_RANGE: 40
Distance to flag: 1402, ATTACK_RANGE: 40
Distance to flag: 1379, ATTACK_RANGE: 40
Distance to flag: 1539, ATTACK_RANGE: 40
Distance to flag: 1543, ATTACK_RANGE: 40
Distance to flag: 1540, ATTACK_RANGE: 40
Distance to flag: 1584, ATTACK_RANGE: 40
Distance to flag: 1537, ATTACK_RANGE: 40
Distance to flag: 1772, ATTACK_RANGE: 40
Distance to flag: 1430, ATTACK_RANGE: 40
Distance to flag: 1557, ATTACK_RANGE: 40
Distance to flag: 1402, ATTACK_RANGE: 40
Distance to flag: 1379, ATTACK_RANGE: 40
Distance to flag: 1540, ATTACK_RANGE: 40
Distance to flag: 1543, ATTACK_RANGE: 40
Distance to flag: 1541, ATTACK_RANGE: 40
Distance to flag: 1584, ATTACK_RANGE: 40
Distance to flag: 1537, ATTACK_RANGE: 40
Distance to flag: 1771, ATTACK_RANGE: 40
Distance to flag: 1383, ATTACK_RANGE: 40
Distance to flag: 1542, ATTACK_RANGE: 40
Distance to flag: 1438, ATTACK_RANGE: 40
Distance to flag: 1397, ATTACK_RANGE: 40
Distance to flag: 1557, ATTACK_RANGE: 40
Distance to flag: 1563, ATTACK_RANGE: 40
Distance to flag: 1558, ATTACK_RANGE: 40
Distance to flag: 1573, ATTACK_RANGE: 40
Distance to flag: 1551, ATTACK_RANGE: 40
Distance to flag: 1667, ATTACK_RANGE: 40
Distance to flag: 1383, ATTACK_RANGE: 40
Distance to flag: 1542, ATTACK_RANGE: 40
Distance to flag: 1439, ATTACK_RANGE: 40
Distance to flag: 1397, ATTACK_RANGE: 40
Distance to flag: 1557, ATTACK_RANGE: 40
Distance to flag: 1563, ATTACK_RANGE: 40
Distance to flag: 1558, ATTACK_RANGE: 40
Distance to flag: 1572, ATTACK_RANGE: 40
Distance to flag: 1552, ATTACK_RANGE: 40
Distance to flag: 1666, ATTACK_RANGE: 40
Distance to flag: 1383, ATTACK_RANGE: 40
Distance to flag: 1541, ATTACK_RANGE: 40
Distance to flag: 1439, ATTACK_RANGE: 40
Distance to flag: 1397, ATTACK_RANGE: 40
Distance to flag: 1557, ATTACK_RANGE: 40
Distance to flag: 1563, ATTACK_RANGE: 40
Distance to flag: 1559, ATTACK_RANGE: 40
Distance to flag: 1571, ATTACK_RANGE: 40
Distance to flag: 1552, ATTACK_RANGE: 40
Distance to flag: 1664, ATTACK_RANGE: 40
Distance to flag: 1376, ATTACK_RANGE: 40
Distance to flag: 1537, ATTACK_RANGE: 40
Distance to flag: 1489, ATTACK_RANGE: 40
Distance to flag: 1430, ATTACK_RANGE: 40
Distance to flag: 1589, ATTACK_RANGE: 40
Distance to flag: 1596, ATTACK_RANGE: 40
Distance to flag: 1590, ATTACK_RANGE: 40
Distance to flag: 1448, ATTACK_RANGE: 40
Distance to flag: 1580, ATTACK_RANGE: 40
Distance to flag: 1542, ATTACK_RANGE: 40
Distance to flag: 1376, ATTACK_RANGE: 40
Distance to flag: 1537, ATTACK_RANGE: 40
Distance to flag: 1490, ATTACK_RANGE: 40
Distance to flag: 1431, ATTACK_RANGE: 40
Distance to flag: 1589, ATTACK_RANGE: 40
Distance to flag: 1596, ATTACK_RANGE: 40
Distance to flag: 1590, ATTACK_RANGE: 40
Distance to flag: 1447, ATTACK_RANGE: 40
Distance to flag: 1580, ATTACK_RANGE: 40
Distance to flag: 1541, ATTACK_RANGE: 40
Distance to flag: 1376, ATTACK_RANGE: 40
Distance to flag: 1537, ATTACK_RANGE: 40
Distance to flag: 1490, ATTACK_RANGE: 40
Distance to flag: 1431, ATTACK_RANGE: 40
Distance to flag: 1590, ATTACK_RANGE: 40
Distance to flag: 1596, ATTACK_RANGE: 40
Distance to flag: 1591, ATTACK_RANGE: 40
Distance to flag: 1445, ATTACK_RANGE: 40
Distance to flag: 1581, ATTACK_RANGE: 40
Distance to flag: 1541, ATTACK_RANGE: 40
Distance to flag: 1385, ATTACK_RANGE: 40
Distance to flag: 1546, ATTACK_RANGE: 40
Distance to flag: 1490, ATTACK_RANGE: 40
Distance to flag: 1478, ATTACK_RANGE: 40
Distance to flag: 1633, ATTACK_RANGE: 40
Distance to flag: 1642, ATTACK_RANGE: 40
Distance to flag: 1635, ATTACK_RANGE: 40
Distance to flag: 1386, ATTACK_RANGE: 40
Distance to flag: 1622, ATTACK_RANGE: 40
Distance to flag: 1546, ATTACK_RANGE: 40
Distance to flag: 1385, ATTACK_RANGE: 40
Distance to flag: 1547, ATTACK_RANGE: 40
Distance to flag: 1489, ATTACK_RANGE: 40
Distance to flag: 1479, ATTACK_RANGE: 40
Distance to flag: 1634, ATTACK_RANGE: 40
Distance to flag: 1643, ATTACK_RANGE: 40
Distance to flag: 1635, ATTACK_RANGE: 40
Distance to flag: 1386, ATTACK_RANGE: 40
Distance to flag: 1622, ATTACK_RANGE: 40
Distance to flag: 1547, ATTACK_RANGE: 40
Distance to flag: 1385, ATTACK_RANGE: 40
Distance to flag: 1547, ATTACK_RANGE: 40
Distance to flag: 1487, ATTACK_RANGE: 40
Distance to flag: 1480, ATTACK_RANGE: 40
Distance to flag: 1634, ATTACK_RANGE: 40
Distance to flag: 1644, ATTACK_RANGE: 40
Distance to flag: 1636, ATTACK_RANGE: 40
Distance to flag: 1385, ATTACK_RANGE: 40
Distance to flag: 1623, ATTACK_RANGE: 40
Distance to flag: 1547, ATTACK_RANGE: 40
Distance to flag: 1379, ATTACK_RANGE: 40
Distance to flag: 1503, ATTACK_RANGE: 40
Distance to flag: 1690, ATTACK_RANGE: 40
Distance to flag: 1638, ATTACK_RANGE: 40
Distance to flag: 1691, ATTACK_RANGE: 40
Distance to flag: 1376, ATTACK_RANGE: 40
Distance to flag: 1676, ATTACK_RANGE: 40
Distance to flag: 1570, ATTACK_RANGE: 40
Distance to flag: 1410, ATTACK_RANGE: 40
Distance to flag: 1571, ATTACK_RANGE: 40
Distance to flag: 1378, ATTACK_RANGE: 40
Distance to flag: 1503, ATTACK_RANGE: 40
Distance to flag: 1691, ATTACK_RANGE: 40
Distance to flag: 1638, ATTACK_RANGE: 40
Distance to flag: 1692, ATTACK_RANGE: 40
Distance to flag: 1376, ATTACK_RANGE: 40
Distance to flag: 1676, ATTACK_RANGE: 40
Distance to flag: 1571, ATTACK_RANGE: 40
Distance to flag: 1411, ATTACK_RANGE: 40
Distance to flag: 1571, ATTACK_RANGE: 40
Distance to flag: 1377, ATTACK_RANGE: 40
Distance to flag: 1502, ATTACK_RANGE: 40
Distance to flag: 1691, ATTACK_RANGE: 40
Distance to flag: 1637, ATTACK_RANGE: 40
Distance to flag: 1691, ATTACK_RANGE: 40
Distance to flag: 1376, ATTACK_RANGE: 40
Distance to flag: 1677, ATTACK_RANGE: 40
Distance to flag: 1571, ATTACK_RANGE: 40
Distance to flag: 1411, ATTACK_RANGE: 40
Distance to flag: 1571, ATTACK_RANGE: 40
Distance to flag: 1376, ATTACK_RANGE: 40
Distance to flag: 1501, ATTACK_RANGE: 40
Distance to flag: 1691, ATTACK_RANGE: 40
Distance to flag: 1637, ATTACK_RANGE: 40
Distance to flag: 1692, ATTACK_RANGE: 40
Distance to flag: 1376, ATTACK_RANGE: 40
Distance to flag: 1678, ATTACK_RANGE: 40
Distance to flag: 1572, ATTACK_RANGE: 40
Distance to flag: 1450, ATTACK_RANGE: 40
Distance to flag: 1608, ATTACK_RANGE: 40
Distance to flag: 1320, ATTACK_RANGE: 40
Distance to flag: 1392, ATTACK_RANGE: 40
Distance to flag: 1647, ATTACK_RANGE: 40
Distance to flag: 1592, ATTACK_RANGE: 40
Distance to flag: 1648, ATTACK_RANGE: 40
Distance to flag: 1383, ATTACK_RANGE: 40
Distance to flag: 1647, ATTACK_RANGE: 40
Distance to flag: 1609, ATTACK_RANGE: 40
Distance to flag: 1451, ATTACK_RANGE: 40
Distance to flag: 1609, ATTACK_RANGE: 40
Distance to flag: 1319, ATTACK_RANGE: 40
Distance to flag: 1391, ATTACK_RANGE: 40
Distance to flag: 1646, ATTACK_RANGE: 40
Distance to flag: 1592, ATTACK_RANGE: 40
Distance to flag: 1647, ATTACK_RANGE: 40
Distance to flag: 1383, ATTACK_RANGE: 40
Distance to flag: 1646, ATTACK_RANGE: 40
Distance to flag: 1609, ATTACK_RANGE: 40
Distance to flag: 1451, ATTACK_RANGE: 40
Distance to flag: 1609, ATTACK_RANGE: 40
Distance to flag: 1319, ATTACK_RANGE: 40
Distance to flag: 1390, ATTACK_RANGE: 40
Distance to flag: 1645, ATTACK_RANGE: 40
Distance to flag: 1591, ATTACK_RANGE: 40
Distance to flag: 1647, ATTACK_RANGE: 40
Distance to flag: 1383, ATTACK_RANGE: 40
Distance to flag: 1646, ATTACK_RANGE: 40
Distance to flag: 1610, ATTACK_RANGE: 40
Distance to flag: 1504, ATTACK_RANGE: 40
Distance to flag: 1658, ATTACK_RANGE: 40
Distance to flag: 1279, ATTACK_RANGE: 40
Distance to flag: 1330, ATTACK_RANGE: 40
Distance to flag: 1599, ATTACK_RANGE: 40
Distance to flag: 1560, ATTACK_RANGE: 40
Distance to flag: 1600, ATTACK_RANGE: 40
Distance to flag: 1406, ATTACK_RANGE: 40
Distance to flag: 1599, ATTACK_RANGE: 40
Distance to flag: 1659, ATTACK_RANGE: 40
Distance to flag: 1505, ATTACK_RANGE: 40
Distance to flag: 1659, ATTACK_RANGE: 40
Distance to flag: 1279, ATTACK_RANGE: 40
Distance to flag: 1329, ATTACK_RANGE: 40
Distance to flag: 1598, ATTACK_RANGE: 40
Distance to flag: 1560, ATTACK_RANGE: 40
Distance to flag: 1600, ATTACK_RANGE: 40
Distance to flag: 1406, ATTACK_RANGE: 40
Distance to flag: 1599, ATTACK_RANGE: 40
Distance to flag: 1659, ATTACK_RANGE: 40
Distance to flag: 1505, ATTACK_RANGE: 40
Distance to flag: 1659, ATTACK_RANGE: 40
Distance to flag: 1278, ATTACK_RANGE: 40
Distance to flag: 1329, ATTACK_RANGE: 40
Distance to flag: 1598, ATTACK_RANGE: 40
Distance to flag: 1559, ATTACK_RANGE: 40
Distance to flag: 1599, ATTACK_RANGE: 40
Distance to flag: 1406, ATTACK_RANGE: 40
Distance to flag: 1598, ATTACK_RANGE: 40
Distance to flag: 1660, ATTACK_RANGE: 40
Distance to flag: 1455, ATTACK_RANGE: 40
Distance to flag: 1675, ATTACK_RANGE: 40
Distance to flag: 1158, ATTACK_RANGE: 40
Distance to flag: 1286, ATTACK_RANGE: 40
Distance to flag: 1564, ATTACK_RANGE: 40
Distance to flag: 1549, ATTACK_RANGE: 40
Distance to flag: 1565, ATTACK_RANGE: 40
Distance to flag: 1444, ATTACK_RANGE: 40
Distance to flag: 1564, ATTACK_RANGE: 40
Distance to flag: 1674, ATTACK_RANGE: 40
Distance to flag: 1454, ATTACK_RANGE: 40
Distance to flag: 1674, ATTACK_RANGE: 40
Distance to flag: 1156, ATTACK_RANGE: 40
Distance to flag: 1285, ATTACK_RANGE: 40
Distance to flag: 1564, ATTACK_RANGE: 40
Distance to flag: 1549, ATTACK_RANGE: 40
Distance to flag: 1565, ATTACK_RANGE: 40
Distance to flag: 1444, ATTACK_RANGE: 40
Distance to flag: 1564, ATTACK_RANGE: 40
Distance to flag: 1674, ATTACK_RANGE: 40
Distance to flag: 1452, ATTACK_RANGE: 40
Distance to flag: 1673, ATTACK_RANGE: 40
Distance to flag: 1155, ATTACK_RANGE: 40
Distance to flag: 1285, ATTACK_RANGE: 40
Distance to flag: 1563, ATTACK_RANGE: 40
Distance to flag: 1549, ATTACK_RANGE: 40
Distance to flag: 1564, ATTACK_RANGE: 40
Distance to flag: 1445, ATTACK_RANGE: 40
Distance to flag: 1564, ATTACK_RANGE: 40
Distance to flag: 1673, ATTACK_RANGE: 40
Distance to flag: 1451, ATTACK_RANGE: 40
Distance to flag: 1673, ATTACK_RANGE: 40
Distance to flag: 1153, ATTACK_RANGE: 40
Distance to flag: 1284, ATTACK_RANGE: 40
Distance to flag: 1563, ATTACK_RANGE: 40
Distance to flag: 1549, ATTACK_RANGE: 40
Distance to flag: 1564, ATTACK_RANGE: 40
Distance to flag: 1446, ATTACK_RANGE: 40
Distance to flag: 1563, ATTACK_RANGE: 40
Distance to flag: 1672, ATTACK_RANGE: 40
Distance to flag: 1362, ATTACK_RANGE: 40
Distance to flag: 1625, ATTACK_RANGE: 40
Distance to flag: 1009, ATTACK_RANGE: 40
Distance to flag: 1185, ATTACK_RANGE: 40
Distance to flag: 1548, ATTACK_RANGE: 40
Distance to flag: 1549, ATTACK_RANGE: 40
Distance to flag: 1549, ATTACK_RANGE: 40
Distance to flag: 1497, ATTACK_RANGE: 40
Distance to flag: 1548, ATTACK_RANGE: 40
Distance to flag: 1625, ATTACK_RANGE: 40
Distance to flag: 1361, ATTACK_RANGE: 40
Distance to flag: 1625, ATTACK_RANGE: 40
Distance to flag: 1007, ATTACK_RANGE: 40
Distance to flag: 1184, ATTACK_RANGE: 40
Distance to flag: 1548, ATTACK_RANGE: 40
Distance to flag: 1549, ATTACK_RANGE: 40
Distance to flag: 1549, ATTACK_RANGE: 40
Distance to flag: 1497, ATTACK_RANGE: 40
Distance to flag: 1548, ATTACK_RANGE: 40
Distance to flag: 1624, ATTACK_RANGE: 40
Distance to flag: 1360, ATTACK_RANGE: 40
Distance to flag: 1624, ATTACK_RANGE: 40
Distance to flag: 1006, ATTACK_RANGE: 40
Distance to flag: 1182, ATTACK_RANGE: 40
Distance to flag: 1548, ATTACK_RANGE: 40
Distance to flag: 1549, ATTACK_RANGE: 40
Distance to flag: 1549, ATTACK_RANGE: 40
Distance to flag: 1498, ATTACK_RANGE: 40
Distance to flag: 1548, ATTACK_RANGE: 40
Distance to flag: 1624, ATTACK_RANGE: 40
Distance to flag: 1308, ATTACK_RANGE: 40
Distance to flag: 1583, ATTACK_RANGE: 40
Distance to flag: 863, ATTACK_RANGE: 40
Distance to flag: 1038, ATTACK_RANGE: 40
Distance to flag: 1548, ATTACK_RANGE: 40
Distance to flag: 1549, ATTACK_RANGE: 40
Distance to flag: 1549, ATTACK_RANGE: 40
Distance to flag: 1472, ATTACK_RANGE: 40
Distance to flag: 1548, ATTACK_RANGE: 40
Distance to flag: 1583, ATTACK_RANGE: 40
Distance to flag: 1308, ATTACK_RANGE: 40
Distance to flag: 1583, ATTACK_RANGE: 40
Distance to flag: 862, ATTACK_RANGE: 40
Distance to flag: 1036, ATTACK_RANGE: 40
Distance to flag: 1548, ATTACK_RANGE: 40
Distance to flag: 1549, ATTACK_RANGE: 40
Distance to flag: 1549, ATTACK_RANGE: 40
Distance to flag: 1470, ATTACK_RANGE: 40
Distance to flag: 1548, ATTACK_RANGE: 40
Distance to flag: 1582, ATTACK_RANGE: 40
Distance to flag: 1307, ATTACK_RANGE: 40
Distance to flag: 1582, ATTACK_RANGE: 40
Distance to flag: 860, ATTACK_RANGE: 40
Distance to flag: 1034, ATTACK_RANGE: 40
Distance to flag: 1548, ATTACK_RANGE: 40
Distance to flag: 1549, ATTACK_RANGE: 40
Distance to flag: 1549, ATTACK_RANGE: 40
Distance to flag: 1469, ATTACK_RANGE: 40
Distance to flag: 1548, ATTACK_RANGE: 40
Distance to flag: 1582, ATTACK_RANGE: 40
Distance to flag: 1252, ATTACK_RANGE: 40
Distance to flag: 1554, ATTACK_RANGE: 40
Distance to flag: 717, ATTACK_RANGE: 40
Distance to flag: 890, ATTACK_RANGE: 40
Distance to flag: 1548, ATTACK_RANGE: 40
Distance to flag: 1549, ATTACK_RANGE: 40
Distance to flag: 1549, ATTACK_RANGE: 40
Distance to flag: 1370, ATTACK_RANGE: 40
Distance to flag: 1548, ATTACK_RANGE: 40
Distance to flag: 1553, ATTACK_RANGE: 40
Distance to flag: 1250, ATTACK_RANGE: 40
Distance to flag: 1553, ATTACK_RANGE: 40
Distance to flag: 716, ATTACK_RANGE: 40
Distance to flag: 888, ATTACK_RANGE: 40
Distance to flag: 1548, ATTACK_RANGE: 40
Distance to flag: 1549, ATTACK_RANGE: 40
Distance to flag: 1549, ATTACK_RANGE: 40
Distance to flag: 1369, ATTACK_RANGE: 40
Distance to flag: 1548, ATTACK_RANGE: 40
Distance to flag: 1553, ATTACK_RANGE: 40
Distance to flag: 1249, ATTACK_RANGE: 40
Distance to flag: 1553, ATTACK_RANGE: 40
Distance to flag: 714, ATTACK_RANGE: 40
Distance to flag: 887, ATTACK_RANGE: 40
Distance to flag: 1548, ATTACK_RANGE: 40
Distance to flag: 1549, ATTACK_RANGE: 40
Distance to flag: 1549, ATTACK_RANGE: 40
Distance to flag: 1368, ATTACK_RANGE: 40
Distance to flag: 1548, ATTACK_RANGE: 40
Distance to flag: 1553, ATTACK_RANGE: 40
Distance to flag: 1119, ATTACK_RANGE: 40
Distance to flag: 1549, ATTACK_RANGE: 40
Distance to flag: 574, ATTACK_RANGE: 40
Distance to flag: 744, ATTACK_RANGE: 40
Distance to flag: 1548, ATTACK_RANGE: 40
Distance to flag: 1549, ATTACK_RANGE: 40
Distance to flag: 1549, ATTACK_RANGE: 40
Distance to flag: 1314, ATTACK_RANGE: 40
Distance to flag: 1548, ATTACK_RANGE: 40
Distance to flag: 1549, ATTACK_RANGE: 40
Distance to flag: 1117, ATTACK_RANGE: 40
Distance to flag: 1549, ATTACK_RANGE: 40
Distance to flag: 572, ATTACK_RANGE: 40
Distance to flag: 742, ATTACK_RANGE: 40
Distance to flag: 1548, ATTACK_RANGE: 40
Distance to flag: 1549, ATTACK_RANGE: 40
Distance to flag: 1549, ATTACK_RANGE: 40
Distance to flag: 1313, ATTACK_RANGE: 40
Distance to flag: 1548, ATTACK_RANGE: 40
Distance to flag: 1548, ATTACK_RANGE: 40
Distance to flag: 1115, ATTACK_RANGE: 40
Distance to flag: 1549, ATTACK_RANGE: 40
Distance to flag: 571, ATTACK_RANGE: 40
Distance to flag: 741, ATTACK_RANGE: 40
Distance to flag: 1548, ATTACK_RANGE: 40
Distance to flag: 1549, ATTACK_RANGE: 40
Distance to flag: 1549, ATTACK_RANGE: 40
Distance to flag: 1312, ATTACK_RANGE: 40
Distance to flag: 1548, ATTACK_RANGE: 40
Distance to flag: 1549, ATTACK_RANGE: 40
Distance to flag: 970, ATTACK_RANGE: 40
Distance to flag: 1549, ATTACK_RANGE: 40
Distance to flag: 435, ATTACK_RANGE: 40
Distance to flag: 599, ATTACK_RANGE: 40
Distance to flag: 1548, ATTACK_RANGE: 40
Distance to flag: 1549, ATTACK_RANGE: 40
Distance to flag: 1549, ATTACK_RANGE: 40
Distance to flag: 1264, ATTACK_RANGE: 40
Distance to flag: 1548, ATTACK_RANGE: 40
Distance to flag: 1548, ATTACK_RANGE: 40
Distance to flag: 968, ATTACK_RANGE: 40
Distance to flag: 1549, ATTACK_RANGE: 40
Distance to flag: 433, ATTACK_RANGE: 40
Distance to flag: 598, ATTACK_RANGE: 40
Distance to flag: 1548, ATTACK_RANGE: 40
Distance to flag: 1549, ATTACK_RANGE: 40
Distance to flag: 1549, ATTACK_RANGE: 40
Distance to flag: 1263, ATTACK_RANGE: 40
Distance to flag: 1548, ATTACK_RANGE: 40
Distance to flag: 1549, ATTACK_RANGE: 40
Distance to flag: 966, ATTACK_RANGE: 40
Distance to flag: 1549, ATTACK_RANGE: 40
Distance to flag: 432, ATTACK_RANGE: 40
Distance to flag: 596, ATTACK_RANGE: 40
Distance to flag: 1548, ATTACK_RANGE: 40
Distance to flag: 1549, ATTACK_RANGE: 40
Distance to flag: 1549, ATTACK_RANGE: 40
Distance to flag: 1261, ATTACK_RANGE: 40
Distance to flag: 1548, ATTACK_RANGE: 40
Distance to flag: 1548, ATTACK_RANGE: 40
Distance to flag: 824, ATTACK_RANGE: 40
Distance to flag: 1549, ATTACK_RANGE: 40
Distance to flag: 292, ATTACK_RANGE: 40
Distance to flag: 461, ATTACK_RANGE: 40
Distance to flag: 1548, ATTACK_RANGE: 40
Distance to flag: 1542, ATTACK_RANGE: 40
Distance to flag: 1549, ATTACK_RANGE: 40
Distance to flag: 1136, ATTACK_RANGE: 40
Distance to flag: 1548, ATTACK_RANGE: 40
Distance to flag: 1548, ATTACK_RANGE: 40
Distance to flag: 823, ATTACK_RANGE: 40
Distance to flag: 1549, ATTACK_RANGE: 40
Distance to flag: 290, ATTACK_RANGE: 40
Distance to flag: 459, ATTACK_RANGE: 40
Distance to flag: 1548, ATTACK_RANGE: 40
Distance to flag: 1542, ATTACK_RANGE: 40
Distance to flag: 1549, ATTACK_RANGE: 40
Distance to flag: 1134, ATTACK_RANGE: 40
Distance to flag: 1548, ATTACK_RANGE: 40
Distance to flag: 1549, ATTACK_RANGE: 40
Distance to flag: 821, ATTACK_RANGE: 40
Distance to flag: 1549, ATTACK_RANGE: 40
Distance to flag: 288, ATTACK_RANGE: 40
Distance to flag: 458, ATTACK_RANGE: 40
Distance to flag: 1548, ATTACK_RANGE: 40
Distance to flag: 1542, ATTACK_RANGE: 40
Distance to flag: 1549, ATTACK_RANGE: 40
Distance to flag: 1133, ATTACK_RANGE: 40
Distance to flag: 1548, ATTACK_RANGE: 40
Distance to flag: 1548, ATTACK_RANGE: 40
Distance to flag: 679, ATTACK_RANGE: 40
Distance to flag: 1549, ATTACK_RANGE: 40
Distance to flag: 146, ATTACK_RANGE: 40
Distance to flag: 318, ATTACK_RANGE: 40
Distance to flag: 1541, ATTACK_RANGE: 40
Distance to flag: 1538, ATTACK_RANGE: 40
Distance to flag: 1542, ATTACK_RANGE: 40
Distance to flag: 988, ATTACK_RANGE: 40
Distance to flag: 1541, ATTACK_RANGE: 40
Distance to flag: 1549, ATTACK_RANGE: 40
Distance to flag: 677, ATTACK_RANGE: 40
Distance to flag: 1549, ATTACK_RANGE: 40
Distance to flag: 145, ATTACK_RANGE: 40
Distance to flag: 316, ATTACK_RANGE: 40
Distance to flag: 1541, ATTACK_RANGE: 40
Distance to flag: 1538, ATTACK_RANGE: 40
Distance to flag: 1542, ATTACK_RANGE: 40
Distance to flag: 986, ATTACK_RANGE: 40
Distance to flag: 1541, ATTACK_RANGE: 40
Distance to flag: 1548, ATTACK_RANGE: 40
Distance to flag: 675, ATTACK_RANGE: 40
Distance to flag: 1549, ATTACK_RANGE: 40
Distance to flag: 143, ATTACK_RANGE: 40
Distance to flag: 314, ATTACK_RANGE: 40
Distance to flag: 1541, ATTACK_RANGE: 40
Distance to flag: 1538, ATTACK_RANGE: 40
Distance to flag: 1542, ATTACK_RANGE: 40
Distance to flag: 984, ATTACK_RANGE: 40
Distance to flag: 1541, ATTACK_RANGE: 40
Distance to flag: 1549, ATTACK_RANGE: 40
Flag: Taking damage: 20
Flag: Forwarding damage to attackable component
Flag: Damage taken - Amount: 20 Current Health: 80
Flag: Health changed - Current: 80 Maximum: 100
Flag: Health bar width updated to: 51.2
Flag: Health bar updated - Size: (51.2, 8) Color: (0, 1, 0, 1)
Flag: Actual damage taken: 20
Distance to flag: 538, ATTACK_RANGE: 40
Distance to flag: 1549, ATTACK_RANGE: 40
Distance to flag: 173, ATTACK_RANGE: 40
Distance to flag: 1537, ATTACK_RANGE: 40
Distance to flag: 1557, ATTACK_RANGE: 40
Distance to flag: 1538, ATTACK_RANGE: 40
Distance to flag: 842, ATTACK_RANGE: 40
Distance to flag: 1537, ATTACK_RANGE: 40
Distance to flag: 1549, ATTACK_RANGE: 40
Distance to flag: 536, ATTACK_RANGE: 40
Distance to flag: 1549, ATTACK_RANGE: 40
Distance to flag: 172, ATTACK_RANGE: 40
Distance to flag: 1537, ATTACK_RANGE: 40
Distance to flag: 1557, ATTACK_RANGE: 40
Distance to flag: 1538, ATTACK_RANGE: 40
Distance to flag: 840, ATTACK_RANGE: 40
Distance to flag: 1537, ATTACK_RANGE: 40
Distance to flag: 1548, ATTACK_RANGE: 40
Distance to flag: 534, ATTACK_RANGE: 40
Distance to flag: 1549, ATTACK_RANGE: 40
Distance to flag: 170, ATTACK_RANGE: 40
Distance to flag: 1537, ATTACK_RANGE: 40
Distance to flag: 1558, ATTACK_RANGE: 40
Distance to flag: 1538, ATTACK_RANGE: 40
Distance to flag: 838, ATTACK_RANGE: 40
Distance to flag: 1537, ATTACK_RANGE: 40
Distance to flag: 1549, ATTACK_RANGE: 40
Flag: Taking damage: 20
Flag: Forwarding damage to attackable component
Flag: Damage taken - Amount: 20 Current Health: 60
Flag: Health changed - Current: 60 Maximum: 100
Flag: Health bar width updated to: 38.4
Flag: Health bar updated - Size: (38.4, 8) Color: (1, 1, 0, 1)
Flag: Actual damage taken: 20
Flag: Taking damage: 20
Flag: Forwarding damage to attackable component
Flag: Damage taken - Amount: 20 Current Health: 40
Flag: Health changed - Current: 40 Maximum: 100
Flag: Health bar width updated to: 25.6
Flag: Health bar updated - Size: (25.6, 8) Color: (1, 1, 0, 1)
Flag: Actual damage taken: 20
Flag: Taking damage: 20
Flag: Forwarding damage to attackable component
Flag: Damage taken - Amount: 20 Current Health: 20
Flag: Health changed - Current: 20 Maximum: 100
Flag: Health bar width updated to: 12.8
Flag: Health bar updated - Size: (12.8, 8) Color: (1, 0, 0, 1)
Flag: Actual damage taken: 20
Flag: Taking damage: 20
Flag: Forwarding damage to attackable component
Flag: Damage taken - Amount: 20 Current Health: 0
Flag: Health changed - Current: 0 Maximum: 100
Flag: Health bar width updated to: 0
Flag: Health bar updated - Size: (0, 8) Color: (1, 0, 0, 1)
Flag: Destroyed!
Game Over screen shown
Flag: Actual damage taken: 20
Restart button pressed
Grid: Ready called
Flag: Initializing...
Flag: Setting up Attackable component...
Flag: Attackable component initialized with health: 100
Flag: Health bar found and initialized
Flag: Health changed - Current: 100 Maximum: 100
USER WARNING: Nodes with non-equal opposite anchors will have their size overridden after _ready(). 
If you want to set size, change the anchors or consider using set_deferred().
   at: _set_size (scene/gui/control.cpp:1440)
Flag: Health bar width updated to: 64
Flag: Health bar updated - Size: (64, 8) Color: (0, 1, 0, 1)
Calculated target position: (1920, 540)
Distance to flag: 1847, ATTACK_RANGE: 40
Distance to flag: 1845, ATTACK_RANGE: 40
Distance to flag: 1844, ATTACK_RANGE: 40
Distance to flag: 1843, ATTACK_RANGE: 40
Calculated target position: (1920, 540)
Calculated target position: (1920, 540)
Distance to flag: 1786, ATTACK_RANGE: 40
Distance to flag: 1843, ATTACK_RANGE: 40
Distance to flag: 1919, ATTACK_RANGE: 40
Distance to flag: 1785, ATTACK_RANGE: 40
Distance to flag: 1842, ATTACK_RANGE: 40
Distance to flag: 1918, ATTACK_RANGE: 40
Distance to flag: 1784, ATTACK_RANGE: 40
Distance to flag: 1841, ATTACK_RANGE: 40
Distance to flag: 1916, ATTACK_RANGE: 40
Calculated target position: (1920, 540)
Distance to flag: 1696, ATTACK_RANGE: 40
Distance to flag: 1764, ATTACK_RANGE: 40
Distance to flag: 1772, ATTACK_RANGE: 40
Distance to flag: 1893, ATTACK_RANGE: 40
Distance to flag: 1695, ATTACK_RANGE: 40
Distance to flag: 1763, ATTACK_RANGE: 40
Distance to flag: 1770, ATTACK_RANGE: 40
Distance to flag: 1892, ATTACK_RANGE: 40
Distance to flag: 1694, ATTACK_RANGE: 40
Distance to flag: 1762, ATTACK_RANGE: 40
Distance to flag: 1768, ATTACK_RANGE: 40
Distance to flag: 1890, ATTACK_RANGE: 40
Calculated target position: (1920, 540)
Calculated target position: (1920, 540)
Distance to flag: 1603, ATTACK_RANGE: 40
Distance to flag: 1675, ATTACK_RANGE: 40
Distance to flag: 1623, ATTACK_RANGE: 40
Distance to flag: 1800, ATTACK_RANGE: 40
Distance to flag: 1855, ATTACK_RANGE: 40
Distance to flag: 1882, ATTACK_RANGE: 40
Distance to flag: 1602, ATTACK_RANGE: 40
Distance to flag: 1673, ATTACK_RANGE: 40
Distance to flag: 1622, ATTACK_RANGE: 40
Distance to flag: 1799, ATTACK_RANGE: 40
Distance to flag: 1855, ATTACK_RANGE: 40
Distance to flag: 1881, ATTACK_RANGE: 40
Distance to flag: 1600, ATTACK_RANGE: 40
Distance to flag: 1672, ATTACK_RANGE: 40
Distance to flag: 1620, ATTACK_RANGE: 40
Distance to flag: 1798, ATTACK_RANGE: 40
Distance to flag: 1854, ATTACK_RANGE: 40
Distance to flag: 1879, ATTACK_RANGE: 40
Calculated target position: (1920, 540)
Distance to flag: 1476, ATTACK_RANGE: 40
Distance to flag: 1621, ATTACK_RANGE: 40
Distance to flag: 1494, ATTACK_RANGE: 40
Distance to flag: 1684, ATTACK_RANGE: 40
Distance to flag: 1755, ATTACK_RANGE: 40
Distance to flag: 1759, ATTACK_RANGE: 40
Distance to flag: 1955, ATTACK_RANGE: 40
Distance to flag: 1475, ATTACK_RANGE: 40
Distance to flag: 1621, ATTACK_RANGE: 40
Distance to flag: 1493, ATTACK_RANGE: 40
Distance to flag: 1682, ATTACK_RANGE: 40
Distance to flag: 1753, ATTACK_RANGE: 40
Distance to flag: 1757, ATTACK_RANGE: 40
Distance to flag: 1954, ATTACK_RANGE: 40
Distance to flag: 1475, ATTACK_RANGE: 40
Distance to flag: 1621, ATTACK_RANGE: 40
Distance to flag: 1491, ATTACK_RANGE: 40
Distance to flag: 1681, ATTACK_RANGE: 40
Distance to flag: 1752, ATTACK_RANGE: 40
Distance to flag: 1756, ATTACK_RANGE: 40
Distance to flag: 1952, ATTACK_RANGE: 40
Distance to flag: 1474, ATTACK_RANGE: 40
Distance to flag: 1620, ATTACK_RANGE: 40
Distance to flag: 1490, ATTACK_RANGE: 40
Distance to flag: 1680, ATTACK_RANGE: 40
Distance to flag: 1750, ATTACK_RANGE: 40
Distance to flag: 1754, ATTACK_RANGE: 40
Distance to flag: 1951, ATTACK_RANGE: 40
Calculated target position: (1920, 540)
Calculated target position: (1920, 540)
Distance to flag: 1444, ATTACK_RANGE: 40
Distance to flag: 1603, ATTACK_RANGE: 40
Distance to flag: 1447, ATTACK_RANGE: 40
Distance to flag: 1633, ATTACK_RANGE: 40
Distance to flag: 1645, ATTACK_RANGE: 40
Distance to flag: 1613, ATTACK_RANGE: 40
Distance to flag: 1859, ATTACK_RANGE: 40
Distance to flag: 1792, ATTACK_RANGE: 40
Distance to flag: 1938, ATTACK_RANGE: 40
Distance to flag: 1444, ATTACK_RANGE: 40
Distance to flag: 1603, ATTACK_RANGE: 40
Distance to flag: 1446, ATTACK_RANGE: 40
Distance to flag: 1633, ATTACK_RANGE: 40
Distance to flag: 1644, ATTACK_RANGE: 40
Distance to flag: 1612, ATTACK_RANGE: 40
Distance to flag: 1858, ATTACK_RANGE: 40
Distance to flag: 1790, ATTACK_RANGE: 40
Distance to flag: 1937, ATTACK_RANGE: 40
Distance to flag: 1444, ATTACK_RANGE: 40
Distance to flag: 1603, ATTACK_RANGE: 40
Distance to flag: 1446, ATTACK_RANGE: 40
Distance to flag: 1633, ATTACK_RANGE: 40
Distance to flag: 1644, ATTACK_RANGE: 40
Distance to flag: 1610, ATTACK_RANGE: 40
Distance to flag: 1857, ATTACK_RANGE: 40
Distance to flag: 1789, ATTACK_RANGE: 40
Distance to flag: 1936, ATTACK_RANGE: 40
Calculated target position: (1920, 540)
Distance to flag: 1440, ATTACK_RANGE: 40
Distance to flag: 1600, ATTACK_RANGE: 40
Distance to flag: 1440, ATTACK_RANGE: 40
Distance to flag: 1635, ATTACK_RANGE: 40
Distance to flag: 1634, ATTACK_RANGE: 40
Distance to flag: 1600, ATTACK_RANGE: 40
Distance to flag: 1785, ATTACK_RANGE: 40
Distance to flag: 1657, ATTACK_RANGE: 40
Distance to flag: 1849, ATTACK_RANGE: 40
Distance to flag: 1944, ATTACK_RANGE: 40
Distance to flag: 1440, ATTACK_RANGE: 40
Distance to flag: 1600, ATTACK_RANGE: 40
Distance to flag: 1440, ATTACK_RANGE: 40
Distance to flag: 1635, ATTACK_RANGE: 40
Distance to flag: 1634, ATTACK_RANGE: 40
Distance to flag: 1600, ATTACK_RANGE: 40
Distance to flag: 1785, ATTACK_RANGE: 40
Distance to flag: 1656, ATTACK_RANGE: 40
Distance to flag: 1848, ATTACK_RANGE: 40
Distance to flag: 1943, ATTACK_RANGE: 40
Distance to flag: 1440, ATTACK_RANGE: 40
Distance to flag: 1600, ATTACK_RANGE: 40
Distance to flag: 1440, ATTACK_RANGE: 40
Distance to flag: 1636, ATTACK_RANGE: 40
Distance to flag: 1634, ATTACK_RANGE: 40
Distance to flag: 1600, ATTACK_RANGE: 40
Distance to flag: 1784, ATTACK_RANGE: 40
Distance to flag: 1654, ATTACK_RANGE: 40
Distance to flag: 1847, ATTACK_RANGE: 40
Distance to flag: 1942, ATTACK_RANGE: 40
Distance to flag: 1440, ATTACK_RANGE: 40
Distance to flag: 1600, ATTACK_RANGE: 40
Distance to flag: 1440, ATTACK_RANGE: 40
Distance to flag: 1636, ATTACK_RANGE: 40
Distance to flag: 1634, ATTACK_RANGE: 40
Distance to flag: 1600, ATTACK_RANGE: 40
Distance to flag: 1783, ATTACK_RANGE: 40
Distance to flag: 1653, ATTACK_RANGE: 40
Distance to flag: 1846, ATTACK_RANGE: 40
Distance to flag: 1941, ATTACK_RANGE: 40
Distance to flag: 1451, ATTACK_RANGE: 40
Distance to flag: 1611, ATTACK_RANGE: 40
Distance to flag: 1449, ATTACK_RANGE: 40
Distance to flag: 1652, ATTACK_RANGE: 40
Distance to flag: 1647, ATTACK_RANGE: 40
Distance to flag: 1611, ATTACK_RANGE: 40
Distance to flag: 1732, ATTACK_RANGE: 40
Distance to flag: 1600, ATTACK_RANGE: 40
Distance to flag: 1781, ATTACK_RANGE: 40
Distance to flag: 1867, ATTACK_RANGE: 40
Distance to flag: 1452, ATTACK_RANGE: 40
Distance to flag: 1612, ATTACK_RANGE: 40
Distance to flag: 1449, ATTACK_RANGE: 40
Distance to flag: 1653, ATTACK_RANGE: 40
Distance to flag: 1647, ATTACK_RANGE: 40
Distance to flag: 1611, ATTACK_RANGE: 40
Distance to flag: 1732, ATTACK_RANGE: 40
Distance to flag: 1601, ATTACK_RANGE: 40
Distance to flag: 1781, ATTACK_RANGE: 40
Distance to flag: 1866, ATTACK_RANGE: 40
Distance to flag: 1452, ATTACK_RANGE: 40
Distance to flag: 1612, ATTACK_RANGE: 40
Distance to flag: 1449, ATTACK_RANGE: 40
Distance to flag: 1653, ATTACK_RANGE: 40
Distance to flag: 1648, ATTACK_RANGE: 40
Distance to flag: 1612, ATTACK_RANGE: 40
Distance to flag: 1731, ATTACK_RANGE: 40
Distance to flag: 1601, ATTACK_RANGE: 40
Distance to flag: 1780, ATTACK_RANGE: 40
Distance to flag: 1865, ATTACK_RANGE: 40
Distance to flag: 1478, ATTACK_RANGE: 40
Distance to flag: 1636, ATTACK_RANGE: 40
Distance to flag: 1473, ATTACK_RANGE: 40
Distance to flag: 1600, ATTACK_RANGE: 40
Distance to flag: 1629, ATTACK_RANGE: 40
Distance to flag: 1636, ATTACK_RANGE: 40
Distance to flag: 1682, ATTACK_RANGE: 40
Distance to flag: 1609, ATTACK_RANGE: 40
Distance to flag: 1719, ATTACK_RANGE: 40
Distance to flag: 1794, ATTACK_RANGE: 40
Distance to flag: 1478, ATTACK_RANGE: 40
Distance to flag: 1637, ATTACK_RANGE: 40
Distance to flag: 1473, ATTACK_RANGE: 40
Distance to flag: 1598, ATTACK_RANGE: 40
Distance to flag: 1628, ATTACK_RANGE: 40
Distance to flag: 1636, ATTACK_RANGE: 40
Distance to flag: 1681, ATTACK_RANGE: 40
Distance to flag: 1609, ATTACK_RANGE: 40
Distance to flag: 1718, ATTACK_RANGE: 40
Distance to flag: 1793, ATTACK_RANGE: 40
Distance to flag: 1479, ATTACK_RANGE: 40
Distance to flag: 1637, ATTACK_RANGE: 40
Distance to flag: 1474, ATTACK_RANGE: 40
Distance to flag: 1597, ATTACK_RANGE: 40
Distance to flag: 1627, ATTACK_RANGE: 40
Distance to flag: 1636, ATTACK_RANGE: 40
Distance to flag: 1680, ATTACK_RANGE: 40
Distance to flag: 1609, ATTACK_RANGE: 40
Distance to flag: 1717, ATTACK_RANGE: 40
Distance to flag: 1792, ATTACK_RANGE: 40
Distance to flag: 1486, ATTACK_RANGE: 40
Distance to flag: 1675, ATTACK_RANGE: 40
Distance to flag: 1493, ATTACK_RANGE: 40
Distance to flag: 1474, ATTACK_RANGE: 40
Distance to flag: 1502, ATTACK_RANGE: 40
Distance to flag: 1674, ATTACK_RANGE: 40
Distance to flag: 1603, ATTACK_RANGE: 40
Distance to flag: 1630, ATTACK_RANGE: 40
Distance to flag: 1622, ATTACK_RANGE: 40
Distance to flag: 1702, ATTACK_RANGE: 40
Distance to flag: 1487, ATTACK_RANGE: 40
Distance to flag: 1675, ATTACK_RANGE: 40
Distance to flag: 1493, ATTACK_RANGE: 40
Distance to flag: 1474, ATTACK_RANGE: 40
Distance to flag: 1500, ATTACK_RANGE: 40
Distance to flag: 1674, ATTACK_RANGE: 40
Distance to flag: 1603, ATTACK_RANGE: 40
Distance to flag: 1631, ATTACK_RANGE: 40
Distance to flag: 1620, ATTACK_RANGE: 40
Distance to flag: 1701, ATTACK_RANGE: 40
Distance to flag: 1487, ATTACK_RANGE: 40
Distance to flag: 1676, ATTACK_RANGE: 40
Distance to flag: 1492, ATTACK_RANGE: 40
Distance to flag: 1473, ATTACK_RANGE: 40
Distance to flag: 1499, ATTACK_RANGE: 40
Distance to flag: 1675, ATTACK_RANGE: 40
Distance to flag: 1603, ATTACK_RANGE: 40
Distance to flag: 1631, ATTACK_RANGE: 40
Distance to flag: 1619, ATTACK_RANGE: 40
Distance to flag: 1700, ATTACK_RANGE: 40
Distance to flag: 1377, ATTACK_RANGE: 40
Distance to flag: 1680, ATTACK_RANGE: 40
Distance to flag: 1398, ATTACK_RANGE: 40
Distance to flag: 1444, ATTACK_RANGE: 40
Distance to flag: 1448, ATTACK_RANGE: 40
Distance to flag: 1681, ATTACK_RANGE: 40
Distance to flag: 1603, ATTACK_RANGE: 40
Distance to flag: 1666, ATTACK_RANGE: 40
Distance to flag: 1602, ATTACK_RANGE: 40
Distance to flag: 1600, ATTACK_RANGE: 40
Distance to flag: 1376, ATTACK_RANGE: 40
Distance to flag: 1681, ATTACK_RANGE: 40
Distance to flag: 1396, ATTACK_RANGE: 40
Distance to flag: 1444, ATTACK_RANGE: 40
Distance to flag: 1448, ATTACK_RANGE: 40
Distance to flag: 1681, ATTACK_RANGE: 40
Distance to flag: 1602, ATTACK_RANGE: 40
Distance to flag: 1666, ATTACK_RANGE: 40
Distance to flag: 1602, ATTACK_RANGE: 40
Distance to flag: 1600, ATTACK_RANGE: 40
Distance to flag: 1374, ATTACK_RANGE: 40
Distance to flag: 1680, ATTACK_RANGE: 40
Distance to flag: 1394, ATTACK_RANGE: 40
Distance to flag: 1444, ATTACK_RANGE: 40
Distance to flag: 1447, ATTACK_RANGE: 40
Distance to flag: 1681, ATTACK_RANGE: 40
Distance to flag: 1602, ATTACK_RANGE: 40
Distance to flag: 1667, ATTACK_RANGE: 40
Distance to flag: 1602, ATTACK_RANGE: 40
Distance to flag: 1600, ATTACK_RANGE: 40
Distance to flag: 1239, ATTACK_RANGE: 40
Distance to flag: 1681, ATTACK_RANGE: 40
Distance to flag: 1259, ATTACK_RANGE: 40
Distance to flag: 1440, ATTACK_RANGE: 40
Distance to flag: 1440, ATTACK_RANGE: 40
Distance to flag: 1681, ATTACK_RANGE: 40
Distance to flag: 1601, ATTACK_RANGE: 40
Distance to flag: 1681, ATTACK_RANGE: 40
Distance to flag: 1601, ATTACK_RANGE: 40
Distance to flag: 1601, ATTACK_RANGE: 40
Distance to flag: 1237, ATTACK_RANGE: 40
Distance to flag: 1680, ATTACK_RANGE: 40
Distance to flag: 1258, ATTACK_RANGE: 40
Distance to flag: 1440, ATTACK_RANGE: 40
Distance to flag: 1440, ATTACK_RANGE: 40
Distance to flag: 1681, ATTACK_RANGE: 40
Distance to flag: 1601, ATTACK_RANGE: 40
Distance to flag: 1682, ATTACK_RANGE: 40
Distance to flag: 1601, ATTACK_RANGE: 40
Distance to flag: 1601, ATTACK_RANGE: 40
Distance to flag: 1236, ATTACK_RANGE: 40
Distance to flag: 1681, ATTACK_RANGE: 40
Distance to flag: 1256, ATTACK_RANGE: 40
Distance to flag: 1440, ATTACK_RANGE: 40
Distance to flag: 1440, ATTACK_RANGE: 40
Distance to flag: 1681, ATTACK_RANGE: 40
Distance to flag: 1601, ATTACK_RANGE: 40
Distance to flag: 1681, ATTACK_RANGE: 40
Distance to flag: 1601, ATTACK_RANGE: 40
Distance to flag: 1601, ATTACK_RANGE: 40
Distance to flag: 1097, ATTACK_RANGE: 40
Distance to flag: 1662, ATTACK_RANGE: 40
Distance to flag: 1119, ATTACK_RANGE: 40
Distance to flag: 1452, ATTACK_RANGE: 40
Distance to flag: 1448, ATTACK_RANGE: 40
Distance to flag: 1663, ATTACK_RANGE: 40
Distance to flag: 1613, ATTACK_RANGE: 40
Distance to flag: 1662, ATTACK_RANGE: 40
Distance to flag: 1613, ATTACK_RANGE: 40
Distance to flag: 1613, ATTACK_RANGE: 40
Distance to flag: 1096, ATTACK_RANGE: 40
Distance to flag: 1662, ATTACK_RANGE: 40
Distance to flag: 1117, ATTACK_RANGE: 40
Distance to flag: 1452, ATTACK_RANGE: 40
Distance to flag: 1448, ATTACK_RANGE: 40
Distance to flag: 1662, ATTACK_RANGE: 40
Distance to flag: 1613, ATTACK_RANGE: 40
Distance to flag: 1663, ATTACK_RANGE: 40
Distance to flag: 1613, ATTACK_RANGE: 40
Distance to flag: 1613, ATTACK_RANGE: 40
Distance to flag: 1094, ATTACK_RANGE: 40
Distance to flag: 1662, ATTACK_RANGE: 40
Distance to flag: 1115, ATTACK_RANGE: 40
Distance to flag: 1452, ATTACK_RANGE: 40
Distance to flag: 1448, ATTACK_RANGE: 40
Distance to flag: 1663, ATTACK_RANGE: 40
Distance to flag: 1613, ATTACK_RANGE: 40
Distance to flag: 1662, ATTACK_RANGE: 40
Distance to flag: 1614, ATTACK_RANGE: 40
Distance to flag: 1613, ATTACK_RANGE: 40
Distance to flag: 1646, ATTACK_RANGE: 40
Distance to flag: 1639, ATTACK_RANGE: 40
Distance to flag: 1646, ATTACK_RANGE: 40
Distance to flag: 1639, ATTACK_RANGE: 40
Distance to flag: 1638, ATTACK_RANGE: 40
Distance to flag: 952, ATTACK_RANGE: 40
Distance to flag: 1646, ATTACK_RANGE: 40
Distance to flag: 973, ATTACK_RANGE: 40
Distance to flag: 1479, ATTACK_RANGE: 40
Distance to flag: 1471, ATTACK_RANGE: 40
Distance to flag: 1646, ATTACK_RANGE: 40
Distance to flag: 1639, ATTACK_RANGE: 40
Distance to flag: 1646, ATTACK_RANGE: 40
Distance to flag: 1639, ATTACK_RANGE: 40
Distance to flag: 1639, ATTACK_RANGE: 40
Distance to flag: 950, ATTACK_RANGE: 40
Distance to flag: 1646, ATTACK_RANGE: 40
Distance to flag: 972, ATTACK_RANGE: 40
Distance to flag: 1479, ATTACK_RANGE: 40
Distance to flag: 1471, ATTACK_RANGE: 40
Distance to flag: 1646, ATTACK_RANGE: 40
Distance to flag: 1639, ATTACK_RANGE: 40
Distance to flag: 1646, ATTACK_RANGE: 40
Distance to flag: 1640, ATTACK_RANGE: 40
Distance to flag: 1639, ATTACK_RANGE: 40
Distance to flag: 948, ATTACK_RANGE: 40
Distance to flag: 1646, ATTACK_RANGE: 40
Distance to flag: 970, ATTACK_RANGE: 40
Distance to flag: 1480, ATTACK_RANGE: 40
Distance to flag: 1472, ATTACK_RANGE: 40
Distance to flag: 1646, ATTACK_RANGE: 40
Distance to flag: 1640, ATTACK_RANGE: 40
Distance to flag: 1646, ATTACK_RANGE: 40
Distance to flag: 1640, ATTACK_RANGE: 40
Distance to flag: 1639, ATTACK_RANGE: 40
Distance to flag: 808, ATTACK_RANGE: 40
Distance to flag: 1632, ATTACK_RANGE: 40
Distance to flag: 833, ATTACK_RANGE: 40
Distance to flag: 1487, ATTACK_RANGE: 40
Distance to flag: 1497, ATTACK_RANGE: 40
Distance to flag: 1632, ATTACK_RANGE: 40
Distance to flag: 1678, ATTACK_RANGE: 40
Distance to flag: 1633, ATTACK_RANGE: 40
Distance to flag: 1678, ATTACK_RANGE: 40
Distance to flag: 1677, ATTACK_RANGE: 40
Distance to flag: 806, ATTACK_RANGE: 40
Distance to flag: 1632, ATTACK_RANGE: 40
Distance to flag: 831, ATTACK_RANGE: 40
Distance to flag: 1488, ATTACK_RANGE: 40
Distance to flag: 1496, ATTACK_RANGE: 40
Distance to flag: 1632, ATTACK_RANGE: 40
Distance to flag: 1678, ATTACK_RANGE: 40
Distance to flag: 1632, ATTACK_RANGE: 40
Distance to flag: 1679, ATTACK_RANGE: 40
Distance to flag: 1678, ATTACK_RANGE: 40
Distance to flag: 804, ATTACK_RANGE: 40
Distance to flag: 1632, ATTACK_RANGE: 40
Distance to flag: 830, ATTACK_RANGE: 40
Distance to flag: 1489, ATTACK_RANGE: 40
Distance to flag: 1496, ATTACK_RANGE: 40
Distance to flag: 1632, ATTACK_RANGE: 40
Distance to flag: 1679, ATTACK_RANGE: 40
Distance to flag: 1633, ATTACK_RANGE: 40
Distance to flag: 1679, ATTACK_RANGE: 40
Distance to flag: 1678, ATTACK_RANGE: 40
Distance to flag: 667, ATTACK_RANGE: 40
Distance to flag: 1625, ATTACK_RANGE: 40
Distance to flag: 689, ATTACK_RANGE: 40
Distance to flag: 1374, ATTACK_RANGE: 40
Distance to flag: 1408, ATTACK_RANGE: 40
Distance to flag: 1625, ATTACK_RANGE: 40
Distance to flag: 1681, ATTACK_RANGE: 40
Distance to flag: 1625, ATTACK_RANGE: 40
Distance to flag: 1680, ATTACK_RANGE: 40
Distance to flag: 1681, ATTACK_RANGE: 40
Distance to flag: 665, ATTACK_RANGE: 40
Distance to flag: 1624, ATTACK_RANGE: 40
Distance to flag: 687, ATTACK_RANGE: 40
Distance to flag: 1373, ATTACK_RANGE: 40
Distance to flag: 1406, ATTACK_RANGE: 40
Distance to flag: 1625, ATTACK_RANGE: 40
Distance to flag: 1680, ATTACK_RANGE: 40
Distance to flag: 1625, ATTACK_RANGE: 40
Distance to flag: 1681, ATTACK_RANGE: 40
Distance to flag: 1681, ATTACK_RANGE: 40
Distance to flag: 664, ATTACK_RANGE: 40
Distance to flag: 1624, ATTACK_RANGE: 40
Distance to flag: 686, ATTACK_RANGE: 40
Distance to flag: 1371, ATTACK_RANGE: 40
Distance to flag: 1404, ATTACK_RANGE: 40
Distance to flag: 1624, ATTACK_RANGE: 40
Distance to flag: 1681, ATTACK_RANGE: 40
Distance to flag: 1624, ATTACK_RANGE: 40
Distance to flag: 1680, ATTACK_RANGE: 40
Distance to flag: 1681, ATTACK_RANGE: 40
Distance to flag: 662, ATTACK_RANGE: 40
Distance to flag: 1624, ATTACK_RANGE: 40
Distance to flag: 684, ATTACK_RANGE: 40
Distance to flag: 1369, ATTACK_RANGE: 40
Distance to flag: 1403, ATTACK_RANGE: 40
Distance to flag: 1624, ATTACK_RANGE: 40
Distance to flag: 521, ATTACK_RANGE: 40
Distance to flag: 1614, ATTACK_RANGE: 40
Distance to flag: 543, ATTACK_RANGE: 40
Distance to flag: 1236, ATTACK_RANGE: 40
Distance to flag: 1269, ATTACK_RANGE: 40
Distance to flag: 1614, ATTACK_RANGE: 40
Distance to flag: 1680, ATTACK_RANGE: 40
Distance to flag: 1615, ATTACK_RANGE: 40
Distance to flag: 1681, ATTACK_RANGE: 40
Distance to flag: 1681, ATTACK_RANGE: 40
Distance to flag: 520, ATTACK_RANGE: 40
Distance to flag: 1614, ATTACK_RANGE: 40
Distance to flag: 542, ATTACK_RANGE: 40
Distance to flag: 1235, ATTACK_RANGE: 40
Distance to flag: 1268, ATTACK_RANGE: 40
Distance to flag: 1614, ATTACK_RANGE: 40
Distance to flag: 1681, ATTACK_RANGE: 40
Distance to flag: 1614, ATTACK_RANGE: 40
Distance to flag: 1680, ATTACK_RANGE: 40
Distance to flag: 1681, ATTACK_RANGE: 40
Distance to flag: 518, ATTACK_RANGE: 40
Distance to flag: 1614, ATTACK_RANGE: 40
Distance to flag: 540, ATTACK_RANGE: 40
Distance to flag: 1233, ATTACK_RANGE: 40
Distance to flag: 1266, ATTACK_RANGE: 40
Distance to flag: 1614, ATTACK_RANGE: 40
Distance to flag: 1680, ATTACK_RANGE: 40
Distance to flag: 1614, ATTACK_RANGE: 40
Distance to flag: 1681, ATTACK_RANGE: 40
Distance to flag: 1681, ATTACK_RANGE: 40
Distance to flag: 384, ATTACK_RANGE: 40
Distance to flag: 1612, ATTACK_RANGE: 40
Distance to flag: 404, ATTACK_RANGE: 40
Distance to flag: 1097, ATTACK_RANGE: 40
Distance to flag: 1132, ATTACK_RANGE: 40
Distance to flag: 1612, ATTACK_RANGE: 40
Distance to flag: 1663, ATTACK_RANGE: 40
Distance to flag: 1612, ATTACK_RANGE: 40
Distance to flag: 1662, ATTACK_RANGE: 40
Distance to flag: 1662, ATTACK_RANGE: 40
Distance to flag: 382, ATTACK_RANGE: 40
Distance to flag: 1611, ATTACK_RANGE: 40
Distance to flag: 402, ATTACK_RANGE: 40
Distance to flag: 1095, ATTACK_RANGE: 40
Distance to flag: 1130, ATTACK_RANGE: 40
Distance to flag: 1612, ATTACK_RANGE: 40
Distance to flag: 1662, ATTACK_RANGE: 40
Distance to flag: 1612, ATTACK_RANGE: 40
Distance to flag: 1662, ATTACK_RANGE: 40
Distance to flag: 1663, ATTACK_RANGE: 40
Distance to flag: 380, ATTACK_RANGE: 40
Distance to flag: 1612, ATTACK_RANGE: 40
Distance to flag: 400, ATTACK_RANGE: 40
Distance to flag: 1093, ATTACK_RANGE: 40
Distance to flag: 1129, ATTACK_RANGE: 40
Distance to flag: 1612, ATTACK_RANGE: 40
Distance to flag: 1663, ATTACK_RANGE: 40
Distance to flag: 1612, ATTACK_RANGE: 40
Distance to flag: 1662, ATTACK_RANGE: 40
Distance to flag: 1662, ATTACK_RANGE: 40
Distance to flag: 265, ATTACK_RANGE: 40
Distance to flag: 1611, ATTACK_RANGE: 40
Distance to flag: 281, ATTACK_RANGE: 40
Distance to flag: 952, ATTACK_RANGE: 40
Distance to flag: 987, ATTACK_RANGE: 40
Distance to flag: 1612, ATTACK_RANGE: 40
Distance to flag: 1646, ATTACK_RANGE: 40
Distance to flag: 1612, ATTACK_RANGE: 40
Distance to flag: 1646, ATTACK_RANGE: 40
Distance to flag: 1646, ATTACK_RANGE: 40
Distance to flag: 264, ATTACK_RANGE: 40
Distance to flag: 1612, ATTACK_RANGE: 40
Distance to flag: 279, ATTACK_RANGE: 40
Distance to flag: 950, ATTACK_RANGE: 40
Distance to flag: 985, ATTACK_RANGE: 40
Distance to flag: 1612, ATTACK_RANGE: 40
Distance to flag: 1646, ATTACK_RANGE: 40
Distance to flag: 1612, ATTACK_RANGE: 40
Distance to flag: 1646, ATTACK_RANGE: 40
Distance to flag: 1646, ATTACK_RANGE: 40
Distance to flag: 262, ATTACK_RANGE: 40
Distance to flag: 1611, ATTACK_RANGE: 40
Distance to flag: 278, ATTACK_RANGE: 40
Distance to flag: 948, ATTACK_RANGE: 40
Distance to flag: 983, ATTACK_RANGE: 40
Distance to flag: 1612, ATTACK_RANGE: 40
Distance to flag: 1646, ATTACK_RANGE: 40
Distance to flag: 1612, ATTACK_RANGE: 40
Distance to flag: 1646, ATTACK_RANGE: 40
Distance to flag: 1646, ATTACK_RANGE: 40
Distance to flag: 1611, ATTACK_RANGE: 40
Distance to flag: 808, ATTACK_RANGE: 40
Distance to flag: 843, ATTACK_RANGE: 40
Distance to flag: 1612, ATTACK_RANGE: 40
Distance to flag: 1632, ATTACK_RANGE: 40
Distance to flag: 1612, ATTACK_RANGE: 40
Distance to flag: 1632, ATTACK_RANGE: 40
Distance to flag: 1632, ATTACK_RANGE: 40
Distance to flag: 1612, ATTACK_RANGE: 40
Distance to flag: 1613, ATTACK_RANGE: 40
Distance to flag: 804, ATTACK_RANGE: 40
Distance to flag: 839, ATTACK_RANGE: 40
Distance to flag: 1614, ATTACK_RANGE: 40
Distance to flag: 1632, ATTACK_RANGE: 40
Distance to flag: 1614, ATTACK_RANGE: 40
Distance to flag: 1632, ATTACK_RANGE: 40
Distance to flag: 1632, ATTACK_RANGE: 40
Distance to flag: 1632, ATTACK_RANGE: 40
Distance to flag: 662, ATTACK_RANGE: 40
Distance to flag: 698, ATTACK_RANGE: 40
Distance to flag: 1632, ATTACK_RANGE: 40
Distance to flag: 1624, ATTACK_RANGE: 40
Distance to flag: 1632, ATTACK_RANGE: 40
Distance to flag: 1624, ATTACK_RANGE: 40
Distance to flag: 1624, ATTACK_RANGE: 40
Distance to flag: 1632, ATTACK_RANGE: 40
Distance to flag: 660, ATTACK_RANGE: 40
Distance to flag: 696, ATTACK_RANGE: 40
Distance to flag: 1632, ATTACK_RANGE: 40
Distance to flag: 1623, ATTACK_RANGE: 40
Distance to flag: 1632, ATTACK_RANGE: 40
Distance to flag: 1623, ATTACK_RANGE: 40
Distance to flag: 1623, ATTACK_RANGE: 40
Distance to flag: 1632, ATTACK_RANGE: 40
Distance to flag: 659, ATTACK_RANGE: 40
Distance to flag: 695, ATTACK_RANGE: 40
Distance to flag: 1632, ATTACK_RANGE: 40
Distance to flag: 1623, ATTACK_RANGE: 40
Distance to flag: 1632, ATTACK_RANGE: 40
Distance to flag: 1623, ATTACK_RANGE: 40
Distance to flag: 1623, ATTACK_RANGE: 40
Distance to flag: 1634, ATTACK_RANGE: 40
Distance to flag: 516, ATTACK_RANGE: 40
Distance to flag: 552, ATTACK_RANGE: 40
Distance to flag: 1634, ATTACK_RANGE: 40
Distance to flag: 1614, ATTACK_RANGE: 40
Distance to flag: 1634, ATTACK_RANGE: 40
Distance to flag: 1613, ATTACK_RANGE: 40
Distance to flag: 1613, ATTACK_RANGE: 40
Distance to flag: 1634, ATTACK_RANGE: 40
Distance to flag: 515, ATTACK_RANGE: 40
Distance to flag: 550, ATTACK_RANGE: 40
Distance to flag: 1634, ATTACK_RANGE: 40
Distance to flag: 1613, ATTACK_RANGE: 40
Distance to flag: 1634, ATTACK_RANGE: 40
Distance to flag: 1613, ATTACK_RANGE: 40
Distance to flag: 1613, ATTACK_RANGE: 40
Distance to flag: 1634, ATTACK_RANGE: 40
Distance to flag: 513, ATTACK_RANGE: 40
Distance to flag: 549, ATTACK_RANGE: 40
Distance to flag: 1634, ATTACK_RANGE: 40
Distance to flag: 1613, ATTACK_RANGE: 40
Distance to flag: 1634, ATTACK_RANGE: 40
Distance to flag: 1613, ATTACK_RANGE: 40
Distance to flag: 1613, ATTACK_RANGE: 40
Distance to flag: 1649, ATTACK_RANGE: 40
Distance to flag: 377, ATTACK_RANGE: 40
Distance to flag: 409, ATTACK_RANGE: 40
Distance to flag: 1649, ATTACK_RANGE: 40
Distance to flag: 1612, ATTACK_RANGE: 40
Distance to flag: 1649, ATTACK_RANGE: 40
Distance to flag: 1612, ATTACK_RANGE: 40
Distance to flag: 1612, ATTACK_RANGE: 40
Distance to flag: 1649, ATTACK_RANGE: 40
Distance to flag: 376, ATTACK_RANGE: 40
Distance to flag: 408, ATTACK_RANGE: 40
Distance to flag: 1649, ATTACK_RANGE: 40
Distance to flag: 1611, ATTACK_RANGE: 40
Distance to flag: 1649, ATTACK_RANGE: 40
Distance to flag: 1611, ATTACK_RANGE: 40
Distance to flag: 1611, ATTACK_RANGE: 40
Distance to flag: 1649, ATTACK_RANGE: 40
Distance to flag: 374, ATTACK_RANGE: 40
Distance to flag: 406, ATTACK_RANGE: 40
Distance to flag: 1650, ATTACK_RANGE: 40
Distance to flag: 1612, ATTACK_RANGE: 40
Distance to flag: 1649, ATTACK_RANGE: 40
Distance to flag: 1612, ATTACK_RANGE: 40
Distance to flag: 1612, ATTACK_RANGE: 40
Distance to flag: 1619, ATTACK_RANGE: 40
Distance to flag: 260, ATTACK_RANGE: 40
Distance to flag: 285, ATTACK_RANGE: 40
Distance to flag: 1619, ATTACK_RANGE: 40
Distance to flag: 1611, ATTACK_RANGE: 40
Distance to flag: 1619, ATTACK_RANGE: 40
Distance to flag: 1611, ATTACK_RANGE: 40
Distance to flag: 1611, ATTACK_RANGE: 40
Distance to flag: 1617, ATTACK_RANGE: 40
Distance to flag: 259, ATTACK_RANGE: 40
Distance to flag: 284, ATTACK_RANGE: 40
Distance to flag: 1617, ATTACK_RANGE: 40
Distance to flag: 1612, ATTACK_RANGE: 40
Distance to flag: 1617, ATTACK_RANGE: 40
Distance to flag: 1612, ATTACK_RANGE: 40
Distance to flag: 1612, ATTACK_RANGE: 40
Distance to flag: 1616, ATTACK_RANGE: 40
Distance to flag: 257, ATTACK_RANGE: 40
Distance to flag: 282, ATTACK_RANGE: 40
Distance to flag: 1616, ATTACK_RANGE: 40
Distance to flag: 1611, ATTACK_RANGE: 40
Distance to flag: 1616, ATTACK_RANGE: 40
Distance to flag: 1611, ATTACK_RANGE: 40
Distance to flag: 1611, ATTACK_RANGE: 40
Distance to flag: 1494, ATTACK_RANGE: 40
Distance to flag: 1612, ATTACK_RANGE: 40
Distance to flag: 1612, ATTACK_RANGE: 40
Distance to flag: 1493, ATTACK_RANGE: 40
Distance to flag: 1493, ATTACK_RANGE: 40
Distance to flag: 1612, ATTACK_RANGE: 40
Distance to flag: 1493, ATTACK_RANGE: 40
Distance to flag: 1612, ATTACK_RANGE: 40
Distance to flag: 1612, ATTACK_RANGE: 40
Distance to flag: 1491, ATTACK_RANGE: 40
Distance to flag: 1491, ATTACK_RANGE: 40
Distance to flag: 1611, ATTACK_RANGE: 40
Distance to flag: 1491, ATTACK_RANGE: 40
Distance to flag: 1611, ATTACK_RANGE: 40
Distance to flag: 1611, ATTACK_RANGE: 40
Distance to flag: 1490, ATTACK_RANGE: 40
Distance to flag: 1490, ATTACK_RANGE: 40
Distance to flag: 1612, ATTACK_RANGE: 40
Distance to flag: 1490, ATTACK_RANGE: 40
Distance to flag: 1612, ATTACK_RANGE: 40
Distance to flag: 1612, ATTACK_RANGE: 40
Distance to flag: 1488, ATTACK_RANGE: 40
Distance to flag: 1488, ATTACK_RANGE: 40
Distance to flag: 1611, ATTACK_RANGE: 40
Distance to flag: 1488, ATTACK_RANGE: 40
Distance to flag: 1611, ATTACK_RANGE: 40
Distance to flag: 1611, ATTACK_RANGE: 40
Distance to flag: 1446, ATTACK_RANGE: 40
Distance to flag: 1446, ATTACK_RANGE: 40
Distance to flag: 1602, ATTACK_RANGE: 40
Distance to flag: 1446, ATTACK_RANGE: 40
Distance to flag: 1601, ATTACK_RANGE: 40
Distance to flag: 1601, ATTACK_RANGE: 40
Distance to flag: 1446, ATTACK_RANGE: 40
Distance to flag: 1446, ATTACK_RANGE: 40
Distance to flag: 1602, ATTACK_RANGE: 40
Distance to flag: 1446, ATTACK_RANGE: 40
Distance to flag: 1601, ATTACK_RANGE: 40
Distance to flag: 1601, ATTACK_RANGE: 40
Distance to flag: 1446, ATTACK_RANGE: 40
Distance to flag: 1446, ATTACK_RANGE: 40
Distance to flag: 1601, ATTACK_RANGE: 40
Distance to flag: 1446, ATTACK_RANGE: 40
Distance to flag: 1601, ATTACK_RANGE: 40
Distance to flag: 1601, ATTACK_RANGE: 40
Distance to flag: 1440, ATTACK_RANGE: 40
Distance to flag: 1440, ATTACK_RANGE: 40
Distance to flag: 1601, ATTACK_RANGE: 40
Distance to flag: 1440, ATTACK_RANGE: 40
Distance to flag: 1601, ATTACK_RANGE: 40
Distance to flag: 1601, ATTACK_RANGE: 40
Distance to flag: 1440, ATTACK_RANGE: 40
Distance to flag: 1440, ATTACK_RANGE: 40
Distance to flag: 1601, ATTACK_RANGE: 40
Distance to flag: 1440, ATTACK_RANGE: 40
Distance to flag: 1601, ATTACK_RANGE: 40
Distance to flag: 1601, ATTACK_RANGE: 40
Distance to flag: 1440, ATTACK_RANGE: 40
Distance to flag: 1440, ATTACK_RANGE: 40
Distance to flag: 1601, ATTACK_RANGE: 40
Distance to flag: 1440, ATTACK_RANGE: 40
Distance to flag: 1601, ATTACK_RANGE: 40
Distance to flag: 1601, ATTACK_RANGE: 40
Distance to flag: 1440, ATTACK_RANGE: 40
Distance to flag: 1449, ATTACK_RANGE: 40
Distance to flag: 1449, ATTACK_RANGE: 40
Distance to flag: 1611, ATTACK_RANGE: 40
Distance to flag: 1449, ATTACK_RANGE: 40
Distance to flag: 1611, ATTACK_RANGE: 40
Distance to flag: 1611, ATTACK_RANGE: 40
Distance to flag: 1449, ATTACK_RANGE: 40
Distance to flag: 1449, ATTACK_RANGE: 40
Distance to flag: 1612, ATTACK_RANGE: 40
Distance to flag: 1449, ATTACK_RANGE: 40
Distance to flag: 1611, ATTACK_RANGE: 40
Distance to flag: 1611, ATTACK_RANGE: 40
Distance to flag: 1450, ATTACK_RANGE: 40
Distance to flag: 1450, ATTACK_RANGE: 40
Distance to flag: 1612, ATTACK_RANGE: 40
Distance to flag: 1450, ATTACK_RANGE: 40
Distance to flag: 1612, ATTACK_RANGE: 40
Distance to flag: 1612, ATTACK_RANGE: 40
Distance to flag: 1474, ATTACK_RANGE: 40
Distance to flag: 1474, ATTACK_RANGE: 40
Distance to flag: 1635, ATTACK_RANGE: 40
Distance to flag: 1474, ATTACK_RANGE: 40
Distance to flag: 1635, ATTACK_RANGE: 40
Distance to flag: 1635, ATTACK_RANGE: 40
Distance to flag: 1474, ATTACK_RANGE: 40
Distance to flag: 1474, ATTACK_RANGE: 40
Distance to flag: 1636, ATTACK_RANGE: 40
Distance to flag: 1474, ATTACK_RANGE: 40
Distance to flag: 1635, ATTACK_RANGE: 40
Distance to flag: 1635, ATTACK_RANGE: 40
Distance to flag: 1474, ATTACK_RANGE: 40
Distance to flag: 1474, ATTACK_RANGE: 40
Distance to flag: 1636, ATTACK_RANGE: 40
Distance to flag: 1474, ATTACK_RANGE: 40
Distance to flag: 1636, ATTACK_RANGE: 40
Distance to flag: 1636, ATTACK_RANGE: 40
Distance to flag: 1492, ATTACK_RANGE: 40
Distance to flag: 1492, ATTACK_RANGE: 40
Distance to flag: 1673, ATTACK_RANGE: 40
Distance to flag: 1492, ATTACK_RANGE: 40
Distance to flag: 1672, ATTACK_RANGE: 40
Distance to flag: 1672, ATTACK_RANGE: 40
Distance to flag: 1491, ATTACK_RANGE: 40
Distance to flag: 1491, ATTACK_RANGE: 40
Distance to flag: 1673, ATTACK_RANGE: 40
Distance to flag: 1491, ATTACK_RANGE: 40
Distance to flag: 1673, ATTACK_RANGE: 40
Distance to flag: 1673, ATTACK_RANGE: 40
Distance to flag: 1491, ATTACK_RANGE: 40
Distance to flag: 1491, ATTACK_RANGE: 40
Distance to flag: 1674, ATTACK_RANGE: 40
Distance to flag: 1491, ATTACK_RANGE: 40
Distance to flag: 1674, ATTACK_RANGE: 40
Distance to flag: 1673, ATTACK_RANGE: 40
Distance to flag: 1395, ATTACK_RANGE: 40
Distance to flag: 1395, ATTACK_RANGE: 40
Distance to flag: 1681, ATTACK_RANGE: 40
Distance to flag: 1395, ATTACK_RANGE: 40
Distance to flag: 1681, ATTACK_RANGE: 40
Distance to flag: 1682, ATTACK_RANGE: 40
Distance to flag: 1393, ATTACK_RANGE: 40
Distance to flag: 1393, ATTACK_RANGE: 40
Distance to flag: 1682, ATTACK_RANGE: 40
Distance to flag: 1393, ATTACK_RANGE: 40
Distance to flag: 1682, ATTACK_RANGE: 40
Distance to flag: 1682, ATTACK_RANGE: 40
Distance to flag: 1391, ATTACK_RANGE: 40
Distance to flag: 1391, ATTACK_RANGE: 40
Distance to flag: 1681, ATTACK_RANGE: 40
Distance to flag: 1391, ATTACK_RANGE: 40
Distance to flag: 1681, ATTACK_RANGE: 40
Distance to flag: 1682, ATTACK_RANGE: 40
Distance to flag: 1251, ATTACK_RANGE: 40
Distance to flag: 1251, ATTACK_RANGE: 40
Distance to flag: 1663, ATTACK_RANGE: 40
Distance to flag: 1251, ATTACK_RANGE: 40
Distance to flag: 1663, ATTACK_RANGE: 40
Distance to flag: 1663, ATTACK_RANGE: 40
Distance to flag: 1249, ATTACK_RANGE: 40
Distance to flag: 1249, ATTACK_RANGE: 40
Distance to flag: 1663, ATTACK_RANGE: 40
Distance to flag: 1249, ATTACK_RANGE: 40
Distance to flag: 1663, ATTACK_RANGE: 40
Distance to flag: 1663, ATTACK_RANGE: 40
Distance to flag: 1247, ATTACK_RANGE: 40
Distance to flag: 1247, ATTACK_RANGE: 40
Distance to flag: 1663, ATTACK_RANGE: 40
Distance to flag: 1247, ATTACK_RANGE: 40
Distance to flag: 1663, ATTACK_RANGE: 40
Distance to flag: 1663, ATTACK_RANGE: 40
Distance to flag: 1107, ATTACK_RANGE: 40
Distance to flag: 1107, ATTACK_RANGE: 40
Distance to flag: 1647, ATTACK_RANGE: 40
Distance to flag: 1107, ATTACK_RANGE: 40
Distance to flag: 1647, ATTACK_RANGE: 40
Distance to flag: 1647, ATTACK_RANGE: 40
Distance to flag: 1105, ATTACK_RANGE: 40
Distance to flag: 1105, ATTACK_RANGE: 40
Distance to flag: 1647, ATTACK_RANGE: 40
Distance to flag: 1105, ATTACK_RANGE: 40
Distance to flag: 1647, ATTACK_RANGE: 40
Distance to flag: 1647, ATTACK_RANGE: 40
Distance to flag: 1104, ATTACK_RANGE: 40
Distance to flag: 1104, ATTACK_RANGE: 40
Distance to flag: 1647, ATTACK_RANGE: 40
Distance to flag: 1104, ATTACK_RANGE: 40
Distance to flag: 1647, ATTACK_RANGE: 40
Distance to flag: 1647, ATTACK_RANGE: 40
Distance to flag: 962, ATTACK_RANGE: 40
Distance to flag: 962, ATTACK_RANGE: 40
Distance to flag: 1633, ATTACK_RANGE: 40
Distance to flag: 962, ATTACK_RANGE: 40
Distance to flag: 1633, ATTACK_RANGE: 40
Distance to flag: 1633, ATTACK_RANGE: 40
Distance to flag: 960, ATTACK_RANGE: 40
Distance to flag: 960, ATTACK_RANGE: 40
Distance to flag: 1633, ATTACK_RANGE: 40
Distance to flag: 960, ATTACK_RANGE: 40
Distance to flag: 1633, ATTACK_RANGE: 40
Distance to flag: 1633, ATTACK_RANGE: 40
Distance to flag: 959, ATTACK_RANGE: 40
Distance to flag: 959, ATTACK_RANGE: 40
Distance to flag: 1633, ATTACK_RANGE: 40
Distance to flag: 959, ATTACK_RANGE: 40
Distance to flag: 1633, ATTACK_RANGE: 40
Distance to flag: 1633, ATTACK_RANGE: 40
Distance to flag: 820, ATTACK_RANGE: 40
Distance to flag: 820, ATTACK_RANGE: 40
Distance to flag: 1622, ATTACK_RANGE: 40
Distance to flag: 820, ATTACK_RANGE: 40
Distance to flag: 1621, ATTACK_RANGE: 40
Distance to flag: 1621, ATTACK_RANGE: 40
Distance to flag: 818, ATTACK_RANGE: 40
Distance to flag: 818, ATTACK_RANGE: 40
Distance to flag: 1621, ATTACK_RANGE: 40
Distance to flag: 818, ATTACK_RANGE: 40
Distance to flag: 1622, ATTACK_RANGE: 40
Distance to flag: 1622, ATTACK_RANGE: 40
Distance to flag: 816, ATTACK_RANGE: 40
Distance to flag: 816, ATTACK_RANGE: 40
Distance to flag: 1622, ATTACK_RANGE: 40
Distance to flag: 816, ATTACK_RANGE: 40
Distance to flag: 1621, ATTACK_RANGE: 40
Distance to flag: 1621, ATTACK_RANGE: 40
Distance to flag: 677, ATTACK_RANGE: 40
Distance to flag: 677, ATTACK_RANGE: 40
Distance to flag: 1612, ATTACK_RANGE: 40
Distance to flag: 677, ATTACK_RANGE: 40
Distance to flag: 1612, ATTACK_RANGE: 40
Distance to flag: 1613, ATTACK_RANGE: 40
Distance to flag: 675, ATTACK_RANGE: 40
Distance to flag: 675, ATTACK_RANGE: 40
Distance to flag: 1613, ATTACK_RANGE: 40
Distance to flag: 675, ATTACK_RANGE: 40
Distance to flag: 1613, ATTACK_RANGE: 40
Distance to flag: 1612, ATTACK_RANGE: 40
Distance to flag: 673, ATTACK_RANGE: 40
Distance to flag: 673, ATTACK_RANGE: 40
Distance to flag: 1612, ATTACK_RANGE: 40
Distance to flag: 673, ATTACK_RANGE: 40
Distance to flag: 1612, ATTACK_RANGE: 40
Distance to flag: 1613, ATTACK_RANGE: 40
Distance to flag: 672, ATTACK_RANGE: 40
Distance to flag: 672, ATTACK_RANGE: 40
Distance to flag: 1613, ATTACK_RANGE: 40
Distance to flag: 672, ATTACK_RANGE: 40
Distance to flag: 1613, ATTACK_RANGE: 40
Distance to flag: 1612, ATTACK_RANGE: 40
Distance to flag: 533, ATTACK_RANGE: 40
Distance to flag: 533, ATTACK_RANGE: 40
Distance to flag: 1606, ATTACK_RANGE: 40
Distance to flag: 533, ATTACK_RANGE: 40
Distance to flag: 1606, ATTACK_RANGE: 40
Distance to flag: 1606, ATTACK_RANGE: 40
Distance to flag: 531, ATTACK_RANGE: 40
Distance to flag: 531, ATTACK_RANGE: 40
Distance to flag: 1606, ATTACK_RANGE: 40
Distance to flag: 531, ATTACK_RANGE: 40
Distance to flag: 1606, ATTACK_RANGE: 40
Distance to flag: 1606, ATTACK_RANGE: 40
Distance to flag: 529, ATTACK_RANGE: 40
Distance to flag: 529, ATTACK_RANGE: 40
Distance to flag: 1606, ATTACK_RANGE: 40
Distance to flag: 529, ATTACK_RANGE: 40
Distance to flag: 1606, ATTACK_RANGE: 40
Distance to flag: 1606, ATTACK_RANGE: 40
Distance to flag: 391, ATTACK_RANGE: 40
Distance to flag: 391, ATTACK_RANGE: 40
Distance to flag: 1602, ATTACK_RANGE: 40
Distance to flag: 391, ATTACK_RANGE: 40
Distance to flag: 1602, ATTACK_RANGE: 40
Distance to flag: 1602, ATTACK_RANGE: 40
Distance to flag: 390, ATTACK_RANGE: 40
Distance to flag: 390, ATTACK_RANGE: 40
Distance to flag: 1602, ATTACK_RANGE: 40
Distance to flag: 390, ATTACK_RANGE: 40
Distance to flag: 1602, ATTACK_RANGE: 40
Distance to flag: 1602, ATTACK_RANGE: 40
Distance to flag: 388, ATTACK_RANGE: 40
Distance to flag: 388, ATTACK_RANGE: 40
Distance to flag: 1602, ATTACK_RANGE: 40
Distance to flag: 388, ATTACK_RANGE: 40
Distance to flag: 1602, ATTACK_RANGE: 40
Distance to flag: 1602, ATTACK_RANGE: 40
Distance to flag: 252, ATTACK_RANGE: 40
Distance to flag: 252, ATTACK_RANGE: 40
Distance to flag: 1601, ATTACK_RANGE: 40
Distance to flag: 252, ATTACK_RANGE: 40
Distance to flag: 1601, ATTACK_RANGE: 40
Distance to flag: 1601, ATTACK_RANGE: 40
Distance to flag: 250, ATTACK_RANGE: 40
Distance to flag: 250, ATTACK_RANGE: 40
Distance to flag: 1601, ATTACK_RANGE: 40
Distance to flag: 250, ATTACK_RANGE: 40
Distance to flag: 1601, ATTACK_RANGE: 40
Distance to flag: 1601, ATTACK_RANGE: 40
Distance to flag: 249, ATTACK_RANGE: 40
Distance to flag: 249, ATTACK_RANGE: 40
Distance to flag: 1601, ATTACK_RANGE: 40
Distance to flag: 249, ATTACK_RANGE: 40
Distance to flag: 1601, ATTACK_RANGE: 40
Distance to flag: 1601, ATTACK_RANGE: 40
Distance to flag: 1629, ATTACK_RANGE: 40
Distance to flag: 160, ATTACK_RANGE: 40
Distance to flag: 1629, ATTACK_RANGE: 40
Distance to flag: 1629, ATTACK_RANGE: 40
Distance to flag: 1629, ATTACK_RANGE: 40
Distance to flag: 160, ATTACK_RANGE: 40
Distance to flag: 1629, ATTACK_RANGE: 40
Distance to flag: 1629, ATTACK_RANGE: 40
Distance to flag: 1629, ATTACK_RANGE: 40
Distance to flag: 159, ATTACK_RANGE: 40
Distance to flag: 1629, ATTACK_RANGE: 40
Distance to flag: 1629, ATTACK_RANGE: 40
Distance to flag: 1644, ATTACK_RANGE: 40
Distance to flag: 1644, ATTACK_RANGE: 40
Distance to flag: 1644, ATTACK_RANGE: 40
Distance to flag: 1645, ATTACK_RANGE: 40
Distance to flag: 1645, ATTACK_RANGE: 40
Distance to flag: 1645, ATTACK_RANGE: 40
Distance to flag: 1645, ATTACK_RANGE: 40
Distance to flag: 1645, ATTACK_RANGE: 40
Distance to flag: 1645, ATTACK_RANGE: 40
Distance to flag: 1637, ATTACK_RANGE: 40
Distance to flag: 1637, ATTACK_RANGE: 40
Distance to flag: 1636, ATTACK_RANGE: 40
Distance to flag: 1638, ATTACK_RANGE: 40
Distance to flag: 1638, ATTACK_RANGE: 40
Distance to flag: 1637, ATTACK_RANGE: 40
Distance to flag: 1638, ATTACK_RANGE: 40
Distance to flag: 1638, ATTACK_RANGE: 40
Distance to flag: 1637, ATTACK_RANGE: 40
Distance to flag: 1637, ATTACK_RANGE: 40
Distance to flag: 1637, ATTACK_RANGE: 40
Distance to flag: 1636, ATTACK_RANGE: 40
Distance to flag: 1517, ATTACK_RANGE: 40
Distance to flag: 1517, ATTACK_RANGE: 40
Distance to flag: 1517, ATTACK_RANGE: 40
Distance to flag: 1516, ATTACK_RANGE: 40
Distance to flag: 1516, ATTACK_RANGE: 40
Distance to flag: 1516, ATTACK_RANGE: 40
Distance to flag: 1514, ATTACK_RANGE: 40
Distance to flag: 1514, ATTACK_RANGE: 40
Distance to flag: 1514, ATTACK_RANGE: 40
Distance to flag: 1451, ATTACK_RANGE: 40
Distance to flag: 1451, ATTACK_RANGE: 40
Distance to flag: 1451, ATTACK_RANGE: 40
Distance to flag: 1450, ATTACK_RANGE: 40
Distance to flag: 1450, ATTACK_RANGE: 40
Distance to flag: 1450, ATTACK_RANGE: 40
Distance to flag: 1450, ATTACK_RANGE: 40
Distance to flag: 1450, ATTACK_RANGE: 40
Distance to flag: 1450, ATTACK_RANGE: 40
Distance to flag: 1440, ATTACK_RANGE: 40
Distance to flag: 1440, ATTACK_RANGE: 40
Distance to flag: 1440, ATTACK_RANGE: 40
Distance to flag: 1440, ATTACK_RANGE: 40
Distance to flag: 1440, ATTACK_RANGE: 40
Distance to flag: 1440, ATTACK_RANGE: 40
Distance to flag: 1440, ATTACK_RANGE: 40
Distance to flag: 1440, ATTACK_RANGE: 40
Distance to flag: 1440, ATTACK_RANGE: 40
Distance to flag: 1446, ATTACK_RANGE: 40
Distance to flag: 1446, ATTACK_RANGE: 40
Distance to flag: 1446, ATTACK_RANGE: 40
Distance to flag: 1446, ATTACK_RANGE: 40
Distance to flag: 1446, ATTACK_RANGE: 40
Distance to flag: 1446, ATTACK_RANGE: 40
Distance to flag: 1446, ATTACK_RANGE: 40
Distance to flag: 1446, ATTACK_RANGE: 40
Distance to flag: 1446, ATTACK_RANGE: 40
Distance to flag: 1467, ATTACK_RANGE: 40
Distance to flag: 1467, ATTACK_RANGE: 40
Distance to flag: 1467, ATTACK_RANGE: 40
Distance to flag: 1468, ATTACK_RANGE: 40
Distance to flag: 1468, ATTACK_RANGE: 40
Distance to flag: 1468, ATTACK_RANGE: 40
Distance to flag: 1468, ATTACK_RANGE: 40
Distance to flag: 1468, ATTACK_RANGE: 40
Distance to flag: 1468, ATTACK_RANGE: 40
Distance to flag: 1503, ATTACK_RANGE: 40
Distance to flag: 1503, ATTACK_RANGE: 40
Distance to flag: 1504, ATTACK_RANGE: 40
Distance to flag: 1503, ATTACK_RANGE: 40
Distance to flag: 1503, ATTACK_RANGE: 40
Distance to flag: 1503, ATTACK_RANGE: 40
Distance to flag: 1502, ATTACK_RANGE: 40
Distance to flag: 1502, ATTACK_RANGE: 40
Distance to flag: 1502, ATTACK_RANGE: 40
Distance to flag: 1423, ATTACK_RANGE: 40
Distance to flag: 1423, ATTACK_RANGE: 40
Distance to flag: 1423, ATTACK_RANGE: 40
Distance to flag: 1421, ATTACK_RANGE: 40
Distance to flag: 1421, ATTACK_RANGE: 40
Distance to flag: 1421, ATTACK_RANGE: 40
Distance to flag: 1420, ATTACK_RANGE: 40
Distance to flag: 1420, ATTACK_RANGE: 40
Distance to flag: 1419, ATTACK_RANGE: 40
Distance to flag: 1286, ATTACK_RANGE: 40
Distance to flag: 1286, ATTACK_RANGE: 40
Distance to flag: 1286, ATTACK_RANGE: 40
Distance to flag: 1284, ATTACK_RANGE: 40
Distance to flag: 1284, ATTACK_RANGE: 40
Distance to flag: 1284, ATTACK_RANGE: 40
Distance to flag: 1283, ATTACK_RANGE: 40
Distance to flag: 1283, ATTACK_RANGE: 40
Distance to flag: 1283, ATTACK_RANGE: 40
Distance to flag: 1147, ATTACK_RANGE: 40
Distance to flag: 1147, ATTACK_RANGE: 40
Distance to flag: 1146, ATTACK_RANGE: 40
Distance to flag: 1146, ATTACK_RANGE: 40
Distance to flag: 1146, ATTACK_RANGE: 40
Distance to flag: 1144, ATTACK_RANGE: 40
Distance to flag: 1144, ATTACK_RANGE: 40
Distance to flag: 1144, ATTACK_RANGE: 40
Distance to flag: 1142, ATTACK_RANGE: 40
Distance to flag: 1142, ATTACK_RANGE: 40
Distance to flag: 1142, ATTACK_RANGE: 40
Distance to flag: 1002, ATTACK_RANGE: 40
Distance to flag: 1002, ATTACK_RANGE: 40
Distance to flag: 1002, ATTACK_RANGE: 40
Distance to flag: 1000, ATTACK_RANGE: 40
Distance to flag: 1000, ATTACK_RANGE: 40
Distance to flag: 1000, ATTACK_RANGE: 40
Distance to flag: 998, ATTACK_RANGE: 40
Distance to flag: 998, ATTACK_RANGE: 40
Distance to flag: 998, ATTACK_RANGE: 40
Distance to flag: 858, ATTACK_RANGE: 40
Distance to flag: 858, ATTACK_RANGE: 40
Distance to flag: 858, ATTACK_RANGE: 40
Distance to flag: 856, ATTACK_RANGE: 40
Distance to flag: 856, ATTACK_RANGE: 40
Distance to flag: 856, ATTACK_RANGE: 40
Distance to flag: 854, ATTACK_RANGE: 40
Distance to flag: 854, ATTACK_RANGE: 40
Distance to flag: 854, ATTACK_RANGE: 40
Distance to flag: 853, ATTACK_RANGE: 40
Distance to flag: 853, ATTACK_RANGE: 40
Distance to flag: 852, ATTACK_RANGE: 40
Distance to flag: 715, ATTACK_RANGE: 40
Distance to flag: 715, ATTACK_RANGE: 40
Distance to flag: 715, ATTACK_RANGE: 40
Distance to flag: 714, ATTACK_RANGE: 40
Distance to flag: 714, ATTACK_RANGE: 40
Distance to flag: 714, ATTACK_RANGE: 40
Distance to flag: 712, ATTACK_RANGE: 40
Distance to flag: 712, ATTACK_RANGE: 40
Distance to flag: 712, ATTACK_RANGE: 40
Distance to flag: 572, ATTACK_RANGE: 40
Distance to flag: 572, ATTACK_RANGE: 40
Distance to flag: 572, ATTACK_RANGE: 40
Distance to flag: 570, ATTACK_RANGE: 40
Distance to flag: 570, ATTACK_RANGE: 40
Distance to flag: 570, ATTACK_RANGE: 40
Distance to flag: 568, ATTACK_RANGE: 40
Distance to flag: 568, ATTACK_RANGE: 40
Distance to flag: 568, ATTACK_RANGE: 40
Distance to flag: 426, ATTACK_RANGE: 40
Distance to flag: 426, ATTACK_RANGE: 40
Distance to flag: 426, ATTACK_RANGE: 40
Distance to flag: 424, ATTACK_RANGE: 40
Distance to flag: 424, ATTACK_RANGE: 40
Distance to flag: 424, ATTACK_RANGE: 40
Distance to flag: 422, ATTACK_RANGE: 40
Distance to flag: 422, ATTACK_RANGE: 40
Distance to flag: 422, ATTACK_RANGE: 40
