Godot Engine v4.2.1.stable.official.b09f793f5 - https://godotengine.org
Vulkan API 1.3.292 - Forward+ - Using Vulkan Device #0: AMD - AMD Radeon RX 7800 XT
 
Grid: Ready called
Flag: Initializing...
Flag: Setting up Attackable component...
Flag: Attackable component initialized with health: 100
Flag: Health bar found and initialized
Flag: Health changed - Current: 100 Maximum: 100
USER WARNING: Nodes with non-equal opposite anchors will have their size overridden after _ready(). 
If you want to set size, change the anchors or consider using set_deferred().
   at: _set_size (scene/gui/control.cpp:1440)
Flag: Health bar width updated to: 64
Flag: Health bar updated - Size: (64, 8) Color: (0, 1, 0, 1)
Calculated target position: (1920, 540)
Distance to flag: 1909, ATTACK_RANGE: 40
Distance to flag: 1907, ATTACK_RANGE: 40
Distance to flag: 1906, ATTACK_RANGE: 40
Calculated target position: (1920, 540)
Distance to flag: 1782, ATTACK_RANGE: 40
Distance to flag: 1840, ATTACK_RANGE: 40
Calculated target position: (1920, 540)
Distance to flag: 1733, ATTACK_RANGE: 40
Distance to flag: 1791, ATTACK_RANGE: 40
Distance to flag: 1915, ATTACK_RANGE: 40
Distance to flag: 1733, ATTACK_RANGE: 40
Distance to flag: 1790, ATTACK_RANGE: 40
Distance to flag: 1915, ATTACK_RANGE: 40
Calculated target position: (1920, 540)
Distance to flag: 1602, ATTACK_RANGE: 40
Distance to flag: 1656, ATTACK_RANGE: 40
Distance to flag: 1790, ATTACK_RANGE: 40
Distance to flag: 1856, ATTACK_RANGE: 40
Distance to flag: 1600, ATTACK_RANGE: 40
Distance to flag: 1654, ATTACK_RANGE: 40
Distance to flag: 1788, ATTACK_RANGE: 40
Distance to flag: 1854, ATTACK_RANGE: 40
Distance to flag: 1598, ATTACK_RANGE: 40
Distance to flag: 1652, ATTACK_RANGE: 40
Distance to flag: 1786, ATTACK_RANGE: 40
Distance to flag: 1852, ATTACK_RANGE: 40
Calculated target position: (1920, 540)
Distance to flag: 1458, ATTACK_RANGE: 40
Distance to flag: 1507, ATTACK_RANGE: 40
Distance to flag: 1649, ATTACK_RANGE: 40
Distance to flag: 1710, ATTACK_RANGE: 40
Distance to flag: 1940, ATTACK_RANGE: 40
Distance to flag: 1456, ATTACK_RANGE: 40
Distance to flag: 1505, ATTACK_RANGE: 40
Distance to flag: 1647, ATTACK_RANGE: 40
Distance to flag: 1708, ATTACK_RANGE: 40
Distance to flag: 1938, ATTACK_RANGE: 40
Distance to flag: 1455, ATTACK_RANGE: 40
Distance to flag: 1504, ATTACK_RANGE: 40
Distance to flag: 1646, ATTACK_RANGE: 40
Distance to flag: 1706, ATTACK_RANGE: 40
Distance to flag: 1937, ATTACK_RANGE: 40
Calculated target position: (1920, 540)
Calculated target position: (1920, 540)
Distance to flag: 1323, ATTACK_RANGE: 40
Distance to flag: 1358, ATTACK_RANGE: 40
Distance to flag: 1501, ATTACK_RANGE: 40
Distance to flag: 1562, ATTACK_RANGE: 40
Distance to flag: 1800, ATTACK_RANGE: 40
Distance to flag: 1774, ATTACK_RANGE: 40
Distance to flag: 1987, ATTACK_RANGE: 40
Distance to flag: 1322, ATTACK_RANGE: 40
Distance to flag: 1356, ATTACK_RANGE: 40
Distance to flag: 1499, ATTACK_RANGE: 40
Distance to flag: 1560, ATTACK_RANGE: 40
Distance to flag: 1798, ATTACK_RANGE: 40
Distance to flag: 1772, ATTACK_RANGE: 40
Distance to flag: 1985, ATTACK_RANGE: 40
Distance to flag: 1320, ATTACK_RANGE: 40
Distance to flag: 1354, ATTACK_RANGE: 40
Distance to flag: 1497, ATTACK_RANGE: 40
Distance to flag: 1558, ATTACK_RANGE: 40
Distance to flag: 1796, ATTACK_RANGE: 40
Distance to flag: 1770, ATTACK_RANGE: 40
Distance to flag: 1983, ATTACK_RANGE: 40
Calculated target position: (1920, 540)
Distance to flag: 1197, ATTACK_RANGE: 40
Distance to flag: 1207, ATTACK_RANGE: 40
Distance to flag: 1355, ATTACK_RANGE: 40
Distance to flag: 1411, ATTACK_RANGE: 40
Distance to flag: 1659, ATTACK_RANGE: 40
Distance to flag: 1623, ATTACK_RANGE: 40
Distance to flag: 1836, ATTACK_RANGE: 40
Distance to flag: 1847, ATTACK_RANGE: 40
Distance to flag: 1195, ATTACK_RANGE: 40
Distance to flag: 1205, ATTACK_RANGE: 40
Distance to flag: 1353, ATTACK_RANGE: 40
Distance to flag: 1409, ATTACK_RANGE: 40
Distance to flag: 1658, ATTACK_RANGE: 40
Distance to flag: 1622, ATTACK_RANGE: 40
Distance to flag: 1835, ATTACK_RANGE: 40
Distance to flag: 1845, ATTACK_RANGE: 40
Distance to flag: 1194, ATTACK_RANGE: 40
Distance to flag: 1203, ATTACK_RANGE: 40
Distance to flag: 1351, ATTACK_RANGE: 40
Distance to flag: 1407, ATTACK_RANGE: 40
Distance to flag: 1656, ATTACK_RANGE: 40
Distance to flag: 1620, ATTACK_RANGE: 40
Distance to flag: 1833, ATTACK_RANGE: 40
Distance to flag: 1843, ATTACK_RANGE: 40
Calculated target position: (1920, 540)
Calculated target position: (1920, 540)
Distance to flag: 1079, ATTACK_RANGE: 40
Distance to flag: 1058, ATTACK_RANGE: 40
Distance to flag: 1220, ATTACK_RANGE: 40
Distance to flag: 1262, ATTACK_RANGE: 40
Distance to flag: 1525, ATTACK_RANGE: 40
Distance to flag: 1475, ATTACK_RANGE: 40
Distance to flag: 1691, ATTACK_RANGE: 40
Distance to flag: 1701, ATTACK_RANGE: 40
Distance to flag: 1764, ATTACK_RANGE: 40
Distance to flag: 1898, ATTACK_RANGE: 40
Distance to flag: 1078, ATTACK_RANGE: 40
Distance to flag: 1056, ATTACK_RANGE: 40
Distance to flag: 1219, ATTACK_RANGE: 40
Distance to flag: 1260, ATTACK_RANGE: 40
Distance to flag: 1524, ATTACK_RANGE: 40
Distance to flag: 1473, ATTACK_RANGE: 40
Distance to flag: 1690, ATTACK_RANGE: 40
Distance to flag: 1699, ATTACK_RANGE: 40
Distance to flag: 1763, ATTACK_RANGE: 40
Distance to flag: 1896, ATTACK_RANGE: 40
Distance to flag: 1077, ATTACK_RANGE: 40
Distance to flag: 1055, ATTACK_RANGE: 40
Distance to flag: 1217, ATTACK_RANGE: 40
Distance to flag: 1259, ATTACK_RANGE: 40
Distance to flag: 1522, ATTACK_RANGE: 40
Distance to flag: 1472, ATTACK_RANGE: 40
Distance to flag: 1688, ATTACK_RANGE: 40
Distance to flag: 1698, ATTACK_RANGE: 40
Distance to flag: 1761, ATTACK_RANGE: 40
Distance to flag: 1895, ATTACK_RANGE: 40
Distance to flag: 957, ATTACK_RANGE: 40
Distance to flag: 909, ATTACK_RANGE: 40
Distance to flag: 1091, ATTACK_RANGE: 40
Distance to flag: 1114, ATTACK_RANGE: 40
Distance to flag: 1394, ATTACK_RANGE: 40
Distance to flag: 1330, ATTACK_RANGE: 40
Distance to flag: 1552, ATTACK_RANGE: 40
Distance to flag: 1556, ATTACK_RANGE: 40
Distance to flag: 1617, ATTACK_RANGE: 40
Distance to flag: 1752, ATTACK_RANGE: 40
Distance to flag: 955, ATTACK_RANGE: 40
Distance to flag: 908, ATTACK_RANGE: 40
Distance to flag: 1089, ATTACK_RANGE: 40
Distance to flag: 1112, ATTACK_RANGE: 40
Distance to flag: 1393, ATTACK_RANGE: 40
Distance to flag: 1328, ATTACK_RANGE: 40
Distance to flag: 1550, ATTACK_RANGE: 40
Distance to flag: 1554, ATTACK_RANGE: 40
Distance to flag: 1615, ATTACK_RANGE: 40
Distance to flag: 1750, ATTACK_RANGE: 40
Distance to flag: 953, ATTACK_RANGE: 40
Distance to flag: 906, ATTACK_RANGE: 40
Distance to flag: 1088, ATTACK_RANGE: 40
Distance to flag: 1110, ATTACK_RANGE: 40
Distance to flag: 1391, ATTACK_RANGE: 40
Distance to flag: 1326, ATTACK_RANGE: 40
Distance to flag: 1548, ATTACK_RANGE: 40
Distance to flag: 1553, ATTACK_RANGE: 40
Distance to flag: 1613, ATTACK_RANGE: 40
Distance to flag: 1749, ATTACK_RANGE: 40
Distance to flag: 951, ATTACK_RANGE: 40
Distance to flag: 904, ATTACK_RANGE: 40
Distance to flag: 1086, ATTACK_RANGE: 40
Distance to flag: 1108, ATTACK_RANGE: 40
Distance to flag: 1390, ATTACK_RANGE: 40
Distance to flag: 1325, ATTACK_RANGE: 40
Distance to flag: 1547, ATTACK_RANGE: 40
Distance to flag: 1551, ATTACK_RANGE: 40
Distance to flag: 1611, ATTACK_RANGE: 40
Distance to flag: 1747, ATTACK_RANGE: 40
Distance to flag: 809, ATTACK_RANGE: 40
Distance to flag: 762, ATTACK_RANGE: 40
Distance to flag: 949, ATTACK_RANGE: 40
Distance to flag: 966, ATTACK_RANGE: 40
Distance to flag: 1268, ATTACK_RANGE: 40
Distance to flag: 1184, ATTACK_RANGE: 40
Distance to flag: 1418, ATTACK_RANGE: 40
Distance to flag: 1414, ATTACK_RANGE: 40
Distance to flag: 1470, ATTACK_RANGE: 40
Distance to flag: 1606, ATTACK_RANGE: 40
Distance to flag: 807, ATTACK_RANGE: 40
Distance to flag: 760, ATTACK_RANGE: 40
Distance to flag: 947, ATTACK_RANGE: 40
Distance to flag: 964, ATTACK_RANGE: 40
Distance to flag: 1267, ATTACK_RANGE: 40
Distance to flag: 1182, ATTACK_RANGE: 40
Distance to flag: 1416, ATTACK_RANGE: 40
Distance to flag: 1413, ATTACK_RANGE: 40
Distance to flag: 1468, ATTACK_RANGE: 40
Distance to flag: 1604, ATTACK_RANGE: 40
Distance to flag: 805, ATTACK_RANGE: 40
Distance to flag: 758, ATTACK_RANGE: 40
Distance to flag: 945, ATTACK_RANGE: 40
Distance to flag: 962, ATTACK_RANGE: 40
Distance to flag: 1265, ATTACK_RANGE: 40
Distance to flag: 1180, ATTACK_RANGE: 40
Distance to flag: 1415, ATTACK_RANGE: 40
Distance to flag: 1411, ATTACK_RANGE: 40
Distance to flag: 1466, ATTACK_RANGE: 40
Distance to flag: 1602, ATTACK_RANGE: 40
Distance to flag: 656, ATTACK_RANGE: 40
Distance to flag: 610, ATTACK_RANGE: 40
Distance to flag: 797, ATTACK_RANGE: 40
Distance to flag: 813, ATTACK_RANGE: 40
Distance to flag: 1144, ATTACK_RANGE: 40
Distance to flag: 1032, ATTACK_RANGE: 40
Distance to flag: 1285, ATTACK_RANGE: 40
Distance to flag: 1280, ATTACK_RANGE: 40
Distance to flag: 1318, ATTACK_RANGE: 40
Distance to flag: 1454, ATTACK_RANGE: 40
Distance to flag: 654, ATTACK_RANGE: 40
Distance to flag: 608, ATTACK_RANGE: 40
Distance to flag: 795, ATTACK_RANGE: 40
Distance to flag: 811, ATTACK_RANGE: 40
Distance to flag: 1142, ATTACK_RANGE: 40
Distance to flag: 1030, ATTACK_RANGE: 40
Distance to flag: 1284, ATTACK_RANGE: 40
Distance to flag: 1278, ATTACK_RANGE: 40
Distance to flag: 1316, ATTACK_RANGE: 40
Distance to flag: 1452, ATTACK_RANGE: 40
Distance to flag: 652, ATTACK_RANGE: 40
Distance to flag: 606, ATTACK_RANGE: 40
Distance to flag: 793, ATTACK_RANGE: 40
Distance to flag: 810, ATTACK_RANGE: 40
Distance to flag: 1141, ATTACK_RANGE: 40
Distance to flag: 1028, ATTACK_RANGE: 40
Distance to flag: 1282, ATTACK_RANGE: 40
Distance to flag: 1277, ATTACK_RANGE: 40
Distance to flag: 1314, ATTACK_RANGE: 40
Distance to flag: 1451, ATTACK_RANGE: 40
Distance to flag: 507, ATTACK_RANGE: 40
Distance to flag: 462, ATTACK_RANGE: 40
Distance to flag: 648, ATTACK_RANGE: 40
Distance to flag: 665, ATTACK_RANGE: 40
Distance to flag: 1016, ATTACK_RANGE: 40
Distance to flag: 883, ATTACK_RANGE: 40
Distance to flag: 1156, ATTACK_RANGE: 40
Distance to flag: 1158, ATTACK_RANGE: 40
Distance to flag: 1169, ATTACK_RANGE: 40
Distance to flag: 1306, ATTACK_RANGE: 40
Distance to flag: 505, ATTACK_RANGE: 40
Distance to flag: 460, ATTACK_RANGE: 40
Distance to flag: 646, ATTACK_RANGE: 40
Distance to flag: 663, ATTACK_RANGE: 40
Distance to flag: 1014, ATTACK_RANGE: 40
Distance to flag: 881, ATTACK_RANGE: 40
Distance to flag: 1155, ATTACK_RANGE: 40
Distance to flag: 1157, ATTACK_RANGE: 40
Distance to flag: 1168, ATTACK_RANGE: 40
Distance to flag: 1304, ATTACK_RANGE: 40
Distance to flag: 503, ATTACK_RANGE: 40
Distance to flag: 458, ATTACK_RANGE: 40
Distance to flag: 644, ATTACK_RANGE: 40
Distance to flag: 661, ATTACK_RANGE: 40
Distance to flag: 1012, ATTACK_RANGE: 40
Distance to flag: 879, ATTACK_RANGE: 40
Distance to flag: 1153, ATTACK_RANGE: 40
Distance to flag: 1155, ATTACK_RANGE: 40
Distance to flag: 1166, ATTACK_RANGE: 40
Distance to flag: 1302, ATTACK_RANGE: 40
Distance to flag: 356, ATTACK_RANGE: 40
Distance to flag: 313, ATTACK_RANGE: 40
Distance to flag: 497, ATTACK_RANGE: 40
Distance to flag: 515, ATTACK_RANGE: 40
Distance to flag: 865, ATTACK_RANGE: 40
Distance to flag: 732, ATTACK_RANGE: 40
Distance to flag: 1010, ATTACK_RANGE: 40
Distance to flag: 1042, ATTACK_RANGE: 40
Distance to flag: 1019, ATTACK_RANGE: 40
Distance to flag: 1155, ATTACK_RANGE: 40
Distance to flag: 354, ATTACK_RANGE: 40
Distance to flag: 311, ATTACK_RANGE: 40
Distance to flag: 495, ATTACK_RANGE: 40
Distance to flag: 513, ATTACK_RANGE: 40
Distance to flag: 863, ATTACK_RANGE: 40
Distance to flag: 730, ATTACK_RANGE: 40
Distance to flag: 1008, ATTACK_RANGE: 40
Distance to flag: 1041, ATTACK_RANGE: 40
Distance to flag: 1017, ATTACK_RANGE: 40
Distance to flag: 1153, ATTACK_RANGE: 40
Distance to flag: 352, ATTACK_RANGE: 40
Distance to flag: 310, ATTACK_RANGE: 40
Distance to flag: 493, ATTACK_RANGE: 40
Distance to flag: 511, ATTACK_RANGE: 40
Distance to flag: 861, ATTACK_RANGE: 40
Distance to flag: 728, ATTACK_RANGE: 40
Distance to flag: 1006, ATTACK_RANGE: 40
Distance to flag: 1040, ATTACK_RANGE: 40
Distance to flag: 1015, ATTACK_RANGE: 40
Distance to flag: 1152, ATTACK_RANGE: 40
Distance to flag: 207, ATTACK_RANGE: 40
Distance to flag: 171, ATTACK_RANGE: 40
Distance to flag: 348, ATTACK_RANGE: 40
Distance to flag: 368, ATTACK_RANGE: 40
Distance to flag: 716, ATTACK_RANGE: 40
Distance to flag: 583, ATTACK_RANGE: 40
Distance to flag: 861, ATTACK_RANGE: 40
Distance to flag: 909, ATTACK_RANGE: 40
Distance to flag: 870, ATTACK_RANGE: 40
Distance to flag: 1006, ATTACK_RANGE: 40
Distance to flag: 205, ATTACK_RANGE: 40
Distance to flag: 169, ATTACK_RANGE: 40
Distance to flag: 346, ATTACK_RANGE: 40
Distance to flag: 366, ATTACK_RANGE: 40
Distance to flag: 715, ATTACK_RANGE: 40
Distance to flag: 581, ATTACK_RANGE: 40
Distance to flag: 859, ATTACK_RANGE: 40
Distance to flag: 907, ATTACK_RANGE: 40
Distance to flag: 869, ATTACK_RANGE: 40
Distance to flag: 1004, ATTACK_RANGE: 40
Distance to flag: 203, ATTACK_RANGE: 40
Distance to flag: 167, ATTACK_RANGE: 40
Distance to flag: 344, ATTACK_RANGE: 40
Distance to flag: 364, ATTACK_RANGE: 40
Distance to flag: 713, ATTACK_RANGE: 40
Distance to flag: 579, ATTACK_RANGE: 40
Distance to flag: 857, ATTACK_RANGE: 40
Distance to flag: 905, ATTACK_RANGE: 40
Distance to flag: 867, ATTACK_RANGE: 40
Distance to flag: 1003, ATTACK_RANGE: 40
Flag: Taking damage: 20
Flag: Forwarding damage to attackable component
Flag: Damage taken - Amount: 20 Current Health: 80
Flag: Health changed - Current: 80 Maximum: 100
Flag: Health bar width updated to: 51.2
Flag: Health bar updated - Size: (51.2, 8) Color: (0, 1, 0, 1)
Flag: Actual damage taken: 20
Distance to flag: 58, ATTACK_RANGE: 40
Distance to flag: 199, ATTACK_RANGE: 40
Distance to flag: 223, ATTACK_RANGE: 40
Distance to flag: 568, ATTACK_RANGE: 40
Distance to flag: 434, ATTACK_RANGE: 40
Distance to flag: 712, ATTACK_RANGE: 40
Distance to flag: 760, ATTACK_RANGE: 40
Distance to flag: 722, ATTACK_RANGE: 40
Distance to flag: 857, ATTACK_RANGE: 40
Distance to flag: 56, ATTACK_RANGE: 40
Distance to flag: 197, ATTACK_RANGE: 40
Distance to flag: 221, ATTACK_RANGE: 40
Distance to flag: 566, ATTACK_RANGE: 40
Distance to flag: 432, ATTACK_RANGE: 40
Distance to flag: 710, ATTACK_RANGE: 40
Distance to flag: 758, ATTACK_RANGE: 40
Distance to flag: 720, ATTACK_RANGE: 40
Distance to flag: 855, ATTACK_RANGE: 40
Distance to flag: 54, ATTACK_RANGE: 40
Distance to flag: 195, ATTACK_RANGE: 40
Distance to flag: 219, ATTACK_RANGE: 40
Distance to flag: 565, ATTACK_RANGE: 40
Distance to flag: 430, ATTACK_RANGE: 40
Distance to flag: 708, ATTACK_RANGE: 40
Distance to flag: 756, ATTACK_RANGE: 40
Distance to flag: 718, ATTACK_RANGE: 40
Distance to flag: 853, ATTACK_RANGE: 40
Distance to flag: 52, ATTACK_RANGE: 40
Distance to flag: 193, ATTACK_RANGE: 40
Distance to flag: 218, ATTACK_RANGE: 40
Distance to flag: 563, ATTACK_RANGE: 40
Distance to flag: 428, ATTACK_RANGE: 40
Distance to flag: 707, ATTACK_RANGE: 40
Distance to flag: 754, ATTACK_RANGE: 40
Distance to flag: 716, ATTACK_RANGE: 40
Distance to flag: 852, ATTACK_RANGE: 40
Flag: Taking damage: 20
Flag: Forwarding damage to attackable component
Flag: Damage taken - Amount: 20 Current Health: 60
Flag: Health changed - Current: 60 Maximum: 100
Flag: Health bar width updated to: 38.4
Flag: Health bar updated - Size: (38.4, 8) Color: (1, 1, 0, 1)
Flag: Actual damage taken: 20
Flag: Taking damage: 20
Flag: Forwarding damage to attackable component
Flag: Damage taken - Amount: 20 Current Health: 40
Flag: Health changed - Current: 40 Maximum: 100
Flag: Health bar width updated to: 25.6
Flag: Health bar updated - Size: (25.6, 8) Color: (1, 1, 0, 1)
Flag: Actual damage taken: 20
Flag: Taking damage: 20
Flag: Forwarding damage to attackable component
Flag: Damage taken - Amount: 20 Current Health: 20
Flag: Health changed - Current: 20 Maximum: 100
Flag: Health bar width updated to: 12.8
Flag: Health bar updated - Size: (12.8, 8) Color: (1, 0, 0, 1)
Flag: Actual damage taken: 20
Flag: Taking damage: 20
Flag: Forwarding damage to attackable component
Flag: Damage taken - Amount: 20 Current Health: 0
Flag: Health changed - Current: 0 Maximum: 100
Flag: Health bar width updated to: 0
Flag: Health bar updated - Size: (0, 8) Color: (1, 0, 0, 1)
Flag: Destroyed!
Game Over screen shown
Flag: Actual damage taken: 20
Restart button pressed
Grid: Ready called
Flag: Initializing...
Flag: Setting up Attackable component...
Flag: Attackable component initialized with health: 100
Flag: Health bar found and initialized
Flag: Health changed - Current: 100 Maximum: 100
USER WARNING: Nodes with non-equal opposite anchors will have their size overridden after _ready(). 
If you want to set size, change the anchors or consider using set_deferred().
   at: _set_size (scene/gui/control.cpp:1440)
Flag: Health bar width updated to: 64
Flag: Health bar updated - Size: (64, 8) Color: (0, 1, 0, 1)
Calculated target position: (1920, 540)
Distance to flag: 1869, ATTACK_RANGE: 40
Distance to flag: 1867, ATTACK_RANGE: 40
Distance to flag: 1866, ATTACK_RANGE: 40
Calculated target position: (1920, 540)
Distance to flag: 1770, ATTACK_RANGE: 40
Distance to flag: 1946, ATTACK_RANGE: 40
Distance to flag: 1769, ATTACK_RANGE: 40
Distance to flag: 1946, ATTACK_RANGE: 40
Distance to flag: 1768, ATTACK_RANGE: 40
Distance to flag: 1945, ATTACK_RANGE: 40
Calculated target position: (1920, 540)
Calculated target position: (1920, 540)
Distance to flag: 1680, ATTACK_RANGE: 40
Distance to flag: 1841, ATTACK_RANGE: 40
Distance to flag: 1799, ATTACK_RANGE: 40
Distance to flag: 1877, ATTACK_RANGE: 40
Distance to flag: 1679, ATTACK_RANGE: 40
Distance to flag: 1839, ATTACK_RANGE: 40
Distance to flag: 1797, ATTACK_RANGE: 40
Distance to flag: 1875, ATTACK_RANGE: 40
Distance to flag: 1678, ATTACK_RANGE: 40
Distance to flag: 1837, ATTACK_RANGE: 40
Distance to flag: 1795, ATTACK_RANGE: 40
Distance to flag: 1874, ATTACK_RANGE: 40
Calculated target position: (1920, 540)
Distance to flag: 1599, ATTACK_RANGE: 40
Distance to flag: 1710, ATTACK_RANGE: 40
Distance to flag: 1652, ATTACK_RANGE: 40
Distance to flag: 1798, ATTACK_RANGE: 40
Distance to flag: 1851, ATTACK_RANGE: 40
Distance to flag: 1598, ATTACK_RANGE: 40
Distance to flag: 1709, ATTACK_RANGE: 40
Distance to flag: 1650, ATTACK_RANGE: 40
Distance to flag: 1797, ATTACK_RANGE: 40
Distance to flag: 1849, ATTACK_RANGE: 40
Distance to flag: 1597, ATTACK_RANGE: 40
Distance to flag: 1707, ATTACK_RANGE: 40
Distance to flag: 1648, ATTACK_RANGE: 40
Distance to flag: 1796, ATTACK_RANGE: 40
Distance to flag: 1847, ATTACK_RANGE: 40
Calculated target position: (1920, 540)
Calculated target position: (1920, 540)
Distance to flag: 1494, ATTACK_RANGE: 40
Distance to flag: 1602, ATTACK_RANGE: 40
Distance to flag: 1539, ATTACK_RANGE: 40
Distance to flag: 1697, ATTACK_RANGE: 40
Distance to flag: 1711, ATTACK_RANGE: 40
Distance to flag: 1858, ATTACK_RANGE: 40
Distance to flag: 1881, ATTACK_RANGE: 40
Distance to flag: 1493, ATTACK_RANGE: 40
Distance to flag: 1602, ATTACK_RANGE: 40
Distance to flag: 1537, ATTACK_RANGE: 40
Distance to flag: 1696, ATTACK_RANGE: 40
Distance to flag: 1709, ATTACK_RANGE: 40
Distance to flag: 1857, ATTACK_RANGE: 40
Distance to flag: 1879, ATTACK_RANGE: 40
Distance to flag: 1493, ATTACK_RANGE: 40
Distance to flag: 1601, ATTACK_RANGE: 40
Distance to flag: 1536, ATTACK_RANGE: 40
Distance to flag: 1695, ATTACK_RANGE: 40
Distance to flag: 1707, ATTACK_RANGE: 40
Distance to flag: 1856, ATTACK_RANGE: 40
Distance to flag: 1878, ATTACK_RANGE: 40
Calculated target position: (1920, 540)
Distance to flag: 1456, ATTACK_RANGE: 40
Distance to flag: 1575, ATTACK_RANGE: 40
Distance to flag: 1468, ATTACK_RANGE: 40
Distance to flag: 1598, ATTACK_RANGE: 40
Distance to flag: 1571, ATTACK_RANGE: 40
Distance to flag: 1770, ATTACK_RANGE: 40
Distance to flag: 1736, ATTACK_RANGE: 40
Distance to flag: 1914, ATTACK_RANGE: 40
Distance to flag: 1456, ATTACK_RANGE: 40
Distance to flag: 1575, ATTACK_RANGE: 40
Distance to flag: 1468, ATTACK_RANGE: 40
Distance to flag: 1597, ATTACK_RANGE: 40
Distance to flag: 1571, ATTACK_RANGE: 40
Distance to flag: 1769, ATTACK_RANGE: 40
Distance to flag: 1734, ATTACK_RANGE: 40
Distance to flag: 1913, ATTACK_RANGE: 40
Distance to flag: 1456, ATTACK_RANGE: 40
Distance to flag: 1574, ATTACK_RANGE: 40
Distance to flag: 1467, ATTACK_RANGE: 40
Distance to flag: 1596, ATTACK_RANGE: 40
Distance to flag: 1570, ATTACK_RANGE: 40
Distance to flag: 1768, ATTACK_RANGE: 40
Distance to flag: 1732, ATTACK_RANGE: 40
Distance to flag: 1911, ATTACK_RANGE: 40
Calculated target position: (1920, 540)
Calculated target position: (1920, 540)
Distance to flag: 1441, ATTACK_RANGE: 40
Distance to flag: 1568, ATTACK_RANGE: 40
Distance to flag: 1446, ATTACK_RANGE: 40
Distance to flag: 1598, ATTACK_RANGE: 40
Distance to flag: 1547, ATTACK_RANGE: 40
Distance to flag: 1702, ATTACK_RANGE: 40
Distance to flag: 1595, ATTACK_RANGE: 40
Distance to flag: 1813, ATTACK_RANGE: 40
Distance to flag: 1843, ATTACK_RANGE: 40
Distance to flag: 1977, ATTACK_RANGE: 40
Distance to flag: 1441, ATTACK_RANGE: 40
Distance to flag: 1568, ATTACK_RANGE: 40
Distance to flag: 1445, ATTACK_RANGE: 40
Distance to flag: 1599, ATTACK_RANGE: 40
Distance to flag: 1547, ATTACK_RANGE: 40
Distance to flag: 1702, ATTACK_RANGE: 40
Distance to flag: 1594, ATTACK_RANGE: 40
Distance to flag: 1812, ATTACK_RANGE: 40
Distance to flag: 1842, ATTACK_RANGE: 40
Distance to flag: 1976, ATTACK_RANGE: 40
Distance to flag: 1441, ATTACK_RANGE: 40
Distance to flag: 1568, ATTACK_RANGE: 40
Distance to flag: 1445, ATTACK_RANGE: 40
Distance to flag: 1599, ATTACK_RANGE: 40
Distance to flag: 1547, ATTACK_RANGE: 40
Distance to flag: 1701, ATTACK_RANGE: 40
Distance to flag: 1592, ATTACK_RANGE: 40
Distance to flag: 1811, ATTACK_RANGE: 40
Distance to flag: 1841, ATTACK_RANGE: 40
Distance to flag: 1974, ATTACK_RANGE: 40
Distance to flag: 1442, ATTACK_RANGE: 40
Distance to flag: 1575, ATTACK_RANGE: 40
Distance to flag: 1440, ATTACK_RANGE: 40
Distance to flag: 1568, ATTACK_RANGE: 40
Distance to flag: 1537, ATTACK_RANGE: 40
Distance to flag: 1648, ATTACK_RANGE: 40
Distance to flag: 1539, ATTACK_RANGE: 40
Distance to flag: 1734, ATTACK_RANGE: 40
Distance to flag: 1766, ATTACK_RANGE: 40
Distance to flag: 1883, ATTACK_RANGE: 40
Distance to flag: 1442, ATTACK_RANGE: 40
Distance to flag: 1575, ATTACK_RANGE: 40
Distance to flag: 1440, ATTACK_RANGE: 40
Distance to flag: 1566, ATTACK_RANGE: 40
Distance to flag: 1537, ATTACK_RANGE: 40
Distance to flag: 1647, ATTACK_RANGE: 40
Distance to flag: 1538, ATTACK_RANGE: 40
Distance to flag: 1733, ATTACK_RANGE: 40
Distance to flag: 1765, ATTACK_RANGE: 40
Distance to flag: 1882, ATTACK_RANGE: 40
Distance to flag: 1442, ATTACK_RANGE: 40
Distance to flag: 1575, ATTACK_RANGE: 40
Distance to flag: 1440, ATTACK_RANGE: 40
Distance to flag: 1565, ATTACK_RANGE: 40
Distance to flag: 1536, ATTACK_RANGE: 40
Distance to flag: 1646, ATTACK_RANGE: 40
Distance to flag: 1538, ATTACK_RANGE: 40
Distance to flag: 1733, ATTACK_RANGE: 40
Distance to flag: 1764, ATTACK_RANGE: 40
Distance to flag: 1881, ATTACK_RANGE: 40
Distance to flag: 1442, ATTACK_RANGE: 40
Distance to flag: 1575, ATTACK_RANGE: 40
Distance to flag: 1440, ATTACK_RANGE: 40
Distance to flag: 1563, ATTACK_RANGE: 40
Distance to flag: 1536, ATTACK_RANGE: 40
Distance to flag: 1645, ATTACK_RANGE: 40
Distance to flag: 1538, ATTACK_RANGE: 40
Distance to flag: 1732, ATTACK_RANGE: 40
Distance to flag: 1763, ATTACK_RANGE: 40
Distance to flag: 1880, ATTACK_RANGE: 40
Distance to flag: 1373, ATTACK_RANGE: 40
Distance to flag: 1596, ATTACK_RANGE: 40
Distance to flag: 1416, ATTACK_RANGE: 40
Distance to flag: 1475, ATTACK_RANGE: 40
Distance to flag: 1539, ATTACK_RANGE: 40
Distance to flag: 1553, ATTACK_RANGE: 40
Distance to flag: 1537, ATTACK_RANGE: 40
Distance to flag: 1678, ATTACK_RANGE: 40
Distance to flag: 1670, ATTACK_RANGE: 40
Distance to flag: 1805, ATTACK_RANGE: 40
Distance to flag: 1371, ATTACK_RANGE: 40
Distance to flag: 1596, ATTACK_RANGE: 40
Distance to flag: 1417, ATTACK_RANGE: 40
Distance to flag: 1475, ATTACK_RANGE: 40
Distance to flag: 1540, ATTACK_RANGE: 40
Distance to flag: 1553, ATTACK_RANGE: 40
Distance to flag: 1537, ATTACK_RANGE: 40
Distance to flag: 1678, ATTACK_RANGE: 40
Distance to flag: 1669, ATTACK_RANGE: 40
Distance to flag: 1804, ATTACK_RANGE: 40
Distance to flag: 1369, ATTACK_RANGE: 40
Distance to flag: 1597, ATTACK_RANGE: 40
Distance to flag: 1417, ATTACK_RANGE: 40
Distance to flag: 1474, ATTACK_RANGE: 40
Distance to flag: 1540, ATTACK_RANGE: 40
Distance to flag: 1553, ATTACK_RANGE: 40
Distance to flag: 1537, ATTACK_RANGE: 40
Distance to flag: 1677, ATTACK_RANGE: 40
Distance to flag: 1668, ATTACK_RANGE: 40
Distance to flag: 1803, ATTACK_RANGE: 40
Distance to flag: 1227, ATTACK_RANGE: 40
Distance to flag: 1577, ATTACK_RANGE: 40
Distance to flag: 1290, ATTACK_RANGE: 40
Distance to flag: 1449, ATTACK_RANGE: 40
Distance to flag: 1548, ATTACK_RANGE: 40
Distance to flag: 1542, ATTACK_RANGE: 40
Distance to flag: 1548, ATTACK_RANGE: 40
Distance to flag: 1635, ATTACK_RANGE: 40
Distance to flag: 1545, ATTACK_RANGE: 40
Distance to flag: 1738, ATTACK_RANGE: 40
Distance to flag: 1225, ATTACK_RANGE: 40
Distance to flag: 1576, ATTACK_RANGE: 40
Distance to flag: 1288, ATTACK_RANGE: 40
Distance to flag: 1449, ATTACK_RANGE: 40
Distance to flag: 1548, ATTACK_RANGE: 40
Distance to flag: 1542, ATTACK_RANGE: 40
Distance to flag: 1548, ATTACK_RANGE: 40
Distance to flag: 1635, ATTACK_RANGE: 40
Distance to flag: 1544, ATTACK_RANGE: 40
Distance to flag: 1737, ATTACK_RANGE: 40
Distance to flag: 1223, ATTACK_RANGE: 40
Distance to flag: 1575, ATTACK_RANGE: 40
Distance to flag: 1286, ATTACK_RANGE: 40
Distance to flag: 1448, ATTACK_RANGE: 40
Distance to flag: 1548, ATTACK_RANGE: 40
Distance to flag: 1542, ATTACK_RANGE: 40
Distance to flag: 1548, ATTACK_RANGE: 40
Distance to flag: 1634, ATTACK_RANGE: 40
Distance to flag: 1542, ATTACK_RANGE: 40
Distance to flag: 1736, ATTACK_RANGE: 40
Distance to flag: 1222, ATTACK_RANGE: 40
Distance to flag: 1573, ATTACK_RANGE: 40
Distance to flag: 1284, ATTACK_RANGE: 40
Distance to flag: 1448, ATTACK_RANGE: 40
Distance to flag: 1548, ATTACK_RANGE: 40
Distance to flag: 1542, ATTACK_RANGE: 40
Distance to flag: 1078, ATTACK_RANGE: 40
Distance to flag: 1478, ATTACK_RANGE: 40
Distance to flag: 1141, ATTACK_RANGE: 40
Distance to flag: 1440, ATTACK_RANGE: 40
Distance to flag: 1548, ATTACK_RANGE: 40
Distance to flag: 1536, ATTACK_RANGE: 40
Distance to flag: 1548, ATTACK_RANGE: 40
Distance to flag: 1559, ATTACK_RANGE: 40
Distance to flag: 1536, ATTACK_RANGE: 40
Distance to flag: 1657, ATTACK_RANGE: 40
Distance to flag: 1076, ATTACK_RANGE: 40
Distance to flag: 1477, ATTACK_RANGE: 40
Distance to flag: 1139, ATTACK_RANGE: 40
Distance to flag: 1440, ATTACK_RANGE: 40
Distance to flag: 1548, ATTACK_RANGE: 40
Distance to flag: 1536, ATTACK_RANGE: 40
Distance to flag: 1548, ATTACK_RANGE: 40
Distance to flag: 1558, ATTACK_RANGE: 40
Distance to flag: 1536, ATTACK_RANGE: 40
Distance to flag: 1656, ATTACK_RANGE: 40
Distance to flag: 1075, ATTACK_RANGE: 40
Distance to flag: 1477, ATTACK_RANGE: 40
Distance to flag: 1137, ATTACK_RANGE: 40
Distance to flag: 1440, ATTACK_RANGE: 40
Distance to flag: 1548, ATTACK_RANGE: 40
Distance to flag: 1536, ATTACK_RANGE: 40
Distance to flag: 1548, ATTACK_RANGE: 40
Distance to flag: 1557, ATTACK_RANGE: 40
Distance to flag: 1536, ATTACK_RANGE: 40
Distance to flag: 1655, ATTACK_RANGE: 40
Distance to flag: 932, ATTACK_RANGE: 40
Distance to flag: 1450, ATTACK_RANGE: 40
Distance to flag: 995, ATTACK_RANGE: 40
Distance to flag: 1431, ATTACK_RANGE: 40
Distance to flag: 1548, ATTACK_RANGE: 40
Distance to flag: 1543, ATTACK_RANGE: 40
Distance to flag: 1548, ATTACK_RANGE: 40
Distance to flag: 1543, ATTACK_RANGE: 40
Distance to flag: 1543, ATTACK_RANGE: 40
Distance to flag: 1557, ATTACK_RANGE: 40
Distance to flag: 930, ATTACK_RANGE: 40
Distance to flag: 1450, ATTACK_RANGE: 40
Distance to flag: 993, ATTACK_RANGE: 40
Distance to flag: 1430, ATTACK_RANGE: 40
Distance to flag: 1548, ATTACK_RANGE: 40
Distance to flag: 1543, ATTACK_RANGE: 40
Distance to flag: 1548, ATTACK_RANGE: 40
Distance to flag: 1543, ATTACK_RANGE: 40
Distance to flag: 1543, ATTACK_RANGE: 40
Distance to flag: 1556, ATTACK_RANGE: 40
Distance to flag: 928, ATTACK_RANGE: 40
Distance to flag: 1450, ATTACK_RANGE: 40
Distance to flag: 991, ATTACK_RANGE: 40
Distance to flag: 1429, ATTACK_RANGE: 40
Distance to flag: 1548, ATTACK_RANGE: 40
Distance to flag: 1544, ATTACK_RANGE: 40
Distance to flag: 1548, ATTACK_RANGE: 40
Distance to flag: 1543, ATTACK_RANGE: 40
Distance to flag: 1544, ATTACK_RANGE: 40
Distance to flag: 1554, ATTACK_RANGE: 40
Distance to flag: 785, ATTACK_RANGE: 40
Distance to flag: 1440, ATTACK_RANGE: 40
Distance to flag: 847, ATTACK_RANGE: 40
Distance to flag: 1318, ATTACK_RANGE: 40
Distance to flag: 1548, ATTACK_RANGE: 40
Distance to flag: 1548, ATTACK_RANGE: 40
Distance to flag: 1548, ATTACK_RANGE: 40
Distance to flag: 1536, ATTACK_RANGE: 40
Distance to flag: 1548, ATTACK_RANGE: 40
Distance to flag: 1536, ATTACK_RANGE: 40
Distance to flag: 783, ATTACK_RANGE: 40
Distance to flag: 1440, ATTACK_RANGE: 40
Distance to flag: 845, ATTACK_RANGE: 40
Distance to flag: 1316, ATTACK_RANGE: 40
Distance to flag: 1548, ATTACK_RANGE: 40
Distance to flag: 1548, ATTACK_RANGE: 40
Distance to flag: 1548, ATTACK_RANGE: 40
Distance to flag: 1536, ATTACK_RANGE: 40
Distance to flag: 1548, ATTACK_RANGE: 40
Distance to flag: 1536, ATTACK_RANGE: 40
Distance to flag: 782, ATTACK_RANGE: 40
Distance to flag: 1440, ATTACK_RANGE: 40
Distance to flag: 844, ATTACK_RANGE: 40
Distance to flag: 1315, ATTACK_RANGE: 40
Distance to flag: 1548, ATTACK_RANGE: 40
Distance to flag: 1548, ATTACK_RANGE: 40
Distance to flag: 1548, ATTACK_RANGE: 40
Distance to flag: 1536, ATTACK_RANGE: 40
Distance to flag: 1548, ATTACK_RANGE: 40
Distance to flag: 1536, ATTACK_RANGE: 40
Distance to flag: 642, ATTACK_RANGE: 40
Distance to flag: 1437, ATTACK_RANGE: 40
Distance to flag: 703, ATTACK_RANGE: 40
Distance to flag: 1171, ATTACK_RANGE: 40
Distance to flag: 1548, ATTACK_RANGE: 40
Distance to flag: 1548, ATTACK_RANGE: 40
Distance to flag: 1548, ATTACK_RANGE: 40
Distance to flag: 1542, ATTACK_RANGE: 40
Distance to flag: 1548, ATTACK_RANGE: 40
Distance to flag: 1542, ATTACK_RANGE: 40
Distance to flag: 640, ATTACK_RANGE: 40
Distance to flag: 1436, ATTACK_RANGE: 40
Distance to flag: 701, ATTACK_RANGE: 40
Distance to flag: 1170, ATTACK_RANGE: 40
Distance to flag: 1548, ATTACK_RANGE: 40
Distance to flag: 1548, ATTACK_RANGE: 40
Distance to flag: 1548, ATTACK_RANGE: 40
Distance to flag: 1542, ATTACK_RANGE: 40
Distance to flag: 1548, ATTACK_RANGE: 40
Distance to flag: 1542, ATTACK_RANGE: 40
Distance to flag: 638, ATTACK_RANGE: 40
Distance to flag: 1435, ATTACK_RANGE: 40
Distance to flag: 699, ATTACK_RANGE: 40
Distance to flag: 1168, ATTACK_RANGE: 40
Distance to flag: 1548, ATTACK_RANGE: 40
Distance to flag: 1548, ATTACK_RANGE: 40
Distance to flag: 1548, ATTACK_RANGE: 40
Distance to flag: 1543, ATTACK_RANGE: 40
Distance to flag: 1548, ATTACK_RANGE: 40
Distance to flag: 1542, ATTACK_RANGE: 40
Distance to flag: 500, ATTACK_RANGE: 40
Distance to flag: 1329, ATTACK_RANGE: 40
Distance to flag: 560, ATTACK_RANGE: 40
Distance to flag: 1023, ATTACK_RANGE: 40
Distance to flag: 1548, ATTACK_RANGE: 40
Distance to flag: 1548, ATTACK_RANGE: 40
Distance to flag: 1548, ATTACK_RANGE: 40
Distance to flag: 1548, ATTACK_RANGE: 40
Distance to flag: 1548, ATTACK_RANGE: 40
Distance to flag: 1548, ATTACK_RANGE: 40
Distance to flag: 499, ATTACK_RANGE: 40
Distance to flag: 1327, ATTACK_RANGE: 40
Distance to flag: 558, ATTACK_RANGE: 40
Distance to flag: 1021, ATTACK_RANGE: 40
Distance to flag: 1548, ATTACK_RANGE: 40
Distance to flag: 1548, ATTACK_RANGE: 40
Distance to flag: 1548, ATTACK_RANGE: 40
Distance to flag: 1548, ATTACK_RANGE: 40
Distance to flag: 1548, ATTACK_RANGE: 40
Distance to flag: 1548, ATTACK_RANGE: 40
Distance to flag: 497, ATTACK_RANGE: 40
Distance to flag: 1325, ATTACK_RANGE: 40
Distance to flag: 556, ATTACK_RANGE: 40
Distance to flag: 1019, ATTACK_RANGE: 40
Distance to flag: 1548, ATTACK_RANGE: 40
Distance to flag: 1548, ATTACK_RANGE: 40
Distance to flag: 1548, ATTACK_RANGE: 40
Distance to flag: 1548, ATTACK_RANGE: 40
Distance to flag: 1548, ATTACK_RANGE: 40
Distance to flag: 1548, ATTACK_RANGE: 40
Distance to flag: 361, ATTACK_RANGE: 40
Distance to flag: 1182, ATTACK_RANGE: 40
Distance to flag: 417, ATTACK_RANGE: 40
Distance to flag: 877, ATTACK_RANGE: 40
Distance to flag: 1541, ATTACK_RANGE: 40
Distance to flag: 1548, ATTACK_RANGE: 40
Distance to flag: 1541, ATTACK_RANGE: 40
Distance to flag: 1548, ATTACK_RANGE: 40
Distance to flag: 1548, ATTACK_RANGE: 40
Distance to flag: 1548, ATTACK_RANGE: 40
Distance to flag: 359, ATTACK_RANGE: 40
Distance to flag: 1180, ATTACK_RANGE: 40
Distance to flag: 415, ATTACK_RANGE: 40
Distance to flag: 875, ATTACK_RANGE: 40
Distance to flag: 1541, ATTACK_RANGE: 40
Distance to flag: 1548, ATTACK_RANGE: 40
Distance to flag: 1541, ATTACK_RANGE: 40
Distance to flag: 1548, ATTACK_RANGE: 40
Distance to flag: 1548, ATTACK_RANGE: 40
Distance to flag: 1548, ATTACK_RANGE: 40
Distance to flag: 357, ATTACK_RANGE: 40
Distance to flag: 1179, ATTACK_RANGE: 40
Distance to flag: 413, ATTACK_RANGE: 40
Distance to flag: 873, ATTACK_RANGE: 40
Distance to flag: 1541, ATTACK_RANGE: 40
Distance to flag: 1548, ATTACK_RANGE: 40
Distance to flag: 1541, ATTACK_RANGE: 40
Distance to flag: 1548, ATTACK_RANGE: 40
Distance to flag: 1548, ATTACK_RANGE: 40
Distance to flag: 1548, ATTACK_RANGE: 40
Distance to flag: 215, ATTACK_RANGE: 40
Distance to flag: 1034, ATTACK_RANGE: 40
Distance to flag: 276, ATTACK_RANGE: 40
Distance to flag: 731, ATTACK_RANGE: 40
Distance to flag: 1541, ATTACK_RANGE: 40
Distance to flag: 1548, ATTACK_RANGE: 40
Distance to flag: 1541, ATTACK_RANGE: 40
Distance to flag: 1548, ATTACK_RANGE: 40
Distance to flag: 1548, ATTACK_RANGE: 40
Distance to flag: 1548, ATTACK_RANGE: 40
Distance to flag: 213, ATTACK_RANGE: 40
Distance to flag: 1032, ATTACK_RANGE: 40
Distance to flag: 275, ATTACK_RANGE: 40
Distance to flag: 729, ATTACK_RANGE: 40
Distance to flag: 1541, ATTACK_RANGE: 40
Distance to flag: 1548, ATTACK_RANGE: 40
Distance to flag: 1541, ATTACK_RANGE: 40
Distance to flag: 1548, ATTACK_RANGE: 40
Distance to flag: 1548, ATTACK_RANGE: 40
Distance to flag: 1548, ATTACK_RANGE: 40
Distance to flag: 212, ATTACK_RANGE: 40
Distance to flag: 1030, ATTACK_RANGE: 40
Distance to flag: 273, ATTACK_RANGE: 40
Distance to flag: 727, ATTACK_RANGE: 40
Distance to flag: 1541, ATTACK_RANGE: 40
Distance to flag: 1548, ATTACK_RANGE: 40
Distance to flag: 1541, ATTACK_RANGE: 40
Distance to flag: 1548, ATTACK_RANGE: 40
Distance to flag: 1548, ATTACK_RANGE: 40
Distance to flag: 1548, ATTACK_RANGE: 40
Distance to flag: 71, ATTACK_RANGE: 40
Distance to flag: 888, ATTACK_RANGE: 40
Distance to flag: 133, ATTACK_RANGE: 40
Distance to flag: 588, ATTACK_RANGE: 40
Distance to flag: 1537, ATTACK_RANGE: 40
Distance to flag: 1548, ATTACK_RANGE: 40
Distance to flag: 1537, ATTACK_RANGE: 40
Distance to flag: 1548, ATTACK_RANGE: 40
Distance to flag: 1548, ATTACK_RANGE: 40
Distance to flag: 1548, ATTACK_RANGE: 40
Distance to flag: 70, ATTACK_RANGE: 40
Distance to flag: 886, ATTACK_RANGE: 40
Distance to flag: 131, ATTACK_RANGE: 40
Distance to flag: 587, ATTACK_RANGE: 40
Distance to flag: 1537, ATTACK_RANGE: 40
Distance to flag: 1548, ATTACK_RANGE: 40
Distance to flag: 1537, ATTACK_RANGE: 40
Distance to flag: 1548, ATTACK_RANGE: 40
Distance to flag: 1548, ATTACK_RANGE: 40
Distance to flag: 1548, ATTACK_RANGE: 40
Distance to flag: 68, ATTACK_RANGE: 40
Distance to flag: 884, ATTACK_RANGE: 40
Distance to flag: 129, ATTACK_RANGE: 40
Distance to flag: 585, ATTACK_RANGE: 40
Distance to flag: 1537, ATTACK_RANGE: 40
Distance to flag: 1548, ATTACK_RANGE: 40
Distance to flag: 1537, ATTACK_RANGE: 40
Distance to flag: 1548, ATTACK_RANGE: 40
Distance to flag: 1548, ATTACK_RANGE: 40
Distance to flag: 1548, ATTACK_RANGE: 40
Flag: Taking damage: 20
Flag: Forwarding damage to attackable component
Flag: Damage taken - Amount: 20 Current Health: 80
Flag: Health changed - Current: 80 Maximum: 100
Flag: Health bar width updated to: 51.2
Flag: Health bar updated - Size: (51.2, 8) Color: (0, 1, 0, 1)
Flag: Actual damage taken: 20
Flag: Taking damage: 20
Flag: Forwarding damage to attackable component
Flag: Damage taken - Amount: 20 Current Health: 60
Flag: Health changed - Current: 60 Maximum: 100
Flag: Health bar width updated to: 38.4
Flag: Health bar updated - Size: (38.4, 8) Color: (1, 1, 0, 1)
Flag: Actual damage taken: 20
Flag: Taking damage: 20
Flag: Forwarding damage to attackable component
Flag: Damage taken - Amount: 20 Current Health: 40
Flag: Health changed - Current: 40 Maximum: 100
Flag: Health bar width updated to: 25.6
Flag: Health bar updated - Size: (25.6, 8) Color: (1, 1, 0, 1)
Flag: Actual damage taken: 20
Flag: Taking damage: 20
Flag: Forwarding damage to attackable component
Flag: Damage taken - Amount: 20 Current Health: 20
Flag: Health changed - Current: 20 Maximum: 100
Flag: Health bar width updated to: 12.8
Flag: Health bar updated - Size: (12.8, 8) Color: (1, 0, 0, 1)
Flag: Actual damage taken: 20
Distance to flag: 743, ATTACK_RANGE: 40
Flag: Taking damage: 20
Flag: Forwarding damage to attackable component
Flag: Damage taken - Amount: 20 Current Health: 0
Flag: Health changed - Current: 0 Maximum: 100
Flag: Health bar width updated to: 0
Flag: Health bar updated - Size: (0, 8) Color: (1, 0, 0, 1)
Flag: Destroyed!
Game Over screen shown
Flag: Actual damage taken: 20
