Godot Engine v4.2.1.stable.official.b09f793f5 - https://godotengine.org
Vulkan API 1.3.292 - Forward+ - Using Vulkan Device #0: AMD - AMD Radeon RX 7800 XT
 
USER WARNING: Nodes with non-equal opposite anchors will have their size overridden after _ready(). 
If you want to set size, change the anchors or consider using set_deferred().
   at: _set_size (scene/gui/control.cpp:1440)

=== Performance Test Results ===
Test 1 (10 enemies):
- Average frame time: 42.06 ms
- FPS: 23.8
- Path calculations: 10
- Cache hit rate: 0.0%
- Spatial queries: 0


=== Performance Test Results ===
Test 2 (50 enemies):
- Average frame time: 115.71 ms
- FPS: 8.6
- Path calculations: 50
- Cache hit rate: 0.0%
- Spatial queries: 0


=== Performance Test Results ===
Test 3 (100 enemies):
- Average frame time: 36.96 ms
- FPS: 27.1
- Path calculations: 100
- Cache hit rate: 0.0%
- Spatial queries: 0


=== Performance Test Results ===
Test 4 (500 enemies):
- Average frame time: 534.61 ms
- FPS: 1.9
- Path calculations: 500
- Cache hit rate: 0.0%
- Spatial queries: 0


=== Performance Test Results ===
Test 5 (1000 enemies):
- Average frame time: 1340.67 ms
- FPS: 0.7
- Path calculations: 1000
- Cache hit rate: 0.0%
- Spatial queries: 0


=== All Performance Tests Completed ===

