Godot Engine v4.2.1.stable.official.b09f793f5 - https://godotengine.org
Vulkan API 1.3.292 - Forward+ - Using Vulkan Device #0: AMD - AMD Radeon RX 7800 XT
 
Grid: Ready called
Flag: Initializing...
Flag: Setting up Attackable component...
Flag: Attackable component initialized with health: 100
Flag: Health bar found and initialized
Flag: Health changed - Current: 100 Maximum: 100
USER WARNING: Nodes with non-equal opposite anchors will have their size overridden after _ready(). 
If you want to set size, change the anchors or consider using set_deferred().
   at: _set_size (scene/gui/control.cpp:1440)
Flag: Health bar width updated to: 64
Flag: Health bar updated - Size: (64, 8) Color: (0, 1, 0, 1)
Calculated target position: (1920, 540)
Distance to flag: 1881, ATTACK_RANGE: 40
Distance to flag: 1832, ATTACK_RANGE: 40
Calculated target position: (1920, 540)
Distance to flag: 1781, ATTACK_RANGE: 40
Distance to flag: 1900, ATTACK_RANGE: 40
Distance to flag: 1781, ATTACK_RANGE: 40
Distance to flag: 1731, ATTACK_RANGE: 40
Distance to flag: 1850, ATTACK_RANGE: 40
Calculated target position: (1920, 540)
Distance to flag: 1635, ATTACK_RANGE: 40
Distance to flag: 1755, ATTACK_RANGE: 40
Distance to flag: 1865, ATTACK_RANGE: 40
Distance to flag: 1633, ATTACK_RANGE: 40
Distance to flag: 1753, ATTACK_RANGE: 40
Distance to flag: 1864, ATTACK_RANGE: 40
Distance to flag: 1632, ATTACK_RANGE: 40
Distance to flag: 1752, ATTACK_RANGE: 40
Distance to flag: 1862, ATTACK_RANGE: 40
Calculated target position: (1920, 540)
Calculated target position: (1920, 540)
Distance to flag: 1484, ATTACK_RANGE: 40
Distance to flag: 1606, ATTACK_RANGE: 40
Distance to flag: 1717, ATTACK_RANGE: 40
Distance to flag: 1788, ATTACK_RANGE: 40
Distance to flag: 1888, ATTACK_RANGE: 40
Distance to flag: 1482, ATTACK_RANGE: 40
Distance to flag: 1604, ATTACK_RANGE: 40
Distance to flag: 1715, ATTACK_RANGE: 40
Distance to flag: 1787, ATTACK_RANGE: 40
Distance to flag: 1887, ATTACK_RANGE: 40
Distance to flag: 1480, ATTACK_RANGE: 40
Distance to flag: 1602, ATTACK_RANGE: 40
Distance to flag: 1713, ATTACK_RANGE: 40
Distance to flag: 1785, ATTACK_RANGE: 40
Distance to flag: 1885, ATTACK_RANGE: 40
Calculated target position: (1920, 540)
Distance to flag: 1333, ATTACK_RANGE: 40
Distance to flag: 1457, ATTACK_RANGE: 40
Distance to flag: 1568, ATTACK_RANGE: 40
Distance to flag: 1637, ATTACK_RANGE: 40
Distance to flag: 1737, ATTACK_RANGE: 40
Distance to flag: 1846, ATTACK_RANGE: 40
Distance to flag: 1331, ATTACK_RANGE: 40
Distance to flag: 1455, ATTACK_RANGE: 40
Distance to flag: 1566, ATTACK_RANGE: 40
Distance to flag: 1635, ATTACK_RANGE: 40
Distance to flag: 1735, ATTACK_RANGE: 40
Distance to flag: 1845, ATTACK_RANGE: 40
Distance to flag: 1329, ATTACK_RANGE: 40
Distance to flag: 1453, ATTACK_RANGE: 40
Distance to flag: 1564, ATTACK_RANGE: 40
Distance to flag: 1634, ATTACK_RANGE: 40
Distance to flag: 1734, ATTACK_RANGE: 40
Distance to flag: 1843, ATTACK_RANGE: 40
Calculated target position: (1920, 540)
Distance to flag: 1184, ATTACK_RANGE: 40
Distance to flag: 1311, ATTACK_RANGE: 40
Distance to flag: 1423, ATTACK_RANGE: 40
Distance to flag: 1489, ATTACK_RANGE: 40
Distance to flag: 1589, ATTACK_RANGE: 40
Distance to flag: 1699, ATTACK_RANGE: 40
Distance to flag: 1789, ATTACK_RANGE: 40
Distance to flag: 1957, ATTACK_RANGE: 40
Calculated target position: (1920, 540)
Calculated target position: (1920, 540)
Distance to flag: 1033, ATTACK_RANGE: 40
Distance to flag: 1169, ATTACK_RANGE: 40
Distance to flag: 1276, ATTACK_RANGE: 40
Distance to flag: 1338, ATTACK_RANGE: 40
Distance to flag: 1438, ATTACK_RANGE: 40
Distance to flag: 1549, ATTACK_RANGE: 40
Distance to flag: 1639, ATTACK_RANGE: 40
Distance to flag: 1813, ATTACK_RANGE: 40
Distance to flag: 1858, ATTACK_RANGE: 40
Distance to flag: 1031, ATTACK_RANGE: 40
Distance to flag: 1167, ATTACK_RANGE: 40
Distance to flag: 1274, ATTACK_RANGE: 40
Distance to flag: 1336, ATTACK_RANGE: 40
Distance to flag: 1436, ATTACK_RANGE: 40
Distance to flag: 1547, ATTACK_RANGE: 40
Distance to flag: 1637, ATTACK_RANGE: 40
Distance to flag: 1812, ATTACK_RANGE: 40
Distance to flag: 1856, ATTACK_RANGE: 40
Distance to flag: 1030, ATTACK_RANGE: 40
Distance to flag: 1165, ATTACK_RANGE: 40
Distance to flag: 1273, ATTACK_RANGE: 40
Distance to flag: 1334, ATTACK_RANGE: 40
Distance to flag: 1434, ATTACK_RANGE: 40
Distance to flag: 1545, ATTACK_RANGE: 40
Distance to flag: 1635, ATTACK_RANGE: 40
Distance to flag: 1810, ATTACK_RANGE: 40
Distance to flag: 1854, ATTACK_RANGE: 40
Calculated target position: (1920, 540)
Distance to flag: 882, ATTACK_RANGE: 40
Distance to flag: 1045, ATTACK_RANGE: 40
Distance to flag: 1138, ATTACK_RANGE: 40
Distance to flag: 1187, ATTACK_RANGE: 40
Distance to flag: 1287, ATTACK_RANGE: 40
Distance to flag: 1399, ATTACK_RANGE: 40
Distance to flag: 1487, ATTACK_RANGE: 40
Distance to flag: 1669, ATTACK_RANGE: 40
Distance to flag: 1708, ATTACK_RANGE: 40
Distance to flag: 1863, ATTACK_RANGE: 40
Distance to flag: 880, ATTACK_RANGE: 40
Distance to flag: 1043, ATTACK_RANGE: 40
Distance to flag: 1136, ATTACK_RANGE: 40
Distance to flag: 1185, ATTACK_RANGE: 40
Distance to flag: 1285, ATTACK_RANGE: 40
Distance to flag: 1397, ATTACK_RANGE: 40
Distance to flag: 1486, ATTACK_RANGE: 40
Distance to flag: 1667, ATTACK_RANGE: 40
Distance to flag: 1707, ATTACK_RANGE: 40
Distance to flag: 1862, ATTACK_RANGE: 40
Distance to flag: 878, ATTACK_RANGE: 40
Distance to flag: 1042, ATTACK_RANGE: 40
Distance to flag: 1135, ATTACK_RANGE: 40
Distance to flag: 1183, ATTACK_RANGE: 40
Distance to flag: 1283, ATTACK_RANGE: 40
Distance to flag: 1395, ATTACK_RANGE: 40
Distance to flag: 1484, ATTACK_RANGE: 40
Distance to flag: 1665, ATTACK_RANGE: 40
Distance to flag: 1705, ATTACK_RANGE: 40
Distance to flag: 1860, ATTACK_RANGE: 40
Distance to flag: 731, ATTACK_RANGE: 40
Distance to flag: 905, ATTACK_RANGE: 40
Distance to flag: 1013, ATTACK_RANGE: 40
Distance to flag: 1036, ATTACK_RANGE: 40
Distance to flag: 1136, ATTACK_RANGE: 40
Distance to flag: 1249, ATTACK_RANGE: 40
Distance to flag: 1337, ATTACK_RANGE: 40
Distance to flag: 1526, ATTACK_RANGE: 40
Distance to flag: 1559, ATTACK_RANGE: 40
Distance to flag: 1715, ATTACK_RANGE: 40
Distance to flag: 729, ATTACK_RANGE: 40
Distance to flag: 903, ATTACK_RANGE: 40
Distance to flag: 1012, ATTACK_RANGE: 40
Distance to flag: 1035, ATTACK_RANGE: 40
Distance to flag: 1134, ATTACK_RANGE: 40
Distance to flag: 1248, ATTACK_RANGE: 40
Distance to flag: 1335, ATTACK_RANGE: 40
Distance to flag: 1525, ATTACK_RANGE: 40
Distance to flag: 1558, ATTACK_RANGE: 40
Distance to flag: 1714, ATTACK_RANGE: 40
Distance to flag: 727, ATTACK_RANGE: 40
Distance to flag: 901, ATTACK_RANGE: 40
Distance to flag: 1010, ATTACK_RANGE: 40
Distance to flag: 1033, ATTACK_RANGE: 40
Distance to flag: 1132, ATTACK_RANGE: 40
Distance to flag: 1246, ATTACK_RANGE: 40
Distance to flag: 1333, ATTACK_RANGE: 40
Distance to flag: 1523, ATTACK_RANGE: 40
Distance to flag: 1556, ATTACK_RANGE: 40
Distance to flag: 1712, ATTACK_RANGE: 40
Distance to flag: 582, ATTACK_RANGE: 40
Distance to flag: 756, ATTACK_RANGE: 40
Distance to flag: 865, ATTACK_RANGE: 40
Distance to flag: 888, ATTACK_RANGE: 40
Distance to flag: 987, ATTACK_RANGE: 40
Distance to flag: 1102, ATTACK_RANGE: 40
Distance to flag: 1188, ATTACK_RANGE: 40
Distance to flag: 1394, ATTACK_RANGE: 40
Distance to flag: 1413, ATTACK_RANGE: 40
Distance to flag: 1568, ATTACK_RANGE: 40
Distance to flag: 580, ATTACK_RANGE: 40
Distance to flag: 754, ATTACK_RANGE: 40
Distance to flag: 863, ATTACK_RANGE: 40
Distance to flag: 886, ATTACK_RANGE: 40
Distance to flag: 985, ATTACK_RANGE: 40
Distance to flag: 1100, ATTACK_RANGE: 40
Distance to flag: 1186, ATTACK_RANGE: 40
Distance to flag: 1393, ATTACK_RANGE: 40
Distance to flag: 1411, ATTACK_RANGE: 40
Distance to flag: 1566, ATTACK_RANGE: 40
Distance to flag: 578, ATTACK_RANGE: 40
Distance to flag: 752, ATTACK_RANGE: 40
Distance to flag: 861, ATTACK_RANGE: 40
Distance to flag: 884, ATTACK_RANGE: 40
Distance to flag: 984, ATTACK_RANGE: 40
Distance to flag: 1099, ATTACK_RANGE: 40
Distance to flag: 1184, ATTACK_RANGE: 40
Distance to flag: 1391, ATTACK_RANGE: 40
Distance to flag: 1409, ATTACK_RANGE: 40
Distance to flag: 1565, ATTACK_RANGE: 40
Distance to flag: 431, ATTACK_RANGE: 40
Distance to flag: 606, ATTACK_RANGE: 40
Distance to flag: 716, ATTACK_RANGE: 40
Distance to flag: 737, ATTACK_RANGE: 40
Distance to flag: 837, ATTACK_RANGE: 40
Distance to flag: 954, ATTACK_RANGE: 40
Distance to flag: 1037, ATTACK_RANGE: 40
Distance to flag: 1266, ATTACK_RANGE: 40
Distance to flag: 1265, ATTACK_RANGE: 40
Distance to flag: 1425, ATTACK_RANGE: 40
Distance to flag: 429, ATTACK_RANGE: 40
Distance to flag: 604, ATTACK_RANGE: 40
Distance to flag: 714, ATTACK_RANGE: 40
Distance to flag: 736, ATTACK_RANGE: 40
Distance to flag: 835, ATTACK_RANGE: 40
Distance to flag: 952, ATTACK_RANGE: 40
Distance to flag: 1035, ATTACK_RANGE: 40
Distance to flag: 1265, ATTACK_RANGE: 40
Distance to flag: 1263, ATTACK_RANGE: 40
Distance to flag: 1424, ATTACK_RANGE: 40
Distance to flag: 427, ATTACK_RANGE: 40
Distance to flag: 602, ATTACK_RANGE: 40
Distance to flag: 712, ATTACK_RANGE: 40
Distance to flag: 734, ATTACK_RANGE: 40
Distance to flag: 833, ATTACK_RANGE: 40
Distance to flag: 950, ATTACK_RANGE: 40
Distance to flag: 1034, ATTACK_RANGE: 40
Distance to flag: 1263, ATTACK_RANGE: 40
Distance to flag: 1261, ATTACK_RANGE: 40
Distance to flag: 1422, ATTACK_RANGE: 40
Distance to flag: 282, ATTACK_RANGE: 40
Distance to flag: 458, ATTACK_RANGE: 40
Distance to flag: 570, ATTACK_RANGE: 40
Distance to flag: 589, ATTACK_RANGE: 40
Distance to flag: 688, ATTACK_RANGE: 40
Distance to flag: 808, ATTACK_RANGE: 40
Distance to flag: 888, ATTACK_RANGE: 40
Distance to flag: 1145, ATTACK_RANGE: 40
Distance to flag: 1130, ATTACK_RANGE: 40
Distance to flag: 1292, ATTACK_RANGE: 40
Distance to flag: 280, ATTACK_RANGE: 40
Distance to flag: 456, ATTACK_RANGE: 40
Distance to flag: 568, ATTACK_RANGE: 40
Distance to flag: 587, ATTACK_RANGE: 40
Distance to flag: 686, ATTACK_RANGE: 40
Distance to flag: 807, ATTACK_RANGE: 40
Distance to flag: 887, ATTACK_RANGE: 40
Distance to flag: 1143, ATTACK_RANGE: 40
Distance to flag: 1129, ATTACK_RANGE: 40
Distance to flag: 1290, ATTACK_RANGE: 40
Distance to flag: 278, ATTACK_RANGE: 40
Distance to flag: 454, ATTACK_RANGE: 40
Distance to flag: 566, ATTACK_RANGE: 40
Distance to flag: 585, ATTACK_RANGE: 40
Distance to flag: 684, ATTACK_RANGE: 40
Distance to flag: 805, ATTACK_RANGE: 40
Distance to flag: 885, ATTACK_RANGE: 40
Distance to flag: 1142, ATTACK_RANGE: 40
Distance to flag: 1127, ATTACK_RANGE: 40
Distance to flag: 1289, ATTACK_RANGE: 40
Distance to flag: 136, ATTACK_RANGE: 40
Distance to flag: 310, ATTACK_RANGE: 40
Distance to flag: 424, ATTACK_RANGE: 40
Distance to flag: 440, ATTACK_RANGE: 40
Distance to flag: 538, ATTACK_RANGE: 40
Distance to flag: 662, ATTACK_RANGE: 40
Distance to flag: 738, ATTACK_RANGE: 40
Distance to flag: 1015, ATTACK_RANGE: 40
Distance to flag: 1010, ATTACK_RANGE: 40
Distance to flag: 1159, ATTACK_RANGE: 40
Distance to flag: 134, ATTACK_RANGE: 40
Distance to flag: 308, ATTACK_RANGE: 40
Distance to flag: 422, ATTACK_RANGE: 40
Distance to flag: 438, ATTACK_RANGE: 40
Distance to flag: 536, ATTACK_RANGE: 40
Distance to flag: 661, ATTACK_RANGE: 40
Distance to flag: 736, ATTACK_RANGE: 40
Distance to flag: 1013, ATTACK_RANGE: 40
Distance to flag: 1008, ATTACK_RANGE: 40
Distance to flag: 1158, ATTACK_RANGE: 40
Distance to flag: 132, ATTACK_RANGE: 40
Distance to flag: 306, ATTACK_RANGE: 40
Distance to flag: 420, ATTACK_RANGE: 40
Distance to flag: 436, ATTACK_RANGE: 40
Distance to flag: 534, ATTACK_RANGE: 40
Distance to flag: 659, ATTACK_RANGE: 40
Distance to flag: 734, ATTACK_RANGE: 40
Distance to flag: 1012, ATTACK_RANGE: 40
Distance to flag: 1007, ATTACK_RANGE: 40
Distance to flag: 1156, ATTACK_RANGE: 40
Distance to flag: 110, ATTACK_RANGE: 40
Distance to flag: 172, ATTACK_RANGE: 40
Distance to flag: 284, ATTACK_RANGE: 40
Distance to flag: 293, ATTACK_RANGE: 40
Distance to flag: 390, ATTACK_RANGE: 40
Distance to flag: 521, ATTACK_RANGE: 40
Distance to flag: 590, ATTACK_RANGE: 40
Distance to flag: 866, ATTACK_RANGE: 40
Distance to flag: 862, ATTACK_RANGE: 40
Distance to flag: 1014, ATTACK_RANGE: 40
Distance to flag: 108, ATTACK_RANGE: 40
Distance to flag: 171, ATTACK_RANGE: 40
Distance to flag: 283, ATTACK_RANGE: 40
Distance to flag: 291, ATTACK_RANGE: 40
Distance to flag: 388, ATTACK_RANGE: 40
Distance to flag: 520, ATTACK_RANGE: 40
Distance to flag: 588, ATTACK_RANGE: 40
Distance to flag: 865, ATTACK_RANGE: 40
Distance to flag: 860, ATTACK_RANGE: 40
Distance to flag: 1012, ATTACK_RANGE: 40
Distance to flag: 107, ATTACK_RANGE: 40
Distance to flag: 170, ATTACK_RANGE: 40
Distance to flag: 281, ATTACK_RANGE: 40
Distance to flag: 290, ATTACK_RANGE: 40
Distance to flag: 387, ATTACK_RANGE: 40
Distance to flag: 518, ATTACK_RANGE: 40
Distance to flag: 586, ATTACK_RANGE: 40
Distance to flag: 863, ATTACK_RANGE: 40
Distance to flag: 858, ATTACK_RANGE: 40
Distance to flag: 1010, ATTACK_RANGE: 40
Flag: Taking damage: 20
Flag: Forwarding damage to attackable component
Flag: Damage taken - Amount: 20 Current Health: 80
Flag: Health changed - Current: 80 Maximum: 100
Flag: Health bar width updated to: 51.2
Flag: Health bar updated - Size: (51.2, 8) Color: (0, 1, 0, 1)
Flag: Actual damage taken: 20
Flag: Taking damage: 20
Flag: Forwarding damage to attackable component
Flag: Damage taken - Amount: 20 Current Health: 60
Flag: Health changed - Current: 60 Maximum: 100
Flag: Health bar width updated to: 38.4
Flag: Health bar updated - Size: (38.4, 8) Color: (1, 1, 0, 1)
Flag: Actual damage taken: 20
Distance to flag: 159, ATTACK_RANGE: 40
Distance to flag: 189, ATTACK_RANGE: 40
Distance to flag: 244, ATTACK_RANGE: 40
Distance to flag: 397, ATTACK_RANGE: 40
Distance to flag: 443, ATTACK_RANGE: 40
Distance to flag: 718, ATTACK_RANGE: 40
Distance to flag: 713, ATTACK_RANGE: 40
Distance to flag: 884, ATTACK_RANGE: 40
Distance to flag: 130, ATTACK_RANGE: 40
Distance to flag: 159, ATTACK_RANGE: 40
Distance to flag: 189, ATTACK_RANGE: 40
Distance to flag: 243, ATTACK_RANGE: 40
Distance to flag: 395, ATTACK_RANGE: 40
Distance to flag: 441, ATTACK_RANGE: 40
Distance to flag: 716, ATTACK_RANGE: 40
Distance to flag: 712, ATTACK_RANGE: 40
Distance to flag: 882, ATTACK_RANGE: 40
Distance to flag: 159, ATTACK_RANGE: 40
Distance to flag: 189, ATTACK_RANGE: 40
Distance to flag: 241, ATTACK_RANGE: 40
Distance to flag: 393, ATTACK_RANGE: 40
Distance to flag: 439, ATTACK_RANGE: 40
Distance to flag: 714, ATTACK_RANGE: 40
Distance to flag: 710, ATTACK_RANGE: 40
Distance to flag: 880, ATTACK_RANGE: 40
Distance to flag: 130, ATTACK_RANGE: 40
Flag: Taking damage: 20
Flag: Forwarding damage to attackable component
Flag: Damage taken - Amount: 20 Current Health: 40
Flag: Health changed - Current: 40 Maximum: 100
Flag: Health bar width updated to: 25.6
Flag: Health bar updated - Size: (25.6, 8) Color: (1, 1, 0, 1)
Flag: Actual damage taken: 20
Flag: Taking damage: 20
Flag: Forwarding damage to attackable component
Flag: Damage taken - Amount: 20 Current Health: 20
Flag: Health changed - Current: 20 Maximum: 100
Flag: Health bar width updated to: 12.8
Flag: Health bar updated - Size: (12.8, 8) Color: (1, 0, 0, 1)
Flag: Actual damage taken: 20
Flag: Taking damage: 20
Flag: Forwarding damage to attackable component
Flag: Damage taken - Amount: 20 Current Health: 0
Flag: Health changed - Current: 0 Maximum: 100
Flag: Health bar width updated to: 0
Flag: Health bar updated - Size: (0, 8) Color: (1, 0, 0, 1)
Flag: Destroyed!
Game Over screen shown
Flag: Actual damage taken: 20
Restart button pressed
Grid: Ready called
Flag: Initializing...
Flag: Setting up Attackable component...
Flag: Attackable component initialized with health: 100
Flag: Health bar found and initialized
Flag: Health changed - Current: 100 Maximum: 100
USER WARNING: Nodes with non-equal opposite anchors will have their size overridden after _ready(). 
If you want to set size, change the anchors or consider using set_deferred().
   at: _set_size (scene/gui/control.cpp:1440)
Flag: Health bar width updated to: 64
Flag: Health bar updated - Size: (64, 8) Color: (0, 1, 0, 1)
Distance to flag: 1898, ATTACK_RANGE: 40
Calculated target position: (1920, 540)
Distance to flag: 1898, ATTACK_RANGE: 40
Calculated target position: (1920, 540)
Distance to flag: 1751, ATTACK_RANGE: 40
Distance to flag: 1846, ATTACK_RANGE: 40
Distance to flag: 1750, ATTACK_RANGE: 40
Distance to flag: 1844, ATTACK_RANGE: 40
Distance to flag: 1748, ATTACK_RANGE: 40
Distance to flag: 1842, ATTACK_RANGE: 40
Calculated target position: (1920, 540)
Distance to flag: 1601, ATTACK_RANGE: 40
Distance to flag: 1695, ATTACK_RANGE: 40
Distance to flag: 1796, ATTACK_RANGE: 40
Distance to flag: 1600, ATTACK_RANGE: 40
Distance to flag: 1694, ATTACK_RANGE: 40
Distance to flag: 1794, ATTACK_RANGE: 40
Distance to flag: 1914, ATTACK_RANGE: 40
Calculated target position: (1920, 540)
Distance to flag: 1598, ATTACK_RANGE: 40
Distance to flag: 1692, ATTACK_RANGE: 40
Distance to flag: 1792, ATTACK_RANGE: 40
Distance to flag: 1914, ATTACK_RANGE: 40
Calculated target position: (1920, 540)
Distance to flag: 1452, ATTACK_RANGE: 40
Distance to flag: 1546, ATTACK_RANGE: 40
Distance to flag: 1646, ATTACK_RANGE: 40
Distance to flag: 1769, ATTACK_RANGE: 40
Distance to flag: 1951, ATTACK_RANGE: 40
Distance to flag: 1451, ATTACK_RANGE: 40
Distance to flag: 1544, ATTACK_RANGE: 40
Distance to flag: 1644, ATTACK_RANGE: 40
Distance to flag: 1768, ATTACK_RANGE: 40
Distance to flag: 1949, ATTACK_RANGE: 40
Distance to flag: 1449, ATTACK_RANGE: 40
Distance to flag: 1542, ATTACK_RANGE: 40
Distance to flag: 1643, ATTACK_RANGE: 40
Distance to flag: 1766, ATTACK_RANGE: 40
Distance to flag: 1947, ATTACK_RANGE: 40
Calculated target position: (1920, 540)
Distance to flag: 1305, ATTACK_RANGE: 40
Distance to flag: 1397, ATTACK_RANGE: 40
Distance to flag: 1498, ATTACK_RANGE: 40
Distance to flag: 1623, ATTACK_RANGE: 40
Distance to flag: 1811, ATTACK_RANGE: 40
Distance to flag: 1797, ATTACK_RANGE: 40
Distance to flag: 1303, ATTACK_RANGE: 40
Distance to flag: 1395, ATTACK_RANGE: 40
Distance to flag: 1496, ATTACK_RANGE: 40
Distance to flag: 1621, ATTACK_RANGE: 40
Distance to flag: 1809, ATTACK_RANGE: 40
Distance to flag: 1795, ATTACK_RANGE: 40
Distance to flag: 1301, ATTACK_RANGE: 40
Distance to flag: 1394, ATTACK_RANGE: 40
Distance to flag: 1494, ATTACK_RANGE: 40
Distance to flag: 1619, ATTACK_RANGE: 40
Distance to flag: 1807, ATTACK_RANGE: 40
Distance to flag: 1794, ATTACK_RANGE: 40
Distance to flag: 1300, ATTACK_RANGE: 40
Distance to flag: 1392, ATTACK_RANGE: 40
Distance to flag: 1492, ATTACK_RANGE: 40
Distance to flag: 1618, ATTACK_RANGE: 40
Distance to flag: 1806, ATTACK_RANGE: 40
Distance to flag: 1792, ATTACK_RANGE: 40
Distance to flag: 1892, ATTACK_RANGE: 40
Calculated target position: (1920, 540)
Distance to flag: 1298, ATTACK_RANGE: 40
Distance to flag: 1390, ATTACK_RANGE: 40
Distance to flag: 1490, ATTACK_RANGE: 40
Distance to flag: 1616, ATTACK_RANGE: 40
Distance to flag: 1804, ATTACK_RANGE: 40
Distance to flag: 1790, ATTACK_RANGE: 40
Distance to flag: 1892, ATTACK_RANGE: 40
Calculated target position: (1920, 540)
Distance to flag: 1160, ATTACK_RANGE: 40
Distance to flag: 1251, ATTACK_RANGE: 40
Distance to flag: 1352, ATTACK_RANGE: 40
Distance to flag: 1479, ATTACK_RANGE: 40
Distance to flag: 1675, ATTACK_RANGE: 40
Distance to flag: 1651, ATTACK_RANGE: 40
Distance to flag: 1753, ATTACK_RANGE: 40
Distance to flag: 1920, ATTACK_RANGE: 40
Distance to flag: 1158, ATTACK_RANGE: 40
Distance to flag: 1250, ATTACK_RANGE: 40
Distance to flag: 1350, ATTACK_RANGE: 40
Distance to flag: 1478, ATTACK_RANGE: 40
Distance to flag: 1673, ATTACK_RANGE: 40
Distance to flag: 1649, ATTACK_RANGE: 40
Distance to flag: 1751, ATTACK_RANGE: 40
Distance to flag: 1918, ATTACK_RANGE: 40
Distance to flag: 1157, ATTACK_RANGE: 40
Distance to flag: 1248, ATTACK_RANGE: 40
Distance to flag: 1348, ATTACK_RANGE: 40
Distance to flag: 1476, ATTACK_RANGE: 40
Distance to flag: 1671, ATTACK_RANGE: 40
Distance to flag: 1648, ATTACK_RANGE: 40
Distance to flag: 1750, ATTACK_RANGE: 40
Distance to flag: 1917, ATTACK_RANGE: 40
Calculated target position: (1920, 540)
Distance to flag: 1009, ATTACK_RANGE: 40
Distance to flag: 1099, ATTACK_RANGE: 40
Distance to flag: 1199, ATTACK_RANGE: 40
Distance to flag: 1330, ATTACK_RANGE: 40
Distance to flag: 1529, ATTACK_RANGE: 40
Distance to flag: 1498, ATTACK_RANGE: 40
Distance to flag: 1600, ATTACK_RANGE: 40
Distance to flag: 1772, ATTACK_RANGE: 40
Distance to flag: 1853, ATTACK_RANGE: 40
Distance to flag: 1007, ATTACK_RANGE: 40
Distance to flag: 1097, ATTACK_RANGE: 40
Distance to flag: 1197, ATTACK_RANGE: 40
Distance to flag: 1328, ATTACK_RANGE: 40
Distance to flag: 1527, ATTACK_RANGE: 40
Distance to flag: 1496, ATTACK_RANGE: 40
Distance to flag: 1598, ATTACK_RANGE: 40
Distance to flag: 1771, ATTACK_RANGE: 40
Distance to flag: 1851, ATTACK_RANGE: 40
Distance to flag: 1005, ATTACK_RANGE: 40
Distance to flag: 1095, ATTACK_RANGE: 40
Distance to flag: 1195, ATTACK_RANGE: 40
Distance to flag: 1326, ATTACK_RANGE: 40
Distance to flag: 1525, ATTACK_RANGE: 40
Distance to flag: 1494, ATTACK_RANGE: 40
Distance to flag: 1596, ATTACK_RANGE: 40
Distance to flag: 1769, ATTACK_RANGE: 40
Distance to flag: 1849, ATTACK_RANGE: 40
Calculated target position: (1920, 540)
Distance to flag: 861, ATTACK_RANGE: 40
Distance to flag: 949, ATTACK_RANGE: 40
Distance to flag: 1049, ATTACK_RANGE: 40
Distance to flag: 1183, ATTACK_RANGE: 40
Distance to flag: 1391, ATTACK_RANGE: 40
Distance to flag: 1347, ATTACK_RANGE: 40
Distance to flag: 1449, ATTACK_RANGE: 40
Distance to flag: 1629, ATTACK_RANGE: 40
Distance to flag: 1707, ATTACK_RANGE: 40
Distance to flag: 1885, ATTACK_RANGE: 40
Distance to flag: 859, ATTACK_RANGE: 40
Distance to flag: 947, ATTACK_RANGE: 40
Distance to flag: 1047, ATTACK_RANGE: 40
Distance to flag: 1182, ATTACK_RANGE: 40
Distance to flag: 1389, ATTACK_RANGE: 40
Distance to flag: 1345, ATTACK_RANGE: 40
Distance to flag: 1448, ATTACK_RANGE: 40
Distance to flag: 1627, ATTACK_RANGE: 40
Distance to flag: 1705, ATTACK_RANGE: 40
Distance to flag: 1884, ATTACK_RANGE: 40
Distance to flag: 858, ATTACK_RANGE: 40
Distance to flag: 945, ATTACK_RANGE: 40
Distance to flag: 1045, ATTACK_RANGE: 40
Distance to flag: 1180, ATTACK_RANGE: 40
Distance to flag: 1388, ATTACK_RANGE: 40
Distance to flag: 1344, ATTACK_RANGE: 40
Distance to flag: 1446, ATTACK_RANGE: 40
Distance to flag: 1625, ATTACK_RANGE: 40
Distance to flag: 1703, ATTACK_RANGE: 40
Distance to flag: 1882, ATTACK_RANGE: 40
Distance to flag: 717, ATTACK_RANGE: 40
Distance to flag: 801, ATTACK_RANGE: 40
Distance to flag: 901, ATTACK_RANGE: 40
Distance to flag: 1041, ATTACK_RANGE: 40
Distance to flag: 1258, ATTACK_RANGE: 40
Distance to flag: 1199, ATTACK_RANGE: 40
Distance to flag: 1301, ATTACK_RANGE: 40
Distance to flag: 1488, ATTACK_RANGE: 40
Distance to flag: 1564, ATTACK_RANGE: 40
Distance to flag: 1748, ATTACK_RANGE: 40
Distance to flag: 715, ATTACK_RANGE: 40
Distance to flag: 800, ATTACK_RANGE: 40
Distance to flag: 899, ATTACK_RANGE: 40
Distance to flag: 1039, ATTACK_RANGE: 40
Distance to flag: 1257, ATTACK_RANGE: 40
Distance to flag: 1197, ATTACK_RANGE: 40
Distance to flag: 1299, ATTACK_RANGE: 40
Distance to flag: 1486, ATTACK_RANGE: 40
Distance to flag: 1562, ATTACK_RANGE: 40
Distance to flag: 1746, ATTACK_RANGE: 40
Distance to flag: 713, ATTACK_RANGE: 40
Distance to flag: 798, ATTACK_RANGE: 40
Distance to flag: 897, ATTACK_RANGE: 40
Distance to flag: 1037, ATTACK_RANGE: 40
Distance to flag: 1255, ATTACK_RANGE: 40
Distance to flag: 1195, ATTACK_RANGE: 40
Distance to flag: 1297, ATTACK_RANGE: 40
Distance to flag: 1484, ATTACK_RANGE: 40
Distance to flag: 1560, ATTACK_RANGE: 40
Distance to flag: 1745, ATTACK_RANGE: 40
Distance to flag: 573, ATTACK_RANGE: 40
Distance to flag: 653, ATTACK_RANGE: 40
Distance to flag: 752, ATTACK_RANGE: 40
Distance to flag: 905, ATTACK_RANGE: 40
Distance to flag: 1129, ATTACK_RANGE: 40
Distance to flag: 1049, ATTACK_RANGE: 40
Distance to flag: 1151, ATTACK_RANGE: 40
Distance to flag: 1347, ATTACK_RANGE: 40
Distance to flag: 1420, ATTACK_RANGE: 40
Distance to flag: 1606, ATTACK_RANGE: 40
Distance to flag: 571, ATTACK_RANGE: 40
Distance to flag: 651, ATTACK_RANGE: 40
Distance to flag: 750, ATTACK_RANGE: 40
Distance to flag: 904, ATTACK_RANGE: 40
Distance to flag: 1127, ATTACK_RANGE: 40
Distance to flag: 1047, ATTACK_RANGE: 40
Distance to flag: 1149, ATTACK_RANGE: 40
Distance to flag: 1346, ATTACK_RANGE: 40
Distance to flag: 1418, ATTACK_RANGE: 40
Distance to flag: 1604, ATTACK_RANGE: 40
Distance to flag: 570, ATTACK_RANGE: 40
Distance to flag: 649, ATTACK_RANGE: 40
Distance to flag: 748, ATTACK_RANGE: 40
Distance to flag: 902, ATTACK_RANGE: 40
Distance to flag: 1126, ATTACK_RANGE: 40
Distance to flag: 1045, ATTACK_RANGE: 40
Distance to flag: 1147, ATTACK_RANGE: 40
Distance to flag: 1344, ATTACK_RANGE: 40
Distance to flag: 1416, ATTACK_RANGE: 40
Distance to flag: 1602, ATTACK_RANGE: 40
Distance to flag: 436, ATTACK_RANGE: 40
Distance to flag: 508, ATTACK_RANGE: 40
Distance to flag: 606, ATTACK_RANGE: 40
Distance to flag: 759, ATTACK_RANGE: 40
Distance to flag: 988, ATTACK_RANGE: 40
Distance to flag: 901, ATTACK_RANGE: 40
Distance to flag: 1003, ATTACK_RANGE: 40
Distance to flag: 1216, ATTACK_RANGE: 40
Distance to flag: 1279, ATTACK_RANGE: 40
Distance to flag: 1466, ATTACK_RANGE: 40
Distance to flag: 434, ATTACK_RANGE: 40
Distance to flag: 506, ATTACK_RANGE: 40
Distance to flag: 604, ATTACK_RANGE: 40
Distance to flag: 757, ATTACK_RANGE: 40
Distance to flag: 986, ATTACK_RANGE: 40
Distance to flag: 899, ATTACK_RANGE: 40
Distance to flag: 1001, ATTACK_RANGE: 40
Distance to flag: 1214, ATTACK_RANGE: 40
Distance to flag: 1277, ATTACK_RANGE: 40
Distance to flag: 1464, ATTACK_RANGE: 40
Distance to flag: 433, ATTACK_RANGE: 40
Distance to flag: 504, ATTACK_RANGE: 40
Distance to flag: 602, ATTACK_RANGE: 40
Distance to flag: 756, ATTACK_RANGE: 40
Distance to flag: 984, ATTACK_RANGE: 40
Distance to flag: 897, ATTACK_RANGE: 40
Distance to flag: 999, ATTACK_RANGE: 40
Distance to flag: 1213, ATTACK_RANGE: 40
Distance to flag: 1276, ATTACK_RANGE: 40
Distance to flag: 1463, ATTACK_RANGE: 40
Distance to flag: 293, ATTACK_RANGE: 40
Distance to flag: 366, ATTACK_RANGE: 40
Distance to flag: 461, ATTACK_RANGE: 40
Distance to flag: 616, ATTACK_RANGE: 40
Distance to flag: 842, ATTACK_RANGE: 40
Distance to flag: 754, ATTACK_RANGE: 40
Distance to flag: 855, ATTACK_RANGE: 40
Distance to flag: 1089, ATTACK_RANGE: 40
Distance to flag: 1140, ATTACK_RANGE: 40
Distance to flag: 1330, ATTACK_RANGE: 40
Distance to flag: 291, ATTACK_RANGE: 40
Distance to flag: 364, ATTACK_RANGE: 40
Distance to flag: 460, ATTACK_RANGE: 40
Distance to flag: 614, ATTACK_RANGE: 40
Distance to flag: 840, ATTACK_RANGE: 40
Distance to flag: 752, ATTACK_RANGE: 40
Distance to flag: 854, ATTACK_RANGE: 40
Distance to flag: 1088, ATTACK_RANGE: 40
Distance to flag: 1139, ATTACK_RANGE: 40
Distance to flag: 1328, ATTACK_RANGE: 40
Distance to flag: 290, ATTACK_RANGE: 40
Distance to flag: 363, ATTACK_RANGE: 40
Distance to flag: 458, ATTACK_RANGE: 40
Distance to flag: 612, ATTACK_RANGE: 40
Distance to flag: 838, ATTACK_RANGE: 40
Distance to flag: 750, ATTACK_RANGE: 40
Distance to flag: 852, ATTACK_RANGE: 40
Distance to flag: 1086, ATTACK_RANGE: 40
Distance to flag: 1137, ATTACK_RANGE: 40
Distance to flag: 1326, ATTACK_RANGE: 40
Distance to flag: 288, ATTACK_RANGE: 40
Distance to flag: 361, ATTACK_RANGE: 40
Distance to flag: 456, ATTACK_RANGE: 40
Distance to flag: 611, ATTACK_RANGE: 40
Distance to flag: 837, ATTACK_RANGE: 40
Distance to flag: 748, ATTACK_RANGE: 40
Distance to flag: 850, ATTACK_RANGE: 40
Distance to flag: 1085, ATTACK_RANGE: 40
Distance to flag: 1136, ATTACK_RANGE: 40
Distance to flag: 1325, ATTACK_RANGE: 40
Distance to flag: 171, ATTACK_RANGE: 40
Distance to flag: 232, ATTACK_RANGE: 40
Distance to flag: 320, ATTACK_RANGE: 40
Distance to flag: 474, ATTACK_RANGE: 40
Distance to flag: 696, ATTACK_RANGE: 40
Distance to flag: 605, ATTACK_RANGE: 40
Distance to flag: 707, ATTACK_RANGE: 40
Distance to flag: 955, ATTACK_RANGE: 40
Distance to flag: 1003, ATTACK_RANGE: 40
Distance to flag: 1194, ATTACK_RANGE: 40
Distance to flag: 169, ATTACK_RANGE: 40
Distance to flag: 230, ATTACK_RANGE: 40
Distance to flag: 318, ATTACK_RANGE: 40
Distance to flag: 473, ATTACK_RANGE: 40
Distance to flag: 694, ATTACK_RANGE: 40
Distance to flag: 603, ATTACK_RANGE: 40
Distance to flag: 705, ATTACK_RANGE: 40
Distance to flag: 953, ATTACK_RANGE: 40
Distance to flag: 1001, ATTACK_RANGE: 40
Distance to flag: 1193, ATTACK_RANGE: 40
Distance to flag: 168, ATTACK_RANGE: 40
Distance to flag: 229, ATTACK_RANGE: 40
Distance to flag: 316, ATTACK_RANGE: 40
Distance to flag: 471, ATTACK_RANGE: 40
Distance to flag: 693, ATTACK_RANGE: 40
Distance to flag: 602, ATTACK_RANGE: 40
Distance to flag: 703, ATTACK_RANGE: 40
Distance to flag: 951, ATTACK_RANGE: 40
Distance to flag: 999, ATTACK_RANGE: 40
Distance to flag: 1191, ATTACK_RANGE: 40
Distance to flag: 138, ATTACK_RANGE: 40
Distance to flag: 138, ATTACK_RANGE: 40
Distance to flag: 194, ATTACK_RANGE: 40
Distance to flag: 343, ATTACK_RANGE: 40
Distance to flag: 555, ATTACK_RANGE: 40
Distance to flag: 460, ATTACK_RANGE: 40
Distance to flag: 561, ATTACK_RANGE: 40
Distance to flag: 807, ATTACK_RANGE: 40
Distance to flag: 858, ATTACK_RANGE: 40
Distance to flag: 1059, ATTACK_RANGE: 40
Distance to flag: 138, ATTACK_RANGE: 40
Distance to flag: 137, ATTACK_RANGE: 40
Distance to flag: 192, ATTACK_RANGE: 40
Distance to flag: 341, ATTACK_RANGE: 40
Distance to flag: 553, ATTACK_RANGE: 40
Distance to flag: 459, ATTACK_RANGE: 40
Distance to flag: 559, ATTACK_RANGE: 40
Distance to flag: 805, ATTACK_RANGE: 40
Distance to flag: 857, ATTACK_RANGE: 40
Distance to flag: 1057, ATTACK_RANGE: 40
Distance to flag: 139, ATTACK_RANGE: 40
Distance to flag: 137, ATTACK_RANGE: 40
Distance to flag: 191, ATTACK_RANGE: 40
Distance to flag: 339, ATTACK_RANGE: 40
Distance to flag: 551, ATTACK_RANGE: 40
Distance to flag: 457, ATTACK_RANGE: 40
Distance to flag: 557, ATTACK_RANGE: 40
Distance to flag: 804, ATTACK_RANGE: 40
Distance to flag: 855, ATTACK_RANGE: 40
Distance to flag: 1055, ATTACK_RANGE: 40
Distance to flag: 139, ATTACK_RANGE: 40
Distance to flag: 162, ATTACK_RANGE: 40
Distance to flag: 159, ATTACK_RANGE: 40
Distance to flag: 121, ATTACK_RANGE: 40
Distance to flag: 232, ATTACK_RANGE: 40
Distance to flag: 417, ATTACK_RANGE: 40
Distance to flag: 318, ATTACK_RANGE: 40
Distance to flag: 416, ATTACK_RANGE: 40
Distance to flag: 659, ATTACK_RANGE: 40
Distance to flag: 716, ATTACK_RANGE: 40
Distance to flag: 912, ATTACK_RANGE: 40
Distance to flag: 160, ATTACK_RANGE: 40
Distance to flag: 160, ATTACK_RANGE: 40
Distance to flag: 121, ATTACK_RANGE: 40
Distance to flag: 230, ATTACK_RANGE: 40
Distance to flag: 415, ATTACK_RANGE: 40
Distance to flag: 316, ATTACK_RANGE: 40
Distance to flag: 414, ATTACK_RANGE: 40
Distance to flag: 657, ATTACK_RANGE: 40
Distance to flag: 714, ATTACK_RANGE: 40
Distance to flag: 911, ATTACK_RANGE: 40
Distance to flag: 159, ATTACK_RANGE: 40
Distance to flag: 161, ATTACK_RANGE: 40
Distance to flag: 120, ATTACK_RANGE: 40
Distance to flag: 229, ATTACK_RANGE: 40
Distance to flag: 413, ATTACK_RANGE: 40
Distance to flag: 314, ATTACK_RANGE: 40
Distance to flag: 412, ATTACK_RANGE: 40
Distance to flag: 655, ATTACK_RANGE: 40
Distance to flag: 713, ATTACK_RANGE: 40
Distance to flag: 909, ATTACK_RANGE: 40
Distance to flag: 44, ATTACK_RANGE: 40
Distance to flag: 123, ATTACK_RANGE: 40
Distance to flag: 149, ATTACK_RANGE: 40
Distance to flag: 188, ATTACK_RANGE: 40
Distance to flag: 273, ATTACK_RANGE: 40
Distance to flag: 209, ATTACK_RANGE: 40
Distance to flag: 278, ATTACK_RANGE: 40
Distance to flag: 514, ATTACK_RANGE: 40
Distance to flag: 580, ATTACK_RANGE: 40
Distance to flag: 771, ATTACK_RANGE: 40
Distance to flag: 42, ATTACK_RANGE: 40
Distance to flag: 121, ATTACK_RANGE: 40
Distance to flag: 148, ATTACK_RANGE: 40
Distance to flag: 188, ATTACK_RANGE: 40
Distance to flag: 271, ATTACK_RANGE: 40
Distance to flag: 209, ATTACK_RANGE: 40
Distance to flag: 277, ATTACK_RANGE: 40
Distance to flag: 512, ATTACK_RANGE: 40
Distance to flag: 578, ATTACK_RANGE: 40
Distance to flag: 769, ATTACK_RANGE: 40
Distance to flag: 40, ATTACK_RANGE: 40
Distance to flag: 120, ATTACK_RANGE: 40
Distance to flag: 149, ATTACK_RANGE: 40
Distance to flag: 188, ATTACK_RANGE: 40
Distance to flag: 270, ATTACK_RANGE: 40
Distance to flag: 209, ATTACK_RANGE: 40
Distance to flag: 275, ATTACK_RANGE: 40
Distance to flag: 510, ATTACK_RANGE: 40
Distance to flag: 576, ATTACK_RANGE: 40
Distance to flag: 767, ATTACK_RANGE: 40
Flag: Taking damage: 20
Flag: Forwarding damage to attackable component
Flag: Damage taken - Amount: 20 Current Health: 80
Flag: Health changed - Current: 80 Maximum: 100
Flag: Health bar width updated to: 51.2
Flag: Health bar updated - Size: (51.2, 8) Color: (0, 1, 0, 1)
Flag: Actual damage taken: 20
Flag: Taking damage: 20
Flag: Forwarding damage to attackable component
Flag: Damage taken - Amount: 20 Current Health: 60
Flag: Health changed - Current: 60 Maximum: 100
Flag: Health bar width updated to: 38.4
Flag: Health bar updated - Size: (38.4, 8) Color: (1, 1, 0, 1)
Flag: Actual damage taken: 20
Flag: Taking damage: 20
Flag: Forwarding damage to attackable component
Flag: Damage taken - Amount: 20 Current Health: 40
Flag: Health changed - Current: 40 Maximum: 100
Flag: Health bar width updated to: 25.6
Flag: Health bar updated - Size: (25.6, 8) Color: (1, 1, 0, 1)
Flag: Actual damage taken: 20
Flag: Taking damage: 20
Flag: Forwarding damage to attackable component
Flag: Damage taken - Amount: 20 Current Health: 20
Flag: Health changed - Current: 20 Maximum: 100
Flag: Health bar width updated to: 12.8
Flag: Health bar updated - Size: (12.8, 8) Color: (1, 0, 0, 1)
Flag: Actual damage taken: 20
Flag: Taking damage: 20
Flag: Forwarding damage to attackable component
Flag: Damage taken - Amount: 20 Current Health: 0
Flag: Health changed - Current: 0 Maximum: 100
Flag: Health bar width updated to: 0
Flag: Health bar updated - Size: (0, 8) Color: (1, 0, 0, 1)
Flag: Destroyed!
Game Over screen shown
Flag: Actual damage taken: 20
