Godot Engine v4.2.1.stable.official.b09f793f5 - https://godotengine.org
Vulkan API 1.3.292 - Forward+ - Using Vulkan Device #0: AMD - AMD Radeon RX 7800 XT
 
Grid: Ready called
Flag: Initializing...
Flag: Setting up Attackable component...
Flag: Attackable component initialized with health: 100
Flag: Health bar found and initialized
Flag: Health changed - Current: 100 Maximum: 100
USER WARNING: Nodes with non-equal opposite anchors will have their size overridden after _ready(). 
If you want to set size, change the anchors or consider using set_deferred().
   at: _set_size (scene/gui/control.cpp:1440)
Flag: Health bar width updated to: 64
Flag: Health bar updated - Size: (64, 8) Color: (0, 1, 0, 1)

=== Starting Flag Attack Tests ===
Spawned enemy at: (1920, 540)

Starting test: front

Test passed: front
Flag: Taking damage: 20
Flag: Forwarding damage to attackable component
Flag: Damage taken - Amount: 20 Current Health: 80
Flag: Health changed - Current: 80 Maximum: 100
Flag: Health bar width updated to: 51.2
Flag: Health bar updated - Size: (51.2, 8) Color: (0, 1, 0, 1)
Flag: Actual damage taken: 20
Spawned enemy at: (2240, 540)

Starting test: back
Calculated target position: (1920, 540)
Distance to flag: 328, ATTACK_RANGE: 40
Distance to flag: 278, ATTACK_RANGE: 40

[back] State: Moving, Distance to flag: 257, Path length: 4
   Position: (2177.629, 543.5986)
   Next waypoint: (2144, 544)
Distance to flag: 228, ATTACK_RANGE: 40
Distance to flag: 178, ATTACK_RANGE: 40
Distance to flag: 178, ATTACK_RANGE: 40

[back] State: Moving, Distance to flag: 157, Path length: 2
   Position: (2077.59, 543.9608)
   Next waypoint: (2016, 544)
Distance to flag: 128, ATTACK_RANGE: 40
Distance to flag: 78, ATTACK_RANGE: 40

[back] State: Moving, Distance to flag: 57, Path length: 1
   Position: (1977.592, 543.9962)
   Next waypoint: (1952, 544)
Distance to flag: 51, ATTACK_RANGE: 40
Distance to flag: 51, ATTACK_RANGE: 40

[back] State: Moving, Distance to flag: 51
   Position: (1970.925, 543.9971)
Distance to flag: 51, ATTACK_RANGE: 40
Distance to flag: 51, ATTACK_RANGE: 40

[back] State: Moving, Distance to flag: 51
   Position: (1970.925, 543.9971)

Test failed: back (Timeout)
Spawned enemy at: (2240, 540)

Starting test: back
Calculated target position: (1920, 540)
Distance to flag: 329, ATTACK_RANGE: 40
Distance to flag: 279, ATTACK_RANGE: 40

[back] State: Moving, Distance to flag: 258, Path length: 4
   Position: (2178.004, 543.6044)
   Next waypoint: (2144, 544)
Distance to flag: 229, ATTACK_RANGE: 40
Distance to flag: 179, ATTACK_RANGE: 40

[back] State: Moving, Distance to flag: 158, Path length: 2
   Position: (2078.021, 543.9628)
   Next waypoint: (2016, 544)
Distance to flag: 129, ATTACK_RANGE: 40
Distance to flag: 79, ATTACK_RANGE: 40

[back] State: Moving, Distance to flag: 58, Path length: 1
   Position: (1978.024, 543.9961)
   Next waypoint: (1952, 544)
Distance to flag: 50, ATTACK_RANGE: 40
Distance to flag: 50, ATTACK_RANGE: 40
Distance to flag: 50, ATTACK_RANGE: 40

[back] State: Moving, Distance to flag: 50
   Position: (1970.751, 543.9972)
Distance to flag: 50, ATTACK_RANGE: 40
Distance to flag: 50, ATTACK_RANGE: 40
Distance to flag: 50, ATTACK_RANGE: 40

[back] State: Moving, Distance to flag: 50
   Position: (1970.751, 543.9972)

Test failed: back (Timeout)
Spawned enemy at: (2240, 540)

Starting test: back
Calculated target position: (1920, 540)
Distance to flag: 329, ATTACK_RANGE: 40
Distance to flag: 279, ATTACK_RANGE: 40

[back] State: Moving, Distance to flag: 258, Path length: 4
   Position: (2178.123, 543.6014)
   Next waypoint: (2144, 544)
Distance to flag: 229, ATTACK_RANGE: 40
Distance to flag: 179, ATTACK_RANGE: 40
