Godot Engine v4.2.1.stable.official.b09f793f5 - https://godotengine.org
Vulkan API 1.3.292 - Forward+ - Using Vulkan Device #0: AMD - AMD Radeon RX 7800 XT
 
Grid: Ready called
Added spawn point at grid position: (0, 2)
Added spawn point at grid position: (0, 3)
Added spawn point at grid position: (0, 4)
Added spawn point at grid position: (0, 5)
Added spawn point at grid position: (0, 6)
Added spawn point at grid position: (0, 7)
Added spawn point at grid position: (0, 8)
Added spawn point at grid position: (0, 9)
Added spawn point at grid position: (0, 10)
Added spawn point at grid position: (0, 11)
Added spawn point at grid position: (0, 12)
Added spawn point at grid position: (0, 13)
Added spawn point at grid position: (0, 14)
Added spawn point at grid position: (0, 15)
Added spawn point at grid position: (0, 16)
Added spawn point at grid position: (0, 17)
Added spawn point at grid position: (0, 18)
Added spawn point at grid position: (0, 19)
Attackable: Ready called
Flag: Initializing...
Flag: Setting up Attackable component...
Attackable: Initializing with health: 100
Attackable: Initialization complete. Current health: 100
Flag: Attackable component initialized with health: 100
Flag: Health bar found and initialized
Flag: Health changed - Current: 100 Maximum: 100
USER WARNING: Nodes with non-equal opposite anchors will have their size overridden after _ready(). 
If you want to set size, change the anchors or consider using set_deferred().
   at: _set_size (scene/gui/control.cpp:1440)
Flag: Health bar width updated to: 64
Flag: Health bar updated - Size: (64, 8) Color: (0, 1, 0, 1)
TestMap: Ready called
TestMap: Input event received: InputEventMouseButton: button_index=2, mods=none, pressed=true, canceled=false, position=((681.5, 65)), button_mask=2, double_click=false

Wall Placement Debug:
Viewport Mouse Position: (681.5, 65)
World Position: (869.3334, 25.30719)
World (869.3334, 25.30719) -> Grid (13, 0)
Grid Position: (13, 0)
Placing wall...
Grid (13, 0) -> World (864, 32)
Placing wall at: (864, 32)
Attackable: Ready called
Attackable: Initializing with health: 1000
Attackable: Initialization complete. Current health: 1000
Wall initialized with health: 1000
TestMap: Input event received: InputEventMouseButton: button_index=2, mods=none, pressed=false, canceled=false, position=((681.5, 65)), button_mask=0, double_click=false
TestMap: Input event received: InputEventMouseButton: button_index=2, mods=none, pressed=true, canceled=false, position=((678.5, 91)), button_mask=2, double_click=false

Wall Placement Debug:
Viewport Mouse Position: (678.5, 91.5)
World Position: (862.4314, 86.27454)
World (862.4314, 86.27454) -> Grid (13, 1)
Grid Position: (13, 1)
Placing wall...
Grid (13, 1) -> World (864, 96)
Placing wall at: (864, 96)
Attackable: Ready called
Attackable: Initializing with health: 1000
Attackable: Initialization complete. Current health: 1000
Wall initialized with health: 1000
TestMap: Input event received: InputEventMouseButton: button_index=2, mods=none, pressed=false, canceled=false, position=((678, 98)), button_mask=0, double_click=false
TestMap: Input event received: InputEventMouseButton: button_index=2, mods=none, pressed=true, canceled=false, position=((677.5, 120.5)), button_mask=2, double_click=false

Wall Placement Debug:
Viewport Mouse Position: (677.5, 121)
World Position: (860.1307, 154.1438)
World (860.1307, 154.1438) -> Grid (13, 2)
Grid Position: (13, 2)
Placing wall...
Grid (13, 2) -> World (864, 160)
Placing wall at: (864, 160)
Attackable: Ready called
Attackable: Initializing with health: 1000
Attackable: Initialization complete. Current health: 1000
Wall initialized with health: 1000
TestMap: Input event received: InputEventMouseButton: button_index=2, mods=none, pressed=false, canceled=false, position=((676, 132)), button_mask=0, double_click=false
TestMap: Input event received: InputEventMouseButton: button_index=2, mods=none, pressed=true, canceled=false, position=((676, 148)), button_mask=2, double_click=false

Wall Placement Debug:
Viewport Mouse Position: (676, 148)
World Position: (856.6797, 216.2614)
World (856.6797, 216.2614) -> Grid (13, 3)
Grid Position: (13, 3)
Placing wall...
Grid (13, 3) -> World (864, 224)
Placing wall at: (864, 224)
Attackable: Ready called
Attackable: Initializing with health: 1000
Attackable: Initialization complete. Current health: 1000
Wall initialized with health: 1000
TestMap: Input event received: InputEventMouseButton: button_index=2, mods=none, pressed=false, canceled=false, position=((675, 176.5)), button_mask=0, double_click=false
TestMap: Input event received: InputEventMouseButton: button_index=2, mods=none, pressed=true, canceled=false, position=((678, 187)), button_mask=2, double_click=false

Wall Placement Debug:
Viewport Mouse Position: (678, 187)
World Position: (861.281, 305.9869)
World (861.281, 305.9869) -> Grid (13, 4)
Grid Position: (13, 4)
Placing wall...
Grid (13, 4) -> World (864, 288)
Placing wall at: (864, 288)
Attackable: Ready called
Attackable: Initializing with health: 1000
Attackable: Initialization complete. Current health: 1000
Wall initialized with health: 1000
TestMap: Input event received: InputEventMouseButton: button_index=2, mods=none, pressed=false, canceled=false, position=((677.5, 198)), button_mask=0, double_click=false
TestMap: Input event received: InputEventMouseButton: button_index=2, mods=none, pressed=true, canceled=false, position=((677.5, 208.5)), button_mask=2, double_click=false

Wall Placement Debug:
Viewport Mouse Position: (677.5, 209.5)
World Position: (860.1307, 357.7516)
World (860.1307, 357.7516) -> Grid (13, 5)
Grid Position: (13, 5)
Placing wall...
Grid (13, 5) -> World (864, 352)
Placing wall at: (864, 352)
Attackable: Ready called
Attackable: Initializing with health: 1000
Attackable: Initialization complete. Current health: 1000
Wall initialized with health: 1000
TestMap: Input event received: InputEventMouseButton: button_index=2, mods=none, pressed=false, canceled=false, position=((675, 228)), button_mask=0, double_click=false
TestMap: Input event received: InputEventMouseButton: button_index=2, mods=none, pressed=true, canceled=false, position=((673, 238.5)), button_mask=2, double_click=false

Wall Placement Debug:
Viewport Mouse Position: (673, 239)
World Position: (849.7778, 425.6209)
World (849.7778, 425.6209) -> Grid (13, 6)
Grid Position: (13, 6)
Placing wall...
Grid (13, 6) -> World (864, 416)
Placing wall at: (864, 416)
Attackable: Ready called
Attackable: Initializing with health: 1000
Attackable: Initialization complete. Current health: 1000
Wall initialized with health: 1000
TestMap: Input event received: InputEventMouseButton: button_index=2, mods=none, pressed=false, canceled=false, position=((673, 248)), button_mask=0, double_click=false
TestMap: Input event received: InputEventMouseButton: button_index=2, mods=none, pressed=true, canceled=false, position=((673.5, 269)), button_mask=2, double_click=false

Wall Placement Debug:
Viewport Mouse Position: (673.5, 269.5)
World Position: (850.9281, 495.7908)
World (850.9281, 495.7908) -> Grid (13, 7)
Grid Position: (13, 7)
Placing wall...
Grid (13, 7) -> World (864, 480)
Placing wall at: (864, 480)
Attackable: Ready called
Attackable: Initializing with health: 1000
Attackable: Initialization complete. Current health: 1000
Wall initialized with health: 1000
TestMap: Input event received: InputEventMouseButton: button_index=2, mods=none, pressed=false, canceled=false, position=((675, 284.5)), button_mask=0, double_click=false
TestMap: Input event received: InputEventMouseButton: button_index=2, mods=none, pressed=true, canceled=false, position=((674, 298.5)), button_mask=2, double_click=false

Wall Placement Debug:
Viewport Mouse Position: (674, 298.5)
World Position: (852.0784, 562.5098)
World (852.0784, 562.5098) -> Grid (13, 8)
Grid Position: (13, 8)
Placing wall...
Grid (13, 8) -> World (864, 544)
Placing wall at: (864, 544)
Attackable: Ready called
Attackable: Initializing with health: 1000
Attackable: Initialization complete. Current health: 1000
Wall initialized with health: 1000
TestMap: Input event received: InputEventMouseButton: button_index=2, mods=none, pressed=false, canceled=false, position=((673.5, 314.5)), button_mask=0, double_click=false
TestMap: Input event received: InputEventMouseButton: button_index=2, mods=none, pressed=true, canceled=false, position=((673.5, 328.5)), button_mask=2, double_click=false

Wall Placement Debug:
Viewport Mouse Position: (673.5, 329.5)
World Position: (850.9281, 633.8301)
World (850.9281, 633.8301) -> Grid (13, 9)
Grid Position: (13, 9)
Placing wall...
Grid (13, 9) -> World (864, 608)
Placing wall at: (864, 608)
Attackable: Ready called
Attackable: Initializing with health: 1000
Attackable: Initialization complete. Current health: 1000
Wall initialized with health: 1000
TestMap: Input event received: InputEventMouseButton: button_index=2, mods=none, pressed=false, canceled=false, position=((669.5, 398)), button_mask=0, double_click=false
TestMap: Input event received: InputEventMouseButton: button_index=2, mods=none, pressed=true, canceled=false, position=((669.5, 398.5)), button_mask=2, double_click=false

Wall Placement Debug:
Viewport Mouse Position: (669.5, 398.5)
World Position: (841.7255, 792.5752)
World (841.7255, 792.5752) -> Grid (13, 12)
Grid Position: (13, 12)
Placing wall...
Grid (13, 12) -> World (864, 800)
Placing wall at: (864, 800)
Attackable: Ready called
Attackable: Initializing with health: 1000
Attackable: Initialization complete. Current health: 1000
Wall initialized with health: 1000
TestMap: Input event received: InputEventMouseButton: button_index=2, mods=none, pressed=false, canceled=false, position=((669.5, 401.5)), button_mask=0, double_click=false
TestMap: Input event received: InputEventMouseButton: button_index=2, mods=none, pressed=true, canceled=false, position=((681, 357)), button_mask=2, double_click=false

Wall Placement Debug:
Viewport Mouse Position: (681, 357)
World Position: (868.183, 697.098)
World (868.183, 697.098) -> Grid (13, 10)
Grid Position: (13, 10)
Placing wall...
Grid (13, 10) -> World (864, 672)
Placing wall at: (864, 672)
Attackable: Ready called
Attackable: Initializing with health: 1000
Attackable: Initialization complete. Current health: 1000
Wall initialized with health: 1000
TestMap: Input event received: InputEventMouseButton: button_index=2, mods=none, pressed=false, canceled=false, position=((681, 357)), button_mask=0, double_click=false
TestMap: Input event received: InputEventMouseButton: button_index=2, mods=none, pressed=true, canceled=false, position=((681.5, 375.5)), button_mask=2, double_click=false

Wall Placement Debug:
Viewport Mouse Position: (681.5, 375.5)
World Position: (869.3334, 739.6602)
World (869.3334, 739.6602) -> Grid (13, 11)
Grid Position: (13, 11)
Placing wall...
Grid (13, 11) -> World (864, 736)
Placing wall at: (864, 736)
Attackable: Ready called
Attackable: Initializing with health: 1000
Attackable: Initialization complete. Current health: 1000
Wall initialized with health: 1000
TestMap: Input event received: InputEventMouseButton: button_index=2, mods=none, pressed=false, canceled=false, position=((681, 375.5)), button_mask=0, double_click=false
TestMap: Input event received: InputEventMouseButton: button_index=2, mods=none, pressed=true, canceled=false, position=((679, 423.5)), button_mask=2, double_click=false

Wall Placement Debug:
Viewport Mouse Position: (679, 423.5)
World Position: (863.5817, 850.0915)
World (863.5817, 850.0915) -> Grid (13, 13)
Grid Position: (13, 13)
Placing wall...
Grid (13, 13) -> World (864, 864)
Placing wall at: (864, 864)
Attackable: Ready called
Attackable: Initializing with health: 1000
Attackable: Initialization complete. Current health: 1000
Wall initialized with health: 1000
TestMap: Input event received: InputEventMouseButton: button_index=2, mods=none, pressed=false, canceled=false, position=((678.5, 429)), button_mask=0, double_click=false
TestMap: Input event received: InputEventMouseButton: button_index=2, mods=none, pressed=true, canceled=false, position=((675.5, 466)), button_mask=2, double_click=false

Wall Placement Debug:
Viewport Mouse Position: (675.5, 466)
World Position: (855.5294, 947.8693)
World (855.5294, 947.8693) -> Grid (13, 14)
Grid Position: (13, 14)
Placing wall...
Grid (13, 14) -> World (864, 928)
Placing wall at: (864, 928)
Attackable: Ready called
Attackable: Initializing with health: 1000
Attackable: Initialization complete. Current health: 1000
Wall initialized with health: 1000
TestMap: Input event received: InputEventMouseButton: button_index=2, mods=none, pressed=false, canceled=false, position=((675.5, 466.5)), button_mask=0, double_click=false
TestMap: Input event received: InputEventMouseButton: button_index=2, mods=none, pressed=true, canceled=false, position=((675, 496.5)), button_mask=2, double_click=false

Wall Placement Debug:
Viewport Mouse Position: (675, 497)
World Position: (854.3791, 1019.19)
World (854.3791, 1019.19) -> Grid (13, 15)
Grid Position: (13, 15)
Placing wall...
Grid (13, 15) -> World (864, 992)
Placing wall at: (864, 992)
Attackable: Ready called
Attackable: Initializing with health: 1000
Attackable: Initialization complete. Current health: 1000
Wall initialized with health: 1000
TestMap: Input event received: InputEventMouseButton: button_index=2, mods=none, pressed=false, canceled=false, position=((675, 501)), button_mask=0, double_click=false
TestMap: Input event received: InputEventMouseButton: button_index=2, mods=none, pressed=true, canceled=false, position=((673, 523.5)), button_mask=2, double_click=false

Wall Placement Debug:
Viewport Mouse Position: (673, 523.5)
World Position: (849.7778, 1080.157)
World (849.7778, 1080.157) -> Grid (13, 16)
Grid Position: (13, 16)
Placing wall...
Grid (13, 16) -> World (864, 1056)
Placing wall at: (864, 1056)
Attackable: Ready called
Attackable: Initializing with health: 1000
Attackable: Initialization complete. Current health: 1000
Wall initialized with health: 1000
TestMap: Input event received: InputEventMouseButton: button_index=2, mods=none, pressed=false, canceled=false, position=((672.5, 528.5)), button_mask=0, double_click=false
TestMap: Input event received: InputEventMouseButton: button_index=2, mods=none, pressed=true, canceled=false, position=((670, 548.5)), button_mask=2, double_click=false

Wall Placement Debug:
Viewport Mouse Position: (670, 549)
World Position: (842.8759, 1138.823)
World (842.8759, 1138.823) -> Grid (13, 17)
Grid Position: (13, 17)
Placing wall...
Grid (13, 17) -> World (864, 1120)
Placing wall at: (864, 1120)
Attackable: Ready called
Attackable: Initializing with health: 1000
Attackable: Initialization complete. Current health: 1000
Wall initialized with health: 1000
TestMap: Input event received: InputEventMouseButton: button_index=2, mods=none, pressed=false, canceled=false, position=((670, 552.5)), button_mask=0, double_click=false
TestMap: Input event received: InputEventMouseButton: button_index=2, mods=none, pressed=true, canceled=false, position=((670, 566)), button_mask=2, double_click=false

Wall Placement Debug:
Viewport Mouse Position: (670, 567)
World Position: (842.8759, 1180.235)
World (842.8759, 1180.235) -> Grid (13, 18)
Grid Position: (13, 18)
Placing wall...
Grid (13, 18) -> World (864, 1184)
Placing wall at: (864, 1184)
Attackable: Ready called
Attackable: Initializing with health: 1000
Attackable: Initialization complete. Current health: 1000
Wall initialized with health: 1000
TestMap: Input event received: InputEventMouseButton: button_index=2, mods=none, pressed=false, canceled=false, position=((673.5, 580)), button_mask=0, double_click=false
TestMap: Input event received: InputEventMouseButton: button_index=2, mods=none, pressed=true, canceled=false, position=((673, 594)), button_mask=2, double_click=false

Wall Placement Debug:
Viewport Mouse Position: (673, 594.5)
World Position: (849.7778, 1243.503)
World (849.7778, 1243.503) -> Grid (13, 19)
Grid Position: (13, 19)
Placing wall...
Grid (13, 19) -> World (864, 1248)
Placing wall at: (864, 1248)
Attackable: Ready called
Attackable: Initializing with health: 1000
Attackable: Initialization complete. Current health: 1000
Wall initialized with health: 1000
TestMap: Input event received: InputEventMouseButton: button_index=2, mods=none, pressed=false, canceled=false, position=((674, 608.5)), button_mask=0, double_click=false
TestMap: Input event received: InputEventMouseButton: button_index=2, mods=none, pressed=true, canceled=false, position=((674, 625.5)), button_mask=2, double_click=false

Wall Placement Debug:
Viewport Mouse Position: (674, 625.5)
World Position: (852.0784, 1314.823)
World (852.0784, 1314.823) -> Grid (13, 20)
Grid Position: (13, 20)
Placing wall...
Grid (13, 20) -> World (864, 1312)
Placing wall at: (864, 1312)
Attackable: Ready called
Attackable: Initializing with health: 1000
Attackable: Initialization complete. Current health: 1000
Wall initialized with health: 1000
TestMap: Input event received: InputEventMouseButton: button_index=2, mods=none, pressed=false, canceled=false, position=((674, 636)), button_mask=0, double_click=false
TestMap: Input event received: InputEventMouseButton: button_index=2, mods=none, pressed=true, canceled=false, position=((675.5, 654.5)), button_mask=2, double_click=false

Wall Placement Debug:
Viewport Mouse Position: (675.5, 654.5)
World Position: (855.5294, 1381.542)
World (855.5294, 1381.542) -> Grid (13, 21)
Grid Position: (13, 21)
Placing wall...
Grid (13, 21) -> World (864, 1376)
Placing wall at: (864, 1376)
Attackable: Ready called
Attackable: Initializing with health: 1000
Attackable: Initialization complete. Current health: 1000
Wall initialized with health: 1000
TestMap: Input event received: InputEventMouseButton: button_index=2, mods=none, pressed=false, canceled=false, position=((675, 659.5)), button_mask=0, double_click=false
TestMap: Input event received: InputEventMouseButton: button_index=1, mods=none, pressed=true, canceled=false, position=((1660.5, 21.5)), button_mask=1, double_click=false
TestMap: Input event received: InputEventMouseButton: button_index=1, mods=none, pressed=false, canceled=false, position=((1660.5, 22)), button_mask=0, double_click=false
Wave 1 started with 10 enemies
Grid (0, 17) -> World (32, 1120)
Selected spawn point: grid=(0, 17) world=(32, 1120)
Spawned enemy at grid-aligned position: (32, 1120)
World (32, 1120) -> Grid (0, 17)
World (1920, 540) -> Grid (30, 8)
World (32, 1120) -> Grid (0, 17)
World (1920, 540) -> Grid (30, 8)
Enemy: Recalculating path to target
World (32, 1120) -> Grid (0, 17)
World (1920, 540) -> Grid (30, 8)
Enemy: Grid positions - Start: (0, 16) End: (30, 8)
Enemy: No path found, checking for walls to break
World (32, 1120) -> Grid (0, 17)
World (1920, 540) -> Grid (30, 8)
World (32, 1120) -> Grid (0, 17)
World (1920, 540) -> Grid (30, 8)
World (32, 1120) -> Grid (0, 17)
World (1920, 540) -> Grid (30, 8)
Enemy: Recalculating path to target
World (32, 1120) -> Grid (0, 17)
World (1920, 540) -> Grid (30, 8)
Enemy: Grid positions - Start: (0, 16) End: (30, 8)
Enemy: No path found, checking for walls to break
World (32, 1120) -> Grid (0, 17)
World (1920, 540) -> Grid (30, 8)
World (32, 1120) -> Grid (0, 17)
World (1920, 540) -> Grid (30, 8)
World (32, 1120) -> Grid (0, 17)
World (1920, 540) -> Grid (30, 8)
Enemy: Recalculating path to target
World (32, 1120) -> Grid (0, 17)
World (1920, 540) -> Grid (30, 8)
Enemy: Grid positions - Start: (0, 16) End: (30, 8)
Enemy: No path found, checking for walls to break
World (32, 1120) -> Grid (0, 17)
World (1920, 540) -> Grid (30, 8)
World (32, 1120) -> Grid (0, 17)
World (1920, 540) -> Grid (30, 8)
World (32, 1120) -> Grid (0, 17)
World (1920, 540) -> Grid (30, 8)
Enemy: Recalculating path to target
World (32, 1120) -> Grid (0, 17)
World (1920, 540) -> Grid (30, 8)
Enemy: Grid positions - Start: (0, 17) End: (30, 8)
Enemy: No path found, checking for walls to break
World (32, 1120) -> Grid (0, 17)
World (1920, 540) -> Grid (30, 8)
World (32, 1120) -> Grid (0, 17)
World (1920, 540) -> Grid (30, 8)
World (32, 1120) -> Grid (0, 17)
World (1920, 540) -> Grid (30, 8)
Enemy: Recalculating path to target
World (32, 1120) -> Grid (0, 17)
World (1920, 540) -> Grid (30, 8)
Enemy: Grid positions - Start: (0, 17) End: (30, 8)
Enemy: No path found, checking for walls to break
World (32, 1120) -> Grid (0, 17)
World (1920, 540) -> Grid (30, 8)
World (32, 1120) -> Grid (0, 17)
World (1920, 540) -> Grid (30, 8)
World (32, 1120) -> Grid (0, 17)
World (1920, 540) -> Grid (30, 8)
Enemy: Recalculating path to target
World (32, 1120) -> Grid (0, 17)
World (1920, 540) -> Grid (30, 8)
Enemy: Grid positions - Start: (0, 17) End: (30, 8)
Enemy: No path found, checking for walls to break
World (32, 1120) -> Grid (0, 17)
World (1920, 540) -> Grid (30, 8)
World (32, 1120) -> Grid (0, 17)
World (1920, 540) -> Grid (30, 8)
World (32, 1120) -> Grid (0, 17)
World (1920, 540) -> Grid (30, 8)
Enemy: Recalculating path to target
World (32, 1120) -> Grid (0, 17)
World (1920, 540) -> Grid (30, 8)
Enemy: Grid positions - Start: (0, 17) End: (30, 8)
Enemy: No path found, checking for walls to break
World (32, 1120) -> Grid (0, 17)
World (1920, 540) -> Grid (30, 8)
World (32, 1120) -> Grid (0, 17)
World (1920, 540) -> Grid (30, 8)
World (32, 1120) -> Grid (0, 17)
World (1920, 540) -> Grid (30, 8)
Enemy: Recalculating path to target
World (32, 1120) -> Grid (0, 17)
World (1920, 540) -> Grid (30, 8)
Enemy: Grid positions - Start: (0, 17) End: (30, 8)
Enemy: No path found, checking for walls to break
World (32, 1120) -> Grid (0, 17)
World (1920, 540) -> Grid (30, 8)
World (32, 1120) -> Grid (0, 17)
World (1920, 540) -> Grid (30, 8)
World (32, 1120) -> Grid (0, 17)
World (1920, 540) -> Grid (30, 8)
Enemy: Recalculating path to target
World (32, 1120) -> Grid (0, 17)
World (1920, 540) -> Grid (30, 8)
Enemy: Grid positions - Start: (0, 16) End: (30, 8)
Enemy: No path found, checking for walls to break
World (32, 1120) -> Grid (0, 17)
World (1920, 540) -> Grid (30, 8)
World (32, 1120) -> Grid (0, 17)
World (1920, 540) -> Grid (30, 8)
World (32, 1120) -> Grid (0, 17)
World (1920, 540) -> Grid (30, 8)
Enemy: Recalculating path to target
World (32, 1120) -> Grid (0, 17)
World (1920, 540) -> Grid (30, 8)
Enemy: Grid positions - Start: (0, 16) End: (30, 8)
Enemy: No path found, checking for walls to break
World (32, 1120) -> Grid (0, 17)
World (1920, 540) -> Grid (30, 8)
World (32, 1120) -> Grid (0, 17)
World (1920, 540) -> Grid (30, 8)
World (32, 1120) -> Grid (0, 17)
World (1920, 540) -> Grid (30, 8)
Enemy: Recalculating path to target
World (32, 1120) -> Grid (0, 17)
World (1920, 540) -> Grid (30, 8)
Enemy: Grid positions - Start: (0, 17) End: (30, 8)
Enemy: No path found, checking for walls to break
World (32, 1120) -> Grid (0, 17)
World (1920, 540) -> Grid (30, 8)
World (32, 1120) -> Grid (0, 17)
World (1920, 540) -> Grid (30, 8)
World (32, 1120) -> Grid (0, 17)
World (1920, 540) -> Grid (30, 8)
Enemy: Recalculating path to target
World (32, 1120) -> Grid (0, 17)
World (1920, 540) -> Grid (30, 8)
Enemy: Grid positions - Start: (0, 17) End: (30, 8)
Enemy: No path found, checking for walls to break
World (32, 1120) -> Grid (0, 17)
World (1920, 540) -> Grid (30, 8)
World (32, 1120) -> Grid (0, 17)
World (1920, 540) -> Grid (30, 8)
World (32, 1120) -> Grid (0, 17)
World (1920, 540) -> Grid (30, 8)
Enemy: Recalculating path to target
World (32, 1120) -> Grid (0, 17)
World (1920, 540) -> Grid (30, 8)
Enemy: Grid positions - Start: (0, 16) End: (30, 8)
Enemy: No path found, checking for walls to break
World (32, 1120) -> Grid (0, 17)
World (1920, 540) -> Grid (30, 8)
World (32, 1120) -> Grid (0, 17)
World (1920, 540) -> Grid (30, 8)
World (32, 1120) -> Grid (0, 17)
World (1920, 540) -> Grid (30, 8)
Enemy: Recalculating path to target
World (32, 1120) -> Grid (0, 17)
World (1920, 540) -> Grid (30, 8)
Enemy: Grid positions - Start: (0, 16) End: (30, 8)
Enemy: No path found, checking for walls to break
World (32, 1120) -> Grid (0, 17)
World (1920, 540) -> Grid (30, 8)
World (32, 1120) -> Grid (0, 17)
World (1920, 540) -> Grid (30, 8)
World (32, 1120) -> Grid (0, 17)
World (1920, 540) -> Grid (30, 8)
Enemy: Recalculating path to target
World (32, 1120) -> Grid (0, 17)
World (1920, 540) -> Grid (30, 8)
Enemy: Grid positions - Start: (0, 16) End: (30, 8)
Enemy: No path found, checking for walls to break
World (32, 1120) -> Grid (0, 17)
World (1920, 540) -> Grid (30, 8)
World (32, 1120) -> Grid (0, 17)
World (1920, 540) -> Grid (30, 8)
World (32, 1120) -> Grid (0, 17)
World (1920, 540) -> Grid (30, 8)
Enemy: Recalculating path to target
World (32, 1120) -> Grid (0, 17)
World (1920, 540) -> Grid (30, 8)
Enemy: Grid positions - Start: (0, 16) End: (30, 8)
Enemy: No path found, checking for walls to break
World (32, 1120) -> Grid (0, 17)
World (1920, 540) -> Grid (30, 8)
World (32, 1120) -> Grid (0, 17)
World (1920, 540) -> Grid (30, 8)
World (32, 1120) -> Grid (0, 17)
World (1920, 540) -> Grid (30, 8)
Enemy: Recalculating path to target
World (32, 1120) -> Grid (0, 17)
World (1920, 540) -> Grid (30, 8)
Enemy: Grid positions - Start: (0, 16) End: (30, 8)
Enemy: No path found, checking for walls to break
World (32, 1120) -> Grid (0, 17)
World (1920, 540) -> Grid (30, 8)
World (32, 1120) -> Grid (0, 17)
World (1920, 540) -> Grid (30, 8)
World (32, 1120) -> Grid (0, 17)
World (1920, 540) -> Grid (30, 8)
Enemy: Recalculating path to target
World (32, 1120) -> Grid (0, 17)
World (1920, 540) -> Grid (30, 8)
Enemy: Grid positions - Start: (0, 16) End: (30, 8)
Enemy: No path found, checking for walls to break
World (32, 1120) -> Grid (0, 17)
World (1920, 540) -> Grid (30, 8)
World (32, 1120) -> Grid (0, 17)
World (1920, 540) -> Grid (30, 8)
World (32, 1120) -> Grid (0, 17)
World (1920, 540) -> Grid (30, 8)
Enemy: Recalculating path to target
World (32, 1120) -> Grid (0, 17)
World (1920, 540) -> Grid (30, 8)
Enemy: Grid positions - Start: (0, 16) End: (30, 8)
Enemy: No path found, checking for walls to break
World (32, 1120) -> Grid (0, 17)
World (1920, 540) -> Grid (30, 8)
World (32, 1120) -> Grid (0, 17)
World (1920, 540) -> Grid (30, 8)
World (32, 1120) -> Grid (0, 17)
World (1920, 540) -> Grid (30, 8)
Enemy: Recalculating path to target
World (32, 1120) -> Grid (0, 17)
World (1920, 540) -> Grid (30, 8)
Enemy: Grid positions - Start: (0, 17) End: (30, 8)
Enemy: No path found, checking for walls to break
World (32, 1120) -> Grid (0, 17)
World (1920, 540) -> Grid (30, 8)
World (32, 1120) -> Grid (0, 17)
World (1920, 540) -> Grid (30, 8)
World (32, 1120) -> Grid (0, 17)
World (1920, 540) -> Grid (30, 8)
Enemy: Recalculating path to target
World (32, 1120) -> Grid (0, 17)
World (1920, 540) -> Grid (30, 8)
Enemy: Grid positions - Start: (0, 16) End: (30, 8)
Enemy: No path found, checking for walls to break
World (32, 1120) -> Grid (0, 17)
World (1920, 540) -> Grid (30, 8)
Grid (0, 12) -> World (32, 800)
Selected spawn point: grid=(0, 12) world=(32, 800)
Spawned enemy at grid-aligned position: (32, 800)
World (32, 1120) -> Grid (0, 17)
World (1920, 540) -> Grid (30, 8)
World (32, 1120) -> Grid (0, 17)
World (1920, 540) -> Grid (30, 8)
Enemy: Recalculating path to target
World (32, 1120) -> Grid (0, 17)
World (1920, 540) -> Grid (30, 8)
Enemy: Grid positions - Start: (0, 17) End: (30, 8)
Enemy: No path found, checking for walls to break
World (32, 1120) -> Grid (0, 17)
World (1920, 540) -> Grid (30, 8)
World (32, 1120) -> Grid (0, 17)
World (1920, 540) -> Grid (30, 8)
World (32, 1120) -> Grid (0, 17)
World (1920, 540) -> Grid (30, 8)
Enemy: Recalculating path to target
World (32, 1120) -> Grid (0, 17)
World (1920, 540) -> Grid (30, 8)
Enemy: Grid positions - Start: (0, 17) End: (30, 8)
Enemy: No path found, checking for walls to break
World (32, 1120) -> Grid (0, 17)
World (1920, 540) -> Grid (30, 8)
World (32, 800) -> Grid (0, 12)
World (1920, 540) -> Grid (30, 8)
World (32, 800) -> Grid (0, 12)
World (1920, 540) -> Grid (30, 8)
Enemy: Recalculating path to target
World (32, 800) -> Grid (0, 12)
World (1920, 540) -> Grid (30, 8)
Enemy: Grid positions - Start: (0, 12) End: (30, 8)
Enemy: No path found, checking for walls to break
World (32, 800) -> Grid (0, 12)
World (1920, 540) -> Grid (30, 8)
World (32, 1120) -> Grid (0, 17)
World (1920, 540) -> Grid (30, 8)
World (32, 1120) -> Grid (0, 17)
World (1920, 540) -> Grid (30, 8)
Enemy: Recalculating path to target
World (32, 1120) -> Grid (0, 17)
World (1920, 540) -> Grid (30, 8)
Enemy: Grid positions - Start: (0, 16) End: (30, 8)
Enemy: No path found, checking for walls to break
World (32, 1120) -> Grid (0, 17)
World (1920, 540) -> Grid (30, 8)
World (32, 800) -> Grid (0, 12)
World (1920, 540) -> Grid (30, 8)
World (32, 800) -> Grid (0, 12)
World (1920, 540) -> Grid (30, 8)
Enemy: Recalculating path to target
World (32, 800) -> Grid (0, 12)
World (1920, 540) -> Grid (30, 8)
Enemy: Grid positions - Start: (0, 12) End: (30, 8)
Enemy: No path found, checking for walls to break
World (32, 800) -> Grid (0, 12)
World (1920, 540) -> Grid (30, 8)
World (32, 1120) -> Grid (0, 17)
World (1920, 540) -> Grid (30, 8)
World (32, 1120) -> Grid (0, 17)
World (1920, 540) -> Grid (30, 8)
Enemy: Recalculating path to target
World (32, 1120) -> Grid (0, 17)
World (1920, 540) -> Grid (30, 8)
Enemy: Grid positions - Start: (0, 17) End: (30, 8)
Enemy: No path found, checking for walls to break
World (32, 1120) -> Grid (0, 17)
World (1920, 540) -> Grid (30, 8)
World (32, 800) -> Grid (0, 12)
World (1920, 540) -> Grid (30, 8)
World (32, 800) -> Grid (0, 12)
World (1920, 540) -> Grid (30, 8)
Enemy: Recalculating path to target
World (32, 800) -> Grid (0, 12)
World (1920, 540) -> Grid (30, 8)
Enemy: Grid positions - Start: (0, 12) End: (30, 8)
Enemy: No path found, checking for walls to break
World (32, 800) -> Grid (0, 12)
World (1920, 540) -> Grid (30, 8)
World (32, 1120) -> Grid (0, 17)
World (1920, 540) -> Grid (30, 8)
World (32, 1120) -> Grid (0, 17)
World (1920, 540) -> Grid (30, 8)
Enemy: Recalculating path to target
World (32, 1120) -> Grid (0, 17)
World (1920, 540) -> Grid (30, 8)
Enemy: Grid positions - Start: (0, 17) End: (30, 8)
Enemy: No path found, checking for walls to break
World (32, 1120) -> Grid (0, 17)
World (1920, 540) -> Grid (30, 8)
World (32, 800) -> Grid (0, 12)
World (1920, 540) -> Grid (30, 8)
World (32, 800) -> Grid (0, 12)
World (1920, 540) -> Grid (30, 8)
Enemy: Recalculating path to target
World (32, 800) -> Grid (0, 12)
World (1920, 540) -> Grid (30, 8)
Enemy: Grid positions - Start: (0, 11) End: (30, 8)
Enemy: No path found, checking for walls to break
World (32, 800) -> Grid (0, 12)
World (1920, 540) -> Grid (30, 8)
World (32, 1120) -> Grid (0, 17)
World (1920, 540) -> Grid (30, 8)
World (32, 1120) -> Grid (0, 17)
World (1920, 540) -> Grid (30, 8)
Enemy: Recalculating path to target
World (32, 1120) -> Grid (0, 17)
World (1920, 540) -> Grid (30, 8)
Enemy: Grid positions - Start: (0, 16) End: (30, 8)
Enemy: No path found, checking for walls to break
World (32, 1120) -> Grid (0, 17)
World (1920, 540) -> Grid (30, 8)
World (32, 800) -> Grid (0, 12)
World (1920, 540) -> Grid (30, 8)
World (32, 800) -> Grid (0, 12)
World (1920, 540) -> Grid (30, 8)
Enemy: Recalculating path to target
World (32, 800) -> Grid (0, 12)
World (1920, 540) -> Grid (30, 8)
Enemy: Grid positions - Start: (0, 12) End: (30, 8)
Enemy: No path found, checking for walls to break
World (32, 800) -> Grid (0, 12)
World (1920, 540) -> Grid (30, 8)
World (32, 1120) -> Grid (0, 17)
World (1920, 540) -> Grid (30, 8)
World (32, 1120) -> Grid (0, 17)
World (1920, 540) -> Grid (30, 8)
Enemy: Recalculating path to target
World (32, 1120) -> Grid (0, 17)
World (1920, 540) -> Grid (30, 8)
Enemy: Grid positions - Start: (0, 17) End: (30, 8)
Enemy: No path found, checking for walls to break
World (32, 1120) -> Grid (0, 17)
World (1920, 540) -> Grid (30, 8)
World (32, 800) -> Grid (0, 12)
World (1920, 540) -> Grid (30, 8)
World (32, 800) -> Grid (0, 12)
World (1920, 540) -> Grid (30, 8)
Enemy: Recalculating path to target
World (32, 800) -> Grid (0, 12)
World (1920, 540) -> Grid (30, 8)
Enemy: Grid positions - Start: (0, 11) End: (30, 8)
Enemy: No path found, checking for walls to break
World (32, 800) -> Grid (0, 12)
World (1920, 540) -> Grid (30, 8)
World (32, 1120) -> Grid (0, 17)
World (1920, 540) -> Grid (30, 8)
World (32, 1120) -> Grid (0, 17)
World (1920, 540) -> Grid (30, 8)
Enemy: Recalculating path to target
World (32, 1120) -> Grid (0, 17)
World (1920, 540) -> Grid (30, 8)
Enemy: Grid positions - Start: (0, 17) End: (30, 8)
Enemy: No path found, checking for walls to break
World (32, 1120) -> Grid (0, 17)
World (1920, 540) -> Grid (30, 8)
World (32, 800) -> Grid (0, 12)
World (1920, 540) -> Grid (30, 8)
World (32, 800) -> Grid (0, 12)
World (1920, 540) -> Grid (30, 8)
Enemy: Recalculating path to target
World (32, 800) -> Grid (0, 12)
World (1920, 540) -> Grid (30, 8)
Enemy: Grid positions - Start: (0, 12) End: (30, 8)
Enemy: No path found, checking for walls to break
World (32, 800) -> Grid (0, 12)
World (1920, 540) -> Grid (30, 8)
World (32, 1120) -> Grid (0, 17)
World (1920, 540) -> Grid (30, 8)
World (32, 1120) -> Grid (0, 17)
World (1920, 540) -> Grid (30, 8)
Enemy: Recalculating path to target
World (32, 1120) -> Grid (0, 17)
World (1920, 540) -> Grid (30, 8)
Enemy: Grid positions - Start: (0, 17) End: (30, 8)
Enemy: No path found, checking for walls to break
World (32, 1120) -> Grid (0, 17)
World (1920, 540) -> Grid (30, 8)
World (32, 800) -> Grid (0, 12)
World (1920, 540) -> Grid (30, 8)
World (32, 800) -> Grid (0, 12)
World (1920, 540) -> Grid (30, 8)
Enemy: Recalculating path to target
World (32, 800) -> Grid (0, 12)
World (1920, 540) -> Grid (30, 8)
Enemy: Grid positions - Start: (0, 12) End: (30, 8)
Enemy: No path found, checking for walls to break
World (32, 800) -> Grid (0, 12)
World (1920, 540) -> Grid (30, 8)
World (32, 1120) -> Grid (0, 17)
World (1920, 540) -> Grid (30, 8)
World (32, 1120) -> Grid (0, 17)
World (1920, 540) -> Grid (30, 8)
Enemy: Recalculating path to target
World (32, 1120) -> Grid (0, 17)
World (1920, 540) -> Grid (30, 8)
Enemy: Grid positions - Start: (0, 17) End: (30, 8)
Enemy: No path found, checking for walls to break
World (32, 1120) -> Grid (0, 17)
World (1920, 540) -> Grid (30, 8)
World (32, 800) -> Grid (0, 12)
World (1920, 540) -> Grid (30, 8)
World (32, 800) -> Grid (0, 12)
World (1920, 540) -> Grid (30, 8)
Enemy: Recalculating path to target
World (32, 800) -> Grid (0, 12)
World (1920, 540) -> Grid (30, 8)
Enemy: Grid positions - Start: (0, 12) End: (30, 8)
Enemy: No path found, checking for walls to break
World (32, 800) -> Grid (0, 12)
World (1920, 540) -> Grid (30, 8)
World (32, 1120) -> Grid (0, 17)
World (1920, 540) -> Grid (30, 8)
World (32, 1120) -> Grid (0, 17)
World (1920, 540) -> Grid (30, 8)
Enemy: Recalculating path to target
World (32, 1120) -> Grid (0, 17)
World (1920, 540) -> Grid (30, 8)
Enemy: Grid positions - Start: (0, 16) End: (30, 8)
Enemy: No path found, checking for walls to break
World (32, 1120) -> Grid (0, 17)
World (1920, 540) -> Grid (30, 8)
World (32, 800) -> Grid (0, 12)
World (1920, 540) -> Grid (30, 8)
World (32, 800) -> Grid (0, 12)
World (1920, 540) -> Grid (30, 8)
Enemy: Recalculating path to target
World (32, 800) -> Grid (0, 12)
World (1920, 540) -> Grid (30, 8)
Enemy: Grid positions - Start: (0, 11) End: (30, 8)
Enemy: No path found, checking for walls to break
World (32, 800) -> Grid (0, 12)
World (1920, 540) -> Grid (30, 8)
Grid (0, 9) -> World (32, 608)
Selected spawn point: grid=(0, 9) world=(32, 608)
Spawned enemy at grid-aligned position: (32, 608)
World (32, 1120) -> Grid (0, 17)
World (1920, 540) -> Grid (30, 8)
World (32, 1120) -> Grid (0, 17)
World (1920, 540) -> Grid (30, 8)
Enemy: Recalculating path to target
World (32, 1120) -> Grid (0, 17)
World (1920, 540) -> Grid (30, 8)
Enemy: Grid positions - Start: (0, 16) End: (30, 8)
Enemy: No path found, checking for walls to break
World (32, 1120) -> Grid (0, 17)
World (1920, 540) -> Grid (30, 8)
World (32, 800) -> Grid (0, 12)
World (1920, 540) -> Grid (30, 8)
World (32, 800) -> Grid (0, 12)
World (1920, 540) -> Grid (30, 8)
Enemy: Recalculating path to target
World (32, 800) -> Grid (0, 12)
World (1920, 540) -> Grid (30, 8)
Enemy: Grid positions - Start: (0, 12) End: (30, 8)
Enemy: No path found, checking for walls to break
World (32, 800) -> Grid (0, 12)
World (1920, 540) -> Grid (30, 8)
World (32, 1120) -> Grid (0, 17)
World (1920, 540) -> Grid (30, 8)
World (32, 1120) -> Grid (0, 17)
World (1920, 540) -> Grid (30, 8)
Enemy: Recalculating path to target
World (32, 1120) -> Grid (0, 17)
World (1920, 540) -> Grid (30, 8)
Enemy: Grid positions - Start: (0, 17) End: (30, 8)
Enemy: No path found, checking for walls to break
World (32, 1120) -> Grid (0, 17)
World (1920, 540) -> Grid (30, 8)
World (32, 800) -> Grid (0, 12)
World (1920, 540) -> Grid (30, 8)
World (32, 800) -> Grid (0, 12)
World (1920, 540) -> Grid (30, 8)
Enemy: Recalculating path to target
World (32, 800) -> Grid (0, 12)
World (1920, 540) -> Grid (30, 8)
Enemy: Grid positions - Start: (0, 12) End: (30, 8)
Enemy: No path found, checking for walls to break
World (32, 800) -> Grid (0, 12)
World (1920, 540) -> Grid (30, 8)
World (32, 608) -> Grid (0, 9)
World (1920, 540) -> Grid (30, 8)
World (32, 608) -> Grid (0, 9)
World (1920, 540) -> Grid (30, 8)
Enemy: Recalculating path to target
World (32, 608) -> Grid (0, 9)
World (1920, 540) -> Grid (30, 8)
Enemy: Grid positions - Start: (0, 8) End: (30, 8)
Enemy: No path found, checking for walls to break
World (32, 608) -> Grid (0, 9)
World (1920, 540) -> Grid (30, 8)
World (32, 1120) -> Grid (0, 17)
World (1920, 540) -> Grid (30, 8)
World (32, 1120) -> Grid (0, 17)
World (1920, 540) -> Grid (30, 8)
Enemy: Recalculating path to target
World (32, 1120) -> Grid (0, 17)
World (1920, 540) -> Grid (30, 8)
Enemy: Grid positions - Start: (0, 16) End: (30, 8)
Enemy: No path found, checking for walls to break
World (32, 1120) -> Grid (0, 17)
World (1920, 540) -> Grid (30, 8)
World (32, 800) -> Grid (0, 12)
World (1920, 540) -> Grid (30, 8)
World (32, 800) -> Grid (0, 12)
World (1920, 540) -> Grid (30, 8)
Enemy: Recalculating path to target
World (32, 800) -> Grid (0, 12)
World (1920, 540) -> Grid (30, 8)
Enemy: Grid positions - Start: (0, 11) End: (30, 8)
Enemy: No path found, checking for walls to break
World (32, 800) -> Grid (0, 12)
World (1920, 540) -> Grid (30, 8)
World (32, 608) -> Grid (0, 9)
World (1920, 540) -> Grid (30, 8)
World (32, 608) -> Grid (0, 9)
World (1920, 540) -> Grid (30, 8)
Enemy: Recalculating path to target
World (32, 608) -> Grid (0, 9)
World (1920, 540) -> Grid (30, 8)
Enemy: Grid positions - Start: (0, 9) End: (30, 8)
Enemy: No path found, checking for walls to break
World (32, 608) -> Grid (0, 9)
World (1920, 540) -> Grid (30, 8)
World (32, 1120) -> Grid (0, 17)
World (1920, 540) -> Grid (30, 8)
World (32, 1120) -> Grid (0, 17)
World (1920, 540) -> Grid (30, 8)
Enemy: Recalculating path to target
World (32, 1120) -> Grid (0, 17)
World (1920, 540) -> Grid (30, 8)
Enemy: Grid positions - Start: (0, 16) End: (30, 8)
Enemy: No path found, checking for walls to break
World (32, 1120) -> Grid (0, 17)
World (1920, 540) -> Grid (30, 8)
World (32, 800) -> Grid (0, 12)
World (1920, 540) -> Grid (30, 8)
World (32, 800) -> Grid (0, 12)
World (1920, 540) -> Grid (30, 8)
Enemy: Recalculating path to target
World (32, 800) -> Grid (0, 12)
World (1920, 540) -> Grid (30, 8)
Enemy: Grid positions - Start: (0, 12) End: (30, 8)
Enemy: No path found, checking for walls to break
World (32, 800) -> Grid (0, 12)
World (1920, 540) -> Grid (30, 8)
World (32, 608) -> Grid (0, 9)
World (1920, 540) -> Grid (30, 8)
World (32, 608) -> Grid (0, 9)
World (1920, 540) -> Grid (30, 8)
Enemy: Recalculating path to target
World (32, 608) -> Grid (0, 9)
World (1920, 540) -> Grid (30, 8)
Enemy: Grid positions - Start: (0, 8) End: (30, 8)
Enemy: No path found, checking for walls to break
World (32, 608) -> Grid (0, 9)
World (1920, 540) -> Grid (30, 8)
World (32, 1120) -> Grid (0, 17)
World (1920, 540) -> Grid (30, 8)
World (32, 1120) -> Grid (0, 17)
World (1920, 540) -> Grid (30, 8)
Enemy: Recalculating path to target
World (32, 1120) -> Grid (0, 17)
World (1920, 540) -> Grid (30, 8)
Enemy: Grid positions - Start: (0, 16) End: (30, 8)
Enemy: No path found, checking for walls to break
World (32, 1120) -> Grid (0, 17)
World (1920, 540) -> Grid (30, 8)
World (32, 800) -> Grid (0, 12)
World (1920, 540) -> Grid (30, 8)
World (32, 800) -> Grid (0, 12)
World (1920, 540) -> Grid (30, 8)
Enemy: Recalculating path to target
World (32, 800) -> Grid (0, 12)
World (1920, 540) -> Grid (30, 8)
Enemy: Grid positions - Start: (0, 11) End: (30, 8)
Enemy: No path found, checking for walls to break
World (32, 800) -> Grid (0, 12)
World (1920, 540) -> Grid (30, 8)
World (32, 608) -> Grid (0, 9)
World (1920, 540) -> Grid (30, 8)
World (32, 608) -> Grid (0, 9)
World (1920, 540) -> Grid (30, 8)
Enemy: Recalculating path to target
World (32, 608) -> Grid (0, 9)
World (1920, 540) -> Grid (30, 8)
Enemy: Grid positions - Start: (0, 9) End: (30, 8)
Enemy: No path found, checking for walls to break
World (32, 608) -> Grid (0, 9)
World (1920, 540) -> Grid (30, 8)
World (32, 1120) -> Grid (0, 17)
World (1920, 540) -> Grid (30, 8)
World (32, 1120) -> Grid (0, 17)
World (1920, 540) -> Grid (30, 8)
Enemy: Recalculating path to target
World (32, 1120) -> Grid (0, 17)
World (1920, 540) -> Grid (30, 8)
Enemy: Grid positions - Start: (0, 17) End: (30, 8)
Enemy: No path found, checking for walls to break
World (32, 1120) -> Grid (0, 17)
World (1920, 540) -> Grid (30, 8)
World (32, 800) -> Grid (0, 12)
World (1920, 540) -> Grid (30, 8)
World (32, 800) -> Grid (0, 12)
World (1920, 540) -> Grid (30, 8)
Enemy: Recalculating path to target
World (32, 800) -> Grid (0, 12)
World (1920, 540) -> Grid (30, 8)
Enemy: Grid positions - Start: (0, 11) End: (30, 8)
Enemy: No path found, checking for walls to break
World (32, 800) -> Grid (0, 12)
World (1920, 540) -> Grid (30, 8)
World (32, 608) -> Grid (0, 9)
World (1920, 540) -> Grid (30, 8)
World (32, 608) -> Grid (0, 9)
World (1920, 540) -> Grid (30, 8)
Enemy: Recalculating path to target
World (32, 608) -> Grid (0, 9)
World (1920, 540) -> Grid (30, 8)
Enemy: Grid positions - Start: (0, 9) End: (30, 8)
Enemy: No path found, checking for walls to break
World (32, 608) -> Grid (0, 9)
World (1920, 540) -> Grid (30, 8)
World (32, 1120) -> Grid (0, 17)
World (1920, 540) -> Grid (30, 8)
World (32, 1120) -> Grid (0, 17)
World (1920, 540) -> Grid (30, 8)
Enemy: Recalculating path to target
World (32, 1120) -> Grid (0, 17)
World (1920, 540) -> Grid (30, 8)
Enemy: Grid positions - Start: (0, 16) End: (30, 8)
Enemy: No path found, checking for walls to break
World (32, 1120) -> Grid (0, 17)
World (1920, 540) -> Grid (30, 8)
World (32, 800) -> Grid (0, 12)
World (1920, 540) -> Grid (30, 8)
World (32, 800) -> Grid (0, 12)
World (1920, 540) -> Grid (30, 8)
Enemy: Recalculating path to target
World (32, 800) -> Grid (0, 12)
World (1920, 540) -> Grid (30, 8)
Enemy: Grid positions - Start: (0, 11) End: (30, 8)
Enemy: No path found, checking for walls to break
World (32, 800) -> Grid (0, 12)
World (1920, 540) -> Grid (30, 8)
World (32, 608) -> Grid (0, 9)
World (1920, 540) -> Grid (30, 8)
World (32, 608) -> Grid (0, 9)
World (1920, 540) -> Grid (30, 8)
Enemy: Recalculating path to target
World (32, 608) -> Grid (0, 9)
World (1920, 540) -> Grid (30, 8)
Enemy: Grid positions - Start: (0, 8) End: (30, 8)
Enemy: No path found, checking for walls to break
World (32, 608) -> Grid (0, 9)
World (1920, 540) -> Grid (30, 8)
World (32, 1120) -> Grid (0, 17)
World (1920, 540) -> Grid (30, 8)
World (32, 1120) -> Grid (0, 17)
World (1920, 540) -> Grid (30, 8)
Enemy: Recalculating path to target
World (32, 1120) -> Grid (0, 17)
World (1920, 540) -> Grid (30, 8)
Enemy: Grid positions - Start: (0, 17) End: (30, 8)
Enemy: No path found, checking for walls to break
World (32, 1120) -> Grid (0, 17)
World (1920, 540) -> Grid (30, 8)
World (32, 800) -> Grid (0, 12)
World (1920, 540) -> Grid (30, 8)
World (32, 800) -> Grid (0, 12)
World (1920, 540) -> Grid (30, 8)
Enemy: Recalculating path to target
World (32, 800) -> Grid (0, 12)
World (1920, 540) -> Grid (30, 8)
Enemy: Grid positions - Start: (0, 12) End: (30, 8)
Enemy: No path found, checking for walls to break
World (32, 800) -> Grid (0, 12)
World (1920, 540) -> Grid (30, 8)
World (32, 608) -> Grid (0, 9)
World (1920, 540) -> Grid (30, 8)
World (32, 608) -> Grid (0, 9)
World (1920, 540) -> Grid (30, 8)
Enemy: Recalculating path to target
World (32, 608) -> Grid (0, 9)
World (1920, 540) -> Grid (30, 8)
Enemy: Grid positions - Start: (0, 8) End: (30, 8)
Enemy: No path found, checking for walls to break
World (32, 608) -> Grid (0, 9)
World (1920, 540) -> Grid (30, 8)
Grid (0, 19) -> World (32, 1248)
Selected spawn point: grid=(0, 19) world=(32, 1248)
Spawned enemy at grid-aligned position: (32, 1248)
World (32, 1120) -> Grid (0, 17)
World (1920, 540) -> Grid (30, 8)
World (32, 1120) -> Grid (0, 17)
World (1920, 540) -> Grid (30, 8)
Enemy: Recalculating path to target
World (32, 1120) -> Grid (0, 17)
World (1920, 540) -> Grid (30, 8)
Enemy: Grid positions - Start: (0, 16) End: (30, 8)
Enemy: No path found, checking for walls to break
World (32, 1120) -> Grid (0, 17)
World (1920, 540) -> Grid (30, 8)
World (32, 800) -> Grid (0, 12)
World (1920, 540) -> Grid (30, 8)
World (32, 800) -> Grid (0, 12)
World (1920, 540) -> Grid (30, 8)
Enemy: Recalculating path to target
World (32, 800) -> Grid (0, 12)
World (1920, 540) -> Grid (30, 8)
Enemy: Grid positions - Start: (0, 12) End: (30, 8)
Enemy: No path found, checking for walls to break
World (32, 800) -> Grid (0, 12)
World (1920, 540) -> Grid (30, 8)
World (32, 608) -> Grid (0, 9)
World (1920, 540) -> Grid (30, 8)
World (32, 608) -> Grid (0, 9)
World (1920, 540) -> Grid (30, 8)
Enemy: Recalculating path to target
World (32, 608) -> Grid (0, 9)
World (1920, 540) -> Grid (30, 8)
Enemy: Grid positions - Start: (0, 8) End: (30, 8)
Enemy: No path found, checking for walls to break
World (32, 608) -> Grid (0, 9)
World (1920, 540) -> Grid (30, 8)
World (32, 1120) -> Grid (0, 17)
World (1920, 540) -> Grid (30, 8)
World (32, 1120) -> Grid (0, 17)
World (1920, 540) -> Grid (30, 8)
Enemy: Recalculating path to target
World (32, 1120) -> Grid (0, 17)
World (1920, 540) -> Grid (30, 8)
Enemy: Grid positions - Start: (0, 16) End: (30, 8)
Enemy: No path found, checking for walls to break
World (32, 1120) -> Grid (0, 17)
World (1920, 540) -> Grid (30, 8)
World (32, 800) -> Grid (0, 12)
World (1920, 540) -> Grid (30, 8)
World (32, 800) -> Grid (0, 12)
World (1920, 540) -> Grid (30, 8)
Enemy: Recalculating path to target
World (32, 800) -> Grid (0, 12)
World (1920, 540) -> Grid (30, 8)
Enemy: Grid positions - Start: (0, 12) End: (30, 8)
Enemy: No path found, checking for walls to break
World (32, 800) -> Grid (0, 12)
World (1920, 540) -> Grid (30, 8)
World (32, 608) -> Grid (0, 9)
World (1920, 540) -> Grid (30, 8)
World (32, 608) -> Grid (0, 9)
World (1920, 540) -> Grid (30, 8)
Enemy: Recalculating path to target
World (32, 608) -> Grid (0, 9)
World (1920, 540) -> Grid (30, 8)
Enemy: Grid positions - Start: (0, 9) End: (30, 8)
Enemy: No path found, checking for walls to break
World (32, 608) -> Grid (0, 9)
World (1920, 540) -> Grid (30, 8)
World (32, 1248) -> Grid (0, 19)
World (1920, 540) -> Grid (30, 8)
World (32, 1248) -> Grid (0, 19)
World (1920, 540) -> Grid (30, 8)
Enemy: Recalculating path to target
World (32, 1248) -> Grid (0, 19)
World (1920, 540) -> Grid (30, 8)
Enemy: Grid positions - Start: (0, 19) End: (30, 8)
Enemy: No path found, checking for walls to break
World (32, 1248) -> Grid (0, 19)
World (1920, 540) -> Grid (30, 8)
World (32, 1120) -> Grid (0, 17)
World (1920, 540) -> Grid (30, 8)
World (32, 1120) -> Grid (0, 17)
World (1920, 540) -> Grid (30, 8)
Enemy: Recalculating path to target
World (32, 1120) -> Grid (0, 17)
World (1920, 540) -> Grid (30, 8)
Enemy: Grid positions - Start: (0, 16) End: (30, 8)
Enemy: No path found, checking for walls to break
World (32, 1120) -> Grid (0, 17)
World (1920, 540) -> Grid (30, 8)
World (32, 800) -> Grid (0, 12)
World (1920, 540) -> Grid (30, 8)
World (32, 800) -> Grid (0, 12)
World (1920, 540) -> Grid (30, 8)
Enemy: Recalculating path to target
World (32, 800) -> Grid (0, 12)
World (1920, 540) -> Grid (30, 8)
Enemy: Grid positions - Start: (0, 12) End: (30, 8)
Enemy: No path found, checking for walls to break
World (32, 800) -> Grid (0, 12)
World (1920, 540) -> Grid (30, 8)
World (32, 608) -> Grid (0, 9)
World (1920, 540) -> Grid (30, 8)
World (32, 608) -> Grid (0, 9)
World (1920, 540) -> Grid (30, 8)
Enemy: Recalculating path to target
World (32, 608) -> Grid (0, 9)
World (1920, 540) -> Grid (30, 8)
Enemy: Grid positions - Start: (0, 8) End: (30, 8)
Enemy: No path found, checking for walls to break
World (32, 608) -> Grid (0, 9)
World (1920, 540) -> Grid (30, 8)
World (32, 1248) -> Grid (0, 19)
World (1920, 540) -> Grid (30, 8)
World (32, 1248) -> Grid (0, 19)
World (1920, 540) -> Grid (30, 8)
Enemy: Recalculating path to target
World (32, 1248) -> Grid (0, 19)
World (1920, 540) -> Grid (30, 8)
Enemy: Grid positions - Start: (0, 18) End: (30, 8)
Enemy: No path found, checking for walls to break
World (32, 1248) -> Grid (0, 19)
World (1920, 540) -> Grid (30, 8)
World (32, 1120) -> Grid (0, 17)
World (1920, 540) -> Grid (30, 8)
World (32, 1120) -> Grid (0, 17)
World (1920, 540) -> Grid (30, 8)
Enemy: Recalculating path to target
World (32, 1120) -> Grid (0, 17)
World (1920, 540) -> Grid (30, 8)
Enemy: Grid positions - Start: (0, 17) End: (30, 8)
Enemy: No path found, checking for walls to break
World (32, 1120) -> Grid (0, 17)
World (1920, 540) -> Grid (30, 8)
World (32, 800) -> Grid (0, 12)
World (1920, 540) -> Grid (30, 8)
World (32, 800) -> Grid (0, 12)
World (1920, 540) -> Grid (30, 8)
Enemy: Recalculating path to target
World (32, 800) -> Grid (0, 12)
World (1920, 540) -> Grid (30, 8)
Enemy: Grid positions - Start: (0, 11) End: (30, 8)
Enemy: No path found, checking for walls to break
World (32, 800) -> Grid (0, 12)
World (1920, 540) -> Grid (30, 8)
World (32, 608) -> Grid (0, 9)
World (1920, 540) -> Grid (30, 8)
World (32, 608) -> Grid (0, 9)
World (1920, 540) -> Grid (30, 8)
Enemy: Recalculating path to target
World (32, 608) -> Grid (0, 9)
World (1920, 540) -> Grid (30, 8)
Enemy: Grid positions - Start: (0, 8) End: (30, 8)
Enemy: No path found, checking for walls to break
World (32, 608) -> Grid (0, 9)
World (1920, 540) -> Grid (30, 8)
World (32, 1248) -> Grid (0, 19)
World (1920, 540) -> Grid (30, 8)
World (32, 1248) -> Grid (0, 19)
World (1920, 540) -> Grid (30, 8)
Enemy: Recalculating path to target
World (32, 1248) -> Grid (0, 19)
World (1920, 540) -> Grid (30, 8)
Enemy: Grid positions - Start: (0, 18) End: (30, 8)
Enemy: No path found, checking for walls to break
World (32, 1248) -> Grid (0, 19)
World (1920, 540) -> Grid (30, 8)
World (32, 1120) -> Grid (0, 17)
World (1920, 540) -> Grid (30, 8)
World (32, 1120) -> Grid (0, 17)
World (1920, 540) -> Grid (30, 8)
Enemy: Recalculating path to target
World (32, 1120) -> Grid (0, 17)
World (1920, 540) -> Grid (30, 8)
Enemy: Grid positions - Start: (0, 17) End: (30, 8)
Enemy: No path found, checking for walls to break
World (32, 1120) -> Grid (0, 17)
World (1920, 540) -> Grid (30, 8)
World (32, 800) -> Grid (0, 12)
World (1920, 540) -> Grid (30, 8)
World (32, 800) -> Grid (0, 12)
World (1920, 540) -> Grid (30, 8)
Enemy: Recalculating path to target
World (32, 800) -> Grid (0, 12)
World (1920, 540) -> Grid (30, 8)
Enemy: Grid positions - Start: (0, 12) End: (30, 8)
Enemy: No path found, checking for walls to break
World (32, 800) -> Grid (0, 12)
World (1920, 540) -> Grid (30, 8)
World (32, 608) -> Grid (0, 9)
World (1920, 540) -> Grid (30, 8)
World (32, 608) -> Grid (0, 9)
World (1920, 540) -> Grid (30, 8)
Enemy: Recalculating path to target
World (32, 608) -> Grid (0, 9)
World (1920, 540) -> Grid (30, 8)
Enemy: Grid positions - Start: (0, 8) End: (30, 8)
Enemy: No path found, checking for walls to break
World (32, 608) -> Grid (0, 9)
World (1920, 540) -> Grid (30, 8)
World (32, 1248) -> Grid (0, 19)
World (1920, 540) -> Grid (30, 8)
World (32, 1248) -> Grid (0, 19)
World (1920, 540) -> Grid (30, 8)
Enemy: Recalculating path to target
World (32, 1248) -> Grid (0, 19)
World (1920, 540) -> Grid (30, 8)
Enemy: Grid positions - Start: (0, 19) End: (30, 8)
Enemy: No path found, checking for walls to break
World (32, 1248) -> Grid (0, 19)
World (1920, 540) -> Grid (30, 8)
World (32, 1120) -> Grid (0, 17)
World (1920, 540) -> Grid (30, 8)
World (32, 1120) -> Grid (0, 17)
World (1920, 540) -> Grid (30, 8)
Enemy: Recalculating path to target
World (32, 1120) -> Grid (0, 17)
World (1920, 540) -> Grid (30, 8)
Enemy: Grid positions - Start: (0, 16) End: (30, 8)
Enemy: No path found, checking for walls to break
World (32, 1120) -> Grid (0, 17)
World (1920, 540) -> Grid (30, 8)
World (32, 800) -> Grid (0, 12)
World (1920, 540) -> Grid (30, 8)
World (32, 800) -> Grid (0, 12)
World (1920, 540) -> Grid (30, 8)
Enemy: Recalculating path to target
World (32, 800) -> Grid (0, 12)
World (1920, 540) -> Grid (30, 8)
Enemy: Grid positions - Start: (0, 12) End: (30, 8)
Enemy: No path found, checking for walls to break
World (32, 800) -> Grid (0, 12)
World (1920, 540) -> Grid (30, 8)
World (32, 608) -> Grid (0, 9)
World (1920, 540) -> Grid (30, 8)
World (32, 608) -> Grid (0, 9)
World (1920, 540) -> Grid (30, 8)
Enemy: Recalculating path to target
World (32, 608) -> Grid (0, 9)
World (1920, 540) -> Grid (30, 8)
Enemy: Grid positions - Start: (0, 8) End: (30, 8)
Enemy: No path found, checking for walls to break
World (32, 608) -> Grid (0, 9)
World (1920, 540) -> Grid (30, 8)
World (32, 1248) -> Grid (0, 19)
World (1920, 540) -> Grid (30, 8)
World (32, 1248) -> Grid (0, 19)
World (1920, 540) -> Grid (30, 8)
Enemy: Recalculating path to target
World (32, 1248) -> Grid (0, 19)
World (1920, 540) -> Grid (30, 8)
Enemy: Grid positions - Start: (0, 18) End: (30, 8)
Enemy: No path found, checking for walls to break
World (32, 1248) -> Grid (0, 19)
World (1920, 540) -> Grid (30, 8)
World (32, 1120) -> Grid (0, 17)
World (1920, 540) -> Grid (30, 8)
World (32, 1120) -> Grid (0, 17)
World (1920, 540) -> Grid (30, 8)
Enemy: Recalculating path to target
World (32, 1120) -> Grid (0, 17)
World (1920, 540) -> Grid (30, 8)
Enemy: Grid positions - Start: (0, 16) End: (30, 8)
Enemy: No path found, checking for walls to break
World (32, 1120) -> Grid (0, 17)
World (1920, 540) -> Grid (30, 8)
World (32, 800) -> Grid (0, 12)
World (1920, 540) -> Grid (30, 8)
World (32, 800) -> Grid (0, 12)
World (1920, 540) -> Grid (30, 8)
Enemy: Recalculating path to target
World (32, 800) -> Grid (0, 12)
World (1920, 540) -> Grid (30, 8)
Enemy: Grid positions - Start: (0, 11) End: (30, 8)
Enemy: No path found, checking for walls to break
World (32, 800) -> Grid (0, 12)
World (1920, 540) -> Grid (30, 8)
World (32, 608) -> Grid (0, 9)
World (1920, 540) -> Grid (30, 8)
World (32, 608) -> Grid (0, 9)
World (1920, 540) -> Grid (30, 8)
Enemy: Recalculating path to target
World (32, 608) -> Grid (0, 9)
World (1920, 540) -> Grid (30, 8)
Enemy: Grid positions - Start: (0, 9) End: (30, 8)
Enemy: No path found, checking for walls to break
World (32, 608) -> Grid (0, 9)
World (1920, 540) -> Grid (30, 8)
World (32, 1248) -> Grid (0, 19)
World (1920, 540) -> Grid (30, 8)
World (32, 1248) -> Grid (0, 19)
World (1920, 540) -> Grid (30, 8)
Enemy: Recalculating path to target
World (32, 1248) -> Grid (0, 19)
World (1920, 540) -> Grid (30, 8)
Enemy: Grid positions - Start: (0, 18) End: (30, 8)
Enemy: No path found, checking for walls to break
World (32, 1248) -> Grid (0, 19)
World (1920, 540) -> Grid (30, 8)
World (32, 1120) -> Grid (0, 17)
World (1920, 540) -> Grid (30, 8)
World (32, 1120) -> Grid (0, 17)
World (1920, 540) -> Grid (30, 8)
Enemy: Recalculating path to target
World (32, 1120) -> Grid (0, 17)
World (1920, 540) -> Grid (30, 8)
Enemy: Grid positions - Start: (0, 17) End: (30, 8)
Enemy: No path found, checking for walls to break
World (32, 1120) -> Grid (0, 17)
World (1920, 540) -> Grid (30, 8)
World (32, 800) -> Grid (0, 12)
World (1920, 540) -> Grid (30, 8)
World (32, 800) -> Grid (0, 12)
World (1920, 540) -> Grid (30, 8)
Enemy: Recalculating path to target
World (32, 800) -> Grid (0, 12)
World (1920, 540) -> Grid (30, 8)
Enemy: Grid positions - Start: (0, 12) End: (30, 8)
Enemy: No path found, checking for walls to break
World (32, 800) -> Grid (0, 12)
World (1920, 540) -> Grid (30, 8)
World (32, 608) -> Grid (0, 9)
World (1920, 540) -> Grid (30, 8)
World (32, 608) -> Grid (0, 9)
World (1920, 540) -> Grid (30, 8)
Enemy: Recalculating path to target
World (32, 608) -> Grid (0, 9)
World (1920, 540) -> Grid (30, 8)
Enemy: Grid positions - Start: (0, 9) End: (30, 8)
Enemy: No path found, checking for walls to break
World (32, 608) -> Grid (0, 9)
World (1920, 540) -> Grid (30, 8)
World (32, 1248) -> Grid (0, 19)
World (1920, 540) -> Grid (30, 8)
World (32, 1248) -> Grid (0, 19)
World (1920, 540) -> Grid (30, 8)
Enemy: Recalculating path to target
World (32, 1248) -> Grid (0, 19)
World (1920, 540) -> Grid (30, 8)
Enemy: Grid positions - Start: (0, 18) End: (30, 8)
Enemy: No path found, checking for walls to break
World (32, 1248) -> Grid (0, 19)
World (1920, 540) -> Grid (30, 8)
Grid (0, 3) -> World (32, 224)
Selected spawn point: grid=(0, 3) world=(32, 224)
Spawned enemy at grid-aligned position: (32, 224)
World (32, 1120) -> Grid (0, 17)
World (1920, 540) -> Grid (30, 8)
World (32, 1120) -> Grid (0, 17)
World (1920, 540) -> Grid (30, 8)
Enemy: Recalculating path to target
World (32, 1120) -> Grid (0, 17)
World (1920, 540) -> Grid (30, 8)
Enemy: Grid positions - Start: (0, 17) End: (30, 8)
Enemy: No path found, checking for walls to break
World (32, 1120) -> Grid (0, 17)
World (1920, 540) -> Grid (30, 8)
World (32, 800) -> Grid (0, 12)
World (1920, 540) -> Grid (30, 8)
World (32, 800) -> Grid (0, 12)
World (1920, 540) -> Grid (30, 8)
Enemy: Recalculating path to target
World (32, 800) -> Grid (0, 12)
World (1920, 540) -> Grid (30, 8)
Enemy: Grid positions - Start: (0, 11) End: (30, 8)
Enemy: No path found, checking for walls to break
World (32, 800) -> Grid (0, 12)
World (1920, 540) -> Grid (30, 8)
World (32, 608) -> Grid (0, 9)
World (1920, 540) -> Grid (30, 8)
World (32, 608) -> Grid (0, 9)
World (1920, 540) -> Grid (30, 8)
Enemy: Recalculating path to target
World (32, 608) -> Grid (0, 9)
World (1920, 540) -> Grid (30, 8)
Enemy: Grid positions - Start: (0, 8) End: (30, 8)
Enemy: No path found, checking for walls to break
World (32, 608) -> Grid (0, 9)
World (1920, 540) -> Grid (30, 8)
World (32, 1248) -> Grid (0, 19)
World (1920, 540) -> Grid (30, 8)
World (32, 1248) -> Grid (0, 19)
World (1920, 540) -> Grid (30, 8)
Enemy: Recalculating path to target
World (32, 1248) -> Grid (0, 19)
World (1920, 540) -> Grid (30, 8)
Enemy: Grid positions - Start: (0, 19) End: (30, 8)
Enemy: No path found, checking for walls to break
World (32, 1248) -> Grid (0, 19)
World (1920, 540) -> Grid (30, 8)
World (32, 1120) -> Grid (0, 17)
World (1920, 540) -> Grid (30, 8)
World (32, 1120) -> Grid (0, 17)
World (1920, 540) -> Grid (30, 8)
Enemy: Recalculating path to target
World (32, 1120) -> Grid (0, 17)
World (1920, 540) -> Grid (30, 8)
Enemy: Grid positions - Start: (0, 16) End: (30, 8)
Enemy: No path found, checking for walls to break
World (32, 1120) -> Grid (0, 17)
World (1920, 540) -> Grid (30, 8)
World (32, 800) -> Grid (0, 12)
World (1920, 540) -> Grid (30, 8)
World (32, 800) -> Grid (0, 12)
World (1920, 540) -> Grid (30, 8)
Enemy: Recalculating path to target
World (32, 800) -> Grid (0, 12)
World (1920, 540) -> Grid (30, 8)
Enemy: Grid positions - Start: (0, 12) End: (30, 8)
Enemy: No path found, checking for walls to break
World (32, 800) -> Grid (0, 12)
World (1920, 540) -> Grid (30, 8)
World (32, 608) -> Grid (0, 9)
World (1920, 540) -> Grid (30, 8)
World (32, 608) -> Grid (0, 9)
World (1920, 540) -> Grid (30, 8)
Enemy: Recalculating path to target
World (32, 608) -> Grid (0, 9)
World (1920, 540) -> Grid (30, 8)
Enemy: Grid positions - Start: (0, 8) End: (30, 8)
Enemy: No path found, checking for walls to break
World (32, 608) -> Grid (0, 9)
World (1920, 540) -> Grid (30, 8)
World (32, 1248) -> Grid (0, 19)
World (1920, 540) -> Grid (30, 8)
World (32, 1248) -> Grid (0, 19)
World (1920, 540) -> Grid (30, 8)
Enemy: Recalculating path to target
World (32, 1248) -> Grid (0, 19)
World (1920, 540) -> Grid (30, 8)
Enemy: Grid positions - Start: (0, 19) End: (30, 8)
Enemy: No path found, checking for walls to break
World (32, 1248) -> Grid (0, 19)
World (1920, 540) -> Grid (30, 8)
World (32, 224) -> Grid (0, 3)
World (1920, 540) -> Grid (30, 8)
World (32, 224) -> Grid (0, 3)
World (1920, 540) -> Grid (30, 8)
Enemy: Recalculating path to target
World (32, 224) -> Grid (0, 3)
World (1920, 540) -> Grid (30, 8)
Enemy: Grid positions - Start: (0, 3) End: (30, 8)
Enemy: No path found, checking for walls to break
World (32, 224) -> Grid (0, 3)
World (1920, 540) -> Grid (30, 8)
World (32, 1120) -> Grid (0, 17)
World (1920, 540) -> Grid (30, 8)
World (32, 1120) -> Grid (0, 17)
World (1920, 540) -> Grid (30, 8)
Enemy: Recalculating path to target
World (32, 1120) -> Grid (0, 17)
World (1920, 540) -> Grid (30, 8)
Enemy: Grid positions - Start: (0, 17) End: (30, 8)
Enemy: No path found, checking for walls to break
World (32, 1120) -> Grid (0, 17)
World (1920, 540) -> Grid (30, 8)
World (32, 800) -> Grid (0, 12)
World (1920, 540) -> Grid (30, 8)
World (32, 800) -> Grid (0, 12)
World (1920, 540) -> Grid (30, 8)
Enemy: Recalculating path to target
World (32, 800) -> Grid (0, 12)
World (1920, 540) -> Grid (30, 8)
Enemy: Grid positions - Start: (0, 12) End: (30, 8)
Enemy: No path found, checking for walls to break
World (32, 800) -> Grid (0, 12)
World (1920, 540) -> Grid (30, 8)
World (32, 608) -> Grid (0, 9)
World (1920, 540) -> Grid (30, 8)
World (32, 608) -> Grid (0, 9)
World (1920, 540) -> Grid (30, 8)
Enemy: Recalculating path to target
World (32, 608) -> Grid (0, 9)
World (1920, 540) -> Grid (30, 8)
Enemy: Grid positions - Start: (0, 9) End: (30, 8)
Enemy: No path found, checking for walls to break
World (32, 608) -> Grid (0, 9)
World (1920, 540) -> Grid (30, 8)
World (32, 1248) -> Grid (0, 19)
World (1920, 540) -> Grid (30, 8)
World (32, 1248) -> Grid (0, 19)
World (1920, 540) -> Grid (30, 8)
Enemy: Recalculating path to target
World (32, 1248) -> Grid (0, 19)
World (1920, 540) -> Grid (30, 8)
Enemy: Grid positions - Start: (0, 18) End: (30, 8)
Enemy: No path found, checking for walls to break
World (32, 1248) -> Grid (0, 19)
World (1920, 540) -> Grid (30, 8)
World (32, 224) -> Grid (0, 3)
World (1920, 540) -> Grid (30, 8)
World (32, 224) -> Grid (0, 3)
World (1920, 540) -> Grid (30, 8)
Enemy: Recalculating path to target
World (32, 224) -> Grid (0, 3)
World (1920, 540) -> Grid (30, 8)
Enemy: Grid positions - Start: (0, 2) End: (30, 8)
Enemy: No path found, checking for walls to break
World (32, 224) -> Grid (0, 3)
World (1920, 540) -> Grid (30, 8)
TestMap: Input event received: InputEventKey: keycode=4194339 (F8), mods=none, physical=false, pressed=true, echo=false
TestMap: Input event received: InputEventKey: keycode=4194339 (F8), mods=none, physical=false, pressed=false, echo=false
World (32, 1120) -> Grid (0, 17)
World (1920, 540) -> Grid (30, 8)
World (32, 1120) -> Grid (0, 17)
World (1920, 540) -> Grid (30, 8)
Enemy: Recalculating path to target
World (32, 1120) -> Grid (0, 17)
World (1920, 540) -> Grid (30, 8)
Enemy: Grid positions - Start: (0, 16) End: (30, 8)
Enemy: No path found, checking for walls to break
World (32, 1120) -> Grid (0, 17)
World (1920, 540) -> Grid (30, 8)
World (32, 800) -> Grid (0, 12)
World (1920, 540) -> Grid (30, 8)
World (32, 800) -> Grid (0, 12)
World (1920, 540) -> Grid (30, 8)
Enemy: Recalculating path to target
World (32, 800) -> Grid (0, 12)
World (1920, 540) -> Grid (30, 8)
Enemy: Grid positions - Start: (0, 11) End: (30, 8)
