Godot Engine v4.2.1.stable.official.b09f793f5 - https://godotengine.org
Vulkan API 1.3.292 - Forward+ - Using Vulkan Device #0: AMD - AMD Radeon RX 7800 XT
 
Grid: Ready called
Added spawn point at grid position: (0, 2)
Added spawn point at grid position: (0, 3)
Added spawn point at grid position: (0, 4)
Added spawn point at grid position: (0, 5)
Added spawn point at grid position: (0, 6)
Added spawn point at grid position: (0, 7)
Added spawn point at grid position: (0, 8)
Added spawn point at grid position: (0, 9)
Added spawn point at grid position: (0, 10)
Added spawn point at grid position: (0, 11)
Added spawn point at grid position: (0, 12)
Added spawn point at grid position: (0, 13)
Added spawn point at grid position: (0, 14)
Added spawn point at grid position: (0, 15)
Added spawn point at grid position: (0, 16)
Added spawn point at grid position: (0, 17)
Added spawn point at grid position: (0, 18)
Added spawn point at grid position: (0, 19)
USER ERROR: Node not found: "Attackable" (relative to "/root/TestMap/Flag").
   at: get_node (scene/main/node.cpp:1638)
USER ERROR: Node not found: "HealthBar" (relative to "/root/TestMap/Flag").
   at: get_node (scene/main/node.cpp:1638)
USER ERROR: Node not found: "FlagShape" (relative to "/root/TestMap/Flag").
   at: get_node (scene/main/node.cpp:1638)
USER ERROR: Flag: Attackable component not found!
   at: push_error (core/variant/variant_utility.cpp:1091)
TestMap: Ready called
Grid: Input event received: InputEventKey: keycode=4194306 (Tab), mods=none, physical=false, pressed=true, echo=false
TestMap: Input event received: InputEventKey: keycode=4194306 (Tab), mods=none, physical=false, pressed=true, echo=false
TestMap: Unhandled input event: InputEventKey: keycode=4194306 (Tab), mods=none, physical=false, pressed=true, echo=false
Grid: Input event received: InputEventKey: keycode=4194306 (Tab), mods=none, physical=false, pressed=false, echo=false
TestMap: Input event received: InputEventKey: keycode=4194306 (Tab), mods=none, physical=false, pressed=false, echo=false
TestMap: Unhandled input event: InputEventKey: keycode=4194306 (Tab), mods=none, physical=false, pressed=false, echo=false
Grid: Input event received: InputEventMouseButton: button_index=1, mods=none, pressed=true, canceled=false, position=((1639.5, 22)), button_mask=1, double_click=false
TestMap: Input event received: InputEventMouseButton: button_index=1, mods=none, pressed=true, canceled=false, position=((1639.5, 22)), button_mask=1, double_click=false
Grid: Input event received: InputEventMouseButton: button_index=1, mods=none, pressed=false, canceled=false, position=((1639.5, 22.5)), button_mask=0, double_click=false
TestMap: Input event received: InputEventMouseButton: button_index=1, mods=none, pressed=false, canceled=false, position=((1639.5, 22.5)), button_mask=0, double_click=false
Wave 1 started with 10 enemies
Selected spawn point: grid=(0, 7) world=(32, 480)
Spawned enemy at grid-aligned position: (32, 480)
Selected spawn point: grid=(0, 11) world=(32, 736)
Spawned enemy at grid-aligned position: (32, 736)
Selected spawn point: grid=(0, 13) world=(32, 864)
Spawned enemy at grid-aligned position: (32, 864)
Selected spawn point: grid=(0, 6) world=(32, 416)
Spawned enemy at grid-aligned position: (32, 416)
Selected spawn point: grid=(0, 15) world=(32, 992)
Spawned enemy at grid-aligned position: (32, 992)
Selected spawn point: grid=(0, 16) world=(32, 1056)
Spawned enemy at grid-aligned position: (32, 1056)
Selected spawn point: grid=(0, 9) world=(32, 608)
Spawned enemy at grid-aligned position: (32, 608)
Selected spawn point: grid=(0, 7) world=(32, 480)
Spawned enemy at grid-aligned position: (32, 480)
Selected spawn point: grid=(0, 3) world=(32, 224)
Spawned enemy at grid-aligned position: (32, 224)
Grid: Input event received: InputEventKey: keycode=4194306 (Tab), mods=none, physical=false, pressed=true, echo=false
TestMap: Input event received: InputEventKey: keycode=4194306 (Tab), mods=none, physical=false, pressed=true, echo=false
Grid: Input event received: InputEventKey: keycode=4194306 (Tab), mods=none, physical=false, pressed=false, echo=false
TestMap: Input event received: InputEventKey: keycode=4194306 (Tab), mods=none, physical=false, pressed=false, echo=false
TestMap: Unhandled input event: InputEventKey: keycode=4194306 (Tab), mods=none, physical=false, pressed=false, echo=false
Grid: Input event received: InputEventKey: keycode=4194306 (Tab), mods=none, physical=false, pressed=true, echo=false
TestMap: Input event received: InputEventKey: keycode=4194306 (Tab), mods=none, physical=false, pressed=true, echo=false
Selected spawn point: grid=(0, 2) world=(32, 160)
Spawned enemy at grid-aligned position: (32, 160)
Grid: Input event received: InputEventKey: keycode=4194306 (Tab), mods=none, physical=false, pressed=false, echo=false
TestMap: Input event received: InputEventKey: keycode=4194306 (Tab), mods=none, physical=false, pressed=false, echo=false
TestMap: Unhandled input event: InputEventKey: keycode=4194306 (Tab), mods=none, physical=false, pressed=false, echo=false
Grid: Input event received: InputEventKey: keycode=4194305 (Escape), mods=none, physical=false, pressed=true, echo=false
TestMap: Input event received: InputEventKey: keycode=4194305 (Escape), mods=none, physical=false, pressed=true, echo=false
TestMap: Unhandled input event: InputEventKey: keycode=4194305 (Escape), mods=none, physical=false, pressed=true, echo=false
Grid: Input event received: InputEventKey: keycode=4194305 (Escape), mods=none, physical=false, pressed=false, echo=false
TestMap: Input event received: InputEventKey: keycode=4194305 (Escape), mods=none, physical=false, pressed=false, echo=false
TestMap: Unhandled input event: InputEventKey: keycode=4194305 (Escape), mods=none, physical=false, pressed=false, echo=false
Grid: Input event received: InputEventKey: keycode=4194339 (F8), mods=none, physical=false, pressed=true, echo=false
TestMap: Input event received: InputEventKey: keycode=4194339 (F8), mods=none, physical=false, pressed=true, echo=false
TestMap: Unhandled input event: InputEventKey: keycode=4194339 (F8), mods=none, physical=false, pressed=true, echo=false
