Godot Engine v4.2.1.stable.official.b09f793f5 - https://godotengine.org
Vulkan API 1.3.292 - Forward+ - Using Vulkan Device #0: AMD - AMD Radeon RX 7800 XT
 
Grid: Ready called
Added spawn point at grid position: (0, 2)
Added spawn point at grid position: (0, 3)
Added spawn point at grid position: (0, 4)
Added spawn point at grid position: (0, 5)
Added spawn point at grid position: (0, 6)
Added spawn point at grid position: (0, 7)
Added spawn point at grid position: (0, 8)
Added spawn point at grid position: (0, 9)
Added spawn point at grid position: (0, 10)
Added spawn point at grid position: (0, 11)
Added spawn point at grid position: (0, 12)
Added spawn point at grid position: (0, 13)
Added spawn point at grid position: (0, 14)
Added spawn point at grid position: (0, 15)
Added spawn point at grid position: (0, 16)
Added spawn point at grid position: (0, 17)
Added spawn point at grid position: (0, 18)
Added spawn point at grid position: (0, 19)
Attackable: Ready called
Flag: Initializing...
Flag: Setting up Attackable component...
Attackable: Initializing with health: 100
Attackable: Initialization complete. Current health: 100
Flag: Attackable component initialized with health: 100
Flag: Health bar found and initialized
Flag: Health changed - Current: 100 Maximum: 100
USER WARNING: Nodes with non-equal opposite anchors will have their size overridden after _ready(). 
If you want to set size, change the anchors or consider using set_deferred().
   at: _set_size (scene/gui/control.cpp:1440)
Flag: Health bar width updated to: 64
Flag: Health bar updated - Size: (64, 8) Color: (0, 1, 0, 1)
TestMap: Ready called
TestMap: Mouse button event - button_index: 1 pressed: true
TestMap: Left click detected - attempting tower placement

Tower Placement Debug:
Viewport Mouse Position: (1605, 34)
World Position: (2993.987, -46.01306)
Selected Tower Type: 0
Current Gold: 1000
Tower Cost: 50
Grid Position: (39, 0)
Placing tower...
Grid to World conversion:
- Input grid pos: (39, 0)
- Output world pos: (2528, 32)
Attackable: Ready called
Attackable: Initializing with health: 200
Attackable: Initialization complete. Current health: 200
TestMap: Mouse button event - button_index: 1 pressed: false
Wave 1 started with 10 enemies

Spawning Enemy Debug:
Grid to World conversion:
- Input grid pos: (0, 10)
- Output world pos: (32, 672)

Spawn Point Debug:
- Selected grid position: (0, 10)
- Converted to world position: (32, 672)
- Grid size: 64
- Grid dimensions: 40x22
- Grid position: (0, 0)
- Enemy instance created
- Added to grid
- Position set to: (32, 672)
- Remaining enemies: 9
Enemy: Detected stuck at position (0, 10)
Enemy: Recalculating path from (0, 10) to (0, 0)
Enemy: Found path with 11 steps
Grid to World conversion:
- Input grid pos: (0, 10)
- Output world pos: (32, 672)
Grid to World conversion:
- Input grid pos: (0, 9)
- Output world pos: (32, 608)
Grid to World conversion:
- Input grid pos: (0, 9)
- Output world pos: (32, 608)
Grid to World conversion:
- Input grid pos: (0, 9)
- Output world pos: (32, 608)
Grid to World conversion:
- Input grid pos: (0, 9)
- Output world pos: (32, 608)
Grid to World conversion:
- Input grid pos: (0, 9)
- Output world pos: (32, 608)
Grid to World conversion:
- Input grid pos: (0, 9)
- Output world pos: (32, 608)
Grid to World conversion:
- Input grid pos: (0, 9)
- Output world pos: (32, 608)
Grid to World conversion:
- Input grid pos: (0, 9)
- Output world pos: (32, 608)
Grid to World conversion:
- Input grid pos: (0, 9)
- Output world pos: (32, 608)
Grid to World conversion:
- Input grid pos: (0, 9)
- Output world pos: (32, 608)
Grid to World conversion:
- Input grid pos: (0, 9)
- Output world pos: (32, 608)
Grid to World conversion:
- Input grid pos: (0, 9)
- Output world pos: (32, 608)
Grid to World conversion:
- Input grid pos: (0, 9)
- Output world pos: (32, 608)
Grid to World conversion:
- Input grid pos: (0, 9)
- Output world pos: (32, 608)
Grid to World conversion:
- Input grid pos: (0, 9)
- Output world pos: (32, 608)
Grid to World conversion:
- Input grid pos: (0, 9)
- Output world pos: (32, 608)
Grid to World conversion:
- Input grid pos: (0, 9)
- Output world pos: (32, 608)
Grid to World conversion:
- Input grid pos: (0, 9)
- Output world pos: (32, 608)
Grid to World conversion:
- Input grid pos: (0, 9)
- Output world pos: (32, 608)
Grid to World conversion:
- Input grid pos: (0, 9)
- Output world pos: (32, 608)
Grid to World conversion:
- Input grid pos: (0, 9)
- Output world pos: (32, 608)
Grid to World conversion:
- Input grid pos: (0, 9)
- Output world pos: (32, 608)
Grid to World conversion:
- Input grid pos: (0, 9)
- Output world pos: (32, 608)
Grid to World conversion:
- Input grid pos: (0, 9)
- Output world pos: (32, 608)
Grid to World conversion:
- Input grid pos: (0, 9)
- Output world pos: (32, 608)
Grid to World conversion:
- Input grid pos: (0, 9)
- Output world pos: (32, 608)
Grid to World conversion:
- Input grid pos: (0, 9)
- Output world pos: (32, 608)
Grid to World conversion:
- Input grid pos: (0, 9)
- Output world pos: (32, 608)
Grid to World conversion:
- Input grid pos: (0, 9)
- Output world pos: (32, 608)
Grid to World conversion:
- Input grid pos: (0, 9)
- Output world pos: (32, 608)
Grid to World conversion:
- Input grid pos: (0, 9)
- Output world pos: (32, 608)
Grid to World conversion:
- Input grid pos: (0, 9)
- Output world pos: (32, 608)
Grid to World conversion:
- Input grid pos: (0, 9)
- Output world pos: (32, 608)
Grid to World conversion:
- Input grid pos: (0, 9)
- Output world pos: (32, 608)
Grid to World conversion:
- Input grid pos: (0, 9)
- Output world pos: (32, 608)
Grid to World conversion:
- Input grid pos: (0, 9)
- Output world pos: (32, 608)
Grid to World conversion:
- Input grid pos: (0, 9)
- Output world pos: (32, 608)
Grid to World conversion:
- Input grid pos: (0, 9)
- Output world pos: (32, 608)
Grid to World conversion:
- Input grid pos: (0, 9)
- Output world pos: (32, 608)
Grid to World conversion:
- Input grid pos: (0, 9)
- Output world pos: (32, 608)
Grid to World conversion:
- Input grid pos: (0, 9)
- Output world pos: (32, 608)
Grid to World conversion:
- Input grid pos: (0, 9)
- Output world pos: (32, 608)
Grid to World conversion:
- Input grid pos: (0, 9)
- Output world pos: (32, 608)
Grid to World conversion:
- Input grid pos: (0, 9)
- Output world pos: (32, 608)
Grid to World conversion:
- Input grid pos: (0, 9)
- Output world pos: (32, 608)
Grid to World conversion:
- Input grid pos: (0, 9)
- Output world pos: (32, 608)
Grid to World conversion:
- Input grid pos: (0, 9)
- Output world pos: (32, 608)
Grid to World conversion:
- Input grid pos: (0, 9)
- Output world pos: (32, 608)
Grid to World conversion:
- Input grid pos: (0, 9)
- Output world pos: (32, 608)
