Godot Engine v4.2.1.stable.official.b09f793f5 - https://godotengine.org
Vulkan API 1.3.292 - Forward+ - Using Vulkan Device #0: AMD - AMD Radeon RX 7800 XT
 
Grid: Ready called
Added spawn point at grid position: (0, 2)
Added spawn point at grid position: (0, 3)
Added spawn point at grid position: (0, 4)
Added spawn point at grid position: (0, 5)
Added spawn point at grid position: (0, 6)
Added spawn point at grid position: (0, 7)
Added spawn point at grid position: (0, 8)
Added spawn point at grid position: (0, 9)
Added spawn point at grid position: (0, 10)
Added spawn point at grid position: (0, 11)
Added spawn point at grid position: (0, 12)
Added spawn point at grid position: (0, 13)
Added spawn point at grid position: (0, 14)
Added spawn point at grid position: (0, 15)
Added spawn point at grid position: (0, 16)
Added spawn point at grid position: (0, 17)
Added spawn point at grid position: (0, 18)
Added spawn point at grid position: (0, 19)
Attackable: Ready called
Flag: Initializing...
Flag: Setting up Attackable component...
Attackable: Initializing with health: 100
Attackable: Initialization complete. Current health: 100
Flag: Attackable component initialized with health: 100
Flag: Health bar found and initialized
Flag: Health changed - Current: 100 Maximum: 100
USER WARNING: Nodes with non-equal opposite anchors will have their size overridden after _ready(). 
If you want to set size, change the anchors or consider using set_deferred().
   at: _set_size (scene/gui/control.cpp:1440)
Flag: Health bar width updated to: 64
Flag: Health bar updated - Size: (64, 8) Color: (0, 1, 0, 1)
TestMap: Ready called
TestMap: Connecting UI signals
TestMap: Mouse button event - button_index: 1 pressed: true
TestMap: Left click detected - attempting tower placement

Tower Placement Debug:
Viewport Mouse Position: (871, 239.5)
World Position: (1305.307, 426.7712)
Selected Tower Type: 0
Current Gold: 1000
Tower Cost: 50
Grid Position: (20, 6)
Placing tower...
Attackable: Ready called
Attackable: Initializing with health: 200
Attackable: Initialization complete. Current health: 200
TestMap: Mouse button event - button_index: 1 pressed: false
TestMap: Mouse click on UI element, ignoring placement
TestMap: Mouse click on UI element, ignoring placement
TestMap: Start Wave button pressed
TestMap: Starting wave...
Flag: Taking damage: 20
Flag: Forwarding damage to attackable component
Attackable: Taking damage: 20 Current health: 100
Attackable: After damage - Health: 80/100
Flag: Damage taken - Amount: 20 Current Health: 80
Flag: Health changed - Current: 80 Maximum: 100
Flag: Health bar width updated to: 51.2
Flag: Health bar updated - Size: (51.2, 8) Color: (0, 1, 0, 1)
Flag: Actual damage taken: 20
Flag: Taking damage: 20
Flag: Forwarding damage to attackable component
Attackable: Taking damage: 20 Current health: 80
Attackable: After damage - Health: 60/100
Flag: Damage taken - Amount: 20 Current Health: 60
Flag: Health changed - Current: 60 Maximum: 100
Flag: Health bar width updated to: 38.4
Flag: Health bar updated - Size: (38.4, 8) Color: (1, 1, 0, 1)
Flag: Actual damage taken: 20
Flag: Taking damage: 20
Flag: Forwarding damage to attackable component
Attackable: Taking damage: 20 Current health: 60
Attackable: After damage - Health: 40/100
Flag: Damage taken - Amount: 20 Current Health: 40
Flag: Health changed - Current: 40 Maximum: 100
Flag: Health bar width updated to: 25.6
Flag: Health bar updated - Size: (25.6, 8) Color: (1, 1, 0, 1)
Flag: Actual damage taken: 20
Flag: Taking damage: 20
Flag: Forwarding damage to attackable component
Attackable: Taking damage: 20 Current health: 40
Attackable: After damage - Health: 20/100
Flag: Damage taken - Amount: 20 Current Health: 20
Flag: Health changed - Current: 20 Maximum: 100
Flag: Health bar width updated to: 12.8
Flag: Health bar updated - Size: (12.8, 8) Color: (1, 0, 0, 1)
Flag: Actual damage taken: 20
Flag: Taking damage: 20
Flag: Forwarding damage to attackable component
Attackable: Taking damage: 20 Current health: 20
Attackable: After damage - Health: 0/100
Flag: Damage taken - Amount: 20 Current Health: 0
Flag: Health changed - Current: 0 Maximum: 100
Flag: Health bar width updated to: 0
Flag: Health bar updated - Size: (0, 8) Color: (1, 0, 0, 1)
Attackable: Health depleted, handling destruction
Attackable: Emitting destroyed signal
Flag: Destroyed!
Game Over screen shown
Flag: Actual damage taken: 20
Restart button pressed
Grid: Ready called
Added spawn point at grid position: (0, 2)
Added spawn point at grid position: (0, 3)
Added spawn point at grid position: (0, 4)
Added spawn point at grid position: (0, 5)
Added spawn point at grid position: (0, 6)
Added spawn point at grid position: (0, 7)
Added spawn point at grid position: (0, 8)
Added spawn point at grid position: (0, 9)
Added spawn point at grid position: (0, 10)
Added spawn point at grid position: (0, 11)
Added spawn point at grid position: (0, 12)
Added spawn point at grid position: (0, 13)
Added spawn point at grid position: (0, 14)
Added spawn point at grid position: (0, 15)
Added spawn point at grid position: (0, 16)
Added spawn point at grid position: (0, 17)
Added spawn point at grid position: (0, 18)
Added spawn point at grid position: (0, 19)
Attackable: Ready called
Flag: Initializing...
Flag: Setting up Attackable component...
Attackable: Initializing with health: 100
Attackable: Initialization complete. Current health: 100
Flag: Attackable component initialized with health: 100
Flag: Health bar found and initialized
Flag: Health changed - Current: 100 Maximum: 100
USER WARNING: Nodes with non-equal opposite anchors will have their size overridden after _ready(). 
If you want to set size, change the anchors or consider using set_deferred().
   at: _set_size (scene/gui/control.cpp:1440)
Flag: Health bar width updated to: 64
Flag: Health bar updated - Size: (64, 8) Color: (0, 1, 0, 1)
TestMap: Ready called
TestMap: Connecting UI signals
TestMap: Mouse click on UI element, ignoring placement
TestMap: Mouse click on UI element, ignoring placement
TestMap: Start Wave button pressed
TestMap: Starting wave...
TestMap: Mouse button event - button_index: 2 pressed: true
TestMap: Right click detected - attempting wall placement
Attackable: Ready called
Attackable: Initializing with health: 1000
Attackable: Initialization complete. Current health: 1000
TestMap: Mouse button event - button_index: 2 pressed: false
TestMap: Mouse button event - button_index: 2 pressed: true
TestMap: Right click detected - attempting wall placement
Attackable: Ready called
Attackable: Initializing with health: 1000
Attackable: Initialization complete. Current health: 1000
TestMap: Mouse button event - button_index: 2 pressed: false
TestMap: Mouse button event - button_index: 2 pressed: true
TestMap: Right click detected - attempting wall placement
Attackable: Ready called
Attackable: Initializing with health: 1000
Attackable: Initialization complete. Current health: 1000
TestMap: Mouse button event - button_index: 2 pressed: false
TestMap: Mouse button event - button_index: 2 pressed: true
TestMap: Right click detected - attempting wall placement
Attackable: Ready called
Attackable: Initializing with health: 1000
Attackable: Initialization complete. Current health: 1000
TestMap: Mouse button event - button_index: 2 pressed: false
TestMap: Mouse button event - button_index: 2 pressed: true
TestMap: Right click detected - attempting wall placement
Attackable: Ready called
Attackable: Initializing with health: 1000
Attackable: Initialization complete. Current health: 1000
TestMap: Mouse button event - button_index: 2 pressed: false
TestMap: Mouse button event - button_index: 2 pressed: true
TestMap: Right click detected - attempting wall placement
Attackable: Ready called
Attackable: Initializing with health: 1000
Attackable: Initialization complete. Current health: 1000
TestMap: Mouse button event - button_index: 2 pressed: false
TestMap: Mouse button event - button_index: 2 pressed: true
TestMap: Right click detected - attempting wall placement
Attackable: Ready called
Attackable: Initializing with health: 1000
Attackable: Initialization complete. Current health: 1000
TestMap: Mouse button event - button_index: 2 pressed: false
TestMap: Mouse button event - button_index: 2 pressed: true
TestMap: Right click detected - attempting wall placement
Attackable: Ready called
Attackable: Initializing with health: 1000
Attackable: Initialization complete. Current health: 1000
TestMap: Mouse button event - button_index: 2 pressed: false
TestMap: Mouse button event - button_index: 1 pressed: true
TestMap: Left click detected - attempting tower placement

Tower Placement Debug:
Viewport Mouse Position: (1074.5, 324.5)
World Position: (1773.49, 622.3268)
Selected Tower Type: 0
Current Gold: 840
Tower Cost: 50
Grid Position: (27, 9)
Placing tower...
Attackable: Ready called
Attackable: Initializing with health: 200
Attackable: Initialization complete. Current health: 200
TestMap: Mouse button event - button_index: 1 pressed: false
TestMap: Mouse button event - button_index: 1 pressed: true
TestMap: Left click detected - attempting tower placement

Tower Placement Debug:
Viewport Mouse Position: (1073.5, 367.5)
World Position: (1771.19, 721.2549)
Selected Tower Type: 0
Current Gold: 790
Tower Cost: 50
Grid Position: (27, 11)
Placing tower...
Attackable: Ready called
Attackable: Initializing with health: 200
Attackable: Initialization complete. Current health: 200
TestMap: Mouse button event - button_index: 1 pressed: false
TestMap: Mouse button event - button_index: 1 pressed: true
TestMap: Left click detected - attempting tower placement

Tower Placement Debug:
Viewport Mouse Position: (1081, 248)
World Position: (1788.444, 446.3268)
Selected Tower Type: 0
Current Gold: 740
Tower Cost: 50
Grid Position: (27, 6)
Placing tower...
Attackable: Ready called
Attackable: Initializing with health: 200
Attackable: Initialization complete. Current health: 200
TestMap: Mouse button event - button_index: 1 pressed: false
Attackable: Taking damage: 20 Current health: 1000
Attackable: After damage - Health: 980/1000
Attackable: Taking damage: 20 Current health: 980
Attackable: After damage - Health: 960/1000
Attackable: Taking damage: 20 Current health: 960
Attackable: After damage - Health: 940/1000
Attackable: Taking damage: 20 Current health: 940
Attackable: After damage - Health: 920/1000
Attackable: Taking damage: 20 Current health: 920
Attackable: After damage - Health: 900/1000
Attackable: Taking damage: 20 Current health: 900
Attackable: After damage - Health: 880/1000
Attackable: Taking damage: 20 Current health: 880
Attackable: After damage - Health: 860/1000
Attackable: Taking damage: 20 Current health: 860
Attackable: After damage - Health: 840/1000
Attackable: Taking damage: 20 Current health: 1000
Attackable: After damage - Health: 980/1000
Attackable: Taking damage: 20 Current health: 840
Attackable: After damage - Health: 820/1000
Attackable: Taking damage: 20 Current health: 820
Attackable: After damage - Health: 800/1000
Attackable: Taking damage: 20 Current health: 980
Attackable: After damage - Health: 960/1000
Attackable: Taking damage: 20 Current health: 800
Attackable: After damage - Health: 780/1000
Attackable: Taking damage: 20 Current health: 780
Attackable: After damage - Health: 760/1000
Attackable: Taking damage: 20 Current health: 760
Attackable: After damage - Health: 740/1000
Attackable: Taking damage: 20 Current health: 740
Attackable: After damage - Health: 720/1000
Attackable: Taking damage: 20 Current health: 1000
Attackable: After damage - Health: 980/1000
TestMap: Mouse button event - button_index: 1 pressed: true
TestMap: Left click detected - attempting tower placement

Tower Placement Debug:
Viewport Mouse Position: (1084, 274.5)
World Position: (1795.346, 507.2941)
Selected Tower Type: 0
Current Gold: 700
Tower Cost: 50
Grid Position: (28, 7)
Placing tower...
Attackable: Ready called
Attackable: Initializing with health: 200
Attackable: Initialization complete. Current health: 200
Attackable: Taking damage: 20 Current health: 720
Attackable: After damage - Health: 700/1000
TestMap: Mouse button event - button_index: 1 pressed: false
Attackable: Taking damage: 20 Current health: 700
Attackable: After damage - Health: 680/1000
Attackable: Taking damage: 20 Current health: 960
Attackable: After damage - Health: 940/1000
Attackable: Taking damage: 20 Current health: 980
Attackable: After damage - Health: 960/1000
Attackable: Taking damage: 20 Current health: 680
Attackable: After damage - Health: 660/1000
Attackable: Taking damage: 20 Current health: 660
Attackable: After damage - Health: 640/1000
Attackable: Taking damage: 20 Current health: 940
Attackable: After damage - Health: 920/1000
Attackable: Taking damage: 20 Current health: 960
Attackable: After damage - Health: 940/1000
Attackable: Taking damage: 20 Current health: 640
Attackable: After damage - Health: 620/1000
Attackable: Taking damage: 20 Current health: 620
Attackable: After damage - Health: 600/1000
Attackable: Taking damage: 20 Current health: 920
Attackable: After damage - Health: 900/1000
Attackable: Taking damage: 20 Current health: 940
Attackable: After damage - Health: 920/1000
Attackable: Taking damage: 20 Current health: 600
Attackable: After damage - Health: 580/1000
Attackable: Taking damage: 20 Current health: 580
Attackable: After damage - Health: 560/1000
Attackable: Taking damage: 20 Current health: 900
Attackable: After damage - Health: 880/1000
Attackable: Taking damage: 20 Current health: 920
Attackable: After damage - Health: 900/1000
Attackable: Taking damage: 20 Current health: 560
Attackable: After damage - Health: 540/1000
Attackable: Taking damage: 20 Current health: 540
Attackable: After damage - Health: 520/1000
Attackable: Taking damage: 20 Current health: 520
Attackable: After damage - Health: 500/1000
Attackable: Taking damage: 20 Current health: 880
Attackable: After damage - Health: 860/1000
Attackable: Taking damage: 20 Current health: 900
Attackable: After damage - Health: 880/1000
Attackable: Taking damage: 20 Current health: 500
Attackable: After damage - Health: 480/1000
Attackable: Taking damage: 20 Current health: 480
Attackable: After damage - Health: 460/1000
Attackable: Taking damage: 20 Current health: 460
Attackable: After damage - Health: 440/1000
Attackable: Taking damage: 20 Current health: 860
Attackable: After damage - Health: 840/1000
Attackable: Taking damage: 20 Current health: 880
Attackable: After damage - Health: 860/1000
Attackable: Taking damage: 20 Current health: 440
Attackable: After damage - Health: 420/1000
Attackable: Taking damage: 20 Current health: 420
Attackable: After damage - Health: 400/1000
Attackable: Taking damage: 20 Current health: 840
Attackable: After damage - Health: 820/1000
Attackable: Taking damage: 20 Current health: 860
Attackable: After damage - Health: 840/1000
Attackable: Taking damage: 20 Current health: 400
Attackable: After damage - Health: 380/1000
Attackable: Taking damage: 20 Current health: 380
Attackable: After damage - Health: 360/1000
Attackable: Taking damage: 20 Current health: 820
Attackable: After damage - Health: 800/1000
Attackable: Taking damage: 20 Current health: 360
Attackable: After damage - Health: 340/1000
TestMap: Mouse button event - button_index: 1 pressed: true
TestMap: Left click detected - attempting tower placement

Tower Placement Debug:
Viewport Mouse Position: (1103.5, 224.5)
World Position: (1840.209, 392.2614)
Selected Tower Type: 0
Current Gold: 680
Tower Cost: 50
Grid Position: (28, 6)
Placing tower...
Attackable: Ready called
Attackable: Initializing with health: 200
Attackable: Initialization complete. Current health: 200
Attackable: Taking damage: 20 Current health: 1000
Attackable: After damage - Health: 980/1000
Attackable: Taking damage: 20 Current health: 340
Attackable: After damage - Health: 320/1000
Attackable: Taking damage: 20 Current health: 320
Attackable: After damage - Health: 300/1000
TestMap: Mouse button event - button_index: 1 pressed: false
Attackable: Taking damage: 20 Current health: 300
Attackable: After damage - Health: 280/1000
Attackable: Taking damage: 20 Current health: 980
Attackable: After damage - Health: 960/1000
Attackable: Taking damage: 20 Current health: 280
Attackable: After damage - Health: 260/1000
Attackable: Taking damage: 20 Current health: 260
Attackable: After damage - Health: 240/1000
Attackable: Taking damage: 20 Current health: 240
Attackable: After damage - Health: 220/1000
Attackable: Taking damage: 20 Current health: 960
Attackable: After damage - Health: 940/1000
Attackable: Taking damage: 20 Current health: 220
Attackable: After damage - Health: 200/1000
Attackable: Taking damage: 20 Current health: 200
Attackable: After damage - Health: 180/1000
Attackable: Taking damage: 20 Current health: 180
Attackable: After damage - Health: 160/1000
Attackable: Taking damage: 20 Current health: 940
Attackable: After damage - Health: 920/1000
Attackable: Taking damage: 20 Current health: 160
Attackable: After damage - Health: 140/1000
Attackable: Taking damage: 20 Current health: 140
Attackable: After damage - Health: 120/1000
Attackable: Taking damage: 20 Current health: 920
Attackable: After damage - Health: 900/1000
Attackable: Taking damage: 20 Current health: 900
Attackable: After damage - Health: 880/1000
Attackable: Taking damage: 20 Current health: 120
Attackable: After damage - Health: 100/1000
Attackable: Taking damage: 20 Current health: 100
Attackable: After damage - Health: 80/1000
Attackable: Taking damage: 20 Current health: 880
Attackable: After damage - Health: 860/1000
Attackable: Taking damage: 20 Current health: 80
Attackable: After damage - Health: 60/1000
Attackable: Taking damage: 20 Current health: 860
Attackable: After damage - Health: 840/1000
Attackable: Taking damage: 20 Current health: 60
Attackable: After damage - Health: 40/1000
Attackable: Taking damage: 20 Current health: 840
Attackable: After damage - Health: 820/1000
Attackable: Taking damage: 20 Current health: 40
Attackable: After damage - Health: 20/1000
Attackable: Taking damage: 20 Current health: 820
Attackable: After damage - Health: 800/1000
Attackable: Taking damage: 20 Current health: 20
Attackable: After damage - Health: 0/1000
Attackable: Health depleted, handling destruction
Attackable: Emitting destroyed signal
TestMap: Mouse button event - button_index: 1 pressed: true
TestMap: Left click detected - attempting tower placement

Tower Placement Debug:
Viewport Mouse Position: (1072, 288.5)
World Position: (1767.739, 539.5033)
Selected Tower Type: 0
Current Gold: 680
Tower Cost: 50
Grid Position: (27, 8)
Placing tower...
Attackable: Ready called
Attackable: Initializing with health: 200
Attackable: Initialization complete. Current health: 200
TestMap: Mouse button event - button_index: 1 pressed: false
Attackable: Taking damage: 20 Current health: 800
Attackable: After damage - Health: 780/1000
TestMap: Mouse click on UI element, ignoring placement
TestMap: Mouse click on UI element, ignoring placement
TestMap: Start Wave button pressed
TestMap: Starting wave...
TestMap: Selecting tower type: 0
TestMap: Tower type selected: 0
Attackable: Taking damage: 20 Current health: 1000
Attackable: After damage - Health: 980/1000
Attackable: Taking damage: 20 Current health: 980
Attackable: After damage - Health: 960/1000
Attackable: Taking damage: 20 Current health: 960
Attackable: After damage - Health: 940/1000
Attackable: Taking damage: 20 Current health: 940
Attackable: After damage - Health: 920/1000
Attackable: Taking damage: 20 Current health: 920
Attackable: After damage - Health: 900/1000
Attackable: Taking damage: 20 Current health: 900
Attackable: After damage - Health: 880/1000
Attackable: Taking damage: 20 Current health: 880
Attackable: After damage - Health: 860/1000
Attackable: Taking damage: 20 Current health: 860
Attackable: After damage - Health: 840/1000
Attackable: Taking damage: 20 Current health: 840
Attackable: After damage - Health: 820/1000
Attackable: Taking damage: 20 Current health: 820
Attackable: After damage - Health: 800/1000
Attackable: Taking damage: 20 Current health: 800
Attackable: After damage - Health: 780/1000
Attackable: Taking damage: 20 Current health: 780
Attackable: After damage - Health: 760/1000
Attackable: Taking damage: 20 Current health: 760
Attackable: After damage - Health: 740/1000
Attackable: Taking damage: 20 Current health: 740
Attackable: After damage - Health: 720/1000
Attackable: Taking damage: 20 Current health: 720
Attackable: After damage - Health: 700/1000
Attackable: Taking damage: 20 Current health: 700
Attackable: After damage - Health: 680/1000
Attackable: Taking damage: 20 Current health: 680
Attackable: After damage - Health: 660/1000
Attackable: Taking damage: 20 Current health: 660
Attackable: After damage - Health: 640/1000
Attackable: Taking damage: 20 Current health: 640
Attackable: After damage - Health: 620/1000
Attackable: Taking damage: 20 Current health: 620
Attackable: After damage - Health: 600/1000
Attackable: Taking damage: 16 Current health: 200
Attackable: After damage - Health: 184/200
Attackable: Taking damage: 20 Current health: 600
Attackable: After damage - Health: 580/1000
Attackable: Taking damage: 20 Current health: 580
Attackable: After damage - Health: 560/1000
Attackable: Taking damage: 20 Current health: 560
Attackable: After damage - Health: 540/1000
Attackable: Taking damage: 20 Current health: 540
Attackable: After damage - Health: 520/1000
Attackable: Taking damage: 16 Current health: 184
Attackable: After damage - Health: 168/200
Attackable: Taking damage: 20 Current health: 520
Attackable: After damage - Health: 500/1000
Attackable: Taking damage: 20 Current health: 500
Attackable: After damage - Health: 480/1000
Attackable: Taking damage: 20 Current health: 480
Attackable: After damage - Health: 460/1000
Attackable: Taking damage: 20 Current health: 460
Attackable: After damage - Health: 440/1000
Attackable: Taking damage: 20 Current health: 440
Attackable: After damage - Health: 420/1000
Attackable: Taking damage: 16 Current health: 168
Attackable: After damage - Health: 152/200
Attackable: Taking damage: 20 Current health: 420
Attackable: After damage - Health: 400/1000
Attackable: Taking damage: 20 Current health: 400
Attackable: After damage - Health: 380/1000
Attackable: Taking damage: 20 Current health: 380
Attackable: After damage - Health: 360/1000
Attackable: Taking damage: 20 Current health: 360
Attackable: After damage - Health: 340/1000
Attackable: Taking damage: 20 Current health: 340
Attackable: After damage - Health: 320/1000
Attackable: Taking damage: 20 Current health: 320
Attackable: After damage - Health: 300/1000
Attackable: Taking damage: 20 Current health: 300
Attackable: After damage - Health: 280/1000
Attackable: Taking damage: 20 Current health: 280
Attackable: After damage - Health: 260/1000
Attackable: Taking damage: 20 Current health: 260
Attackable: After damage - Health: 240/1000
Attackable: Taking damage: 20 Current health: 240
Attackable: After damage - Health: 220/1000
Attackable: Taking damage: 16 Current health: 152
Attackable: After damage - Health: 136/200
Attackable: Taking damage: 20 Current health: 220
Attackable: After damage - Health: 200/1000
Attackable: Taking damage: 20 Current health: 200
Attackable: After damage - Health: 180/1000
Attackable: Taking damage: 20 Current health: 180
Attackable: After damage - Health: 160/1000
Attackable: Taking damage: 20 Current health: 160
Attackable: After damage - Health: 140/1000
Attackable: Taking damage: 20 Current health: 140
Attackable: After damage - Health: 120/1000
Attackable: Taking damage: 20 Current health: 120
Attackable: After damage - Health: 100/1000
Attackable: Taking damage: 20 Current health: 100
Attackable: After damage - Health: 80/1000
Attackable: Taking damage: 20 Current health: 80
Attackable: After damage - Health: 60/1000
Attackable: Taking damage: 20 Current health: 60
Attackable: After damage - Health: 40/1000
Attackable: Taking damage: 20 Current health: 40
Attackable: After damage - Health: 20/1000
Attackable: Taking damage: 16 Current health: 136
Attackable: After damage - Health: 120/200
Attackable: Taking damage: 20 Current health: 20
Attackable: After damage - Health: 0/1000
Attackable: Health depleted, handling destruction
Attackable: Emitting destroyed signal
Attackable: Taking damage: 16 Current health: 120
Attackable: After damage - Health: 104/200
