Godot Engine v4.2.1.stable.official.b09f793f5 - https://godotengine.org
Vulkan API 1.3.292 - Forward+ - Using Vulkan Device #0: AMD - AMD Radeon RX 7800 XT
 
Grid: Ready called
TestMap: Ready called
Grid: Input event received: InputEventMouseButton: button_index=1, mods=none, pressed=true, canceled=false, position=((100.5, 661)), button_mask=1, double_click=false
TestMap: Input event received: InputEventMouseButton: button_index=1, mods=none, pressed=true, canceled=false, position=((100.5, 661)), button_mask=1, double_click=false
Grid: Input event received: InputEventMouseButton: button_index=1, mods=none, pressed=false, canceled=false, position=((100.5, 661)), button_mask=0, double_click=false
TestMap: Input event received: InputEventMouseButton: button_index=1, mods=none, pressed=false, canceled=false, position=((100.5, 661)), button_mask=0, double_click=false
Grid: Input event received: InputEventMouseButton: button_index=2, mods=none, pressed=true, canceled=false, position=((942, 312.5)), button_mask=2, double_click=false
TestMap: Input event received: InputEventMouseButton: button_index=2, mods=none, pressed=true, canceled=false, position=((942, 312.5)), button_mask=2, double_click=false
TestMap: Unhandled input event: InputEventMouseButton: button_index=2, mods=none, pressed=true, canceled=false, position=((942, 312.5)), button_mask=2, double_click=false
TestMap: Attempting to place wall
Screen pos: (942, 312.5) -> Local pos: (1468.654, 594.7189) -> Grid pos: (22, 9)
TestMap: Wall placement - Mouse pos: (942, 312.5) Grid pos: (22, 9)
TestMap: Placing wall
Grid: Input event received: InputEventMouseButton: button_index=2, mods=none, pressed=false, canceled=false, position=((942, 312.5)), button_mask=0, double_click=false
TestMap: Input event received: InputEventMouseButton: button_index=2, mods=none, pressed=false, canceled=false, position=((942, 312.5)), button_mask=0, double_click=false
TestMap: Unhandled input event: InputEventMouseButton: button_index=2, mods=none, pressed=false, canceled=false, position=((942, 312.5)), button_mask=0, double_click=false
Grid: Input event received: InputEventMouseButton: button_index=2, mods=none, pressed=true, canceled=false, position=((922.5, 351)), button_mask=2, double_click=false
TestMap: Input event received: InputEventMouseButton: button_index=2, mods=none, pressed=true, canceled=false, position=((922.5, 351)), button_mask=2, double_click=false
TestMap: Unhandled input event: InputEventMouseButton: button_index=2, mods=none, pressed=true, canceled=false, position=((922.5, 351)), button_mask=2, double_click=false
TestMap: Attempting to place wall
Screen pos: (922.5, 351) -> Local pos: (1423.791, 683.2941) -> Grid pos: (22, 10)
TestMap: Wall placement - Mouse pos: (922.5, 351) Grid pos: (22, 10)
TestMap: Placing wall
Grid: Input event received: InputEventMouseButton: button_index=2, mods=none, pressed=false, canceled=false, position=((922.5, 351)), button_mask=0, double_click=false
TestMap: Input event received: InputEventMouseButton: button_index=2, mods=none, pressed=false, canceled=false, position=((922.5, 351)), button_mask=0, double_click=false
TestMap: Unhandled input event: InputEventMouseButton: button_index=2, mods=none, pressed=false, canceled=false, position=((922.5, 351)), button_mask=0, double_click=false
Grid: Input event received: InputEventMouseButton: button_index=1, mods=none, pressed=true, canceled=false, position=((103.5, 663.5)), button_mask=1, double_click=false
TestMap: Input event received: InputEventMouseButton: button_index=1, mods=none, pressed=true, canceled=false, position=((103.5, 663.5)), button_mask=1, double_click=false
Grid: Input event received: InputEventMouseButton: button_index=1, mods=none, pressed=false, canceled=false, position=((103.5, 663.5)), button_mask=0, double_click=false
TestMap: Input event received: InputEventMouseButton: button_index=1, mods=none, pressed=false, canceled=false, position=((103.5, 663.5)), button_mask=0, double_click=false
Grid: Input event received: InputEventMouseButton: button_index=1, mods=none, pressed=true, canceled=false, position=((936, 285)), button_mask=1, double_click=false
TestMap: Input event received: InputEventMouseButton: button_index=1, mods=none, pressed=true, canceled=false, position=((936, 285)), button_mask=1, double_click=false
TestMap: Unhandled input event: InputEventMouseButton: button_index=1, mods=none, pressed=true, canceled=false, position=((936, 285)), button_mask=1, double_click=false
TestMap: Attempting to place tower
Screen pos: (936, 285) -> Local pos: (1454.85, 531.4509) -> Grid pos: (22, 8)
TestMap: Tower placement - Mouse pos: (936, 285) Grid pos: (22, 8)
TestMap: Placing tower
Grid: Input event received: InputEventMouseButton: button_index=1, mods=none, pressed=false, canceled=false, position=((936, 285)), button_mask=0, double_click=false
TestMap: Input event received: InputEventMouseButton: button_index=1, mods=none, pressed=false, canceled=false, position=((936, 285)), button_mask=0, double_click=false
TestMap: Unhandled input event: InputEventMouseButton: button_index=1, mods=none, pressed=false, canceled=false, position=((936, 285)), button_mask=0, double_click=false
Grid: Input event received: InputEventMouseButton: button_index=1, mods=none, pressed=true, canceled=false, position=((1623.5, 33)), button_mask=1, double_click=false
TestMap: Input event received: InputEventMouseButton: button_index=1, mods=none, pressed=true, canceled=false, position=((1623.5, 33)), button_mask=1, double_click=false
Grid: Input event received: InputEventMouseButton: button_index=1, mods=none, pressed=false, canceled=false, position=((1624, 33)), button_mask=0, double_click=false
TestMap: Input event received: InputEventMouseButton: button_index=1, mods=none, pressed=false, canceled=false, position=((1624, 33)), button_mask=0, double_click=false
Wave 1 started with 10 enemies
Screen pos: (32, 1056) -> Local pos: (2199.111, 637.281) -> Grid pos: (34, 9)
Enemy updating path from: (34, 9) to: (37, 11)
Spawned enemy at position: (32, 1056)
Screen pos: (32, 416) -> Local pos: (1972.497, 538.3529) -> Grid pos: (30, 8)
Enemy updating path from: (30, 8) to: (37, 11)
Spawned enemy at position: (32, 416)
Screen pos: (32, 992) -> Local pos: (1914.98, 556.7581) -> Grid pos: (29, 8)
Enemy updating path from: (29, 8) to: (37, 11)
Spawned enemy at position: (32, 992)
Grid: Input event received: InputEventMouseButton: button_index=5, mods=none, pressed=true, canceled=false, position=((1143, 327.5)), button_mask=16, double_click=false
TestMap: Input event received: InputEventMouseButton: button_index=5, mods=none, pressed=true, canceled=false, position=((1143, 327.5)), button_mask=16, double_click=false
TestMap: Unhandled input event: InputEventMouseButton: button_index=5, mods=none, pressed=true, canceled=false, position=((1143, 327.5)), button_mask=16, double_click=false
Grid: Input event received: InputEventMouseButton: button_index=5, mods=none, pressed=false, canceled=false, position=((1143, 327.5)), button_mask=0, double_click=false
TestMap: Input event received: InputEventMouseButton: button_index=5, mods=none, pressed=false, canceled=false, position=((1143, 327.5)), button_mask=0, double_click=false
TestMap: Unhandled input event: InputEventMouseButton: button_index=5, mods=none, pressed=false, canceled=false, position=((1143, 327.5)), button_mask=0, double_click=false
Grid: Input event received: InputEventMouseButton: button_index=5, mods=none, pressed=true, canceled=false, position=((1142.5, 327.5)), button_mask=16, double_click=false
TestMap: Input event received: InputEventMouseButton: button_index=5, mods=none, pressed=true, canceled=false, position=((1142.5, 327.5)), button_mask=16, double_click=false
TestMap: Unhandled input event: InputEventMouseButton: button_index=5, mods=none, pressed=true, canceled=false, position=((1142.5, 327.5)), button_mask=16, double_click=false
Grid: Input event received: InputEventMouseButton: button_index=5, mods=none, pressed=false, canceled=false, position=((1142.5, 327.5)), button_mask=0, double_click=false
TestMap: Input event received: InputEventMouseButton: button_index=5, mods=none, pressed=false, canceled=false, position=((1142.5, 327.5)), button_mask=0, double_click=false
TestMap: Unhandled input event: InputEventMouseButton: button_index=5, mods=none, pressed=false, canceled=false, position=((1142.5, 327.5)), button_mask=0, double_click=false
Grid: Input event received: InputEventMouseButton: button_index=5, mods=none, pressed=true, canceled=false, position=((1142.5, 327.5)), button_mask=16, double_click=false
TestMap: Input event received: InputEventMouseButton: button_index=5, mods=none, pressed=true, canceled=false, position=((1142.5, 327.5)), button_mask=16, double_click=false
TestMap: Unhandled input event: InputEventMouseButton: button_index=5, mods=none, pressed=true, canceled=false, position=((1142.5, 327.5)), button_mask=16, double_click=false
Grid: Input event received: InputEventMouseButton: button_index=5, mods=none, pressed=false, canceled=false, position=((1142.5, 327.5)), button_mask=0, double_click=false
TestMap: Input event received: InputEventMouseButton: button_index=5, mods=none, pressed=false, canceled=false, position=((1142.5, 327.5)), button_mask=0, double_click=false
TestMap: Unhandled input event: InputEventMouseButton: button_index=5, mods=none, pressed=false, canceled=false, position=((1142.5, 327.5)), button_mask=0, double_click=false
Screen pos: (32, 1056) -> Local pos: (1880, 556) -> Grid pos: (29, 8)
Enemy updating path from: (29, 8) to: (37, 11)
Spawned enemy at position: (32, 1056)
Grid: Input event received: InputEventMouseButton: button_index=4, mods=none, pressed=true, canceled=false, position=((1159.5, 290.5)), button_mask=8, double_click=false
TestMap: Input event received: InputEventMouseButton: button_index=4, mods=none, pressed=true, canceled=false, position=((1159.5, 290.5)), button_mask=8, double_click=false
TestMap: Unhandled input event: InputEventMouseButton: button_index=4, mods=none, pressed=true, canceled=false, position=((1159.5, 290.5)), button_mask=8, double_click=false
Grid: Input event received: InputEventMouseButton: button_index=4, mods=none, pressed=false, canceled=false, position=((1159.5, 290.5)), button_mask=0, double_click=false
TestMap: Input event received: InputEventMouseButton: button_index=4, mods=none, pressed=false, canceled=false, position=((1159.5, 290.5)), button_mask=0, double_click=false
TestMap: Unhandled input event: InputEventMouseButton: button_index=4, mods=none, pressed=false, canceled=false, position=((1159.5, 290.5)), button_mask=0, double_click=false
Grid: Input event received: InputEventMouseButton: button_index=4, mods=none, pressed=true, canceled=false, position=((1159.5, 291)), button_mask=8, double_click=false
TestMap: Input event received: InputEventMouseButton: button_index=4, mods=none, pressed=true, canceled=false, position=((1159.5, 291)), button_mask=8, double_click=false
TestMap: Unhandled input event: InputEventMouseButton: button_index=4, mods=none, pressed=true, canceled=false, position=((1159.5, 291)), button_mask=8, double_click=false
Grid: Input event received: InputEventMouseButton: button_index=4, mods=none, pressed=false, canceled=false, position=((1159.5, 291)), button_mask=0, double_click=false
TestMap: Input event received: InputEventMouseButton: button_index=4, mods=none, pressed=false, canceled=false, position=((1159.5, 291)), button_mask=0, double_click=false
TestMap: Unhandled input event: InputEventMouseButton: button_index=4, mods=none, pressed=false, canceled=false, position=((1159.5, 291)), button_mask=0, double_click=false
Grid: Input event received: InputEventMouseButton: button_index=5, mods=none, pressed=true, canceled=false, position=((1159.5, 289.5)), button_mask=16, double_click=false
TestMap: Input event received: InputEventMouseButton: button_index=5, mods=none, pressed=true, canceled=false, position=((1159.5, 289.5)), button_mask=16, double_click=false
TestMap: Unhandled input event: InputEventMouseButton: button_index=5, mods=none, pressed=true, canceled=false, position=((1159.5, 289.5)), button_mask=16, double_click=false
Grid: Input event received: InputEventMouseButton: button_index=5, mods=none, pressed=false, canceled=false, position=((1159.5, 289.5)), button_mask=0, double_click=false
TestMap: Input event received: InputEventMouseButton: button_index=5, mods=none, pressed=false, canceled=false, position=((1159.5, 289.5)), button_mask=0, double_click=false
TestMap: Unhandled input event: InputEventMouseButton: button_index=5, mods=none, pressed=false, canceled=false, position=((1159.5, 289.5)), button_mask=0, double_click=false
Grid: Input event received: InputEventMouseButton: button_index=5, mods=none, pressed=true, canceled=false, position=((1159.5, 289.5)), button_mask=16, double_click=false
TestMap: Input event received: InputEventMouseButton: button_index=5, mods=none, pressed=true, canceled=false, position=((1159.5, 289.5)), button_mask=16, double_click=false
TestMap: Unhandled input event: InputEventMouseButton: button_index=5, mods=none, pressed=true, canceled=false, position=((1159.5, 289.5)), button_mask=16, double_click=false
Grid: Input event received: InputEventMouseButton: button_index=5, mods=none, pressed=false, canceled=false, position=((1159.5, 289.5)), button_mask=0, double_click=false
TestMap: Input event received: InputEventMouseButton: button_index=5, mods=none, pressed=false, canceled=false, position=((1159.5, 289.5)), button_mask=0, double_click=false
TestMap: Unhandled input event: InputEventMouseButton: button_index=5, mods=none, pressed=false, canceled=false, position=((1159.5, 289.5)), button_mask=0, double_click=false
Grid: Input event received: InputEventMouseButton: button_index=5, mods=none, pressed=true, canceled=false, position=((1159.5, 289.5)), button_mask=16, double_click=false
TestMap: Input event received: InputEventMouseButton: button_index=5, mods=none, pressed=true, canceled=false, position=((1159.5, 289.5)), button_mask=16, double_click=false
TestMap: Unhandled input event: InputEventMouseButton: button_index=5, mods=none, pressed=true, canceled=false, position=((1159.5, 289.5)), button_mask=16, double_click=false
Grid: Input event received: InputEventMouseButton: button_index=5, mods=none, pressed=false, canceled=false, position=((1159.5, 289.5)), button_mask=0, double_click=false
TestMap: Input event received: InputEventMouseButton: button_index=5, mods=none, pressed=false, canceled=false, position=((1159.5, 289.5)), button_mask=0, double_click=false
TestMap: Unhandled input event: InputEventMouseButton: button_index=5, mods=none, pressed=false, canceled=false, position=((1159.5, 289.5)), button_mask=0, double_click=false
Grid: Input event received: InputEventMouseButton: button_index=5, mods=none, pressed=true, canceled=false, position=((1159.5, 289.5)), button_mask=16, double_click=false
TestMap: Input event received: InputEventMouseButton: button_index=5, mods=none, pressed=true, canceled=false, position=((1159.5, 289.5)), button_mask=16, double_click=false
TestMap: Unhandled input event: InputEventMouseButton: button_index=5, mods=none, pressed=true, canceled=false, position=((1159.5, 289.5)), button_mask=16, double_click=false
Grid: Input event received: InputEventMouseButton: button_index=5, mods=none, pressed=false, canceled=false, position=((1159.5, 289.5)), button_mask=0, double_click=false
TestMap: Input event received: InputEventMouseButton: button_index=5, mods=none, pressed=false, canceled=false, position=((1159.5, 289.5)), button_mask=0, double_click=false
TestMap: Unhandled input event: InputEventMouseButton: button_index=5, mods=none, pressed=false, canceled=false, position=((1159.5, 289.5)), button_mask=0, double_click=false
Grid: Input event received: InputEventMouseButton: button_index=5, mods=none, pressed=true, canceled=false, position=((1159, 289.5)), button_mask=16, double_click=false
TestMap: Input event received: InputEventMouseButton: button_index=5, mods=none, pressed=true, canceled=false, position=((1159, 289.5)), button_mask=16, double_click=false
TestMap: Unhandled input event: InputEventMouseButton: button_index=5, mods=none, pressed=true, canceled=false, position=((1159, 289.5)), button_mask=16, double_click=false
Grid: Input event received: InputEventMouseButton: button_index=5, mods=none, pressed=false, canceled=false, position=((1159, 289.5)), button_mask=0, double_click=false
TestMap: Input event received: InputEventMouseButton: button_index=5, mods=none, pressed=false, canceled=false, position=((1159, 289.5)), button_mask=0, double_click=false
TestMap: Unhandled input event: InputEventMouseButton: button_index=5, mods=none, pressed=false, canceled=false, position=((1159, 289.5)), button_mask=0, double_click=false
Grid: Input event received: InputEventMouseButton: button_index=5, mods=none, pressed=true, canceled=false, position=((1158.5, 290)), button_mask=16, double_click=false
TestMap: Input event received: InputEventMouseButton: button_index=5, mods=none, pressed=true, canceled=false, position=((1158.5, 290)), button_mask=16, double_click=false
TestMap: Unhandled input event: InputEventMouseButton: button_index=5, mods=none, pressed=true, canceled=false, position=((1158.5, 290)), button_mask=16, double_click=false
Grid: Input event received: InputEventMouseButton: button_index=5, mods=none, pressed=false, canceled=false, position=((1158.5, 290)), button_mask=0, double_click=false
TestMap: Input event received: InputEventMouseButton: button_index=5, mods=none, pressed=false, canceled=false, position=((1158.5, 290)), button_mask=0, double_click=false
TestMap: Unhandled input event: InputEventMouseButton: button_index=5, mods=none, pressed=false, canceled=false, position=((1158.5, 290)), button_mask=0, double_click=false
Grid: Input event received: InputEventMouseButton: button_index=5, mods=none, pressed=true, canceled=false, position=((1158.5, 290)), button_mask=16, double_click=false
TestMap: Input event received: InputEventMouseButton: button_index=5, mods=none, pressed=true, canceled=false, position=((1158.5, 290)), button_mask=16, double_click=false
TestMap: Unhandled input event: InputEventMouseButton: button_index=5, mods=none, pressed=true, canceled=false, position=((1158.5, 290)), button_mask=16, double_click=false
Grid: Input event received: InputEventMouseButton: button_index=5, mods=none, pressed=false, canceled=false, position=((1158.5, 290)), button_mask=0, double_click=false
TestMap: Input event received: InputEventMouseButton: button_index=5, mods=none, pressed=false, canceled=false, position=((1158.5, 290)), button_mask=0, double_click=false
TestMap: Unhandled input event: InputEventMouseButton: button_index=5, mods=none, pressed=false, canceled=false, position=((1158.5, 290)), button_mask=0, double_click=false
Grid: Input event received: InputEventMouseButton: button_index=5, mods=none, pressed=true, canceled=false, position=((1158.5, 290)), button_mask=16, double_click=false
TestMap: Input event received: InputEventMouseButton: button_index=5, mods=none, pressed=true, canceled=false, position=((1158.5, 290)), button_mask=16, double_click=false
TestMap: Unhandled input event: InputEventMouseButton: button_index=5, mods=none, pressed=true, canceled=false, position=((1158.5, 290)), button_mask=16, double_click=false
Grid: Input event received: InputEventMouseButton: button_index=5, mods=none, pressed=false, canceled=false, position=((1158.5, 290)), button_mask=0, double_click=false
TestMap: Input event received: InputEventMouseButton: button_index=5, mods=none, pressed=false, canceled=false, position=((1158.5, 290)), button_mask=0, double_click=false
TestMap: Unhandled input event: InputEventMouseButton: button_index=5, mods=none, pressed=false, canceled=false, position=((1158.5, 290)), button_mask=0, double_click=false
Screen pos: (32, 608) -> Local pos: (1877, 564) -> Grid pos: (29, 8)
Enemy updating path from: (29, 8) to: (37, 11)
Spawned enemy at position: (32, 608)
Screen pos: (32, 672) -> Local pos: (1912, 542) -> Grid pos: (29, 8)
Enemy updating path from: (29, 8) to: (37, 11)
Spawned enemy at position: (32, 672)
Screen pos: (32, 1056) -> Local pos: (1906, 544) -> Grid pos: (29, 8)
Enemy updating path from: (29, 8) to: (37, 11)
Spawned enemy at position: (32, 1056)
Screen pos: (32, 480) -> Local pos: (1904, 544) -> Grid pos: (29, 8)
Enemy updating path from: (29, 8) to: (37, 11)
Spawned enemy at position: (32, 480)
Screen pos: (32, 1248) -> Local pos: (1903, 545) -> Grid pos: (29, 8)
Enemy updating path from: (29, 8) to: (37, 11)
Spawned enemy at position: (32, 1248)
Screen pos: (32, 224) -> Local pos: (1902, 545) -> Grid pos: (29, 8)
Enemy updating path from: (29, 8) to: (37, 11)
Spawned enemy at position: (32, 224)
Screen pos: (2395.242, 735.7796) -> Local pos: (1897, 548) -> Grid pos: (29, 8)
Enemy updating path from: (29, 8) to: (37, 11)
Screen pos: (2395.314, 735.9998) -> Local pos: (1897, 548) -> Grid pos: (29, 8)
Enemy updating path from: (29, 8) to: (37, 11)
Screen pos: (2395.521, 735.9998) -> Local pos: (1897, 548) -> Grid pos: (29, 8)
Enemy updating path from: (29, 8) to: (37, 11)
Screen pos: (2395.152, 735.9998) -> Local pos: (1897, 548) -> Grid pos: (29, 8)
Enemy updating path from: (29, 8) to: (37, 11)
Screen pos: (2395.146, 735.9998) -> Local pos: (1897, 548) -> Grid pos: (29, 8)
Enemy updating path from: (29, 8) to: (37, 11)
Screen pos: (2395.436, 735.9998) -> Local pos: (1897, 548) -> Grid pos: (29, 8)
Enemy updating path from: (29, 8) to: (37, 11)
Screen pos: (2395.07, 735.9998) -> Local pos: (1897, 548) -> Grid pos: (29, 8)
Enemy updating path from: (29, 8) to: (37, 11)
Screen pos: (2395.36, 735.9998) -> Local pos: (1897, 548) -> Grid pos: (29, 8)
Enemy updating path from: (29, 8) to: (37, 11)
Grid: Input event received: InputEventKey: keycode=4194339 (F8), mods=none, physical=false, pressed=true, echo=false
TestMap: Input event received: InputEventKey: keycode=4194339 (F8), mods=none, physical=false, pressed=true, echo=false
TestMap: Unhandled input event: InputEventKey: keycode=4194339 (F8), mods=none, physical=false, pressed=true, echo=false
Grid: Input event received: InputEventKey: keycode=4194339 (F8), mods=none, physical=false, pressed=false, echo=false
TestMap: Input event received: InputEventKey: keycode=4194339 (F8), mods=none, physical=false, pressed=false, echo=false
TestMap: Unhandled input event: InputEventKey: keycode=4194339 (F8), mods=none, physical=false, pressed=false, echo=false
