Godot Engine v4.2.1.stable.official.b09f793f5 - https://godotengine.org
Vulkan API 1.3.292 - Forward+ - Using Vulkan Device #0: AMD - AMD Radeon RX 7800 XT
 
USER ERROR: res://scenes/Tower.tscn:10 - Parse Error: Can't load cached ext-resource id: res://resources/sprites/towers/ballista.tres
   at: _parse_node_tag (scene/resources/resource_format_text.cpp:284)
USER ERROR: Failed loading resource: res://scenes/Tower.tscn. Make sure resources have been imported by opening the project in the editor at least once.
   at: _load (core/io/resource_loader.cpp:274)
HealthComponent _ready called on: /root/TestMap/Flag/HealthComponent
EntityComponent _ready called for Node
EntityComponent _ready completed for Node
HealthComponent _ready completed on: /root/TestMap/Flag/HealthComponent
EntityComponent _ready called for Node
EntityComponent _ready completed for Node
EntityComponent _ready called for Node
EntityComponent _ready completed for Node
EntityComponent _ready called for Node
EntityComponent _ready completed for Node
USER ERROR: Node not found: "Attackable" (relative to "/root/TestMap/Flag").
   at: get_node (scene/main/node.cpp:1638)
Entity _ready called for: Flag
USER ERROR: Node not found: "Sprite" (relative to "/root/TestMap/Flag/VisualManager").
   at: get_node (scene/main/node.cpp:1638)
USER ERROR: Node not found: "AnimationPlayer" (relative to "/root/TestMap/Flag/VisualManager").
   at: get_node (scene/main/node.cpp:1638)
USER ERROR: Node not found: "HealthBar" (relative to "/root/TestMap/Flag/VisualManager").
   at: get_node (scene/main/node.cpp:1638)
USER ERROR: Node not found: "EffectContainer" (relative to "/root/TestMap/Flag/VisualManager").
   at: get_node (scene/main/node.cpp:1638)
Visual manager added to Flag
StateManager ready for: Flag
Entering idle state
State manager added to Flag
USER ERROR: Flag: Attackable component not found!
   at: push_error (core/variant/variant_utility.cpp:1091)

WaveManager: Initializing...
WaveManager: Initialization complete

Camera initialized:
- Position: (1280, 540)
- Zoom: (0.434659, 0.434659)
- Viewport size: (1720, 720)

TestMap: Initializing...
Checking scenes...
- Tower scene loaded: true
USER ERROR: Failed to instantiate scene state of "res://scenes/Tower.tscn", node count is 0. Make sure the PackedScene resource is valid.
   at: instantiate (scene/resources/packed_scene.cpp:141)
USER ERROR: Failed to instantiate tower!
   at: push_error (core/variant/variant_utility.cpp:1091)
HealthComponent _initialize called on: /root/TestMap/Flag/HealthComponent
Health initialized to: 1000 on: /root/TestMap/Flag/HealthComponent
HealthComponent _initialize completed with health: 1000 on: /root/TestMap/Flag/HealthComponent
CombatComponent initialized for: Flag
USER ERROR: CombatManager: No grid found in scene
   at: push_error (core/variant/variant_utility.cpp:1091)
Entity: Connecting component signals for Flag
Entity: Health signals connected
Entity: Movement signals connected
Entity: Combat signals connected
Entity: Status signals connected

Left click detected at: (758, 313.5)

Coordinate conversion:
- Screen pos: (758, 313.5)
- Viewport center: (860, 360)
- Offset: (-234.6667, -106.9804)
- World pos: (1045.333, 433.0196)

Attempting tower placement:
- Screen pos: (758, 313.5)
- World pos: (1045.333, 433.0196)
- Grid pos: (16, 7)
- Selected tower type: 0
- Current gold: 1000
- Tower cost: 50
Placing tower...
USER ERROR: Failed to instantiate scene state of "res://scenes/Tower.tscn", node count is 0. Make sure the PackedScene resource is valid.
   at: instantiate (scene/resources/packed_scene.cpp:141)
USER ERROR: Failed to instantiate tower!
   at: push_error (core/variant/variant_utility.cpp:1091)
Failed: Could not place tower

Right click detected at: (789.5, 376)

Coordinate conversion:
- Screen pos: (789.5, 376)
- Viewport center: (860, 360)
- Offset: (-162.1961, 36.81046)
- World pos: (1117.804, 576.8105)

Attempting wall placement:
- Screen pos: (789.5, 376)
- World pos: (1117.804, 576.8105)
- Grid pos: (17, 9)
- Current gold: 1000
- Wall cost: 20
Placing wall...
Entity _ready called for: Wall
HealthComponent _ready called on: /root/TestMap/Grid/Wall/HealthComponent
EntityComponent _ready called for Node
EntityComponent _ready completed for Node
HealthComponent _ready completed on: /root/TestMap/Grid/Wall/HealthComponent
Health component added to Wall
EntityComponent _ready called for Node
EntityComponent _ready completed for Node
Movement component added to Wall
EntityComponent _ready called for Node
EntityComponent _ready completed for Node
Combat component added to Wall
EntityComponent _ready called for Node
EntityComponent _ready completed for Node
Status component added to Wall
USER ERROR: Node not found: "Sprite" (relative to "/root/TestMap/Grid/Wall/VisualManager").
   at: get_node (scene/main/node.cpp:1638)
USER ERROR: Node not found: "AnimationPlayer" (relative to "/root/TestMap/Grid/Wall/VisualManager").
   at: get_node (scene/main/node.cpp:1638)
USER ERROR: Node not found: "HealthBar" (relative to "/root/TestMap/Grid/Wall/VisualManager").
   at: get_node (scene/main/node.cpp:1638)
USER ERROR: Node not found: "EffectContainer" (relative to "/root/TestMap/Grid/Wall/VisualManager").
   at: get_node (scene/main/node.cpp:1638)
Visual manager added to Wall
StateManager ready for: Wall
Entering idle state
State manager added to Wall
Wall placed successfully
HealthComponent _initialize called on: /root/TestMap/Grid/Wall/HealthComponent
Health initialized to: 100 on: /root/TestMap/Grid/Wall/HealthComponent
HealthComponent _initialize completed with health: 100 on: /root/TestMap/Grid/Wall/HealthComponent
CombatComponent initialized for: Wall
Entity: Connecting component signals for Wall
Entity: Health signals connected
Entity: Movement signals connected
Entity: Combat signals connected
Entity: Status signals connected

Right click detected at: (815.5, 317.5)

Coordinate conversion:
- Screen pos: (815.5, 317.5)
- Viewport center: (860, 360)
- Offset: (-102.3791, -97.77778)
- World pos: (1177.621, 442.2222)

Attempting wall placement:
- Screen pos: (815.5, 317.5)
- World pos: (1177.621, 442.2222)
- Grid pos: (18, 7)
- Current gold: 980
- Wall cost: 20
Placing wall...
Entity _ready called for: @Node2D@4
HealthComponent _ready called on: /root/TestMap/Grid/@Node2D@4/HealthComponent
EntityComponent _ready called for Node
EntityComponent _ready completed for Node
HealthComponent _ready completed on: /root/TestMap/Grid/@Node2D@4/HealthComponent
Health component added to @Node2D@4
EntityComponent _ready called for Node
EntityComponent _ready completed for Node
Movement component added to @Node2D@4
EntityComponent _ready called for Node
EntityComponent _ready completed for Node
Combat component added to @Node2D@4
EntityComponent _ready called for Node
EntityComponent _ready completed for Node
Status component added to @Node2D@4
USER ERROR: Node not found: "Sprite" (relative to "/root/TestMap/Grid/@Node2D@4/VisualManager").
   at: get_node (scene/main/node.cpp:1638)
USER ERROR: Node not found: "AnimationPlayer" (relative to "/root/TestMap/Grid/@Node2D@4/VisualManager").
   at: get_node (scene/main/node.cpp:1638)
USER ERROR: Node not found: "HealthBar" (relative to "/root/TestMap/Grid/@Node2D@4/VisualManager").
   at: get_node (scene/main/node.cpp:1638)
USER ERROR: Node not found: "EffectContainer" (relative to "/root/TestMap/Grid/@Node2D@4/VisualManager").
   at: get_node (scene/main/node.cpp:1638)
Visual manager added to @Node2D@4
StateManager ready for: @Node2D@4
Entering idle state
State manager added to @Node2D@4
Wall placed successfully
Entity: Connecting component signals for @Node2D@4
Entity: Health signals connected
Entity: Movement signals connected
Entity: Combat signals connected
Entity: Status signals connected
HealthComponent _initialize called on: /root/TestMap/Grid/@Node2D@4/HealthComponent
Health initialized to: 100 on: /root/TestMap/Grid/@Node2D@4/HealthComponent
HealthComponent _initialize completed with health: 100 on: /root/TestMap/Grid/@Node2D@4/HealthComponent
CombatComponent initialized for: @Node2D@4

Left click detected at: (935.5, 372.5)

Coordinate conversion:
- Screen pos: (935.5, 372.5)
- Viewport center: (860, 360)
- Offset: (173.6993, 28.75817)
- World pos: (1453.699, 568.7582)

Attempting tower placement:
- Screen pos: (935.5, 372.5)
- World pos: (1453.699, 568.7582)
- Grid pos: (23, 9)
- Selected tower type: 0
- Current gold: 960
- Tower cost: 50
Placing tower...
USER ERROR: Failed to instantiate scene state of "res://scenes/Tower.tscn", node count is 0. Make sure the PackedScene resource is valid.
   at: instantiate (scene/resources/packed_scene.cpp:141)
USER ERROR: Failed to instantiate tower!
   at: push_error (core/variant/variant_utility.cpp:1091)
Failed: Could not place tower

Left click detected at: (928.5, 378.5)

Coordinate conversion:
- Screen pos: (928.5, 379)
- Viewport center: (860, 360)
- Offset: (157.5948, 43.71242)
- World pos: (1437.595, 583.7124)

Attempting tower placement:
- Screen pos: (928.5, 379)
- World pos: (1437.595, 583.7124)
- Grid pos: (22, 9)
- Selected tower type: 0
- Current gold: 960
- Tower cost: 50
Placing tower...
USER ERROR: Failed to instantiate scene state of "res://scenes/Tower.tscn", node count is 0. Make sure the PackedScene resource is valid.
   at: instantiate (scene/resources/packed_scene.cpp:141)
USER ERROR: Failed to instantiate tower!
   at: push_error (core/variant/variant_utility.cpp:1091)
Failed: Could not place tower

Left click detected at: (908.5, 432)

Coordinate conversion:
- Screen pos: (908, 435)
- Viewport center: (860, 360)
- Offset: (110.4314, 172.549)
- World pos: (1390.431, 712.549)

Attempting tower placement:
- Screen pos: (908, 435)
- World pos: (1390.431, 712.549)
- Grid pos: (22, 11)
- Selected tower type: 0
- Current gold: 960
- Tower cost: 50
Placing tower...
USER ERROR: Failed to instantiate scene state of "res://scenes/Tower.tscn", node count is 0. Make sure the PackedScene resource is valid.
   at: instantiate (scene/resources/packed_scene.cpp:141)
USER ERROR: Failed to instantiate tower!
   at: push_error (core/variant/variant_utility.cpp:1091)
Failed: Could not place tower
