Godot Engine v4.2.1.stable.official.b09f793f5 - https://godotengine.org
Vulkan API 1.3.292 - Forward+ - Using Vulkan Device #0: AMD - AMD Radeon RX 7800 XT
 
Grid: Ready called
Added spawn point at grid position: (0, 2)
Added spawn point at grid position: (0, 3)
Added spawn point at grid position: (0, 4)
Added spawn point at grid position: (0, 5)
Added spawn point at grid position: (0, 6)
Added spawn point at grid position: (0, 7)
Added spawn point at grid position: (0, 8)
Added spawn point at grid position: (0, 9)
Added spawn point at grid position: (0, 10)
Added spawn point at grid position: (0, 11)
Added spawn point at grid position: (0, 12)
Added spawn point at grid position: (0, 13)
Added spawn point at grid position: (0, 14)
Added spawn point at grid position: (0, 15)
Added spawn point at grid position: (0, 16)
Added spawn point at grid position: (0, 17)
Added spawn point at grid position: (0, 18)
Added spawn point at grid position: (0, 19)
Attackable: Ready called
Flag: Initializing...
Flag: Setting up Attackable component...
Attackable: Initializing with health: 100
Attackable: Initialization complete. Current health: 100
Flag: Attackable component initialized with health: 100
Flag: Health bar found and initialized
Flag: Health changed - Current: 100 Maximum: 100
USER WARNING: Nodes with non-equal opposite anchors will have their size overridden after _ready(). 
If you want to set size, change the anchors or consider using set_deferred().
   at: _set_size (scene/gui/control.cpp:1440)
Flag: Health bar width updated to: 64
Flag: Health bar updated - Size: (64, 8) Color: (0, 1, 0, 1)
TestMap: Ready called
TestMap: Input event received: InputEventMouseButton: button_index=2, mods=none, pressed=true, canceled=false, position=((728, 64.5)), button_mask=2, double_click=false

Wall Placement Debug:
Viewport Mouse Position: (728, 64.5)
World Position: (976.3137, 24.15686)
World (976.3137, 24.15686) -> Grid (15, 0)
Grid Position: (15, 0)
Placing wall...
Grid (15, 0) -> World (992, 32)
Placing wall at: (992, 32)
Attackable: Ready called
Attackable: Initializing with health: 1000
Attackable: Initialization complete. Current health: 1000
Wall initialized with health: 1000
TestMap: Input event received: InputEventMouseButton: button_index=2, mods=none, pressed=false, canceled=false, position=((728, 65.5)), button_mask=0, double_click=false
TestMap: Input event received: InputEventMouseButton: button_index=2, mods=none, pressed=true, canceled=false, position=((731, 96.5)), button_mask=2, double_click=false

Wall Placement Debug:
Viewport Mouse Position: (731, 96.5)
World Position: (983.2157, 97.77777)
World (983.2157, 97.77777) -> Grid (15, 1)
Grid Position: (15, 1)
Placing wall...
Grid (15, 1) -> World (992, 96)
Placing wall at: (992, 96)
Attackable: Ready called
Attackable: Initializing with health: 1000
Attackable: Initialization complete. Current health: 1000
Wall initialized with health: 1000
TestMap: Input event received: InputEventMouseButton: button_index=2, mods=none, pressed=false, canceled=false, position=((731.5, 97.5)), button_mask=0, double_click=false
TestMap: Input event received: InputEventMouseButton: button_index=2, mods=none, pressed=true, canceled=false, position=((735, 120.5)), button_mask=2, double_click=false

Wall Placement Debug:
Viewport Mouse Position: (735, 120.5)
World Position: (992.4183, 152.9935)
World (992.4183, 152.9935) -> Grid (15, 2)
Grid Position: (15, 2)
Placing wall...
Grid (15, 2) -> World (992, 160)
Placing wall at: (992, 160)
Attackable: Ready called
Attackable: Initializing with health: 1000
Attackable: Initialization complete. Current health: 1000
Wall initialized with health: 1000
TestMap: Input event received: InputEventMouseButton: button_index=2, mods=none, pressed=false, canceled=false, position=((734, 135)), button_mask=0, double_click=false
TestMap: Input event received: InputEventMouseButton: button_index=2, mods=none, pressed=true, canceled=false, position=((733.5, 154)), button_mask=2, double_click=false

Wall Placement Debug:
Viewport Mouse Position: (733, 154.5)
World Position: (987.817, 231.2157)
World (987.817, 231.2157) -> Grid (15, 3)
Grid Position: (15, 3)
Placing wall...
Grid (15, 3) -> World (992, 224)
Placing wall at: (992, 224)
Attackable: Ready called
Attackable: Initializing with health: 1000
Attackable: Initialization complete. Current health: 1000
Wall initialized with health: 1000
TestMap: Input event received: InputEventMouseButton: button_index=2, mods=none, pressed=false, canceled=false, position=((731.5, 168.5)), button_mask=0, double_click=false
TestMap: Input event received: InputEventMouseButton: button_index=2, mods=none, pressed=true, canceled=false, position=((730.5, 176.5)), button_mask=2, double_click=false

Wall Placement Debug:
Viewport Mouse Position: (730.5, 176.5)
World Position: (982.0654, 281.8301)
World (982.0654, 281.8301) -> Grid (15, 4)
Grid Position: (15, 4)
Placing wall...
Grid (15, 4) -> World (992, 288)
Placing wall at: (992, 288)
Attackable: Ready called
Attackable: Initializing with health: 1000
Attackable: Initialization complete. Current health: 1000
Wall initialized with health: 1000
TestMap: Input event received: InputEventMouseButton: button_index=2, mods=none, pressed=false, canceled=false, position=((729, 193)), button_mask=0, double_click=false
TestMap: Input event received: InputEventMouseButton: button_index=2, mods=none, pressed=true, canceled=false, position=((728.5, 204.5)), button_mask=2, double_click=false

Wall Placement Debug:
Viewport Mouse Position: (728.5, 205)
World Position: (977.4641, 347.3987)
World (977.4641, 347.3987) -> Grid (15, 5)
Grid Position: (15, 5)
Placing wall...
Grid (15, 5) -> World (992, 352)
Placing wall at: (992, 352)
Attackable: Ready called
Attackable: Initializing with health: 1000
Attackable: Initialization complete. Current health: 1000
Wall initialized with health: 1000
TestMap: Input event received: InputEventMouseButton: button_index=2, mods=none, pressed=false, canceled=false, position=((728.5, 225)), button_mask=0, double_click=false
TestMap: Input event received: InputEventMouseButton: button_index=2, mods=none, pressed=true, canceled=false, position=((731.5, 242.5)), button_mask=2, double_click=false

Wall Placement Debug:
Viewport Mouse Position: (731.5, 243)
World Position: (984.366, 434.8235)
World (984.366, 434.8235) -> Grid (15, 6)
Grid Position: (15, 6)
Placing wall...
Grid (15, 6) -> World (992, 416)
Placing wall at: (992, 416)
Attackable: Ready called
Attackable: Initializing with health: 1000
Attackable: Initialization complete. Current health: 1000
Wall initialized with health: 1000
TestMap: Input event received: InputEventMouseButton: button_index=2, mods=none, pressed=false, canceled=false, position=((731.5, 261)), button_mask=0, double_click=false
TestMap: Input event received: InputEventMouseButton: button_index=2, mods=none, pressed=true, canceled=false, position=((731.5, 279.5)), button_mask=2, double_click=false

Wall Placement Debug:
Viewport Mouse Position: (731.5, 280)
World Position: (984.366, 519.9477)
World (984.366, 519.9477) -> Grid (15, 8)
Grid Position: (15, 8)
Placing wall...
Grid (15, 8) -> World (992, 544)
Placing wall at: (992, 544)
Attackable: Ready called
Attackable: Initializing with health: 1000
Attackable: Initialization complete. Current health: 1000
Wall initialized with health: 1000
TestMap: Input event received: InputEventMouseButton: button_index=2, mods=none, pressed=false, canceled=false, position=((730, 289.5)), button_mask=0, double_click=false
TestMap: Input event received: InputEventMouseButton: button_index=2, mods=none, pressed=true, canceled=false, position=((732, 265)), button_mask=2, double_click=false

Wall Placement Debug:
Viewport Mouse Position: (732, 265)
World Position: (985.5164, 485.4379)
World (985.5164, 485.4379) -> Grid (15, 7)
Grid Position: (15, 7)
Placing wall...
Grid (15, 7) -> World (992, 480)
Placing wall at: (992, 480)
Attackable: Ready called
Attackable: Initializing with health: 1000
Attackable: Initialization complete. Current health: 1000
Wall initialized with health: 1000
TestMap: Input event received: InputEventMouseButton: button_index=2, mods=none, pressed=false, canceled=false, position=((732, 273)), button_mask=0, double_click=false
TestMap: Input event received: InputEventMouseButton: button_index=2, mods=none, pressed=true, canceled=false, position=((740, 317)), button_mask=2, double_click=false

Wall Placement Debug:
Viewport Mouse Position: (740, 317)
World Position: (1003.922, 605.0719)
World (1003.922, 605.0719) -> Grid (15, 9)
Grid Position: (15, 9)
Placing wall...
Grid (15, 9) -> World (992, 608)
Placing wall at: (992, 608)
Attackable: Ready called
Attackable: Initializing with health: 1000
Attackable: Initialization complete. Current health: 1000
Wall initialized with health: 1000
TestMap: Input event received: InputEventMouseButton: button_index=2, mods=none, pressed=false, canceled=false, position=((738.5, 319.5)), button_mask=0, double_click=false
TestMap: Input event received: InputEventMouseButton: button_index=2, mods=none, pressed=true, canceled=false, position=((733, 341.5)), button_mask=2, double_click=false

Wall Placement Debug:
Viewport Mouse Position: (733, 342)
World Position: (987.817, 662.5883)
World (987.817, 662.5883) -> Grid (15, 10)
Grid Position: (15, 10)
Placing wall...
Grid (15, 10) -> World (992, 672)
Placing wall at: (992, 672)
Attackable: Ready called
Attackable: Initializing with health: 1000
Attackable: Initialization complete. Current health: 1000
Wall initialized with health: 1000
TestMap: Input event received: InputEventMouseButton: button_index=2, mods=none, pressed=false, canceled=false, position=((730, 354)), button_mask=0, double_click=false
TestMap: Input event received: InputEventMouseButton: button_index=2, mods=none, pressed=true, canceled=false, position=((730, 375)), button_mask=2, double_click=false

Wall Placement Debug:
Viewport Mouse Position: (730, 375.5)
World Position: (980.915, 739.6602)
World (980.915, 739.6602) -> Grid (15, 11)
Grid Position: (15, 11)
Placing wall...
Grid (15, 11) -> World (992, 736)
Placing wall at: (992, 736)
Attackable: Ready called
Attackable: Initializing with health: 1000
Attackable: Initialization complete. Current health: 1000
Wall initialized with health: 1000
TestMap: Input event received: InputEventMouseButton: button_index=2, mods=none, pressed=false, canceled=false, position=((728, 393)), button_mask=0, double_click=false
TestMap: Input event received: InputEventMouseButton: button_index=2, mods=none, pressed=true, canceled=false, position=((727.5, 407.5)), button_mask=2, double_click=false

Wall Placement Debug:
Viewport Mouse Position: (727.5, 408)
World Position: (975.1634, 814.4314)
World (975.1634, 814.4314) -> Grid (15, 12)
Grid Position: (15, 12)
Placing wall...
Grid (15, 12) -> World (992, 800)
Placing wall at: (992, 800)
Attackable: Ready called
Attackable: Initializing with health: 1000
Attackable: Initialization complete. Current health: 1000
Wall initialized with health: 1000
TestMap: Input event received: InputEventMouseButton: button_index=2, mods=none, pressed=false, canceled=false, position=((727.5, 426)), button_mask=0, double_click=false
TestMap: Input event received: InputEventMouseButton: button_index=2, mods=none, pressed=true, canceled=false, position=((727.5, 437.5)), button_mask=2, double_click=false

Wall Placement Debug:
Viewport Mouse Position: (727.5, 438)
World Position: (975.1634, 883.451)
World (975.1634, 883.451) -> Grid (15, 13)
Grid Position: (15, 13)
Placing wall...
Grid (15, 13) -> World (992, 864)
Placing wall at: (992, 864)
Attackable: Ready called
Attackable: Initializing with health: 1000
Attackable: Initialization complete. Current health: 1000
Wall initialized with health: 1000
TestMap: Input event received: InputEventMouseButton: button_index=2, mods=none, pressed=false, canceled=false, position=((726.5, 454.5)), button_mask=0, double_click=false
TestMap: Input event received: InputEventMouseButton: button_index=2, mods=none, pressed=true, canceled=false, position=((725.5, 467.5)), button_mask=2, double_click=false

Wall Placement Debug:
Viewport Mouse Position: (725.5, 467.5)
World Position: (970.5621, 951.3203)
World (970.5621, 951.3203) -> Grid (15, 14)
Grid Position: (15, 14)
Placing wall...
Grid (15, 14) -> World (992, 928)
Placing wall at: (992, 928)
Attackable: Ready called
Attackable: Initializing with health: 1000
Attackable: Initialization complete. Current health: 1000
Wall initialized with health: 1000
TestMap: Input event received: InputEventMouseButton: button_index=2, mods=none, pressed=false, canceled=false, position=((727.5, 481.5)), button_mask=0, double_click=false
TestMap: Input event received: InputEventMouseButton: button_index=2, mods=none, pressed=true, canceled=false, position=((729, 497)), button_mask=2, double_click=false

Wall Placement Debug:
Viewport Mouse Position: (729, 497)
World Position: (978.6144, 1019.19)
World (978.6144, 1019.19) -> Grid (15, 15)
Grid Position: (15, 15)
Placing wall...
Grid (15, 15) -> World (992, 992)
Placing wall at: (992, 992)
Attackable: Ready called
Attackable: Initializing with health: 1000
Attackable: Initialization complete. Current health: 1000
Wall initialized with health: 1000
TestMap: Input event received: InputEventMouseButton: button_index=2, mods=none, pressed=false, canceled=false, position=((729.5, 505.5)), button_mask=0, double_click=false
TestMap: Input event received: InputEventMouseButton: button_index=2, mods=none, pressed=true, canceled=false, position=((730.5, 521)), button_mask=2, double_click=false

Wall Placement Debug:
Viewport Mouse Position: (730.5, 521.5)
World Position: (982.0654, 1075.556)
World (982.0654, 1075.556) -> Grid (15, 16)
Grid Position: (15, 16)
Placing wall...
Grid (15, 16) -> World (992, 1056)
Placing wall at: (992, 1056)
Attackable: Ready called
Attackable: Initializing with health: 1000
Attackable: Initialization complete. Current health: 1000
Wall initialized with health: 1000
TestMap: Input event received: InputEventMouseButton: button_index=2, mods=none, pressed=false, canceled=false, position=((729.5, 552.5)), button_mask=0, double_click=false
TestMap: Input event received: InputEventMouseButton: button_index=2, mods=none, pressed=true, canceled=false, position=((729.5, 555)), button_mask=2, double_click=false

Wall Placement Debug:
Viewport Mouse Position: (729.5, 555)
World Position: (979.7647, 1152.627)
World (979.7647, 1152.627) -> Grid (15, 18)
Grid Position: (15, 18)
Placing wall...
Grid (15, 18) -> World (992, 1184)
Placing wall at: (992, 1184)
Attackable: Ready called
Attackable: Initializing with health: 1000
Attackable: Initialization complete. Current health: 1000
Wall initialized with health: 1000
TestMap: Input event received: InputEventMouseButton: button_index=2, mods=none, pressed=false, canceled=false, position=((729.5, 562.5)), button_mask=0, double_click=false
TestMap: Input event received: InputEventMouseButton: button_index=2, mods=none, pressed=true, canceled=false, position=((736, 544)), button_mask=2, double_click=false

Wall Placement Debug:
Viewport Mouse Position: (736, 544)
World Position: (994.719, 1127.32)
World (994.719, 1127.32) -> Grid (15, 17)
Grid Position: (15, 17)
Placing wall...
Grid (15, 17) -> World (992, 1120)
Placing wall at: (992, 1120)
Attackable: Ready called
Attackable: Initializing with health: 1000
Attackable: Initialization complete. Current health: 1000
Wall initialized with health: 1000
TestMap: Input event received: InputEventMouseButton: button_index=2, mods=none, pressed=false, canceled=false, position=((735.5, 547)), button_mask=0, double_click=false
TestMap: Input event received: InputEventMouseButton: button_index=2, mods=none, pressed=true, canceled=false, position=((739.5, 599)), button_mask=2, double_click=false

Wall Placement Debug:
Viewport Mouse Position: (739.5, 599)
World Position: (1002.771, 1253.856)
World (1002.771, 1253.856) -> Grid (15, 19)
Grid Position: (15, 19)
Placing wall...
Grid (15, 19) -> World (992, 1248)
Placing wall at: (992, 1248)
Attackable: Ready called
Attackable: Initializing with health: 1000
Attackable: Initialization complete. Current health: 1000
Wall initialized with health: 1000
TestMap: Input event received: InputEventMouseButton: button_index=2, mods=none, pressed=false, canceled=false, position=((739.5, 599)), button_mask=0, double_click=false
TestMap: Input event received: InputEventMouseButton: button_index=2, mods=none, pressed=true, canceled=false, position=((736.5, 629)), button_mask=2, double_click=false

Wall Placement Debug:
Viewport Mouse Position: (736.5, 629)
World Position: (995.8693, 1322.876)
World (995.8693, 1322.876) -> Grid (15, 20)
Grid Position: (15, 20)
Placing wall...
Grid (15, 20) -> World (992, 1312)
Placing wall at: (992, 1312)
Attackable: Ready called
Attackable: Initializing with health: 1000
Attackable: Initialization complete. Current health: 1000
Wall initialized with health: 1000
TestMap: Input event received: InputEventMouseButton: button_index=2, mods=none, pressed=false, canceled=false, position=((737, 632)), button_mask=0, double_click=false
TestMap: Input event received: InputEventMouseButton: button_index=2, mods=none, pressed=true, canceled=false, position=((737.5, 655.5)), button_mask=2, double_click=false

Wall Placement Debug:
Viewport Mouse Position: (737.5, 655.5)
World Position: (998.1699, 1383.843)
World (998.1699, 1383.843) -> Grid (15, 21)
Grid Position: (15, 21)
Placing wall...
Grid (15, 21) -> World (992, 1376)
Placing wall at: (992, 1376)
Attackable: Ready called
Attackable: Initializing with health: 1000
Attackable: Initialization complete. Current health: 1000
Wall initialized with health: 1000
TestMap: Input event received: InputEventMouseButton: button_index=2, mods=none, pressed=false, canceled=false, position=((737.5, 657.5)), button_mask=0, double_click=false
TestMap: Input event received: InputEventMouseButton: button_index=1, mods=none, pressed=true, canceled=false, position=((1637, 19)), button_mask=1, double_click=false
TestMap: Input event received: InputEventMouseButton: button_index=1, mods=none, pressed=false, canceled=false, position=((1637, 19)), button_mask=0, double_click=false
Wave 1 started with 10 enemies
Grid (0, 10) -> World (32, 672)
Selected spawn point: grid=(0, 10) world=(32, 672)
Spawned enemy at grid-aligned position: (32, 672)
World (32, 672) -> Grid (0, 10)
World (1920, 540) -> Grid (30, 8)
Enemy: Recalculating path from (0, 10) to (30, 8)

Searching for wall to break:
- From: (0, 10)
- To: (30, 8)
- Explored cells: 330
- Found 22 walls in grid
- Evaluating wall at (15, 0)
  Distance to start: 18.0277557373047
  Distance to end: 17
  Total score: 35.0277557373047
  Found valid path to wall!
- Evaluating wall at (15, 1)
  Distance to start: 17.4928550720215
  Distance to end: 16.5529460906982
  Total score: 34.0458011627197
  Found valid path to wall!
- Evaluating wall at (15, 2)
  Distance to start: 17
  Distance to end: 16.1554946899414
  Total score: 33.1554946899414
  Found valid path to wall!
- Evaluating wall at (15, 3)
  Distance to start: 16.5529460906982
  Distance to end: 15.8113880157471
  Total score: 32.3643341064453
  Found valid path to wall!
- Evaluating wall at (15, 4)
  Distance to start: 16.1554946899414
  Distance to end: 15.5241746902466
  Total score: 31.679669380188
  Found valid path to wall!
- Evaluating wall at (15, 5)
  Distance to start: 15.8113880157471
  Distance to end: 15.2970581054688
  Total score: 31.1084461212158
  Found valid path to wall!
- Evaluating wall at (15, 6)
  Distance to start: 15.5241746902466
  Distance to end: 15.1327457427979
  Total score: 30.6569204330444
  Found valid path to wall!
- Evaluating wall at (15, 7)
  Distance to start: 15.2970581054688
  Distance to end: 15.033296585083
  Total score: 30.3303546905518
  Found valid path to wall!
- Evaluating wall at (15, 8)
  Distance to start: 15.1327457427979
  Distance to end: 15
  Total score: 30.1327457427979
  Found valid path to wall!
- Evaluating wall at (15, 9)
  Distance to start: 15.033296585083
  Distance to end: 15.033296585083
  Total score: 30.066593170166
  Found valid path to wall!
- Evaluating wall at (15, 10)
  Distance to start: 15
  Distance to end: 15.1327457427979
  Total score: 30.1327457427979
- Evaluating wall at (15, 11)
  Distance to start: 15.033296585083
  Distance to end: 15.2970581054688
  Total score: 30.3303546905518
- Evaluating wall at (15, 12)
  Distance to start: 15.1327457427979
  Distance to end: 15.5241746902466
  Total score: 30.6569204330444
- Evaluating wall at (15, 13)
  Distance to start: 15.2970581054688
  Distance to end: 15.8113880157471
  Total score: 31.1084461212158
- Evaluating wall at (15, 14)
  Distance to start: 15.5241746902466
  Distance to end: 16.1554946899414
  Total score: 31.679669380188
- Evaluating wall at (15, 15)
  Distance to start: 15.8113880157471
  Distance to end: 16.5529460906982
  Total score: 32.3643341064453
- Evaluating wall at (15, 16)
  Distance to start: 16.1554946899414
  Distance to end: 17
  Total score: 33.1554946899414
- Evaluating wall at (15, 17)
  Distance to start: 16.5529460906982
  Distance to end: 17.4928550720215
  Total score: 34.0458011627197
- Evaluating wall at (15, 18)
  Distance to start: 17
  Distance to end: 18.0277557373047
  Total score: 35.0277557373047
- Evaluating wall at (15, 19)
  Distance to start: 17.4928550720215
  Distance to end: 18.6010761260986
  Total score: 36.0939311981201
- Evaluating wall at (15, 20)
  Distance to start: 18.0277557373047
  Distance to end: 19.2093734741211
  Total score: 37.2371292114258
- Evaluating wall at (15, 21)
  Distance to start: 18.6010761260986
  Distance to end: 19.8494338989258
  Total score: 38.4505100250244
Selected wall to break at: (15, 9)
Grid: Found wall-breaking path to wall at (15, 9)
Enemy: Found wall-breaking path, transitioning to attack wall at (15, 9)
Enemy: Transitioning to attack state, target: @Node2D@10
Enemy: Combat - Distance to target: 962.130981445313, Attack Range: 40
Enemy: Combat - Target out of range, returning to movement
World (32, 672) -> Grid (0, 10)
World (1920, 540) -> Grid (30, 8)
Enemy: Recalculating path from (0, 10) to (30, 8)

Searching for wall to break:
- From: (0, 10)
- To: (30, 8)
- Explored cells: 330
- Found 22 walls in grid
- Evaluating wall at (15, 0)
  Distance to start: 18.0277557373047
  Distance to end: 17
  Total score: 35.0277557373047
  Found valid path to wall!
- Evaluating wall at (15, 1)
  Distance to start: 17.4928550720215
  Distance to end: 16.5529460906982
  Total score: 34.0458011627197
  Found valid path to wall!
- Evaluating wall at (15, 2)
  Distance to start: 17
  Distance to end: 16.1554946899414
  Total score: 33.1554946899414
  Found valid path to wall!
- Evaluating wall at (15, 3)
  Distance to start: 16.5529460906982
  Distance to end: 15.8113880157471
  Total score: 32.3643341064453
  Found valid path to wall!
- Evaluating wall at (15, 4)
  Distance to start: 16.1554946899414
  Distance to end: 15.5241746902466
  Total score: 31.679669380188
  Found valid path to wall!
- Evaluating wall at (15, 5)
  Distance to start: 15.8113880157471
  Distance to end: 15.2970581054688
  Total score: 31.1084461212158
  Found valid path to wall!
- Evaluating wall at (15, 6)
  Distance to start: 15.5241746902466
  Distance to end: 15.1327457427979
  Total score: 30.6569204330444
  Found valid path to wall!
- Evaluating wall at (15, 7)
  Distance to start: 15.2970581054688
  Distance to end: 15.033296585083
  Total score: 30.3303546905518
  Found valid path to wall!
- Evaluating wall at (15, 8)
  Distance to start: 15.1327457427979
  Distance to end: 15
  Total score: 30.1327457427979
  Found valid path to wall!
- Evaluating wall at (15, 9)
  Distance to start: 15.033296585083
  Distance to end: 15.033296585083
  Total score: 30.066593170166
  Found valid path to wall!
- Evaluating wall at (15, 10)
  Distance to start: 15
  Distance to end: 15.1327457427979
  Total score: 30.1327457427979
- Evaluating wall at (15, 11)
  Distance to start: 15.033296585083
  Distance to end: 15.2970581054688
  Total score: 30.3303546905518
- Evaluating wall at (15, 12)
  Distance to start: 15.1327457427979
  Distance to end: 15.5241746902466
  Total score: 30.6569204330444
- Evaluating wall at (15, 13)
  Distance to start: 15.2970581054688
  Distance to end: 15.8113880157471
  Total score: 31.1084461212158
- Evaluating wall at (15, 14)
  Distance to start: 15.5241746902466
  Distance to end: 16.1554946899414
  Total score: 31.679669380188
- Evaluating wall at (15, 15)
  Distance to start: 15.8113880157471
  Distance to end: 16.5529460906982
  Total score: 32.3643341064453
- Evaluating wall at (15, 16)
  Distance to start: 16.1554946899414
  Distance to end: 17
  Total score: 33.1554946899414
- Evaluating wall at (15, 17)
  Distance to start: 16.5529460906982
  Distance to end: 17.4928550720215
  Total score: 34.0458011627197
- Evaluating wall at (15, 18)
  Distance to start: 17
  Distance to end: 18.0277557373047
  Total score: 35.0277557373047
- Evaluating wall at (15, 19)
  Distance to start: 17.4928550720215
  Distance to end: 18.6010761260986
  Total score: 36.0939311981201
- Evaluating wall at (15, 20)
  Distance to start: 18.0277557373047
  Distance to end: 19.2093734741211
  Total score: 37.2371292114258
- Evaluating wall at (15, 21)
  Distance to start: 18.6010761260986
  Distance to end: 19.8494338989258
  Total score: 38.4505100250244
Selected wall to break at: (15, 9)
Grid: Found wall-breaking path to wall at (15, 9)
Enemy: Found wall-breaking path, transitioning to attack wall at (15, 9)
Enemy: Transitioning to attack state, target: @Node2D@10
Enemy: Combat - Distance to target: 962.130981445313, Attack Range: 40
Enemy: Combat - Target out of range, returning to movement
World (32, 672) -> Grid (0, 10)
World (1920, 540) -> Grid (30, 8)
Enemy: Recalculating path from (0, 10) to (30, 8)

Searching for wall to break:
- From: (0, 10)
- To: (30, 8)
- Explored cells: 330
- Found 22 walls in grid
- Evaluating wall at (15, 0)
  Distance to start: 18.0277557373047
  Distance to end: 17
  Total score: 35.0277557373047
  Found valid path to wall!
- Evaluating wall at (15, 1)
  Distance to start: 17.4928550720215
  Distance to end: 16.5529460906982
  Total score: 34.0458011627197
  Found valid path to wall!
- Evaluating wall at (15, 2)
  Distance to start: 17
  Distance to end: 16.1554946899414
  Total score: 33.1554946899414
  Found valid path to wall!
- Evaluating wall at (15, 3)
  Distance to start: 16.5529460906982
  Distance to end: 15.8113880157471
  Total score: 32.3643341064453
  Found valid path to wall!
- Evaluating wall at (15, 4)
  Distance to start: 16.1554946899414
  Distance to end: 15.5241746902466
  Total score: 31.679669380188
  Found valid path to wall!
- Evaluating wall at (15, 5)
  Distance to start: 15.8113880157471
  Distance to end: 15.2970581054688
  Total score: 31.1084461212158
  Found valid path to wall!
- Evaluating wall at (15, 6)
  Distance to start: 15.5241746902466
  Distance to end: 15.1327457427979
  Total score: 30.6569204330444
  Found valid path to wall!
- Evaluating wall at (15, 7)
  Distance to start: 15.2970581054688
  Distance to end: 15.033296585083
  Total score: 30.3303546905518
  Found valid path to wall!
- Evaluating wall at (15, 8)
  Distance to start: 15.1327457427979
  Distance to end: 15
  Total score: 30.1327457427979
  Found valid path to wall!
- Evaluating wall at (15, 9)
  Distance to start: 15.033296585083
  Distance to end: 15.033296585083
  Total score: 30.066593170166
  Found valid path to wall!
- Evaluating wall at (15, 10)
  Distance to start: 15
  Distance to end: 15.1327457427979
  Total score: 30.1327457427979
- Evaluating wall at (15, 11)
  Distance to start: 15.033296585083
  Distance to end: 15.2970581054688
  Total score: 30.3303546905518
- Evaluating wall at (15, 12)
  Distance to start: 15.1327457427979
  Distance to end: 15.5241746902466
  Total score: 30.6569204330444
- Evaluating wall at (15, 13)
  Distance to start: 15.2970581054688
  Distance to end: 15.8113880157471
  Total score: 31.1084461212158
- Evaluating wall at (15, 14)
  Distance to start: 15.5241746902466
  Distance to end: 16.1554946899414
  Total score: 31.679669380188
- Evaluating wall at (15, 15)
  Distance to start: 15.8113880157471
  Distance to end: 16.5529460906982
  Total score: 32.3643341064453
- Evaluating wall at (15, 16)
  Distance to start: 16.1554946899414
  Distance to end: 17
  Total score: 33.1554946899414
- Evaluating wall at (15, 17)
  Distance to start: 16.5529460906982
  Distance to end: 17.4928550720215
  Total score: 34.0458011627197
- Evaluating wall at (15, 18)
  Distance to start: 17
  Distance to end: 18.0277557373047
  Total score: 35.0277557373047
- Evaluating wall at (15, 19)
  Distance to start: 17.4928550720215
  Distance to end: 18.6010761260986
  Total score: 36.0939311981201
- Evaluating wall at (15, 20)
  Distance to start: 18.0277557373047
  Distance to end: 19.2093734741211
  Total score: 37.2371292114258
- Evaluating wall at (15, 21)
  Distance to start: 18.6010761260986
  Distance to end: 19.8494338989258
  Total score: 38.4505100250244
Selected wall to break at: (15, 9)
Grid: Found wall-breaking path to wall at (15, 9)
Enemy: Found wall-breaking path, transitioning to attack wall at (15, 9)
Enemy: Transitioning to attack state, target: @Node2D@10
Enemy: Combat - Distance to target: 962.130981445313, Attack Range: 40
Enemy: Combat - Target out of range, returning to movement
World (32, 672) -> Grid (0, 10)
World (1920, 540) -> Grid (30, 8)
Enemy: Recalculating path from (0, 10) to (30, 8)

Searching for wall to break:
- From: (0, 10)
- To: (30, 8)
- Explored cells: 330
- Found 22 walls in grid
- Evaluating wall at (15, 0)
  Distance to start: 18.0277557373047
  Distance to end: 17
  Total score: 35.0277557373047
  Found valid path to wall!
- Evaluating wall at (15, 1)
  Distance to start: 17.4928550720215
  Distance to end: 16.5529460906982
  Total score: 34.0458011627197
  Found valid path to wall!
- Evaluating wall at (15, 2)
  Distance to start: 17
  Distance to end: 16.1554946899414
  Total score: 33.1554946899414
  Found valid path to wall!
- Evaluating wall at (15, 3)
  Distance to start: 16.5529460906982
  Distance to end: 15.8113880157471
  Total score: 32.3643341064453
  Found valid path to wall!
- Evaluating wall at (15, 4)
  Distance to start: 16.1554946899414
  Distance to end: 15.5241746902466
  Total score: 31.679669380188
  Found valid path to wall!
- Evaluating wall at (15, 5)
  Distance to start: 15.8113880157471
  Distance to end: 15.2970581054688
  Total score: 31.1084461212158
  Found valid path to wall!
- Evaluating wall at (15, 6)
  Distance to start: 15.5241746902466
  Distance to end: 15.1327457427979
  Total score: 30.6569204330444
  Found valid path to wall!
- Evaluating wall at (15, 7)
  Distance to start: 15.2970581054688
  Distance to end: 15.033296585083
  Total score: 30.3303546905518
  Found valid path to wall!
- Evaluating wall at (15, 8)
  Distance to start: 15.1327457427979
  Distance to end: 15
  Total score: 30.1327457427979
  Found valid path to wall!
- Evaluating wall at (15, 9)
  Distance to start: 15.033296585083
  Distance to end: 15.033296585083
  Total score: 30.066593170166
  Found valid path to wall!
- Evaluating wall at (15, 10)
  Distance to start: 15
  Distance to end: 15.1327457427979
  Total score: 30.1327457427979
- Evaluating wall at (15, 11)
  Distance to start: 15.033296585083
  Distance to end: 15.2970581054688
  Total score: 30.3303546905518
- Evaluating wall at (15, 12)
  Distance to start: 15.1327457427979
  Distance to end: 15.5241746902466
  Total score: 30.6569204330444
- Evaluating wall at (15, 13)
  Distance to start: 15.2970581054688
  Distance to end: 15.8113880157471
  Total score: 31.1084461212158
- Evaluating wall at (15, 14)
  Distance to start: 15.5241746902466
  Distance to end: 16.1554946899414
  Total score: 31.679669380188
- Evaluating wall at (15, 15)
  Distance to start: 15.8113880157471
  Distance to end: 16.5529460906982
  Total score: 32.3643341064453
- Evaluating wall at (15, 16)
  Distance to start: 16.1554946899414
  Distance to end: 17
  Total score: 33.1554946899414
- Evaluating wall at (15, 17)
  Distance to start: 16.5529460906982
  Distance to end: 17.4928550720215
  Total score: 34.0458011627197
- Evaluating wall at (15, 18)
  Distance to start: 17
  Distance to end: 18.0277557373047
  Total score: 35.0277557373047
- Evaluating wall at (15, 19)
  Distance to start: 17.4928550720215
  Distance to end: 18.6010761260986
  Total score: 36.0939311981201
- Evaluating wall at (15, 20)
  Distance to start: 18.0277557373047
  Distance to end: 19.2093734741211
  Total score: 37.2371292114258
- Evaluating wall at (15, 21)
  Distance to start: 18.6010761260986
  Distance to end: 19.8494338989258
  Total score: 38.4505100250244
Selected wall to break at: (15, 9)
Grid: Found wall-breaking path to wall at (15, 9)
Enemy: Found wall-breaking path, transitioning to attack wall at (15, 9)
Enemy: Transitioning to attack state, target: @Node2D@10
Enemy: Combat - Distance to target: 962.130981445313, Attack Range: 40
Enemy: Combat - Target out of range, returning to movement
World (32, 672) -> Grid (0, 10)
World (1920, 540) -> Grid (30, 8)
Enemy: Recalculating path from (0, 10) to (30, 8)

Searching for wall to break:
- From: (0, 10)
- To: (30, 8)
- Explored cells: 330
- Found 22 walls in grid
- Evaluating wall at (15, 0)
  Distance to start: 18.0277557373047
  Distance to end: 17
  Total score: 35.0277557373047
  Found valid path to wall!
- Evaluating wall at (15, 1)
  Distance to start: 17.4928550720215
  Distance to end: 16.5529460906982
  Total score: 34.0458011627197
  Found valid path to wall!
- Evaluating wall at (15, 2)
  Distance to start: 17
  Distance to end: 16.1554946899414
  Total score: 33.1554946899414
  Found valid path to wall!
- Evaluating wall at (15, 3)
  Distance to start: 16.5529460906982
  Distance to end: 15.8113880157471
  Total score: 32.3643341064453
  Found valid path to wall!
- Evaluating wall at (15, 4)
  Distance to start: 16.1554946899414
  Distance to end: 15.5241746902466
  Total score: 31.679669380188
  Found valid path to wall!
- Evaluating wall at (15, 5)
  Distance to start: 15.8113880157471
  Distance to end: 15.2970581054688
  Total score: 31.1084461212158
  Found valid path to wall!
- Evaluating wall at (15, 6)
  Distance to start: 15.5241746902466
  Distance to end: 15.1327457427979
  Total score: 30.6569204330444
  Found valid path to wall!
- Evaluating wall at (15, 7)
  Distance to start: 15.2970581054688
  Distance to end: 15.033296585083
  Total score: 30.3303546905518
  Found valid path to wall!
- Evaluating wall at (15, 8)
  Distance to start: 15.1327457427979
  Distance to end: 15
  Total score: 30.1327457427979
  Found valid path to wall!
- Evaluating wall at (15, 9)
  Distance to start: 15.033296585083
  Distance to end: 15.033296585083
  Total score: 30.066593170166
  Found valid path to wall!
- Evaluating wall at (15, 10)
  Distance to start: 15
  Distance to end: 15.1327457427979
  Total score: 30.1327457427979
- Evaluating wall at (15, 11)
  Distance to start: 15.033296585083
  Distance to end: 15.2970581054688
  Total score: 30.3303546905518
- Evaluating wall at (15, 12)
  Distance to start: 15.1327457427979
  Distance to end: 15.5241746902466
  Total score: 30.6569204330444
- Evaluating wall at (15, 13)
  Distance to start: 15.2970581054688
  Distance to end: 15.8113880157471
  Total score: 31.1084461212158
- Evaluating wall at (15, 14)
  Distance to start: 15.5241746902466
  Distance to end: 16.1554946899414
  Total score: 31.679669380188
- Evaluating wall at (15, 15)
  Distance to start: 15.8113880157471
  Distance to end: 16.5529460906982
  Total score: 32.3643341064453
- Evaluating wall at (15, 16)
  Distance to start: 16.1554946899414
  Distance to end: 17
  Total score: 33.1554946899414
- Evaluating wall at (15, 17)
  Distance to start: 16.5529460906982
  Distance to end: 17.4928550720215
  Total score: 34.0458011627197
- Evaluating wall at (15, 18)
  Distance to start: 17
  Distance to end: 18.0277557373047
  Total score: 35.0277557373047
- Evaluating wall at (15, 19)
  Distance to start: 17.4928550720215
  Distance to end: 18.6010761260986
  Total score: 36.0939311981201
- Evaluating wall at (15, 20)
  Distance to start: 18.0277557373047
  Distance to end: 19.2093734741211
  Total score: 37.2371292114258
- Evaluating wall at (15, 21)
  Distance to start: 18.6010761260986
  Distance to end: 19.8494338989258
  Total score: 38.4505100250244
Selected wall to break at: (15, 9)
Grid: Found wall-breaking path to wall at (15, 9)
Enemy: Found wall-breaking path, transitioning to attack wall at (15, 9)
Enemy: Transitioning to attack state, target: @Node2D@10
Enemy: Combat - Distance to target: 962.130981445313, Attack Range: 40
Enemy: Combat - Target out of range, returning to movement
World (32, 672) -> Grid (0, 10)
World (1920, 540) -> Grid (30, 8)
Enemy: Recalculating path from (0, 10) to (30, 8)

Searching for wall to break:
- From: (0, 10)
- To: (30, 8)
- Explored cells: 330
- Found 22 walls in grid
- Evaluating wall at (15, 0)
  Distance to start: 18.0277557373047
  Distance to end: 17
  Total score: 35.0277557373047
  Found valid path to wall!
- Evaluating wall at (15, 1)
  Distance to start: 17.4928550720215
  Distance to end: 16.5529460906982
  Total score: 34.0458011627197
  Found valid path to wall!
- Evaluating wall at (15, 2)
  Distance to start: 17
  Distance to end: 16.1554946899414
  Total score: 33.1554946899414
  Found valid path to wall!
- Evaluating wall at (15, 3)
  Distance to start: 16.5529460906982
  Distance to end: 15.8113880157471
  Total score: 32.3643341064453
  Found valid path to wall!
- Evaluating wall at (15, 4)
  Distance to start: 16.1554946899414
  Distance to end: 15.5241746902466
  Total score: 31.679669380188
  Found valid path to wall!
- Evaluating wall at (15, 5)
  Distance to start: 15.8113880157471
  Distance to end: 15.2970581054688
  Total score: 31.1084461212158
  Found valid path to wall!
- Evaluating wall at (15, 6)
  Distance to start: 15.5241746902466
  Distance to end: 15.1327457427979
  Total score: 30.6569204330444
  Found valid path to wall!
- Evaluating wall at (15, 7)
  Distance to start: 15.2970581054688
  Distance to end: 15.033296585083
  Total score: 30.3303546905518
  Found valid path to wall!
- Evaluating wall at (15, 8)
  Distance to start: 15.1327457427979
  Distance to end: 15
  Total score: 30.1327457427979
  Found valid path to wall!
- Evaluating wall at (15, 9)
  Distance to start: 15.033296585083
  Distance to end: 15.033296585083
  Total score: 30.066593170166
  Found valid path to wall!
- Evaluating wall at (15, 10)
  Distance to start: 15
  Distance to end: 15.1327457427979
  Total score: 30.1327457427979
- Evaluating wall at (15, 11)
  Distance to start: 15.033296585083
  Distance to end: 15.2970581054688
  Total score: 30.3303546905518
- Evaluating wall at (15, 12)
  Distance to start: 15.1327457427979
  Distance to end: 15.5241746902466
  Total score: 30.6569204330444
- Evaluating wall at (15, 13)
  Distance to start: 15.2970581054688
  Distance to end: 15.8113880157471
  Total score: 31.1084461212158
- Evaluating wall at (15, 14)
  Distance to start: 15.5241746902466
  Distance to end: 16.1554946899414
  Total score: 31.679669380188
- Evaluating wall at (15, 15)
  Distance to start: 15.8113880157471
  Distance to end: 16.5529460906982
  Total score: 32.3643341064453
- Evaluating wall at (15, 16)
  Distance to start: 16.1554946899414
  Distance to end: 17
  Total score: 33.1554946899414
- Evaluating wall at (15, 17)
  Distance to start: 16.5529460906982
  Distance to end: 17.4928550720215
  Total score: 34.0458011627197
- Evaluating wall at (15, 18)
  Distance to start: 17
  Distance to end: 18.0277557373047
  Total score: 35.0277557373047
- Evaluating wall at (15, 19)
  Distance to start: 17.4928550720215
  Distance to end: 18.6010761260986
  Total score: 36.0939311981201
- Evaluating wall at (15, 20)
  Distance to start: 18.0277557373047
  Distance to end: 19.2093734741211
  Total score: 37.2371292114258
- Evaluating wall at (15, 21)
  Distance to start: 18.6010761260986
  Distance to end: 19.8494338989258
  Total score: 38.4505100250244
Selected wall to break at: (15, 9)
Grid: Found wall-breaking path to wall at (15, 9)
Enemy: Found wall-breaking path, transitioning to attack wall at (15, 9)
Enemy: Transitioning to attack state, target: @Node2D@10
Enemy: Combat - Distance to target: 962.130981445313, Attack Range: 40
Enemy: Combat - Target out of range, returning to movement
World (32, 672) -> Grid (0, 10)
World (1920, 540) -> Grid (30, 8)
Enemy: Recalculating path from (0, 10) to (30, 8)

Searching for wall to break:
- From: (0, 10)
- To: (30, 8)
- Explored cells: 330
- Found 22 walls in grid
- Evaluating wall at (15, 0)
  Distance to start: 18.0277557373047
  Distance to end: 17
  Total score: 35.0277557373047
  Found valid path to wall!
- Evaluating wall at (15, 1)
  Distance to start: 17.4928550720215
  Distance to end: 16.5529460906982
  Total score: 34.0458011627197
  Found valid path to wall!
- Evaluating wall at (15, 2)
  Distance to start: 17
  Distance to end: 16.1554946899414
  Total score: 33.1554946899414
  Found valid path to wall!
- Evaluating wall at (15, 3)
  Distance to start: 16.5529460906982
  Distance to end: 15.8113880157471
  Total score: 32.3643341064453
  Found valid path to wall!
- Evaluating wall at (15, 4)
  Distance to start: 16.1554946899414
  Distance to end: 15.5241746902466
  Total score: 31.679669380188
  Found valid path to wall!
- Evaluating wall at (15, 5)
  Distance to start: 15.8113880157471
  Distance to end: 15.2970581054688
  Total score: 31.1084461212158
  Found valid path to wall!
- Evaluating wall at (15, 6)
  Distance to start: 15.5241746902466
  Distance to end: 15.1327457427979
  Total score: 30.6569204330444
  Found valid path to wall!
- Evaluating wall at (15, 7)
  Distance to start: 15.2970581054688
  Distance to end: 15.033296585083
  Total score: 30.3303546905518
  Found valid path to wall!
- Evaluating wall at (15, 8)
  Distance to start: 15.1327457427979
  Distance to end: 15
  Total score: 30.1327457427979
  Found valid path to wall!
- Evaluating wall at (15, 9)
  Distance to start: 15.033296585083
  Distance to end: 15.033296585083
  Total score: 30.066593170166
  Found valid path to wall!
- Evaluating wall at (15, 10)
  Distance to start: 15
  Distance to end: 15.1327457427979
  Total score: 30.1327457427979
- Evaluating wall at (15, 11)
  Distance to start: 15.033296585083
  Distance to end: 15.2970581054688
  Total score: 30.3303546905518
- Evaluating wall at (15, 12)
  Distance to start: 15.1327457427979
  Distance to end: 15.5241746902466
  Total score: 30.6569204330444
- Evaluating wall at (15, 13)
  Distance to start: 15.2970581054688
  Distance to end: 15.8113880157471
  Total score: 31.1084461212158
- Evaluating wall at (15, 14)
  Distance to start: 15.5241746902466
  Distance to end: 16.1554946899414
  Total score: 31.679669380188
- Evaluating wall at (15, 15)
  Distance to start: 15.8113880157471
  Distance to end: 16.5529460906982
  Total score: 32.3643341064453
- Evaluating wall at (15, 16)
  Distance to start: 16.1554946899414
  Distance to end: 17
  Total score: 33.1554946899414
- Evaluating wall at (15, 17)
  Distance to start: 16.5529460906982
  Distance to end: 17.4928550720215
  Total score: 34.0458011627197
- Evaluating wall at (15, 18)
  Distance to start: 17
  Distance to end: 18.0277557373047
  Total score: 35.0277557373047
- Evaluating wall at (15, 19)
  Distance to start: 17.4928550720215
  Distance to end: 18.6010761260986
  Total score: 36.0939311981201
- Evaluating wall at (15, 20)
  Distance to start: 18.0277557373047
  Distance to end: 19.2093734741211
  Total score: 37.2371292114258
- Evaluating wall at (15, 21)
  Distance to start: 18.6010761260986
  Distance to end: 19.8494338989258
  Total score: 38.4505100250244
Selected wall to break at: (15, 9)
Grid: Found wall-breaking path to wall at (15, 9)
Enemy: Found wall-breaking path, transitioning to attack wall at (15, 9)
Enemy: Transitioning to attack state, target: @Node2D@10
Grid (0, 7) -> World (32, 480)
Selected spawn point: grid=(0, 7) world=(32, 480)
Spawned enemy at grid-aligned position: (32, 480)
Enemy: Combat - Distance to target: 962.130981445313, Attack Range: 40
Enemy: Combat - Target out of range, returning to movement
World (32, 672) -> Grid (0, 10)
World (1920, 540) -> Grid (30, 8)
Enemy: Recalculating path from (0, 10) to (30, 8)

Searching for wall to break:
- From: (0, 10)
- To: (30, 8)
- Explored cells: 330
- Found 22 walls in grid
- Evaluating wall at (15, 0)
  Distance to start: 18.0277557373047
  Distance to end: 17
  Total score: 35.0277557373047
  Found valid path to wall!
- Evaluating wall at (15, 1)
  Distance to start: 17.4928550720215
  Distance to end: 16.5529460906982
  Total score: 34.0458011627197
  Found valid path to wall!
- Evaluating wall at (15, 2)
  Distance to start: 17
  Distance to end: 16.1554946899414
  Total score: 33.1554946899414
  Found valid path to wall!
- Evaluating wall at (15, 3)
  Distance to start: 16.5529460906982
  Distance to end: 15.8113880157471
  Total score: 32.3643341064453
  Found valid path to wall!
- Evaluating wall at (15, 4)
  Distance to start: 16.1554946899414
  Distance to end: 15.5241746902466
  Total score: 31.679669380188
  Found valid path to wall!
- Evaluating wall at (15, 5)
  Distance to start: 15.8113880157471
  Distance to end: 15.2970581054688
  Total score: 31.1084461212158
  Found valid path to wall!
- Evaluating wall at (15, 6)
  Distance to start: 15.5241746902466
  Distance to end: 15.1327457427979
  Total score: 30.6569204330444
  Found valid path to wall!
- Evaluating wall at (15, 7)
  Distance to start: 15.2970581054688
  Distance to end: 15.033296585083
  Total score: 30.3303546905518
  Found valid path to wall!
- Evaluating wall at (15, 8)
  Distance to start: 15.1327457427979
  Distance to end: 15
  Total score: 30.1327457427979
  Found valid path to wall!
- Evaluating wall at (15, 9)
  Distance to start: 15.033296585083
  Distance to end: 15.033296585083
  Total score: 30.066593170166
  Found valid path to wall!
- Evaluating wall at (15, 10)
  Distance to start: 15
  Distance to end: 15.1327457427979
  Total score: 30.1327457427979
- Evaluating wall at (15, 11)
  Distance to start: 15.033296585083
  Distance to end: 15.2970581054688
  Total score: 30.3303546905518
- Evaluating wall at (15, 12)
  Distance to start: 15.1327457427979
  Distance to end: 15.5241746902466
  Total score: 30.6569204330444
- Evaluating wall at (15, 13)
  Distance to start: 15.2970581054688
  Distance to end: 15.8113880157471
  Total score: 31.1084461212158
- Evaluating wall at (15, 14)
  Distance to start: 15.5241746902466
  Distance to end: 16.1554946899414
  Total score: 31.679669380188
- Evaluating wall at (15, 15)
  Distance to start: 15.8113880157471
  Distance to end: 16.5529460906982
  Total score: 32.3643341064453
- Evaluating wall at (15, 16)
  Distance to start: 16.1554946899414
  Distance to end: 17
  Total score: 33.1554946899414
- Evaluating wall at (15, 17)
  Distance to start: 16.5529460906982
  Distance to end: 17.4928550720215
  Total score: 34.0458011627197
- Evaluating wall at (15, 18)
  Distance to start: 17
  Distance to end: 18.0277557373047
  Total score: 35.0277557373047
- Evaluating wall at (15, 19)
  Distance to start: 17.4928550720215
  Distance to end: 18.6010761260986
  Total score: 36.0939311981201
- Evaluating wall at (15, 20)
  Distance to start: 18.0277557373047
  Distance to end: 19.2093734741211
  Total score: 37.2371292114258
- Evaluating wall at (15, 21)
  Distance to start: 18.6010761260986
  Distance to end: 19.8494338989258
  Total score: 38.4505100250244
Selected wall to break at: (15, 9)
Grid: Found wall-breaking path to wall at (15, 9)
Enemy: Found wall-breaking path, transitioning to attack wall at (15, 9)
Enemy: Transitioning to attack state, target: @Node2D@10
World (32, 480) -> Grid (0, 7)
World (1920, 540) -> Grid (30, 8)
Enemy: Recalculating path from (0, 7) to (30, 8)

Searching for wall to break:
- From: (0, 7)
- To: (30, 8)
- Explored cells: 330
- Found 22 walls in grid
- Evaluating wall at (15, 0)
  Distance to start: 16.5529460906982
  Distance to end: 17
  Total score: 33.5529460906982
  Found valid path to wall!
- Evaluating wall at (15, 1)
  Distance to start: 16.1554946899414
  Distance to end: 16.5529460906982
  Total score: 32.7084407806396
  Found valid path to wall!
- Evaluating wall at (15, 2)
  Distance to start: 15.8113880157471
  Distance to end: 16.1554946899414
  Total score: 31.9668827056885
  Found valid path to wall!
- Evaluating wall at (15, 3)
  Distance to start: 15.5241746902466
  Distance to end: 15.8113880157471
  Total score: 31.3355627059937
  Found valid path to wall!
- Evaluating wall at (15, 4)
  Distance to start: 15.2970581054688
  Distance to end: 15.5241746902466
  Total score: 30.8212327957153
  Found valid path to wall!
- Evaluating wall at (15, 5)
  Distance to start: 15.1327457427979
  Distance to end: 15.2970581054688
  Total score: 30.4298038482666
  Found valid path to wall!
- Evaluating wall at (15, 6)
  Distance to start: 15.033296585083
  Distance to end: 15.1327457427979
  Total score: 30.1660423278809
  Found valid path to wall!
- Evaluating wall at (15, 7)
  Distance to start: 15
  Distance to end: 15.033296585083
  Total score: 30.033296585083
  Found valid path to wall!
- Evaluating wall at (15, 8)
  Distance to start: 15.033296585083
  Distance to end: 15
  Total score: 30.033296585083
- Evaluating wall at (15, 9)
  Distance to start: 15.1327457427979
  Distance to end: 15.033296585083
  Total score: 30.1660423278809
- Evaluating wall at (15, 10)
  Distance to start: 15.2970581054688
  Distance to end: 15.1327457427979
  Total score: 30.4298038482666
- Evaluating wall at (15, 11)
  Distance to start: 15.5241746902466
  Distance to end: 15.2970581054688
  Total score: 30.8212327957153
- Evaluating wall at (15, 12)
  Distance to start: 15.8113880157471
  Distance to end: 15.5241746902466
  Total score: 31.3355627059937
- Evaluating wall at (15, 13)
  Distance to start: 16.1554946899414
  Distance to end: 15.8113880157471
  Total score: 31.9668827056885
- Evaluating wall at (15, 14)
  Distance to start: 16.5529460906982
  Distance to end: 16.1554946899414
  Total score: 32.7084407806396
- Evaluating wall at (15, 15)
  Distance to start: 17
  Distance to end: 16.5529460906982
  Total score: 33.5529460906982
- Evaluating wall at (15, 16)
  Distance to start: 17.4928550720215
  Distance to end: 17
  Total score: 34.4928550720215
- Evaluating wall at (15, 17)
  Distance to start: 18.0277557373047
  Distance to end: 17.4928550720215
  Total score: 35.5206108093262
- Evaluating wall at (15, 18)
  Distance to start: 18.6010761260986
  Distance to end: 18.0277557373047
  Total score: 36.6288318634033
- Evaluating wall at (15, 19)
  Distance to start: 19.2093734741211
  Distance to end: 18.6010761260986
  Total score: 37.8104496002197
- Evaluating wall at (15, 20)
  Distance to start: 19.8494338989258
  Distance to end: 19.2093734741211
  Total score: 39.0588073730469
- Evaluating wall at (15, 21)
  Distance to start: 20.5182838439941
  Distance to end: 19.8494338989258
  Total score: 40.3677177429199
Selected wall to break at: (15, 7)
Grid: Found wall-breaking path to wall at (15, 7)
Enemy: Found wall-breaking path, transitioning to attack wall at (15, 7)
Enemy: Transitioning to attack state, target: @Node2D@9
Enemy: Combat - Distance to target: 962.130981445313, Attack Range: 40
Enemy: Combat - Target out of range, returning to movement
Enemy: Combat - Distance to target: 960, Attack Range: 40
Enemy: Combat - Target out of range, returning to movement
World (32, 672) -> Grid (0, 10)
World (1920, 540) -> Grid (30, 8)
Enemy: Recalculating path from (0, 10) to (30, 8)

Searching for wall to break:
- From: (0, 10)
- To: (30, 8)
- Explored cells: 330
- Found 22 walls in grid
- Evaluating wall at (15, 0)
  Distance to start: 18.0277557373047
  Distance to end: 17
  Total score: 35.0277557373047
  Found valid path to wall!
- Evaluating wall at (15, 1)
  Distance to start: 17.4928550720215
  Distance to end: 16.5529460906982
  Total score: 34.0458011627197
  Found valid path to wall!
- Evaluating wall at (15, 2)
  Distance to start: 17
  Distance to end: 16.1554946899414
  Total score: 33.1554946899414
  Found valid path to wall!
- Evaluating wall at (15, 3)
  Distance to start: 16.5529460906982
  Distance to end: 15.8113880157471
  Total score: 32.3643341064453
  Found valid path to wall!
- Evaluating wall at (15, 4)
  Distance to start: 16.1554946899414
  Distance to end: 15.5241746902466
  Total score: 31.679669380188
  Found valid path to wall!
- Evaluating wall at (15, 5)
  Distance to start: 15.8113880157471
  Distance to end: 15.2970581054688
  Total score: 31.1084461212158
  Found valid path to wall!
- Evaluating wall at (15, 6)
  Distance to start: 15.5241746902466
  Distance to end: 15.1327457427979
  Total score: 30.6569204330444
  Found valid path to wall!
- Evaluating wall at (15, 7)
  Distance to start: 15.2970581054688
  Distance to end: 15.033296585083
  Total score: 30.3303546905518
  Found valid path to wall!
- Evaluating wall at (15, 8)
  Distance to start: 15.1327457427979
  Distance to end: 15
  Total score: 30.1327457427979
  Found valid path to wall!
- Evaluating wall at (15, 9)
  Distance to start: 15.033296585083
  Distance to end: 15.033296585083
  Total score: 30.066593170166
  Found valid path to wall!
- Evaluating wall at (15, 10)
  Distance to start: 15
  Distance to end: 15.1327457427979
  Total score: 30.1327457427979
- Evaluating wall at (15, 11)
  Distance to start: 15.033296585083
  Distance to end: 15.2970581054688
  Total score: 30.3303546905518
- Evaluating wall at (15, 12)
  Distance to start: 15.1327457427979
  Distance to end: 15.5241746902466
  Total score: 30.6569204330444
- Evaluating wall at (15, 13)
  Distance to start: 15.2970581054688
  Distance to end: 15.8113880157471
  Total score: 31.1084461212158
- Evaluating wall at (15, 14)
  Distance to start: 15.5241746902466
  Distance to end: 16.1554946899414
  Total score: 31.679669380188
- Evaluating wall at (15, 15)
  Distance to start: 15.8113880157471
  Distance to end: 16.5529460906982
  Total score: 32.3643341064453
- Evaluating wall at (15, 16)
  Distance to start: 16.1554946899414
  Distance to end: 17
  Total score: 33.1554946899414
- Evaluating wall at (15, 17)
  Distance to start: 16.5529460906982
  Distance to end: 17.4928550720215
  Total score: 34.0458011627197
- Evaluating wall at (15, 18)
  Distance to start: 17
  Distance to end: 18.0277557373047
  Total score: 35.0277557373047
- Evaluating wall at (15, 19)
  Distance to start: 17.4928550720215
  Distance to end: 18.6010761260986
  Total score: 36.0939311981201
- Evaluating wall at (15, 20)
  Distance to start: 18.0277557373047
  Distance to end: 19.2093734741211
  Total score: 37.2371292114258
- Evaluating wall at (15, 21)
  Distance to start: 18.6010761260986
  Distance to end: 19.8494338989258
  Total score: 38.4505100250244
Selected wall to break at: (15, 9)
Grid: Found wall-breaking path to wall at (15, 9)
Enemy: Found wall-breaking path, transitioning to attack wall at (15, 9)
Enemy: Transitioning to attack state, target: @Node2D@10
World (32, 480) -> Grid (0, 7)
World (1920, 540) -> Grid (30, 8)
Enemy: Recalculating path from (0, 7) to (30, 8)

Searching for wall to break:
- From: (0, 7)
- To: (30, 8)
- Explored cells: 330
- Found 22 walls in grid
- Evaluating wall at (15, 0)
  Distance to start: 16.5529460906982
  Distance to end: 17
  Total score: 33.5529460906982
  Found valid path to wall!
- Evaluating wall at (15, 1)
  Distance to start: 16.1554946899414
  Distance to end: 16.5529460906982
  Total score: 32.7084407806396
  Found valid path to wall!
- Evaluating wall at (15, 2)
  Distance to start: 15.8113880157471
  Distance to end: 16.1554946899414
  Total score: 31.9668827056885
  Found valid path to wall!
- Evaluating wall at (15, 3)
  Distance to start: 15.5241746902466
  Distance to end: 15.8113880157471
  Total score: 31.3355627059937
  Found valid path to wall!
- Evaluating wall at (15, 4)
  Distance to start: 15.2970581054688
  Distance to end: 15.5241746902466
  Total score: 30.8212327957153
  Found valid path to wall!
- Evaluating wall at (15, 5)
  Distance to start: 15.1327457427979
  Distance to end: 15.2970581054688
  Total score: 30.4298038482666
  Found valid path to wall!
- Evaluating wall at (15, 6)
  Distance to start: 15.033296585083
  Distance to end: 15.1327457427979
  Total score: 30.1660423278809
  Found valid path to wall!
- Evaluating wall at (15, 7)
  Distance to start: 15
  Distance to end: 15.033296585083
  Total score: 30.033296585083
  Found valid path to wall!
- Evaluating wall at (15, 8)
  Distance to start: 15.033296585083
  Distance to end: 15
  Total score: 30.033296585083
- Evaluating wall at (15, 9)
  Distance to start: 15.1327457427979
  Distance to end: 15.033296585083
  Total score: 30.1660423278809
- Evaluating wall at (15, 10)
  Distance to start: 15.2970581054688
  Distance to end: 15.1327457427979
  Total score: 30.4298038482666
- Evaluating wall at (15, 11)
  Distance to start: 15.5241746902466
  Distance to end: 15.2970581054688
  Total score: 30.8212327957153
- Evaluating wall at (15, 12)
  Distance to start: 15.8113880157471
  Distance to end: 15.5241746902466
  Total score: 31.3355627059937
- Evaluating wall at (15, 13)
  Distance to start: 16.1554946899414
  Distance to end: 15.8113880157471
  Total score: 31.9668827056885
- Evaluating wall at (15, 14)
  Distance to start: 16.5529460906982
  Distance to end: 16.1554946899414
  Total score: 32.7084407806396
- Evaluating wall at (15, 15)
  Distance to start: 17
  Distance to end: 16.5529460906982
  Total score: 33.5529460906982
- Evaluating wall at (15, 16)
  Distance to start: 17.4928550720215
  Distance to end: 17
  Total score: 34.4928550720215
- Evaluating wall at (15, 17)
  Distance to start: 18.0277557373047
  Distance to end: 17.4928550720215
  Total score: 35.5206108093262
- Evaluating wall at (15, 18)
  Distance to start: 18.6010761260986
  Distance to end: 18.0277557373047
  Total score: 36.6288318634033
- Evaluating wall at (15, 19)
  Distance to start: 19.2093734741211
  Distance to end: 18.6010761260986
  Total score: 37.8104496002197
- Evaluating wall at (15, 20)
  Distance to start: 19.8494338989258
  Distance to end: 19.2093734741211
  Total score: 39.0588073730469
- Evaluating wall at (15, 21)
  Distance to start: 20.5182838439941
  Distance to end: 19.8494338989258
  Total score: 40.3677177429199
Selected wall to break at: (15, 7)
Grid: Found wall-breaking path to wall at (15, 7)
Enemy: Found wall-breaking path, transitioning to attack wall at (15, 7)
Enemy: Transitioning to attack state, target: @Node2D@9
Enemy: Combat - Distance to target: 962.130981445313, Attack Range: 40
Enemy: Combat - Target out of range, returning to movement
Enemy: Combat - Distance to target: 960, Attack Range: 40
Enemy: Combat - Target out of range, returning to movement
World (32, 672) -> Grid (0, 10)
World (1920, 540) -> Grid (30, 8)
Enemy: Recalculating path from (0, 10) to (30, 8)

Searching for wall to break:
- From: (0, 10)
- To: (30, 8)
- Explored cells: 330
- Found 22 walls in grid
- Evaluating wall at (15, 0)
  Distance to start: 18.0277557373047
  Distance to end: 17
  Total score: 35.0277557373047
  Found valid path to wall!
- Evaluating wall at (15, 1)
  Distance to start: 17.4928550720215
  Distance to end: 16.5529460906982
  Total score: 34.0458011627197
  Found valid path to wall!
- Evaluating wall at (15, 2)
  Distance to start: 17
  Distance to end: 16.1554946899414
  Total score: 33.1554946899414
  Found valid path to wall!
- Evaluating wall at (15, 3)
  Distance to start: 16.5529460906982
  Distance to end: 15.8113880157471
  Total score: 32.3643341064453
  Found valid path to wall!
- Evaluating wall at (15, 4)
  Distance to start: 16.1554946899414
  Distance to end: 15.5241746902466
  Total score: 31.679669380188
  Found valid path to wall!
- Evaluating wall at (15, 5)
  Distance to start: 15.8113880157471
  Distance to end: 15.2970581054688
  Total score: 31.1084461212158
  Found valid path to wall!
- Evaluating wall at (15, 6)
  Distance to start: 15.5241746902466
  Distance to end: 15.1327457427979
  Total score: 30.6569204330444
  Found valid path to wall!
- Evaluating wall at (15, 7)
  Distance to start: 15.2970581054688
  Distance to end: 15.033296585083
  Total score: 30.3303546905518
  Found valid path to wall!
- Evaluating wall at (15, 8)
  Distance to start: 15.1327457427979
  Distance to end: 15
  Total score: 30.1327457427979
  Found valid path to wall!
- Evaluating wall at (15, 9)
  Distance to start: 15.033296585083
  Distance to end: 15.033296585083
  Total score: 30.066593170166
  Found valid path to wall!
- Evaluating wall at (15, 10)
  Distance to start: 15
  Distance to end: 15.1327457427979
  Total score: 30.1327457427979
- Evaluating wall at (15, 11)
  Distance to start: 15.033296585083
  Distance to end: 15.2970581054688
  Total score: 30.3303546905518
- Evaluating wall at (15, 12)
  Distance to start: 15.1327457427979
  Distance to end: 15.5241746902466
  Total score: 30.6569204330444
- Evaluating wall at (15, 13)
  Distance to start: 15.2970581054688
  Distance to end: 15.8113880157471
  Total score: 31.1084461212158
- Evaluating wall at (15, 14)
  Distance to start: 15.5241746902466
  Distance to end: 16.1554946899414
  Total score: 31.679669380188
- Evaluating wall at (15, 15)
  Distance to start: 15.8113880157471
  Distance to end: 16.5529460906982
  Total score: 32.3643341064453
- Evaluating wall at (15, 16)
  Distance to start: 16.1554946899414
  Distance to end: 17
  Total score: 33.1554946899414
- Evaluating wall at (15, 17)
  Distance to start: 16.5529460906982
  Distance to end: 17.4928550720215
  Total score: 34.0458011627197
- Evaluating wall at (15, 18)
  Distance to start: 17
  Distance to end: 18.0277557373047
  Total score: 35.0277557373047
- Evaluating wall at (15, 19)
  Distance to start: 17.4928550720215
  Distance to end: 18.6010761260986
  Total score: 36.0939311981201
- Evaluating wall at (15, 20)
  Distance to start: 18.0277557373047
  Distance to end: 19.2093734741211
  Total score: 37.2371292114258
- Evaluating wall at (15, 21)
  Distance to start: 18.6010761260986
  Distance to end: 19.8494338989258
  Total score: 38.4505100250244
Selected wall to break at: (15, 9)
Grid: Found wall-breaking path to wall at (15, 9)
Enemy: Found wall-breaking path, transitioning to attack wall at (15, 9)
Enemy: Transitioning to attack state, target: @Node2D@10
World (32, 480) -> Grid (0, 7)
World (1920, 540) -> Grid (30, 8)
Enemy: Recalculating path from (0, 7) to (30, 8)

Searching for wall to break:
- From: (0, 7)
- To: (30, 8)
- Explored cells: 330
- Found 22 walls in grid
- Evaluating wall at (15, 0)
  Distance to start: 16.5529460906982
  Distance to end: 17
  Total score: 33.5529460906982
  Found valid path to wall!
- Evaluating wall at (15, 1)
  Distance to start: 16.1554946899414
  Distance to end: 16.5529460906982
  Total score: 32.7084407806396
  Found valid path to wall!
- Evaluating wall at (15, 2)
  Distance to start: 15.8113880157471
  Distance to end: 16.1554946899414
  Total score: 31.9668827056885
  Found valid path to wall!
- Evaluating wall at (15, 3)
  Distance to start: 15.5241746902466
  Distance to end: 15.8113880157471
  Total score: 31.3355627059937
  Found valid path to wall!
- Evaluating wall at (15, 4)
  Distance to start: 15.2970581054688
  Distance to end: 15.5241746902466
  Total score: 30.8212327957153
  Found valid path to wall!
- Evaluating wall at (15, 5)
  Distance to start: 15.1327457427979
  Distance to end: 15.2970581054688
  Total score: 30.4298038482666
  Found valid path to wall!
- Evaluating wall at (15, 6)
  Distance to start: 15.033296585083
  Distance to end: 15.1327457427979
  Total score: 30.1660423278809
  Found valid path to wall!
- Evaluating wall at (15, 7)
  Distance to start: 15
  Distance to end: 15.033296585083
  Total score: 30.033296585083
  Found valid path to wall!
- Evaluating wall at (15, 8)
  Distance to start: 15.033296585083
  Distance to end: 15
  Total score: 30.033296585083
- Evaluating wall at (15, 9)
  Distance to start: 15.1327457427979
  Distance to end: 15.033296585083
  Total score: 30.1660423278809
- Evaluating wall at (15, 10)
  Distance to start: 15.2970581054688
  Distance to end: 15.1327457427979
  Total score: 30.4298038482666
- Evaluating wall at (15, 11)
  Distance to start: 15.5241746902466
  Distance to end: 15.2970581054688
  Total score: 30.8212327957153
- Evaluating wall at (15, 12)
  Distance to start: 15.8113880157471
  Distance to end: 15.5241746902466
  Total score: 31.3355627059937
- Evaluating wall at (15, 13)
  Distance to start: 16.1554946899414
  Distance to end: 15.8113880157471
  Total score: 31.9668827056885
- Evaluating wall at (15, 14)
  Distance to start: 16.5529460906982
  Distance to end: 16.1554946899414
  Total score: 32.7084407806396
- Evaluating wall at (15, 15)
  Distance to start: 17
  Distance to end: 16.5529460906982
  Total score: 33.5529460906982
- Evaluating wall at (15, 16)
  Distance to start: 17.4928550720215
  Distance to end: 17
  Total score: 34.4928550720215
- Evaluating wall at (15, 17)
  Distance to start: 18.0277557373047
  Distance to end: 17.4928550720215
  Total score: 35.5206108093262
- Evaluating wall at (15, 18)
  Distance to start: 18.6010761260986
  Distance to end: 18.0277557373047
  Total score: 36.6288318634033
- Evaluating wall at (15, 19)
  Distance to start: 19.2093734741211
  Distance to end: 18.6010761260986
  Total score: 37.8104496002197
- Evaluating wall at (15, 20)
  Distance to start: 19.8494338989258
  Distance to end: 19.2093734741211
  Total score: 39.0588073730469
- Evaluating wall at (15, 21)
  Distance to start: 20.5182838439941
  Distance to end: 19.8494338989258
  Total score: 40.3677177429199
Selected wall to break at: (15, 7)
Grid: Found wall-breaking path to wall at (15, 7)
Enemy: Found wall-breaking path, transitioning to attack wall at (15, 7)
Enemy: Transitioning to attack state, target: @Node2D@9
Enemy: Combat - Distance to target: 962.130981445313, Attack Range: 40
Enemy: Combat - Target out of range, returning to movement
Enemy: Combat - Distance to target: 960, Attack Range: 40
Enemy: Combat - Target out of range, returning to movement
World (32, 672) -> Grid (0, 10)
World (1920, 540) -> Grid (30, 8)
Enemy: Recalculating path from (0, 10) to (30, 8)

Searching for wall to break:
- From: (0, 10)
- To: (30, 8)
- Explored cells: 330
- Found 22 walls in grid
- Evaluating wall at (15, 0)
  Distance to start: 18.0277557373047
  Distance to end: 17
  Total score: 35.0277557373047
  Found valid path to wall!
- Evaluating wall at (15, 1)
  Distance to start: 17.4928550720215
  Distance to end: 16.5529460906982
  Total score: 34.0458011627197
  Found valid path to wall!
- Evaluating wall at (15, 2)
  Distance to start: 17
  Distance to end: 16.1554946899414
  Total score: 33.1554946899414
  Found valid path to wall!
- Evaluating wall at (15, 3)
  Distance to start: 16.5529460906982
  Distance to end: 15.8113880157471
  Total score: 32.3643341064453
  Found valid path to wall!
- Evaluating wall at (15, 4)
  Distance to start: 16.1554946899414
  Distance to end: 15.5241746902466
  Total score: 31.679669380188
  Found valid path to wall!
- Evaluating wall at (15, 5)
  Distance to start: 15.8113880157471
  Distance to end: 15.2970581054688
  Total score: 31.1084461212158
  Found valid path to wall!
- Evaluating wall at (15, 6)
  Distance to start: 15.5241746902466
  Distance to end: 15.1327457427979
  Total score: 30.6569204330444
  Found valid path to wall!
- Evaluating wall at (15, 7)
  Distance to start: 15.2970581054688
  Distance to end: 15.033296585083
  Total score: 30.3303546905518
  Found valid path to wall!
- Evaluating wall at (15, 8)
  Distance to start: 15.1327457427979
  Distance to end: 15
  Total score: 30.1327457427979
  Found valid path to wall!
- Evaluating wall at (15, 9)
  Distance to start: 15.033296585083
  Distance to end: 15.033296585083
  Total score: 30.066593170166
  Found valid path to wall!
- Evaluating wall at (15, 10)
  Distance to start: 15
  Distance to end: 15.1327457427979
  Total score: 30.1327457427979
- Evaluating wall at (15, 11)
  Distance to start: 15.033296585083
  Distance to end: 15.2970581054688
  Total score: 30.3303546905518
- Evaluating wall at (15, 12)
  Distance to start: 15.1327457427979
  Distance to end: 15.5241746902466
  Total score: 30.6569204330444
- Evaluating wall at (15, 13)
  Distance to start: 15.2970581054688
  Distance to end: 15.8113880157471
  Total score: 31.1084461212158
- Evaluating wall at (15, 14)
  Distance to start: 15.5241746902466
  Distance to end: 16.1554946899414
  Total score: 31.679669380188
- Evaluating wall at (15, 15)
  Distance to start: 15.8113880157471
  Distance to end: 16.5529460906982
  Total score: 32.3643341064453
- Evaluating wall at (15, 16)
  Distance to start: 16.1554946899414
  Distance to end: 17
  Total score: 33.1554946899414
- Evaluating wall at (15, 17)
  Distance to start: 16.5529460906982
  Distance to end: 17.4928550720215
  Total score: 34.0458011627197
- Evaluating wall at (15, 18)
  Distance to start: 17
  Distance to end: 18.0277557373047
  Total score: 35.0277557373047
- Evaluating wall at (15, 19)
  Distance to start: 17.4928550720215
  Distance to end: 18.6010761260986
  Total score: 36.0939311981201
- Evaluating wall at (15, 20)
  Distance to start: 18.0277557373047
  Distance to end: 19.2093734741211
  Total score: 37.2371292114258
- Evaluating wall at (15, 21)
  Distance to start: 18.6010761260986
  Distance to end: 19.8494338989258
  Total score: 38.4505100250244
Selected wall to break at: (15, 9)
Grid: Found wall-breaking path to wall at (15, 9)
Enemy: Found wall-breaking path, transitioning to attack wall at (15, 9)
Enemy: Transitioning to attack state, target: @Node2D@10
World (32, 480) -> Grid (0, 7)
World (1920, 540) -> Grid (30, 8)
Enemy: Recalculating path from (0, 7) to (30, 8)

Searching for wall to break:
- From: (0, 7)
- To: (30, 8)
- Explored cells: 330
- Found 22 walls in grid
- Evaluating wall at (15, 0)
  Distance to start: 16.5529460906982
  Distance to end: 17
  Total score: 33.5529460906982
  Found valid path to wall!
- Evaluating wall at (15, 1)
  Distance to start: 16.1554946899414
  Distance to end: 16.5529460906982
  Total score: 32.7084407806396
  Found valid path to wall!
- Evaluating wall at (15, 2)
  Distance to start: 15.8113880157471
  Distance to end: 16.1554946899414
  Total score: 31.9668827056885
  Found valid path to wall!
- Evaluating wall at (15, 3)
  Distance to start: 15.5241746902466
  Distance to end: 15.8113880157471
  Total score: 31.3355627059937
  Found valid path to wall!
- Evaluating wall at (15, 4)
  Distance to start: 15.2970581054688
  Distance to end: 15.5241746902466
  Total score: 30.8212327957153
  Found valid path to wall!
- Evaluating wall at (15, 5)
  Distance to start: 15.1327457427979
  Distance to end: 15.2970581054688
  Total score: 30.4298038482666
  Found valid path to wall!
- Evaluating wall at (15, 6)
  Distance to start: 15.033296585083
  Distance to end: 15.1327457427979
  Total score: 30.1660423278809
  Found valid path to wall!
- Evaluating wall at (15, 7)
  Distance to start: 15
  Distance to end: 15.033296585083
  Total score: 30.033296585083
  Found valid path to wall!
- Evaluating wall at (15, 8)
  Distance to start: 15.033296585083
  Distance to end: 15
  Total score: 30.033296585083
- Evaluating wall at (15, 9)
  Distance to start: 15.1327457427979
  Distance to end: 15.033296585083
  Total score: 30.1660423278809
- Evaluating wall at (15, 10)
  Distance to start: 15.2970581054688
  Distance to end: 15.1327457427979
  Total score: 30.4298038482666
- Evaluating wall at (15, 11)
  Distance to start: 15.5241746902466
  Distance to end: 15.2970581054688
  Total score: 30.8212327957153
- Evaluating wall at (15, 12)
  Distance to start: 15.8113880157471
  Distance to end: 15.5241746902466
  Total score: 31.3355627059937
- Evaluating wall at (15, 13)
  Distance to start: 16.1554946899414
  Distance to end: 15.8113880157471
  Total score: 31.9668827056885
- Evaluating wall at (15, 14)
  Distance to start: 16.5529460906982
  Distance to end: 16.1554946899414
  Total score: 32.7084407806396
- Evaluating wall at (15, 15)
  Distance to start: 17
  Distance to end: 16.5529460906982
  Total score: 33.5529460906982
- Evaluating wall at (15, 16)
  Distance to start: 17.4928550720215
  Distance to end: 17
  Total score: 34.4928550720215
- Evaluating wall at (15, 17)
  Distance to start: 18.0277557373047
  Distance to end: 17.4928550720215
  Total score: 35.5206108093262
- Evaluating wall at (15, 18)
  Distance to start: 18.6010761260986
  Distance to end: 18.0277557373047
  Total score: 36.6288318634033
- Evaluating wall at (15, 19)
  Distance to start: 19.2093734741211
  Distance to end: 18.6010761260986
  Total score: 37.8104496002197
- Evaluating wall at (15, 20)
  Distance to start: 19.8494338989258
  Distance to end: 19.2093734741211
  Total score: 39.0588073730469
- Evaluating wall at (15, 21)
  Distance to start: 20.5182838439941
  Distance to end: 19.8494338989258
  Total score: 40.3677177429199
Selected wall to break at: (15, 7)
Grid: Found wall-breaking path to wall at (15, 7)
Enemy: Found wall-breaking path, transitioning to attack wall at (15, 7)
Enemy: Transitioning to attack state, target: @Node2D@9
TestMap: Input event received: InputEventKey: keycode=4194339 (F8), mods=none, physical=false, pressed=true, echo=false
TestMap: Input event received: InputEventKey: keycode=4194339 (F8), mods=none, physical=false, pressed=false, echo=false
Enemy: Combat - Distance to target: 962.130981445313, Attack Range: 40
Enemy: Combat - Target out of range, returning to movement
Enemy: Combat - Distance to target: 960, Attack Range: 40
Enemy: Combat - Target out of range, returning to movement
World (32, 672) -> Grid (0, 10)
World (1920, 540) -> Grid (30, 8)
Enemy: Recalculating path from (0, 10) to (30, 8)

Searching for wall to break:
- From: (0, 10)
- To: (30, 8)
- Explored cells: 330
- Found 22 walls in grid
- Evaluating wall at (15, 0)
  Distance to start: 18.0277557373047
  Distance to end: 17
  Total score: 35.0277557373047
  Found valid path to wall!
- Evaluating wall at (15, 1)
  Distance to start: 17.4928550720215
  Distance to end: 16.5529460906982
  Total score: 34.0458011627197
  Found valid path to wall!
- Evaluating wall at (15, 2)
  Distance to start: 17
  Distance to end: 16.1554946899414
  Total score: 33.1554946899414
  Found valid path to wall!
- Evaluating wall at (15, 3)
  Distance to start: 16.5529460906982
  Distance to end: 15.8113880157471
  Total score: 32.3643341064453
  Found valid path to wall!
- Evaluating wall at (15, 4)
  Distance to start: 16.1554946899414
  Distance to end: 15.5241746902466
  Total score: 31.679669380188
