Godot Engine v4.2.1.stable.official.b09f793f5 - https://godotengine.org
Vulkan API 1.3.292 - Forward+ - Using Vulkan Device #0: AMD - AMD Radeon RX 7800 XT
 
USER WARNING: Nodes with non-equal opposite anchors will have their size overridden after _ready(). 
If you want to set size, change the anchors or consider using set_deferred().
   at: _set_size (scene/gui/control.cpp:1440)

=== Performance Test Results ===
Test 1 (10 enemies):
- Average frame time: 13.84 ms
- FPS: 72.3
- Path calculations: 0
- Cache hit rate: 0.0%
- Spatial queries: 0
- Memory usage: 57.9 MB


=== Performance Test Results ===
Test 2 (50 enemies):
- Average frame time: 18.95 ms
- FPS: 52.8
- Path calculations: 34
- Cache hit rate: 44.1%
- Spatial queries: 0
- Memory usage: 58.8 MB


=== Performance Test Results ===
Test 3 (100 enemies):
- Average frame time: 21.75 ms
- FPS: 46.0
- Path calculations: 55
- Cache hit rate: 40.0%
- Spatial queries: 0
- Memory usage: 59.4 MB


=== Performance Test Results ===
Test 4 (500 enemies):
- Average frame time: 20.13 ms
- FPS: 49.7
- Path calculations: 55
- Cache hit rate: 56.4%
- Spatial queries: 0
- Memory usage: 59.5 MB


=== Performance Test Results ===
Test 5 (1000 enemies):
- Average frame time: 19.44 ms
- FPS: 51.4
- Path calculations: 56
- Cache hit rate: 48.2%
- Spatial queries: 0
- Memory usage: 59.5 MB


=== All Performance Tests Completed ===

