Godot Engine v4.2.1.stable.official.b09f793f5 - https://godotengine.org
Vulkan API 1.3.292 - Forward+ - Using Vulkan Device #0: AMD - AMD Radeon RX 7800 XT
 
Grid: Ready called
TestMap: Ready called
Grid: Input event received: InputEventMouseButton: button_index=1, mods=none, pressed=true, canceled=false, position=((1622, 37.5)), button_mask=1, double_click=false
TestMap: Input event received: InputEventMouseButton: button_index=1, mods=none, pressed=true, canceled=false, position=((1622, 37.5)), button_mask=1, double_click=false
Grid: Input event received: InputEventMouseButton: button_index=1, mods=none, pressed=false, canceled=false, position=((1622, 37.5)), button_mask=0, double_click=false
TestMap: Input event received: InputEventMouseButton: button_index=1, mods=none, pressed=false, canceled=false, position=((1622, 37.5)), button_mask=0, double_click=false
Wave 1 started with 10 enemies
Screen pos: (32, 928) -> Local pos: (1322.562, 664.8889) -> Grid pos: (20, 10)
Enemy updating path from: (20, 10) to: (37, 11)
Spawned enemy at position: (32, 928)
Screen pos: (32, 416) -> Local pos: (1298.405, 669.4902) -> Grid pos: (20, 10)
Enemy updating path from: (20, 10) to: (37, 11)
Spawned enemy at position: (32, 416)
Screen pos: (129.5675, 908.4901) -> Local pos: (1298.405, 669.4902) -> Grid pos: (20, 10)
Enemy updating path from: (20, 10) to: (37, 11)
Screen pos: (32, 1120) -> Local pos: (-322.4053, 1417.203) -> Grid pos: (-6, 22)
Enemy updating path from: (0, 21) to: (37, 11)
Spawned enemy at position: (32, 1120)
Screen pos: (227.729, 888.8607) -> Local pos: (-330.4576, 1418.353) -> Grid pos: (-6, 22)
Enemy updating path from: (0, 21) to: (37, 11)
Screen pos: (129.5676, 435.5135) -> Local pos: (-343.1112, 1419.503) -> Grid pos: (-6, 22)
Enemy updating path from: (0, 21) to: (37, 11)
Grid: Input event received: InputEventMouseButton: button_index=1, mods=none, pressed=true, canceled=false, position=((77, 679.5)), button_mask=1, double_click=false
TestMap: Input event received: InputEventMouseButton: button_index=1, mods=none, pressed=true, canceled=false, position=((77, 679.5)), button_mask=1, double_click=false
Grid: Input event received: InputEventMouseButton: button_index=1, mods=none, pressed=false, canceled=false, position=((77, 679.5)), button_mask=0, double_click=false
TestMap: Input event received: InputEventMouseButton: button_index=1, mods=none, pressed=false, canceled=false, position=((77, 679.5)), button_mask=0, double_click=false
Screen pos: (32, 992) -> Local pos: (-270.6406, 1405.699) -> Grid pos: (-5, 21)
Enemy updating path from: (0, 21) to: (37, 11)
Spawned enemy at position: (32, 992)
Screen pos: (190.2735, 982.0829) -> Local pos: (-252.2354, 1401.098) -> Grid pos: (-4, 21)
Enemy updating path from: (0, 21) to: (37, 11)
Screen pos: (119.2009, 535.4417) -> Local pos: (-220.0262, 1394.196) -> Grid pos: (-4, 21)
Enemy updating path from: (0, 21) to: (37, 11)
Screen pos: (32, 1219.84) -> Local pos: (-188.9674, 1387.294) -> Grid pos: (-3, 21)
Enemy updating path from: (0, 21) to: (37, 11)
Grid: Input event received: InputEventMouseButton: button_index=1, mods=none, pressed=true, canceled=false, position=((697.5, 513.5)), button_mask=1, double_click=false
TestMap: Input event received: InputEventMouseButton: button_index=1, mods=none, pressed=true, canceled=false, position=((697.5, 513.5)), button_mask=1, double_click=false
TestMap: Unhandled input event: InputEventMouseButton: button_index=1, mods=none, pressed=true, canceled=false, position=((697.5, 513.5)), button_mask=1, double_click=false
TestMap: Attempting to place tower
Screen pos: (697.5, 513.5) -> Local pos: (906.1437, 1057.15) -> Grid pos: (14, 16)
TestMap: Tower placement - Mouse pos: (697.5, 513.5) Grid pos: (14, 16)
TestMap: Placing tower
Screen pos: (32, 1248) -> Local pos: (906.1437, 1057.15) -> Grid pos: (14, 16)
Enemy updating path from: (14, 16) to: (37, 11)
Spawned enemy at position: (32, 1248)
Screen pos: (152.9286, 1075.031) -> Local pos: (906.1437, 1057.15) -> Grid pos: (14, 16)
Enemy updating path from: (14, 16) to: (37, 11)
Screen pos: (108.8649, 635.0738) -> Local pos: (906.1437, 1057.15) -> Grid pos: (14, 16)
Enemy updating path from: (14, 16) to: (37, 11)
Screen pos: (32, 1320.008) -> Local pos: (906.1437, 1057.15) -> Grid pos: (14, 16)
Enemy updating path from: (14, 16) to: (37, 11)
Screen pos: (32, 1091.562) -> Local pos: (906.1437, 1057.15) -> Grid pos: (14, 16)
Enemy updating path from: (14, 16) to: (37, 11)
Grid: Input event received: InputEventMouseButton: button_index=1, mods=none, pressed=false, canceled=false, position=((697.5, 513.5)), button_mask=0, double_click=false
TestMap: Input event received: InputEventMouseButton: button_index=1, mods=none, pressed=false, canceled=false, position=((697.5, 513.5)), button_mask=0, double_click=false
TestMap: Unhandled input event: InputEventMouseButton: button_index=1, mods=none, pressed=false, canceled=false, position=((697.5, 513.5)), button_mask=0, double_click=false
Screen pos: (32, 800) -> Local pos: (944.1046, 848.9412) -> Grid pos: (14, 13)
Enemy updating path from: (14, 13) to: (37, 11)
Spawned enemy at position: (32, 800)
Screen pos: (252.8989, 1072.574) -> Local pos: (940.6535, 848.9412) -> Grid pos: (14, 13)
Enemy updating path from: (14, 13) to: (37, 11)
Screen pos: (197.808, 680.7751) -> Local pos: (937.2026, 850.0915) -> Grid pos: (14, 13)
Enemy updating path from: (14, 13) to: (37, 11)
Screen pos: (127.9229, 1291.75) -> Local pos: (932.6013, 851.2418) -> Grid pos: (14, 13)
Enemy updating path from: (14, 13) to: (37, 11)
Screen pos: (131.9213, 1087.594) -> Local pos: (930.3006, 851.2418) -> Grid pos: (14, 13)
Enemy updating path from: (14, 13) to: (37, 11)
Screen pos: (129.1873, 1227.18) -> Local pos: (926.8497, 852.3922) -> Grid pos: (14, 13)
Enemy updating path from: (14, 13) to: (37, 11)
Screen pos: (32, 672) -> Local pos: (904.9935, 892.6536) -> Grid pos: (14, 13)
Enemy updating path from: (14, 13) to: (37, 11)
Spawned enemy at position: (32, 672)
Screen pos: (348.5934, 1043.006) -> Local pos: (904.9935, 892.6536) -> Grid pos: (14, 13)
Enemy updating path from: (14, 13) to: (37, 11)
Screen pos: (294.9548, 705.1527) -> Local pos: (904.9935, 892.6536) -> Grid pos: (14, 13)
Enemy updating path from: (14, 13) to: (37, 11)
Screen pos: (216.2515, 1244.524) -> Local pos: (904.9935, 892.6536) -> Grid pos: (14, 13)
Enemy updating path from: (14, 13) to: (37, 11)
Screen pos: (228.3493, 1060.509) -> Local pos: (904.9935, 892.6536) -> Grid pos: (14, 13)
Enemy updating path from: (14, 13) to: (37, 11)
Screen pos: (220.3652, 1185.725) -> Local pos: (904.9935, 892.6536) -> Grid pos: (14, 13)
Enemy updating path from: (14, 13) to: (37, 11)
Screen pos: (131.3006, 807.0922) -> Local pos: (904.9935, 892.6536) -> Grid pos: (14, 13)
Enemy updating path from: (14, 13) to: (37, 11)
Screen pos: (32, 224) -> Local pos: (934.9019, 847.7908) -> Grid pos: (14, 13)
Enemy updating path from: (14, 13) to: (37, 11)
Spawned enemy at position: (32, 224)
Screen pos: (444.2478, 1013.451) -> Local pos: (934.9019, 847.7908) -> Grid pos: (14, 13)
Enemy updating path from: (14, 13) to: (37, 11)
Screen pos: (392.0572, 729.5214) -> Local pos: (934.9019, 847.7908) -> Grid pos: (14, 13)
Enemy updating path from: (14, 13) to: (37, 11)
Screen pos: (304.5408, 1197.319) -> Local pos: (934.9019, 847.7908) -> Grid pos: (14, 13)
Enemy updating path from: (14, 13) to: (37, 11)
Screen pos: (324.735, 1033.435) -> Local pos: (934.9019, 847.7908) -> Grid pos: (14, 13)
Enemy updating path from: (14, 13) to: (37, 11)
Screen pos: (311.5029, 1144.287) -> Local pos: (934.9019, 847.7908) -> Grid pos: (14, 13)
Enemy updating path from: (14, 13) to: (37, 11)
Screen pos: (231.1605, 814.223) -> Local pos: (934.9019, 847.7908) -> Grid pos: (14, 13)
Enemy updating path from: (14, 13) to: (37, 11)
Screen pos: (129.2989, 692.8541) -> Local pos: (934.9019, 847.7908) -> Grid pos: (14, 13)
Enemy updating path from: (14, 13) to: (37, 11)
Screen pos: (32, 288) -> Local pos: (904.9935, 770.7189) -> Grid pos: (14, 12)
Enemy updating path from: (14, 12) to: (37, 11)
Spawned enemy at position: (32, 288)
Screen pos: (539.9295, 983.8912) -> Local pos: (904.9935, 770.7189) -> Grid pos: (14, 12)
Enemy updating path from: (14, 12) to: (37, 11)
Screen pos: (489.1878, 753.8971) -> Local pos: (904.9935, 770.7189) -> Grid pos: (14, 12)
Enemy updating path from: (14, 12) to: (37, 11)
Screen pos: (392.8568, 1150.101) -> Local pos: (904.9935, 770.7189) -> Grid pos: (14, 12)
Enemy updating path from: (14, 12) to: (37, 11)
Screen pos: (421.1495, 1006.356) -> Local pos: (904.9935, 770.7189) -> Grid pos: (14, 12)
Enemy updating path from: (14, 12) to: (37, 11)
Screen pos: (402.668, 1102.837) -> Local pos: (904.9935, 770.7189) -> Grid pos: (14, 12)
Enemy updating path from: (14, 12) to: (37, 11)
Screen pos: (331.0493, 821.3583) -> Local pos: (904.9935, 770.7189) -> Grid pos: (14, 12)
Enemy updating path from: (14, 12) to: (37, 11)
Screen pos: (227.2186, 713.8372) -> Local pos: (904.9935, 770.7189) -> Grid pos: (14, 12)
Enemy updating path from: (14, 12) to: (37, 11)
Screen pos: (112.9965, 281.8545) -> Local pos: (904.9935, 770.7189) -> Grid pos: (14, 12)
Enemy updating path from: (14, 12) to: (37, 11)
Screen pos: (32, 1248) -> Local pos: (892.3398, 747.7124) -> Grid pos: (13, 11)
Enemy updating path from: (13, 11) to: (37, 11)
Spawned enemy at position: (32, 1248)
Screen pos: (630.2949, 941.0702) -> Local pos: (892.3398, 747.7124) -> Grid pos: (13, 11)
Enemy updating path from: (13, 11) to: (37, 11)
Screen pos: (588.6381, 764.3468) -> Local pos: (892.3398, 748.8627) -> Grid pos: (13, 11)
Enemy updating path from: (13, 11) to: (37, 11)
Screen pos: (476.5401, 1095.356) -> Local pos: (892.3398, 748.8627) -> Grid pos: (13, 11)
Enemy updating path from: (13, 11) to: (37, 11)
Screen pos: (513.7657, 968.6512) -> Local pos: (892.3398, 748.8627) -> Grid pos: (13, 11)
Enemy updating path from: (13, 11) to: (37, 11)
Screen pos: (489.3021, 1052.885) -> Local pos: (892.3398, 748.8627) -> Grid pos: (13, 11)
Enemy updating path from: (13, 11) to: (37, 11)
Screen pos: (430.9869, 817.7832) -> Local pos: (892.3398, 748.8627) -> Grid pos: (13, 11)
Enemy updating path from: (13, 11) to: (37, 11)
Screen pos: (326.4714, 726.043) -> Local pos: (892.3398, 748.8627) -> Grid pos: (13, 11)
Enemy updating path from: (13, 11) to: (37, 11)
Screen pos: (197.385, 335.5067) -> Local pos: (892.3398, 748.8627) -> Grid pos: (13, 11)
Enemy updating path from: (13, 11) to: (37, 11)
Screen pos: (118.298, 337.3131) -> Local pos: (893.4902, 748.8627) -> Grid pos: (13, 11)
Enemy updating path from: (13, 11) to: (37, 11)
Grid: Input event received: InputEventMouseButton: button_index=1, mods=none, pressed=true, canceled=false, position=((693.5, 386)), button_mask=1, double_click=false
TestMap: Input event received: InputEventMouseButton: button_index=1, mods=none, pressed=true, canceled=false, position=((693.5, 386)), button_mask=1, double_click=false
TestMap: Unhandled input event: InputEventMouseButton: button_index=1, mods=none, pressed=true, canceled=false, position=((693.5, 386)), button_mask=1, double_click=false
TestMap: Attempting to place tower
Screen pos: (694, 386) -> Local pos: (898.0915, 763.817) -> Grid pos: (14, 11)
TestMap: Tower placement - Mouse pos: (694, 386) Grid pos: (14, 11)
TestMap: Placing tower
Grid: Input event received: InputEventMouseButton: button_index=1, mods=none, pressed=false, canceled=false, position=((695, 385.5)), button_mask=0, double_click=false
TestMap: Input event received: InputEventMouseButton: button_index=1, mods=none, pressed=false, canceled=false, position=((695, 385.5)), button_mask=0, double_click=false
TestMap: Unhandled input event: InputEventMouseButton: button_index=1, mods=none, pressed=false, canceled=false, position=((695, 385.5)), button_mask=0, double_click=false
Screen pos: (705.4633, 875.1165) -> Local pos: (949.8561, 856.9935) -> Grid pos: (14, 13)
Enemy updating path from: (14, 13) to: (37, 11)
Screen pos: (688.1141, 754.1048) -> Local pos: (949.8561, 856.9935) -> Grid pos: (14, 13)
Enemy updating path from: (14, 13) to: (37, 11)
Screen pos: (549.858, 1027.358) -> Local pos: (949.8561, 856.9935) -> Grid pos: (14, 13)
Enemy updating path from: (14, 13) to: (37, 11)
Screen pos: (597.0614, 913.3222) -> Local pos: (949.8561, 856.9935) -> Grid pos: (14, 13)
Enemy updating path from: (14, 13) to: (37, 11)
Screen pos: (565.6589, 988.3115) -> Local pos: (949.8561, 856.9935) -> Grid pos: (14, 13)
Enemy updating path from: (14, 13) to: (37, 11)
Screen pos: (529.2477, 799.2228) -> Local pos: (949.8561, 856.9935) -> Grid pos: (14, 13)
Enemy updating path from: (14, 13) to: (37, 11)
Screen pos: (426.4543, 727.896) -> Local pos: (949.8561, 856.9935) -> Grid pos: (14, 13)
Enemy updating path from: (14, 13) to: (37, 11)
Screen pos: (283.1043, 387.0038) -> Local pos: (949.8561, 856.9935) -> Grid pos: (14, 13)
Enemy updating path from: (14, 13) to: (37, 11)
Screen pos: (206.4854, 384.462) -> Local pos: (949.8561, 856.9935) -> Grid pos: (14, 13)
Enemy updating path from: (14, 13) to: (37, 11)
Screen pos: (116.6499, 1195.909) -> Local pos: (949.8561, 856.9935) -> Grid pos: (14, 13)
Enemy updating path from: (14, 13) to: (37, 11)
Screen pos: (805.5023, 870.1204) -> Local pos: (688.732, 863.8954) -> Grid pos: (10, 13)
Enemy updating path from: (10, 13) to: (37, 11)
Screen pos: (779.1823, 795.8253) -> Local pos: (687.5816, 863.8954) -> Grid pos: (10, 13)
Enemy updating path from: (10, 13) to: (37, 11)
Screen pos: (641.8085, 987.6335) -> Local pos: (687.5816, 863.8954) -> Grid pos: (10, 13)
Enemy updating path from: (10, 13) to: (37, 11)
Screen pos: (696.1318, 898.5546) -> Local pos: (687.5816, 863.8954) -> Grid pos: (10, 13)
Enemy updating path from: (10, 13) to: (37, 11)
Screen pos: (660.4022, 955.8079) -> Local pos: (686.4313, 863.8954) -> Grid pos: (10, 13)
Enemy updating path from: (10, 13) to: (37, 11)
Screen pos: (628.1164, 815.2827) -> Local pos: (685.2809, 863.8954) -> Grid pos: (10, 13)
Enemy updating path from: (10, 13) to: (37, 11)
Screen pos: (523.124, 754.132) -> Local pos: (685.2809, 863.8954) -> Grid pos: (10, 13)
Enemy updating path from: (10, 13) to: (37, 11)
Screen pos: (363.6366, 446.5701) -> Local pos: (684.1307, 863.8954) -> Grid pos: (10, 13)
Enemy updating path from: (10, 13) to: (37, 11)
Screen pos: (289.9078, 439.9081) -> Local pos: (684.1307, 865.0457) -> Grid pos: (10, 13)
Enemy updating path from: (10, 13) to: (37, 11)
Screen pos: (209.3595, 1157.979) -> Local pos: (682.9804, 865.0457) -> Grid pos: (10, 13)
Enemy updating path from: (10, 13) to: (37, 11)
Screen pos: (705.0978, 865.5167) -> Local pos: (540.3398, 858.1438) -> Grid pos: (8, 13)
Enemy updating path from: (8, 13) to: (37, 11)
Screen pos: (694.3745, 849.7691) -> Local pos: (540.3398, 858.1438) -> Grid pos: (8, 13)
Enemy updating path from: (8, 13) to: (37, 11)
Screen pos: (665.6522, 889.993) -> Local pos: (540.3398, 858.1438) -> Grid pos: (8, 13)
Enemy updating path from: (8, 13) to: (37, 11)
Screen pos: (716.3689, 821.6063) -> Local pos: (540.3398, 858.1438) -> Grid pos: (8, 13)
Enemy updating path from: (8, 13) to: (37, 11)
Screen pos: (679.7048, 859.8865) -> Local pos: (540.3398, 858.1438) -> Grid pos: (8, 13)
Enemy updating path from: (8, 13) to: (37, 11)
Screen pos: (697.9008, 834.2383) -> Local pos: (540.3398, 858.1438) -> Grid pos: (8, 13)
Enemy updating path from: (8, 13) to: (37, 11)
Screen pos: (604, 813.8153) -> Local pos: (540.3398, 858.1438) -> Grid pos: (8, 13)
Enemy updating path from: (8, 13) to: (37, 11)
Screen pos: (423.3587, 527.4158) -> Local pos: (540.3398, 858.1438) -> Grid pos: (8, 13)
Enemy updating path from: (8, 13) to: (37, 11)
Screen pos: (357.1862, 514.5815) -> Local pos: (540.3398, 858.1438) -> Grid pos: (8, 13)
Enemy updating path from: (8, 13) to: (37, 11)
Screen pos: (294.193, 1104.073) -> Local pos: (540.3398, 858.1438) -> Grid pos: (8, 13)
Enemy updating path from: (8, 13) to: (37, 11)
Screen pos: (604.8242, 864.5728) -> Local pos: (540.3398, 858.1438) -> Grid pos: (8, 13)
Enemy updating path from: (8, 13) to: (37, 11)
Screen pos: (594.54, 859.2167) -> Local pos: (540.3398, 858.1438) -> Grid pos: (8, 13)
Enemy updating path from: (8, 13) to: (37, 11)
Screen pos: (567.5837, 869.0388) -> Local pos: (540.3398, 858.1438) -> Grid pos: (8, 13)
Enemy updating path from: (8, 13) to: (37, 11)
Screen pos: (618.9934, 845.5552) -> Local pos: (540.3398, 858.1438) -> Grid pos: (8, 13)
Enemy updating path from: (8, 13) to: (37, 11)
Screen pos: (579.4736, 862.9254) -> Local pos: (540.3398, 858.1438) -> Grid pos: (8, 13)
Enemy updating path from: (8, 13) to: (37, 11)
Screen pos: (599.4461, 853.2766) -> Local pos: (540.3398, 858.1438) -> Grid pos: (8, 13)
Enemy updating path from: (8, 13) to: (37, 11)
Screen pos: (565.8696, 842.5322) -> Local pos: (540.3398, 858.1438) -> Grid pos: (8, 13)
Enemy updating path from: (8, 13) to: (37, 11)
Screen pos: (457.1933, 621.8122) -> Local pos: (540.3398, 858.1438) -> Grid pos: (8, 13)
Enemy updating path from: (8, 13) to: (37, 11)
Screen pos: (404.4661, 603.0143) -> Local pos: (540.3398, 858.1438) -> Grid pos: (8, 13)
Enemy updating path from: (8, 13) to: (37, 11)
Screen pos: (366.4966, 1034.585) -> Local pos: (540.3398, 858.1438) -> Grid pos: (8, 13)
Enemy updating path from: (8, 13) to: (37, 11)
Screen pos: (578.3003, 832.0421) -> Local pos: (535.7385, 881.1503) -> Grid pos: (8, 13)
Enemy updating path from: (8, 13) to: (37, 11)
Screen pos: (585.6043, 824.0598) -> Local pos: (535.7385, 881.1503) -> Grid pos: (8, 13)
Enemy updating path from: (8, 13) to: (37, 11)
Screen pos: (603.0617, 805.4227) -> Local pos: (535.7385, 881.1503) -> Grid pos: (8, 13)
Enemy updating path from: (8, 13) to: (37, 11)
Screen pos: (567.2781, 843.0666) -> Local pos: (535.7385, 881.1503) -> Grid pos: (8, 13)
Enemy updating path from: (8, 13) to: (37, 11)
Screen pos: (595.7454, 813.2088) -> Local pos: (535.7385, 881.1503) -> Grid pos: (8, 13)
Enemy updating path from: (8, 13) to: (37, 11)
Screen pos: (581.2941, 828.3129) -> Local pos: (535.7385, 881.1503) -> Grid pos: (8, 13)
Enemy updating path from: (8, 13) to: (37, 11)
Screen pos: (599.6528, 808.3564) -> Local pos: (535.7385, 881.1503) -> Grid pos: (8, 13)
Enemy updating path from: (8, 13) to: (37, 11)
Screen pos: (491.081, 716.3522) -> Local pos: (535.7385, 881.1503) -> Grid pos: (8, 13)
Enemy updating path from: (8, 13) to: (37, 11)
Screen pos: (451.819, 691.5853) -> Local pos: (535.7385, 881.1503) -> Grid pos: (8, 13)
Enemy updating path from: (8, 13) to: (37, 11)
Screen pos: (438.9103, 964.9953) -> Local pos: (535.7385, 881.1503) -> Grid pos: (8, 13)
Enemy updating path from: (8, 13) to: (37, 11)
Screen pos: (588.1408, 819.9377) -> Local pos: (535.7385, 881.1503) -> Grid pos: (8, 13)
Enemy updating path from: (8, 13) to: (37, 11)
Screen pos: (580.3382, 827.7238) -> Local pos: (535.7385, 881.1503) -> Grid pos: (8, 13)
Enemy updating path from: (8, 13) to: (37, 11)
Screen pos: (562.3604, 845.6609) -> Local pos: (535.7385, 881.1503) -> Grid pos: (8, 13)
Enemy updating path from: (8, 13) to: (37, 11)
Screen pos: (599.1655, 808.8872) -> Local pos: (535.7385, 881.1503) -> Grid pos: (8, 13)
Enemy updating path from: (8, 13) to: (37, 11)
Screen pos: (570.2495, 837.7919) -> Local pos: (535.7385, 881.1503) -> Grid pos: (8, 13)
Enemy updating path from: (8, 13) to: (37, 11)
Screen pos: (584.6209, 823.4348) -> Local pos: (535.7385, 881.1503) -> Grid pos: (8, 13)
Enemy updating path from: (8, 13) to: (37, 11)
Screen pos: (565.1811, 842.8197) -> Local pos: (535.7385, 881.1503) -> Grid pos: (8, 13)
Enemy updating path from: (8, 13) to: (37, 11)
Screen pos: (524.9081, 810.7327) -> Local pos: (535.7385, 881.1503) -> Grid pos: (8, 13)
Enemy updating path from: (8, 13) to: (37, 11)
Screen pos: (499.0893, 779.9985) -> Local pos: (535.7385, 881.1503) -> Grid pos: (8, 13)
Enemy updating path from: (8, 13) to: (37, 11)
Screen pos: (511.1976, 895.5242) -> Local pos: (535.7385, 881.1503) -> Grid pos: (8, 13)
Enemy updating path from: (8, 13) to: (37, 11)
Screen pos: (577.5145, 830.4874) -> Local pos: (535.7385, 888.0522) -> Grid pos: (8, 13)
Enemy updating path from: (8, 13) to: (37, 11)
Screen pos: (585.1476, 822.8533) -> Local pos: (535.7385, 888.0522) -> Grid pos: (8, 13)
Enemy updating path from: (8, 13) to: (37, 11)
Screen pos: (603.1855, 804.8146) -> Local pos: (535.7385, 888.0522) -> Grid pos: (8, 13)
Enemy updating path from: (8, 13) to: (37, 11)
Screen pos: (566.266, 841.7357) -> Local pos: (535.7385, 888.0522) -> Grid pos: (8, 13)
Enemy updating path from: (8, 13) to: (37, 11)
Screen pos: (594.7805, 813.22) -> Local pos: (535.7385, 888.0522) -> Grid pos: (8, 13)
Enemy updating path from: (8, 13) to: (37, 11)
Screen pos: (580.8616, 827.1395) -> Local pos: (535.7385, 888.0522) -> Grid pos: (8, 13)
Enemy updating path from: (8, 13) to: (37, 11)
Screen pos: (600.0149, 807.9852) -> Local pos: (535.7385, 888.0522) -> Grid pos: (8, 13)
Enemy updating path from: (8, 13) to: (37, 11)
Screen pos: (577.8547, 827.4166) -> Local pos: (535.7385, 888.0522) -> Grid pos: (8, 13)
Enemy updating path from: (8, 13) to: (37, 11)
Screen pos: (548.6016, 853.906) -> Local pos: (535.7385, 888.0522) -> Grid pos: (8, 13)
Enemy updating path from: (8, 13) to: (37, 11)
Screen pos: (582.3924, 825.5593) -> Local pos: (535.7385, 888.0522) -> Grid pos: (8, 13)
Enemy updating path from: (8, 13) to: (37, 11)
Screen pos: (587.6089, 820.3912) -> Local pos: (535.7385, 888.0522) -> Grid pos: (8, 13)
Enemy updating path from: (8, 13) to: (37, 11)
Screen pos: (579.8154, 828.1848) -> Local pos: (535.7385, 888.0522) -> Grid pos: (8, 13)
Enemy updating path from: (8, 13) to: (37, 11)
Screen pos: (561.8569, 846.1432) -> Local pos: (535.7385, 888.0522) -> Grid pos: (8, 13)
Enemy updating path from: (8, 13) to: (37, 11)
Screen pos: (598.6439, 809.3563) -> Local pos: (535.7385, 888.0522) -> Grid pos: (8, 13)
Enemy updating path from: (8, 13) to: (37, 11)
Screen pos: (570.593, 837.4071) -> Local pos: (535.7385, 888.0522) -> Grid pos: (8, 13)
Enemy updating path from: (8, 13) to: (37, 11)
Screen pos: (584.0998, 823.9003) -> Local pos: (535.7385, 888.0522) -> Grid pos: (8, 13)
Enemy updating path from: (8, 13) to: (37, 11)
Screen pos: (564.6857, 843.3145) -> Local pos: (535.7385, 888.0522) -> Grid pos: (8, 13)
Enemy updating path from: (8, 13) to: (37, 11)
Screen pos: (585.8641, 822.0415) -> Local pos: (535.7385, 888.0522) -> Grid pos: (8, 13)
Enemy updating path from: (8, 13) to: (37, 11)
Screen pos: (612.6461, 795.2368) -> Local pos: (535.7385, 888.0522) -> Grid pos: (8, 13)
Enemy updating path from: (8, 13) to: (37, 11)
Screen pos: (583.0836, 824.9153) -> Local pos: (535.7385, 888.0522) -> Grid pos: (8, 13)
Enemy updating path from: (8, 13) to: (37, 11)
Screen pos: (577.5882, 830.4119) -> Local pos: (770.4052, 817.8823) -> Grid pos: (12, 12)
Enemy updating path from: (12, 12) to: (37, 11)
Screen pos: (585.2217, 822.7784) -> Local pos: (766.9542, 815.5817) -> Grid pos: (11, 12)
Enemy updating path from: (11, 12) to: (37, 11)
Screen pos: (603.2596, 804.7405) -> Local pos: (763.5032, 812.1307) -> Grid pos: (11, 12)
Enemy updating path from: (11, 12) to: (37, 11)
Screen pos: (566.3397, 841.6604) -> Local pos: (761.2026, 810.9803) -> Grid pos: (11, 12)
Enemy updating path from: (11, 12) to: (37, 11)
Screen pos: (594.8546, 813.1456) -> Local pos: (757.7516, 809.8301) -> Grid pos: (11, 12)
Enemy updating path from: (11, 12) to: (37, 11)
Screen pos: (580.9355, 827.0646) -> Local pos: (755.451, 808.6797) -> Grid pos: (11, 12)
Enemy updating path from: (11, 12) to: (37, 11)
Screen pos: (600.946, 807.0541) -> Local pos: (753.1503, 807.5294) -> Grid pos: (11, 12)
Enemy updating path from: (11, 12) to: (37, 11)
Screen pos: (579.3181, 828.6789) -> Local pos: (749.6993, 806.3791) -> Grid pos: (11, 12)
Enemy updating path from: (11, 12) to: (37, 11)
Screen pos: (552.6161, 855.3789) -> Local pos: (746.2484, 804.0784) -> Grid pos: (11, 12)
Enemy updating path from: (11, 12) to: (37, 11)
Screen pos: (582.4905, 825.5094) -> Local pos: (743.9477, 802.9281) -> Grid pos: (11, 12)
Enemy updating path from: (11, 12) to: (37, 11)
Screen pos: (677.2801, 816.7819) -> Local pos: (638.1176, 930.6144) -> Grid pos: (9, 14)
Enemy updating path from: (9, 14) to: (37, 11)
Screen pos: (684.7108, 807.7493) -> Local pos: (638.1176, 930.6144) -> Grid pos: (9, 14)
Enemy updating path from: (9, 14) to: (37, 11)
Screen pos: (703.8127, 801.1498) -> Local pos: (638.1176, 930.6144) -> Grid pos: (9, 14)
Enemy updating path from: (9, 14) to: (37, 11)
Screen pos: (664.0557, 817.6641) -> Local pos: (638.1176, 930.6144) -> Grid pos: (9, 14)
Enemy updating path from: (9, 14) to: (37, 11)
Screen pos: (695.0426, 803.8132) -> Local pos: (638.1176, 930.6144) -> Grid pos: (9, 14)
Enemy updating path from: (9, 14) to: (37, 11)
Screen pos: (680.0592, 809.765) -> Local pos: (638.1176, 930.6144) -> Grid pos: (9, 14)
Enemy updating path from: (9, 14) to: (37, 11)
Screen pos: (701.4282, 801.8053) -> Local pos: (638.1176, 930.6144) -> Grid pos: (9, 14)
Enemy updating path from: (9, 14) to: (37, 11)
Screen pos: (678.2911, 810.561) -> Local pos: (638.1176, 930.6144) -> Grid pos: (9, 14)
Enemy updating path from: (9, 14) to: (37, 11)
Screen pos: (648.9426, 826.2899) -> Local pos: (638.1176, 930.6144) -> Grid pos: (9, 14)
Enemy updating path from: (9, 14) to: (37, 11)
Screen pos: (681.7465, 809.0142) -> Local pos: (638.1176, 930.6144) -> Grid pos: (9, 14)
Enemy updating path from: (9, 14) to: (37, 11)
Screen pos: (624.265, 901.8884) -> Local pos: (635.817, 930.6144) -> Grid pos: (9, 14)
Enemy updating path from: (9, 14) to: (37, 11)
Screen pos: (630.781, 892.2895) -> Local pos: (635.817, 930.6144) -> Grid pos: (9, 14)
Enemy updating path from: (9, 14) to: (37, 11)
Screen pos: (643.3788, 881.1637) -> Local pos: (635.817, 930.6144) -> Grid pos: (9, 14)
Enemy updating path from: (9, 14) to: (37, 11)
Screen pos: (618.6384, 907.0623) -> Local pos: (635.817, 930.6144) -> Grid pos: (9, 14)
Enemy updating path from: (9, 14) to: (37, 11)
Screen pos: (637.4874, 885.9282) -> Local pos: (635.817, 930.6144) -> Grid pos: (9, 14)
Enemy updating path from: (9, 14) to: (37, 11)
Screen pos: (627.8765, 895.3864) -> Local pos: (635.817, 930.6144) -> Grid pos: (9, 14)
Enemy updating path from: (9, 14) to: (37, 11)
Screen pos: (641.7621, 882.397) -> Local pos: (635.817, 930.6144) -> Grid pos: (9, 14)
Enemy updating path from: (9, 14) to: (37, 11)
Screen pos: (626.795, 896.5966) -> Local pos: (635.817, 930.6144) -> Grid pos: (9, 14)
Enemy updating path from: (9, 14) to: (37, 11)
Screen pos: (611.4971, 919.3122) -> Local pos: (635.817, 930.6144) -> Grid pos: (9, 14)
Enemy updating path from: (9, 14) to: (37, 11)
Screen pos: (628.9228, 894.2417) -> Local pos: (635.817, 930.6144) -> Grid pos: (9, 14)
Enemy updating path from: (9, 14) to: (37, 11)
Screen pos: (662.9649, 872.8148) -> Local pos: (628.915, 932.915) -> Grid pos: (9, 14)
Enemy updating path from: (9, 14) to: (37, 11)
Screen pos: (654.7955, 880.796) -> Local pos: (628.915, 932.915) -> Grid pos: (9, 14)
Enemy updating path from: (9, 14) to: (37, 11)
Screen pos: (643.2429, 892.3216) -> Local pos: (628.915, 932.915) -> Grid pos: (9, 14)
Enemy updating path from: (9, 14) to: (37, 11)
Screen pos: (668.0688, 867.801) -> Local pos: (628.915, 932.915) -> Grid pos: (9, 14)
Enemy updating path from: (9, 14) to: (37, 11)
Screen pos: (648.33, 887.2261) -> Local pos: (628.915, 932.915) -> Grid pos: (9, 14)
Enemy updating path from: (9, 14) to: (37, 11)
Screen pos: (657.8477, 877.7814) -> Local pos: (628.915, 932.915) -> Grid pos: (9, 14)
Enemy updating path from: (9, 14) to: (37, 11)
Screen pos: (644.4285, 891.1401) -> Local pos: (628.915, 932.915) -> Grid pos: (9, 14)
Enemy updating path from: (9, 14) to: (37, 11)
Screen pos: (658.4528, 877.2102) -> Local pos: (628.915, 932.915) -> Grid pos: (9, 14)
Enemy updating path from: (9, 14) to: (37, 11)
Screen pos: (677.2799, 858.6051) -> Local pos: (628.915, 932.915) -> Grid pos: (9, 14)
Enemy updating path from: (9, 14) to: (37, 11)
Screen pos: (656.3658, 879.2617) -> Local pos: (628.915, 932.915) -> Grid pos: (9, 14)
Enemy updating path from: (9, 14) to: (37, 11)
Screen pos: (629.56, 906.43) -> Local pos: (626.6143, 934.0653) -> Grid pos: (9, 14)
Enemy updating path from: (9, 14) to: (37, 11)
Screen pos: (637.7676, 898.2158) -> Local pos: (626.6143, 934.0653) -> Grid pos: (9, 14)
Enemy updating path from: (9, 14) to: (37, 11)
Screen pos: (649.368, 886.6181) -> Local pos: (626.6143, 934.0653) -> Grid pos: (9, 14)
Enemy updating path from: (9, 14) to: (37, 11)
Screen pos: (625.1965, 910.7976) -> Local pos: (626.6143, 934.0653) -> Grid pos: (9, 14)
Enemy updating path from: (9, 14) to: (37, 11)
Screen pos: (644.1772, 891.8071) -> Local pos: (626.6143, 934.0653) -> Grid pos: (9, 14)
Enemy updating path from: (9, 14) to: (37, 11)
Screen pos: (634.8004, 901.1856) -> Local pos: (626.6143, 934.0653) -> Grid pos: (9, 14)
Enemy updating path from: (9, 14) to: (37, 11)
Screen pos: (647.9824, 888.0029) -> Local pos: (626.6143, 934.0653) -> Grid pos: (9, 14)
Enemy updating path from: (9, 14) to: (37, 11)
Screen pos: (634.5345, 901.4529) -> Local pos: (626.6143, 934.0653) -> Grid pos: (9, 14)
Enemy updating path from: (9, 14) to: (37, 11)
Screen pos: (615.5446, 920.4506) -> Local pos: (626.6143, 934.0653) -> Grid pos: (9, 14)
Enemy updating path from: (9, 14) to: (37, 11)
Screen pos: (636.7468, 899.2374) -> Local pos: (626.6143, 934.0653) -> Grid pos: (9, 14)
Enemy updating path from: (9, 14) to: (37, 11)
Screen pos: (662.9763, 873.0234) -> Local pos: (626.6143, 934.0653) -> Grid pos: (9, 14)
Enemy updating path from: (9, 14) to: (37, 11)
Screen pos: (654.9036, 881.0957) -> Local pos: (626.6143, 934.0653) -> Grid pos: (9, 14)
Enemy updating path from: (9, 14) to: (37, 11)
Screen pos: (643.3607, 892.6382) -> Local pos: (626.6143, 934.0653) -> Grid pos: (9, 14)
Enemy updating path from: (9, 14) to: (37, 11)
Screen pos: (668.0389, 867.961) -> Local pos: (626.6143, 934.0653) -> Grid pos: (9, 14)
Enemy updating path from: (9, 14) to: (37, 11)
Screen pos: (648.4545, 887.5445) -> Local pos: (626.6143, 934.0653) -> Grid pos: (9, 14)
Enemy updating path from: (9, 14) to: (37, 11)
Screen pos: (657.9343, 878.0652) -> Local pos: (626.6143, 934.0653) -> Grid pos: (9, 14)
Enemy updating path from: (9, 14) to: (37, 11)
Screen pos: (644.5461, 891.4529) -> Local pos: (626.6143, 934.0653) -> Grid pos: (9, 14)
Enemy updating path from: (9, 14) to: (37, 11)
Screen pos: (658.5242, 877.4753) -> Local pos: (626.6143, 934.0653) -> Grid pos: (9, 14)
Enemy updating path from: (9, 14) to: (37, 11)
Screen pos: (676.8138, 859.1861) -> Local pos: (626.6143, 934.0653) -> Grid pos: (9, 14)
Enemy updating path from: (9, 14) to: (37, 11)
Screen pos: (656.4537, 879.5457) -> Local pos: (626.6143, 934.0653) -> Grid pos: (9, 14)
Enemy updating path from: (9, 14) to: (37, 11)
Screen pos: (630.3542, 905.6456) -> Local pos: (626.6143, 934.0653) -> Grid pos: (9, 14)
Enemy updating path from: (9, 14) to: (37, 11)
Screen pos: (637.7089, 898.291) -> Local pos: (626.6143, 934.0653) -> Grid pos: (9, 14)
Enemy updating path from: (9, 14) to: (37, 11)
Screen pos: (649.3067, 886.6932) -> Local pos: (626.6143, 934.0653) -> Grid pos: (9, 14)
Enemy updating path from: (9, 14) to: (37, 11)
Screen pos: (625.132, 910.8679) -> Local pos: (626.6143, 934.0653) -> Grid pos: (9, 14)
Enemy updating path from: (9, 14) to: (37, 11)
Screen pos: (644.1159, 891.884) -> Local pos: (626.6143, 934.0653) -> Grid pos: (9, 14)
Enemy updating path from: (9, 14) to: (37, 11)
Screen pos: (634.7401, 901.2598) -> Local pos: (626.6143, 934.0653) -> Grid pos: (9, 14)
Enemy updating path from: (9, 14) to: (37, 11)
Screen pos: (648.7781, 887.2218) -> Local pos: (626.6143, 934.0653) -> Grid pos: (9, 14)
Enemy updating path from: (9, 14) to: (37, 11)
Screen pos: (634.4729, 901.527) -> Local pos: (626.6143, 934.0653) -> Grid pos: (9, 14)
Enemy updating path from: (9, 14) to: (37, 11)
Screen pos: (615.9087, 920.0912) -> Local pos: (626.6143, 934.0653) -> Grid pos: (9, 14)
Enemy updating path from: (9, 14) to: (37, 11)
Screen pos: (636.6877, 899.3121) -> Local pos: (626.6143, 934.0653) -> Grid pos: (9, 14)
Enemy updating path from: (9, 14) to: (37, 11)
Screen pos: (662.6174, 873.3824) -> Local pos: (731.2941, 915.6602) -> Grid pos: (11, 14)
Enemy updating path from: (11, 14) to: (37, 11)
Screen pos: (655.4022, 880.5977) -> Local pos: (731.2941, 915.6602) -> Grid pos: (11, 14)
Enemy updating path from: (11, 14) to: (37, 11)
Screen pos: (643.8594, 892.1404) -> Local pos: (731.2941, 915.6602) -> Grid pos: (11, 14)
Enemy updating path from: (11, 14) to: (37, 11)
Screen pos: (667.6798, 868.3201) -> Local pos: (731.2941, 915.6602) -> Grid pos: (11, 14)
Enemy updating path from: (11, 14) to: (37, 11)
Screen pos: (648.9533, 887.0466) -> Local pos: (731.2941, 915.6602) -> Grid pos: (11, 14)
Enemy updating path from: (11, 14) to: (37, 11)
Screen pos: (658.4327, 877.5672) -> Local pos: (731.2941, 915.6602) -> Grid pos: (11, 14)
Enemy updating path from: (11, 14) to: (37, 11)
Screen pos: (644.1879, 891.812) -> Local pos: (731.2941, 915.6602) -> Grid pos: (11, 14)
Enemy updating path from: (11, 14) to: (37, 11)
Screen pos: (659.0226, 876.9773) -> Local pos: (731.2941, 915.6602) -> Grid pos: (11, 14)
Enemy updating path from: (11, 14) to: (37, 11)
Screen pos: (677.0508, 858.949) -> Local pos: (731.2941, 915.6602) -> Grid pos: (11, 14)
Enemy updating path from: (11, 14) to: (37, 11)
Screen pos: (656.9521, 879.0477) -> Local pos: (731.2941, 915.6602) -> Grid pos: (11, 14)
Enemy updating path from: (11, 14) to: (37, 11)
Screen pos: (741.6356, 916.6364) -> Local pos: (737.0457, 913.3595) -> Grid pos: (11, 14)
Enemy updating path from: (11, 14) to: (37, 11)
Screen pos: (739.8233, 918.1817) -> Local pos: (737.0457, 913.3595) -> Grid pos: (11, 14)
Enemy updating path from: (11, 14) to: (37, 11)
Screen pos: (735.4913, 922.564) -> Local pos: (737.0457, 913.3595) -> Grid pos: (11, 14)
Enemy updating path from: (11, 14) to: (37, 11)
Screen pos: (742.4221, 916.0299) -> Local pos: (737.0457, 913.3595) -> Grid pos: (11, 14)
Enemy updating path from: (11, 14) to: (37, 11)
Screen pos: (737.6362, 920.7263) -> Local pos: (737.0457, 913.3595) -> Grid pos: (11, 14)
Enemy updating path from: (11, 14) to: (37, 11)
Screen pos: (740.6831, 917.764) -> Local pos: (737.0457, 913.3595) -> Grid pos: (11, 14)
Enemy updating path from: (11, 14) to: (37, 11)
Screen pos: (735.663, 922.6043) -> Local pos: (737.0457, 913.3595) -> Grid pos: (11, 14)
Enemy updating path from: (11, 14) to: (37, 11)
Screen pos: (740.8318, 917.8082) -> Local pos: (737.0457, 913.3595) -> Grid pos: (11, 14)
Enemy updating path from: (11, 14) to: (37, 11)
Screen pos: (742.8637, 915.5121) -> Local pos: (737.0457, 913.3595) -> Grid pos: (11, 14)
Enemy updating path from: (11, 14) to: (37, 11)
Screen pos: (740.2922, 918.3199) -> Local pos: (737.0457, 913.3595) -> Grid pos: (11, 14)
Enemy updating path from: (11, 14) to: (37, 11)
Screen pos: (803.4149, 860.4779) -> Local pos: (737.0457, 913.3595) -> Grid pos: (11, 14)
Enemy updating path from: (11, 14) to: (37, 11)
Screen pos: (804.3694, 859.5105) -> Local pos: (737.0457, 913.3595) -> Grid pos: (11, 14)
Enemy updating path from: (11, 14) to: (37, 11)
Screen pos: (807.4615, 856.3132) -> Local pos: (737.0457, 913.3595) -> Grid pos: (11, 14)
Enemy updating path from: (11, 14) to: (37, 11)
Screen pos: (802.3931, 861.5211) -> Local pos: (737.0457, 913.3595) -> Grid pos: (11, 14)
Enemy updating path from: (11, 14) to: (37, 11)
Screen pos: (807.0113, 856.8217) -> Local pos: (737.0457, 913.3595) -> Grid pos: (11, 14)
Enemy updating path from: (11, 14) to: (37, 11)
Screen pos: (804.095, 859.8018) -> Local pos: (737.0457, 913.3595) -> Grid pos: (11, 14)
Enemy updating path from: (11, 14) to: (37, 11)
Screen pos: (807.511, 856.2474) -> Local pos: (737.0457, 913.3595) -> Grid pos: (11, 14)
Enemy updating path from: (11, 14) to: (37, 11)
Screen pos: (804.1268, 859.7736) -> Local pos: (737.0457, 913.3595) -> Grid pos: (11, 14)
Enemy updating path from: (11, 14) to: (37, 11)
Screen pos: (802.0095, 861.8962) -> Local pos: (737.0457, 913.3595) -> Grid pos: (11, 14)
Enemy updating path from: (11, 14) to: (37, 11)
Screen pos: (804.4706, 859.4242) -> Local pos: (737.0457, 913.3595) -> Grid pos: (11, 14)
Enemy updating path from: (11, 14) to: (37, 11)
Screen pos: (745.2202, 918.7754) -> Local pos: (608.209, 945.5686) -> Grid pos: (9, 14)
Enemy updating path from: (9, 14) to: (37, 11)
Screen pos: (744.4692, 919.5258) -> Local pos: (602.4575, 946.719) -> Grid pos: (9, 14)
Enemy updating path from: (9, 14) to: (37, 11)
Screen pos: (741.6125, 922.3769) -> Local pos: (599.0065, 946.719) -> Grid pos: (9, 14)
Enemy updating path from: (9, 14) to: (37, 11)
Screen pos: (746.759, 917.237) -> Local pos: (596.7059, 947.8693) -> Grid pos: (9, 14)
Enemy updating path from: (9, 14) to: (37, 11)
Screen pos: (741.9899, 922.0027) -> Local pos: (593.2548, 947.8693) -> Grid pos: (9, 14)
Enemy updating path from: (9, 14) to: (37, 11)
Screen pos: (745.0423, 918.9535) -> Local pos: (592.1046, 947.8693) -> Grid pos: (9, 14)
Enemy updating path from: (9, 14) to: (37, 11)
Screen pos: (741.6687, 922.3199) -> Local pos: (589.8039, 947.8693) -> Grid pos: (9, 14)
Enemy updating path from: (9, 14) to: (37, 11)
Screen pos: (745.0742, 918.9216) -> Local pos: (587.5032, 947.8693) -> Grid pos: (9, 14)
Enemy updating path from: (9, 14) to: (37, 11)
Screen pos: (747.2408, 916.7552) -> Local pos: (586.3528, 949.0197) -> Grid pos: (9, 14)
Enemy updating path from: (9, 14) to: (37, 11)
Screen pos: (744.5612, 919.4346) -> Local pos: (584.0522, 949.0197) -> Grid pos: (9, 14)
Enemy updating path from: (9, 14) to: (37, 11)
Screen pos: (644.9247, 925.5179) -> Local pos: (-466.1962, 1361.987) -> Grid pos: (-8, 21)
Enemy updating path from: (0, 21) to: (37, 11)
Screen pos: (644.1348, 925.7559) -> Local pos: (-463.8955, 1361.987) -> Grid pos: (-8, 21)
Enemy updating path from: (0, 21) to: (37, 11)
Screen pos: (641.1768, 926.6038) -> Local pos: (-462.7452, 1361.987) -> Grid pos: (-8, 21)
Enemy updating path from: (0, 21) to: (37, 11)
Screen pos: (646.5355, 925.012) -> Local pos: (-461.5948, 1361.987) -> Grid pos: (-8, 21)
Enemy updating path from: (0, 21) to: (37, 11)
Screen pos: (641.5643, 926.4976) -> Local pos: (-460.4445, 1361.987) -> Grid pos: (-8, 21)
Enemy updating path from: (0, 21) to: (37, 11)
Screen pos: (644.7379, 925.5751) -> Local pos: (-460.4445, 1361.987) -> Grid pos: (-8, 21)
Enemy updating path from: (0, 21) to: (37, 11)
Screen pos: (641.233, 926.588) -> Local pos: (-460.4445, 1361.987) -> Grid pos: (-8, 21)
Enemy updating path from: (0, 21) to: (37, 11)
Screen pos: (644.7698, 925.5637) -> Local pos: (-459.2942, 1361.987) -> Grid pos: (-8, 21)
Enemy updating path from: (0, 21) to: (37, 11)
Screen pos: (647.0463, 924.8459) -> Local pos: (-459.2942, 1361.987) -> Grid pos: (-8, 21)
Enemy updating path from: (0, 21) to: (37, 11)
Screen pos: (644.2362, 925.7275) -> Local pos: (-459.2942, 1361.987) -> Grid pos: (-8, 21)
Enemy updating path from: (0, 21) to: (37, 11)
Screen pos: (564.1167, 984.9138) -> Local pos: (-459.2942, 1363.137) -> Grid pos: (-8, 21)
Enemy updating path from: (0, 21) to: (37, 11)
Screen pos: (563.347, 985.1765) -> Local pos: (-459.2942, 1363.137) -> Grid pos: (-8, 21)
Enemy updating path from: (0, 21) to: (37, 11)
Screen pos: (560.4704, 986.1412) -> Local pos: (-459.2942, 1363.137) -> Grid pos: (-8, 21)
Enemy updating path from: (0, 21) to: (37, 11)
Screen pos: (565.6865, 984.3475) -> Local pos: (-459.2942, 1363.137) -> Grid pos: (-8, 21)
Enemy updating path from: (0, 21) to: (37, 11)
Screen pos: (560.8475, 986.0159) -> Local pos: (-459.2942, 1363.137) -> Grid pos: (-8, 21)
Enemy updating path from: (0, 21) to: (37, 11)
Screen pos: (563.9304, 984.9723) -> Local pos: (-459.2942, 1363.137) -> Grid pos: (-8, 21)
Enemy updating path from: (0, 21) to: (37, 11)
Screen pos: (560.5263, 986.1252) -> Local pos: (-459.2942, 1363.137) -> Grid pos: (-8, 21)
Enemy updating path from: (0, 21) to: (37, 11)
Screen pos: (563.9623, 984.9608) -> Local pos: (-459.2942, 1363.137) -> Grid pos: (-8, 21)
Enemy updating path from: (0, 21) to: (37, 11)
Screen pos: (566.1783, 984.1614) -> Local pos: (-459.2942, 1363.137) -> Grid pos: (-8, 21)
Enemy updating path from: (0, 21) to: (37, 11)
Screen pos: (563.4484, 985.1447) -> Local pos: (-459.2942, 1363.137) -> Grid pos: (-8, 21)
Enemy updating path from: (0, 21) to: (37, 11)
Screen pos: (483.4224, 1044.222) -> Local pos: (-459.2942, 1363.137) -> Grid pos: (-8, 21)
Enemy updating path from: (0, 21) to: (37, 11)
Screen pos: (482.673, 1044.517) -> Local pos: (-459.2942, 1363.137) -> Grid pos: (-8, 21)
Enemy updating path from: (0, 21) to: (37, 11)
Screen pos: (479.8795, 1045.591) -> Local pos: (-459.2942, 1363.137) -> Grid pos: (-8, 21)
Enemy updating path from: (0, 21) to: (37, 11)
Screen pos: (484.9477, 1043.596) -> Local pos: (-459.2942, 1363.137) -> Grid pos: (-8, 21)
Enemy updating path from: (0, 21) to: (37, 11)
Screen pos: (480.2454, 1045.455) -> Local pos: (-459.2942, 1363.137) -> Grid pos: (-8, 21)
Enemy updating path from: (0, 21) to: (37, 11)
Screen pos: (483.2383, 1044.291) -> Local pos: (-459.2942, 1363.137) -> Grid pos: (-8, 21)
Enemy updating path from: (0, 21) to: (37, 11)
Screen pos: (479.9333, 1045.575) -> Local pos: (-459.2942, 1363.137) -> Grid pos: (-8, 21)
Enemy updating path from: (0, 21) to: (37, 11)
Screen pos: (483.2702, 1044.279) -> Local pos: (-459.2942, 1363.137) -> Grid pos: (-8, 21)
Enemy updating path from: (0, 21) to: (37, 11)
Screen pos: (485.4256, 1043.399) -> Local pos: (-459.2942, 1363.137) -> Grid pos: (-8, 21)
Enemy updating path from: (0, 21) to: (37, 11)
Screen pos: (482.7725, 1044.48) -> Local pos: (-459.2942, 1363.137) -> Grid pos: (-8, 21)
Enemy updating path from: (0, 21) to: (37, 11)
Screen pos: (402.7829, 1103.486) -> Local pos: (739.3464, 1183.686) -> Grid pos: (11, 18)
Enemy updating path from: (11, 18) to: (37, 11)
Screen pos: (402.0542, 1103.818) -> Local pos: (739.3464, 1183.686) -> Grid pos: (11, 18)
Enemy updating path from: (11, 18) to: (37, 11)
Screen pos: (399.3459, 1104.996) -> Local pos: (739.3464, 1183.686) -> Grid pos: (11, 18)
Enemy updating path from: (11, 18) to: (37, 11)
Screen pos: (404.2645, 1102.799) -> Local pos: (739.3464, 1183.686) -> Grid pos: (11, 18)
Enemy updating path from: (11, 18) to: (37, 11)
Screen pos: (399.6975, 1104.857) -> Local pos: (739.3464, 1183.686) -> Grid pos: (11, 18)
Enemy updating path from: (11, 18) to: (37, 11)
Screen pos: (402.604, 1103.572) -> Local pos: (739.3464, 1183.686) -> Grid pos: (11, 18)
Enemy updating path from: (11, 18) to: (37, 11)
Screen pos: (399.3953, 1104.979) -> Local pos: (739.3464, 1183.686) -> Grid pos: (11, 18)
Enemy updating path from: (11, 18) to: (37, 11)
Screen pos: (402.6354, 1103.56) -> Local pos: (739.3464, 1183.686) -> Grid pos: (11, 18)
Enemy updating path from: (11, 18) to: (37, 11)
Screen pos: (404.7308, 1102.597) -> Local pos: (739.3464, 1183.686) -> Grid pos: (11, 18)
Enemy updating path from: (11, 18) to: (37, 11)
Screen pos: (402.1489, 1103.779) -> Local pos: (739.3464, 1183.686) -> Grid pos: (11, 18)
Enemy updating path from: (11, 18) to: (37, 11)
Screen pos: (500.0046, 1126.975) -> Local pos: (739.3464, 1183.686) -> Grid pos: (11, 18)
Enemy updating path from: (11, 18) to: (37, 11)
Screen pos: (499.3112, 1127.167) -> Local pos: (739.3464, 1183.686) -> Grid pos: (11, 18)
Enemy updating path from: (11, 18) to: (37, 11)
Screen pos: (496.7188, 1127.841) -> Local pos: (739.3464, 1183.686) -> Grid pos: (11, 18)
Enemy updating path from: (11, 18) to: (37, 11)
Screen pos: (501.4158, 1126.576) -> Local pos: (739.3464, 1183.686) -> Grid pos: (11, 18)
Enemy updating path from: (11, 18) to: (37, 11)
Screen pos: (497.0553, 1127.763) -> Local pos: (739.3464, 1183.686) -> Grid pos: (11, 18)
Enemy updating path from: (11, 18) to: (37, 11)
Screen pos: (499.8343, 1127.021) -> Local pos: (739.3464, 1183.686) -> Grid pos: (11, 18)
Enemy updating path from: (11, 18) to: (37, 11)
Screen pos: (496.7681, 1127.844) -> Local pos: (739.3464, 1183.686) -> Grid pos: (11, 18)
Enemy updating path from: (11, 18) to: (37, 11)
Screen pos: (499.8622, 1127.025) -> Local pos: (739.3464, 1183.686) -> Grid pos: (11, 18)
Enemy updating path from: (11, 18) to: (37, 11)
Screen pos: (501.8619, 1126.469) -> Local pos: (739.3464, 1183.686) -> Grid pos: (11, 18)
Enemy updating path from: (11, 18) to: (37, 11)
Screen pos: (499.4009, 1127.147) -> Local pos: (739.3464, 1183.686) -> Grid pos: (11, 18)
Enemy updating path from: (11, 18) to: (37, 11)
Screen pos: (597.6237, 1150.564) -> Local pos: (739.3464, 1183.686) -> Grid pos: (11, 18)
Enemy updating path from: (11, 18) to: (37, 11)
Screen pos: (596.9614, 1150.613) -> Local pos: (739.3464, 1183.686) -> Grid pos: (11, 18)
Enemy updating path from: (11, 18) to: (37, 11)
Screen pos: (594.4897, 1150.782) -> Local pos: (739.3464, 1183.686) -> Grid pos: (11, 18)
Enemy updating path from: (11, 18) to: (37, 11)
Screen pos: (598.9642, 1150.451) -> Local pos: (739.3464, 1183.686) -> Grid pos: (11, 18)
Enemy updating path from: (11, 18) to: (37, 11)
Screen pos: (594.8154, 1150.766) -> Local pos: (739.3464, 1183.686) -> Grid pos: (11, 18)
Enemy updating path from: (11, 18) to: (37, 11)
Screen pos: (597.4634, 1150.57) -> Local pos: (739.3464, 1183.686) -> Grid pos: (11, 18)
Enemy updating path from: (11, 18) to: (37, 11)
Screen pos: (594.5389, 1150.793) -> Local pos: (739.3464, 1183.686) -> Grid pos: (11, 18)
Enemy updating path from: (11, 18) to: (37, 11)
Screen pos: (597.4911, 1150.577) -> Local pos: (739.3464, 1183.686) -> Grid pos: (11, 18)
Enemy updating path from: (11, 18) to: (37, 11)
Screen pos: (599.3899, 1150.435) -> Local pos: (739.3464, 1183.686) -> Grid pos: (11, 18)
Enemy updating path from: (11, 18) to: (37, 11)
Screen pos: (597.0505, 1150.614) -> Local pos: (739.3464, 1183.686) -> Grid pos: (11, 18)
Enemy updating path from: (11, 18) to: (37, 11)
Screen pos: (694.8455, 1174.053) -> Local pos: (739.3464, 1183.686) -> Grid pos: (11, 18)
Enemy updating path from: (11, 18) to: (37, 11)
Screen pos: (694.2134, 1173.964) -> Local pos: (739.3464, 1183.686) -> Grid pos: (11, 18)
Enemy updating path from: (11, 18) to: (37, 11)
Screen pos: (691.8625, 1173.64) -> Local pos: (739.3464, 1183.686) -> Grid pos: (11, 18)
Enemy updating path from: (11, 18) to: (37, 11)
Screen pos: (696.1154, 1174.237) -> Local pos: (739.3464, 1183.686) -> Grid pos: (11, 18)
Enemy updating path from: (11, 18) to: (37, 11)
Screen pos: (692.1781, 1173.686) -> Local pos: (739.3464, 1183.686) -> Grid pos: (11, 18)
Enemy updating path from: (11, 18) to: (37, 11)
Screen pos: (694.6951, 1174.034) -> Local pos: (739.3464, 1183.686) -> Grid pos: (11, 18)
Enemy updating path from: (11, 18) to: (37, 11)
Screen pos: (691.9117, 1173.652) -> Local pos: (739.3464, 1183.686) -> Grid pos: (11, 18)
Enemy updating path from: (11, 18) to: (37, 11)
Screen pos: (694.7229, 1174.041) -> Local pos: (739.3464, 1183.686) -> Grid pos: (11, 18)
Enemy updating path from: (11, 18) to: (37, 11)
Screen pos: (696.5209, 1174.301) -> Local pos: (739.3464, 1183.686) -> Grid pos: (11, 18)
Enemy updating path from: (11, 18) to: (37, 11)
Screen pos: (694.3024, 1173.983) -> Local pos: (739.3464, 1183.686) -> Grid pos: (11, 18)
Enemy updating path from: (11, 18) to: (37, 11)
Screen pos: (776.96, 1141.116) -> Local pos: (739.3464, 1183.686) -> Grid pos: (11, 18)
Enemy updating path from: (11, 18) to: (37, 11)
Screen pos: (776.4942, 1141.533) -> Local pos: (739.3464, 1183.686) -> Grid pos: (11, 18)
Enemy updating path from: (11, 18) to: (37, 11)
Screen pos: (774.7324, 1143.183) -> Local pos: (739.3464, 1183.686) -> Grid pos: (11, 18)
Enemy updating path from: (11, 18) to: (37, 11)
Screen pos: (777.9006, 1140.276) -> Local pos: (739.3464, 1183.686) -> Grid pos: (11, 18)
Enemy updating path from: (11, 18) to: (37, 11)
Screen pos: (775.0022, 1142.815) -> Local pos: (739.3464, 1183.686) -> Grid pos: (11, 18)
Enemy updating path from: (11, 18) to: (37, 11)
Screen pos: (776.8697, 1141.141) -> Local pos: (739.3464, 1183.686) -> Grid pos: (11, 18)
Enemy updating path from: (11, 18) to: (37, 11)
Screen pos: (774.7639, 1143.173) -> Local pos: (739.3464, 1183.686) -> Grid pos: (11, 18)
Enemy updating path from: (11, 18) to: (37, 11)
Screen pos: (776.8887, 1141.135) -> Local pos: (739.3464, 1183.686) -> Grid pos: (11, 18)
Enemy updating path from: (11, 18) to: (37, 11)
Screen pos: (778.2338, 1139.898) -> Local pos: (739.3464, 1183.686) -> Grid pos: (11, 18)
Enemy updating path from: (11, 18) to: (37, 11)
Screen pos: (776.5483, 1141.517) -> Local pos: (739.3464, 1183.686) -> Grid pos: (11, 18)
Enemy updating path from: (11, 18) to: (37, 11)
Screen pos: (770.9955, 1148.933) -> Local pos: (739.3464, 1183.686) -> Grid pos: (11, 18)
Enemy updating path from: (11, 18) to: (37, 11)
Screen pos: (771.4096, 1148.516) -> Local pos: (739.3464, 1183.686) -> Grid pos: (11, 18)
Enemy updating path from: (11, 18) to: (37, 11)
Screen pos: (773.134, 1146.787) -> Local pos: (739.3464, 1183.686) -> Grid pos: (11, 18)
Enemy updating path from: (11, 18) to: (37, 11)
Screen pos: (770.17, 1149.759) -> Local pos: (739.3464, 1183.686) -> Grid pos: (11, 18)
Enemy updating path from: (11, 18) to: (37, 11)
Screen pos: (772.5952, 1147.324) -> Local pos: (739.3464, 1183.686) -> Grid pos: (11, 18)
Enemy updating path from: (11, 18) to: (37, 11)
Screen pos: (770.9361, 1148.99) -> Local pos: (739.3464, 1183.686) -> Grid pos: (11, 18)
Enemy updating path from: (11, 18) to: (37, 11)
Screen pos: (773.1546, 1146.767) -> Local pos: (739.3464, 1183.686) -> Grid pos: (11, 18)
Enemy updating path from: (11, 18) to: (37, 11)
Screen pos: (770.9464, 1148.981) -> Local pos: (739.3464, 1183.686) -> Grid pos: (11, 18)
Enemy updating path from: (11, 18) to: (37, 11)
Screen pos: (769.6696, 1150.259) -> Local pos: (739.3464, 1183.686) -> Grid pos: (11, 18)
Enemy updating path from: (11, 18) to: (37, 11)
Screen pos: (771.4425, 1148.484) -> Local pos: (739.3464, 1183.686) -> Grid pos: (11, 18)
Enemy updating path from: (11, 18) to: (37, 11)
Screen pos: (777.8467, 1142.151) -> Local pos: (739.3464, 1183.686) -> Grid pos: (11, 18)
Enemy updating path from: (11, 18) to: (37, 11)
Screen pos: (777.4042, 1142.594) -> Local pos: (739.3464, 1183.686) -> Grid pos: (11, 18)
Enemy updating path from: (11, 18) to: (37, 11)
Screen pos: (775.7018, 1144.296) -> Local pos: (739.3464, 1183.686) -> Grid pos: (11, 18)
Enemy updating path from: (11, 18) to: (37, 11)
Screen pos: (778.7346, 1141.263) -> Local pos: (739.3464, 1183.686) -> Grid pos: (11, 18)
Enemy updating path from: (11, 18) to: (37, 11)
Screen pos: (776.0203, 1143.977) -> Local pos: (739.3464, 1183.686) -> Grid pos: (11, 18)
Enemy updating path from: (11, 18) to: (37, 11)
Screen pos: (777.7874, 1142.21) -> Local pos: (739.3464, 1183.686) -> Grid pos: (11, 18)
Enemy updating path from: (11, 18) to: (37, 11)
Screen pos: (775.7224, 1144.275) -> Local pos: (739.3464, 1183.686) -> Grid pos: (11, 18)
Enemy updating path from: (11, 18) to: (37, 11)
Screen pos: (777.7976, 1142.2) -> Local pos: (739.3464, 1183.686) -> Grid pos: (11, 18)
Enemy updating path from: (11, 18) to: (37, 11)
Screen pos: (779.0909, 1140.907) -> Local pos: (739.3464, 1183.686) -> Grid pos: (11, 18)
Enemy updating path from: (11, 18) to: (37, 11)
Screen pos: (777.4371, 1142.561) -> Local pos: (739.3464, 1183.686) -> Grid pos: (11, 18)
Enemy updating path from: (11, 18) to: (37, 11)
Screen pos: (770.9518, 1149.046) -> Local pos: (739.3464, 1183.686) -> Grid pos: (11, 18)
Enemy updating path from: (11, 18) to: (37, 11)
Screen pos: (771.3665, 1148.632) -> Local pos: (739.3464, 1183.686) -> Grid pos: (11, 18)
Enemy updating path from: (11, 18) to: (37, 11)
Screen pos: (773.0928, 1146.905) -> Local pos: (739.3464, 1183.686) -> Grid pos: (11, 18)
Enemy updating path from: (11, 18) to: (37, 11)
Screen pos: (770.1253, 1149.873) -> Local pos: (739.3464, 1183.686) -> Grid pos: (11, 18)
Enemy updating path from: (11, 18) to: (37, 11)
Screen pos: (772.5542, 1147.444) -> Local pos: (739.3464, 1183.686) -> Grid pos: (11, 18)
Enemy updating path from: (11, 18) to: (37, 11)
Screen pos: (770.8924, 1149.106) -> Local pos: (739.3464, 1183.686) -> Grid pos: (11, 18)
Enemy updating path from: (11, 18) to: (37, 11)
Screen pos: (773.1133, 1146.885) -> Local pos: (739.3464, 1183.686) -> Grid pos: (11, 18)
Enemy updating path from: (11, 18) to: (37, 11)
Screen pos: (770.9026, 1149.095) -> Local pos: (739.3464, 1183.686) -> Grid pos: (11, 18)
Enemy updating path from: (11, 18) to: (37, 11)
Screen pos: (769.6243, 1150.374) -> Local pos: (739.3464, 1183.686) -> Grid pos: (11, 18)
Enemy updating path from: (11, 18) to: (37, 11)
Screen pos: (771.3994, 1148.599) -> Local pos: (739.3464, 1183.686) -> Grid pos: (11, 18)
Enemy updating path from: (11, 18) to: (37, 11)
Screen pos: (778.5294, 1141.469) -> Local pos: (739.3464, 1183.686) -> Grid pos: (11, 18)
Enemy updating path from: (11, 18) to: (37, 11)
Screen pos: (778.0869, 1141.911) -> Local pos: (739.3464, 1183.686) -> Grid pos: (11, 18)
Enemy updating path from: (11, 18) to: (37, 11)
Screen pos: (776.3845, 1143.614) -> Local pos: (739.3464, 1183.686) -> Grid pos: (11, 18)
Enemy updating path from: (11, 18) to: (37, 11)
Screen pos: (778.56, 1141.438) -> Local pos: (739.3464, 1183.686) -> Grid pos: (11, 18)
Enemy updating path from: (11, 18) to: (37, 11)
Screen pos: (776.7031, 1143.295) -> Local pos: (739.3464, 1183.686) -> Grid pos: (11, 18)
Enemy updating path from: (11, 18) to: (37, 11)
Screen pos: (778.4699, 1141.528) -> Local pos: (739.3464, 1183.686) -> Grid pos: (11, 18)
Enemy updating path from: (11, 18) to: (37, 11)
Screen pos: (778.4802, 1141.518) -> Local pos: (739.3464, 1183.686) -> Grid pos: (11, 18)
Enemy updating path from: (11, 18) to: (37, 11)
Screen pos: (779.7733, 1140.225) -> Local pos: (739.3464, 1183.686) -> Grid pos: (11, 18)
Enemy updating path from: (11, 18) to: (37, 11)
Screen pos: (777.2625, 1142.736) -> Local pos: (739.3464, 1183.686) -> Grid pos: (11, 18)
Enemy updating path from: (11, 18) to: (37, 11)
Screen pos: (770.804, 1149.194) -> Local pos: (739.3464, 1183.686) -> Grid pos: (11, 18)
Enemy updating path from: (11, 18) to: (37, 11)
Screen pos: (771.2187, 1148.779) -> Local pos: (739.3464, 1183.686) -> Grid pos: (11, 18)
Enemy updating path from: (11, 18) to: (37, 11)
Screen pos: (772.9449, 1147.053) -> Local pos: (739.3464, 1183.686) -> Grid pos: (11, 18)
Enemy updating path from: (11, 18) to: (37, 11)
Screen pos: (769.9775, 1150.021) -> Local pos: (739.3464, 1183.686) -> Grid pos: (11, 18)
Enemy updating path from: (11, 18) to: (37, 11)
Screen pos: (772.4063, 1147.592) -> Local pos: (739.3464, 1183.686) -> Grid pos: (11, 18)
Enemy updating path from: (11, 18) to: (37, 11)
Screen pos: (770.7446, 1149.254) -> Local pos: (739.3464, 1183.686) -> Grid pos: (11, 18)
Enemy updating path from: (11, 18) to: (37, 11)
Screen pos: (770.7548, 1149.243) -> Local pos: (739.3464, 1183.686) -> Grid pos: (11, 18)
Enemy updating path from: (11, 18) to: (37, 11)
Screen pos: (769.4765, 1150.522) -> Local pos: (739.3464, 1183.686) -> Grid pos: (11, 18)
Enemy updating path from: (11, 18) to: (37, 11)
Screen pos: (771.2515, 1148.747) -> Local pos: (739.3464, 1183.686) -> Grid pos: (11, 18)
Enemy updating path from: (11, 18) to: (37, 11)
Screen pos: (778.4924, 1141.506) -> Local pos: (739.3464, 1183.686) -> Grid pos: (11, 18)
Enemy updating path from: (11, 18) to: (37, 11)
Screen pos: (778.0499, 1141.948) -> Local pos: (739.3464, 1183.686) -> Grid pos: (11, 18)
Enemy updating path from: (11, 18) to: (37, 11)
Screen pos: (776.3474, 1143.651) -> Local pos: (739.3464, 1183.686) -> Grid pos: (11, 18)
Enemy updating path from: (11, 18) to: (37, 11)
Screen pos: (779.3802, 1140.618) -> Local pos: (739.3464, 1183.686) -> Grid pos: (11, 18)
Enemy updating path from: (11, 18) to: (37, 11)
Screen pos: (776.666, 1143.332) -> Local pos: (739.3464, 1183.686) -> Grid pos: (11, 18)
Enemy updating path from: (11, 18) to: (37, 11)
Screen pos: (778.4329, 1141.565) -> Local pos: (739.3464, 1183.686) -> Grid pos: (11, 18)
Enemy updating path from: (11, 18) to: (37, 11)
Screen pos: (778.4432, 1141.555) -> Local pos: (739.3464, 1183.686) -> Grid pos: (11, 18)
Enemy updating path from: (11, 18) to: (37, 11)
Screen pos: (779.7363, 1140.262) -> Local pos: (739.3464, 1183.686) -> Grid pos: (11, 18)
Enemy updating path from: (11, 18) to: (37, 11)
Screen pos: (778.0827, 1141.915) -> Local pos: (739.3464, 1183.686) -> Grid pos: (11, 18)
Enemy updating path from: (11, 18) to: (37, 11)
Screen pos: (770.7518, 1149.246) -> Local pos: (739.3464, 1183.686) -> Grid pos: (11, 18)
Enemy updating path from: (11, 18) to: (37, 11)
Screen pos: (771.1664, 1148.832) -> Local pos: (739.3464, 1183.686) -> Grid pos: (11, 18)
Enemy updating path from: (11, 18) to: (37, 11)
Screen pos: (772.8925, 1147.106) -> Local pos: (739.3464, 1183.686) -> Grid pos: (11, 18)
Enemy updating path from: (11, 18) to: (37, 11)
Screen pos: (769.9252, 1150.073) -> Local pos: (739.3464, 1183.686) -> Grid pos: (11, 18)
Enemy updating path from: (11, 18) to: (37, 11)
Screen pos: (772.3539, 1147.644) -> Local pos: (739.3464, 1183.686) -> Grid pos: (11, 18)
Enemy updating path from: (11, 18) to: (37, 11)
Screen pos: (770.6923, 1149.306) -> Local pos: (739.3464, 1183.686) -> Grid pos: (11, 18)
Enemy updating path from: (11, 18) to: (37, 11)
Screen pos: (770.7026, 1149.296) -> Local pos: (739.3464, 1183.686) -> Grid pos: (11, 18)
Enemy updating path from: (11, 18) to: (37, 11)
Screen pos: (769.4241, 1150.574) -> Local pos: (739.3464, 1183.686) -> Grid pos: (11, 18)
Enemy updating path from: (11, 18) to: (37, 11)
Screen pos: (771.1993, 1148.799) -> Local pos: (739.3464, 1183.686) -> Grid pos: (11, 18)
Enemy updating path from: (11, 18) to: (37, 11)
Screen pos: (778.4401, 1141.558) -> Local pos: (739.3464, 1183.686) -> Grid pos: (11, 18)
Enemy updating path from: (11, 18) to: (37, 11)
Screen pos: (777.9976, 1142) -> Local pos: (739.3464, 1183.686) -> Grid pos: (11, 18)
Enemy updating path from: (11, 18) to: (37, 11)
Screen pos: (776.295, 1143.703) -> Local pos: (739.3464, 1183.686) -> Grid pos: (11, 18)
Enemy updating path from: (11, 18) to: (37, 11)
Screen pos: (779.3278, 1140.67) -> Local pos: (739.3464, 1183.686) -> Grid pos: (11, 18)
Enemy updating path from: (11, 18) to: (37, 11)
Screen pos: (776.6136, 1143.385) -> Local pos: (739.3464, 1183.686) -> Grid pos: (11, 18)
Enemy updating path from: (11, 18) to: (37, 11)
Screen pos: (778.3807, 1141.617) -> Local pos: (739.3464, 1183.686) -> Grid pos: (11, 18)
Enemy updating path from: (11, 18) to: (37, 11)
Screen pos: (778.3909, 1141.607) -> Local pos: (739.3464, 1183.686) -> Grid pos: (11, 18)
Enemy updating path from: (11, 18) to: (37, 11)
Screen pos: (779.6839, 1140.314) -> Local pos: (739.3464, 1183.686) -> Grid pos: (11, 18)
Enemy updating path from: (11, 18) to: (37, 11)
Screen pos: (778.0305, 1141.968) -> Local pos: (739.3464, 1183.686) -> Grid pos: (11, 18)
Enemy updating path from: (11, 18) to: (37, 11)
Screen pos: (770.5569, 1149.441) -> Local pos: (739.3464, 1183.686) -> Grid pos: (11, 18)
Enemy updating path from: (11, 18) to: (37, 11)
Screen pos: (770.9716, 1149.026) -> Local pos: (739.3464, 1183.686) -> Grid pos: (11, 18)
Enemy updating path from: (11, 18) to: (37, 11)
Screen pos: (769.7303, 1150.268) -> Local pos: (739.3464, 1183.686) -> Grid pos: (11, 18)
Enemy updating path from: (11, 18) to: (37, 11)
Screen pos: (772.159, 1147.839) -> Local pos: (739.3464, 1183.686) -> Grid pos: (11, 18)
Enemy updating path from: (11, 18) to: (37, 11)
Screen pos: (770.4975, 1149.501) -> Local pos: (739.3464, 1183.686) -> Grid pos: (11, 18)
Enemy updating path from: (11, 18) to: (37, 11)
Screen pos: (770.5078, 1149.49) -> Local pos: (739.3464, 1183.686) -> Grid pos: (11, 18)
Enemy updating path from: (11, 18) to: (37, 11)
Screen pos: (769.2293, 1150.769) -> Local pos: (739.3464, 1183.686) -> Grid pos: (11, 18)
Enemy updating path from: (11, 18) to: (37, 11)
Screen pos: (771.0045, 1148.994) -> Local pos: (739.3464, 1183.686) -> Grid pos: (11, 18)
Enemy updating path from: (11, 18) to: (37, 11)
Screen pos: (778.2453, 1141.753) -> Local pos: (716.3398, 1200.941) -> Grid pos: (11, 18)
Enemy updating path from: (11, 18) to: (37, 11)
Screen pos: (777.8028, 1142.195) -> Local pos: (715.1895, 1202.092) -> Grid pos: (11, 18)
Enemy updating path from: (11, 18) to: (37, 11)
Screen pos: (779.1329, 1140.865) -> Local pos: (714.0391, 1202.092) -> Grid pos: (11, 18)
Enemy updating path from: (11, 18) to: (37, 11)
Screen pos: (776.4187, 1143.579) -> Local pos: (714.0391, 1203.242) -> Grid pos: (11, 18)
Enemy updating path from: (11, 18) to: (37, 11)
Screen pos: (778.1859, 1141.812) -> Local pos: (712.8889, 1204.392) -> Grid pos: (11, 18)
Enemy updating path from: (11, 18) to: (37, 11)
Screen pos: (778.1961, 1141.802) -> Local pos: (712.8889, 1204.392) -> Grid pos: (11, 18)
Enemy updating path from: (11, 18) to: (37, 11)
Screen pos: (779.4891, 1140.509) -> Local pos: (711.7385, 1205.542) -> Grid pos: (11, 18)
Enemy updating path from: (11, 18) to: (37, 11)
Screen pos: (777.8356, 1142.162) -> Local pos: (711.7385, 1205.542) -> Grid pos: (11, 18)
Enemy updating path from: (11, 18) to: (37, 11)
Screen pos: (770.4642, 1149.534) -> Local pos: (719.7908, 1280.314) -> Grid pos: (11, 20)
Enemy updating path from: (11, 20) to: (37, 11)
Screen pos: (770.8789, 1149.119) -> Local pos: (722.0915, 1279.163) -> Grid pos: (11, 19)
Enemy updating path from: (11, 19) to: (37, 11)
Screen pos: (769.6376, 1150.36) -> Local pos: (724.3922, 1278.013) -> Grid pos: (11, 19)
Enemy updating path from: (11, 19) to: (37, 11)
Screen pos: (772.9235, 1147.075) -> Local pos: (725.5424, 1276.863) -> Grid pos: (11, 19)
Enemy updating path from: (11, 19) to: (37, 11)
Screen pos: (770.4048, 1149.593) -> Local pos: (727.8431, 1275.712) -> Grid pos: (11, 19)
Enemy updating path from: (11, 19) to: (37, 11)
Screen pos: (770.415, 1149.583) -> Local pos: (728.9935, 1274.562) -> Grid pos: (11, 19)
Enemy updating path from: (11, 19) to: (37, 11)
Screen pos: (769.1366, 1150.861) -> Local pos: (731.2941, 1273.412) -> Grid pos: (11, 19)
Enemy updating path from: (11, 19) to: (37, 11)
Screen pos: (770.9117, 1149.086) -> Local pos: (733.5948, 1272.261) -> Grid pos: (11, 19)
Enemy updating path from: (11, 19) to: (37, 11)
Screen pos: (749.5873, 1247.947) -> Local pos: (845.1765, 1133.072) -> Grid pos: (13, 17)
Enemy updating path from: (13, 17) to: (37, 11)
Screen pos: (737.6185, 1243.412) -> Local pos: (845.1765, 1131.922) -> Grid pos: (13, 17)
Enemy updating path from: (13, 17) to: (37, 11)
Screen pos: (738.3396, 1242.915) -> Local pos: (845.1765, 1131.922) -> Grid pos: (13, 17)
Enemy updating path from: (13, 17) to: (37, 11)
Screen pos: (738.359, 1241.552) -> Local pos: (845.1765, 1130.771) -> Grid pos: (13, 17)
Enemy updating path from: (13, 17) to: (37, 11)
Screen pos: (738.0425, 1242.996) -> Local pos: (845.1765, 1130.771) -> Grid pos: (13, 17)
Enemy updating path from: (13, 17) to: (37, 11)
Screen pos: (738.0462, 1242.986) -> Local pos: (845.1765, 1129.621) -> Grid pos: (13, 17)
Enemy updating path from: (13, 17) to: (37, 11)
Screen pos: (738.7546, 1242.523) -> Local pos: (845.1765, 1129.621) -> Grid pos: (13, 17)
Enemy updating path from: (13, 17) to: (37, 11)
Screen pos: (737.6312, 1243.379) -> Local pos: (845.1765, 1128.471) -> Grid pos: (13, 17)
Enemy updating path from: (13, 17) to: (37, 11)
Screen pos: (816.319, 1173.321) -> Local pos: (911.8954, 1159.529) -> Grid pos: (14, 18)
Enemy updating path from: (14, 18) to: (37, 11)
Screen pos: (809.2449, 1173.464) -> Local pos: (913.0457, 1161.83) -> Grid pos: (14, 18)
Enemy updating path from: (14, 18) to: (37, 11)
Screen pos: (809.9093, 1172.907) -> Local pos: (914.1961, 1164.131) -> Grid pos: (14, 18)
Enemy updating path from: (14, 18) to: (37, 11)
Screen pos: (810.3062, 1171.947) -> Local pos: (915.3464, 1165.281) -> Grid pos: (14, 18)
Enemy updating path from: (14, 18) to: (37, 11)
Screen pos: (809.6707, 1173.048) -> Local pos: (915.3464, 1166.431) -> Grid pos: (14, 18)
Enemy updating path from: (14, 18) to: (37, 11)
Screen pos: (809.6776, 1173.04) -> Local pos: (916.4966, 1168.732) -> Grid pos: (14, 18)
Enemy updating path from: (14, 18) to: (37, 11)
Screen pos: (810.3155, 1172.514) -> Local pos: (917.647, 1171.033) -> Grid pos: (14, 18)
Enemy updating path from: (14, 18) to: (37, 11)
Screen pos: (809.2627, 1173.445) -> Local pos: (917.647, 1173.333) -> Grid pos: (14, 18)
Enemy updating path from: (14, 18) to: (37, 11)
Screen pos: (915.9469, 1182.847) -> Local pos: (1116.654, 838.5882) -> Grid pos: (17, 13)
Enemy updating path from: (17, 13) to: (37, 11)
Screen pos: (908.9347, 1182.309) -> Local pos: (1116.654, 838.5882) -> Grid pos: (17, 13)
Enemy updating path from: (17, 13) to: (37, 11)
Screen pos: (909.5504, 1182.267) -> Local pos: (1116.654, 838.5882) -> Grid pos: (17, 13)
Enemy updating path from: (17, 13) to: (37, 11)
Screen pos: (909.8674, 1182.143) -> Local pos: (1116.654, 838.5882) -> Grid pos: (17, 13)
Enemy updating path from: (17, 13) to: (37, 11)
Screen pos: (909.3218, 1182.272) -> Local pos: (1116.654, 838.5882) -> Grid pos: (17, 13)
Enemy updating path from: (17, 13) to: (37, 11)
Screen pos: (909.3287, 1182.27) -> Local pos: (1116.654, 838.5882) -> Grid pos: (17, 13)
Enemy updating path from: (17, 13) to: (37, 11)
Screen pos: (909.9255, 1182.236) -> Local pos: (1116.654, 838.5882) -> Grid pos: (17, 13)
Enemy updating path from: (17, 13) to: (37, 11)
Screen pos: (908.9524, 1182.307) -> Local pos: (1116.654, 838.5882) -> Grid pos: (17, 13)
Enemy updating path from: (17, 13) to: (37, 11)
Screen pos: (970.0988, 1098.234) -> Local pos: (92.86267, 999.634) -> Grid pos: (1, 15)
Enemy updating path from: (1, 15) to: (37, 11)
Screen pos: (964.4503, 1098.587) -> Local pos: (92.86267, 999.634) -> Grid pos: (1, 15)
Enemy updating path from: (1, 15) to: (37, 11)
Screen pos: (964.9584, 1098.472) -> Local pos: (92.86267, 999.634) -> Grid pos: (1, 15)
Enemy updating path from: (1, 15) to: (37, 11)
Screen pos: (965.2338, 1098.323) -> Local pos: (92.86267, 999.634) -> Grid pos: (1, 15)
Enemy updating path from: (1, 15) to: (37, 11)
Screen pos: (964.7696, 1098.509) -> Local pos: (92.86267, 999.634) -> Grid pos: (1, 15)
Enemy updating path from: (1, 15) to: (37, 11)
Screen pos: (964.7763, 1098.507) -> Local pos: (92.86267, 999.634) -> Grid pos: (1, 15)
Enemy updating path from: (1, 15) to: (37, 11)
Screen pos: (965.2656, 1098.398) -> Local pos: (92.86267, 999.634) -> Grid pos: (1, 15)
Enemy updating path from: (1, 15) to: (37, 11)
Screen pos: (964.4674, 1098.583) -> Local pos: (92.86267, 999.634) -> Grid pos: (1, 15)
Enemy updating path from: (1, 15) to: (37, 11)
Grid: Input event received: InputEventKey: keycode=4194305 (Escape), mods=none, physical=false, pressed=true, echo=false
TestMap: Input event received: InputEventKey: keycode=4194305 (Escape), mods=none, physical=false, pressed=true, echo=false
TestMap: Unhandled input event: InputEventKey: keycode=4194305 (Escape), mods=none, physical=false, pressed=true, echo=false
Grid: Input event received: InputEventKey: keycode=4194305 (Escape), mods=none, physical=false, pressed=false, echo=false
TestMap: Input event received: InputEventKey: keycode=4194305 (Escape), mods=none, physical=false, pressed=false, echo=false
TestMap: Unhandled input event: InputEventKey: keycode=4194305 (Escape), mods=none, physical=false, pressed=false, echo=false
Screen pos: (870.3672, 1086.112) -> Local pos: (404.6013, 914.5098) -> Grid pos: (6, 14)
Enemy updating path from: (6, 14) to: (37, 11)
Screen pos: (864.7302, 1086.345) -> Local pos: (404.6013, 914.5098) -> Grid pos: (6, 14)
Enemy updating path from: (6, 14) to: (37, 11)
Screen pos: (865.2372, 1086.25) -> Local pos: (404.6013, 914.5098) -> Grid pos: (6, 14)
Enemy updating path from: (6, 14) to: (37, 11)
Screen pos: (865.5123, 1086.122) -> Local pos: (404.6013, 914.5098) -> Grid pos: (6, 14)
Enemy updating path from: (6, 14) to: (37, 11)
Screen pos: (865.0493, 1086.284) -> Local pos: (404.6013, 914.5098) -> Grid pos: (6, 14)
Enemy updating path from: (6, 14) to: (37, 11)
Screen pos: (865.056, 1086.282) -> Local pos: (404.6013, 914.5098) -> Grid pos: (6, 14)
Enemy updating path from: (6, 14) to: (37, 11)
Screen pos: (865.5443, 1086.194) -> Local pos: (404.6013, 914.5098) -> Grid pos: (6, 14)
Enemy updating path from: (6, 14) to: (37, 11)
Screen pos: (864.7473, 1086.341) -> Local pos: (404.6013, 914.5098) -> Grid pos: (6, 14)
Enemy updating path from: (6, 14) to: (37, 11)
Grid: Input event received: InputEventKey: keycode=4194339 (F8), mods=none, physical=false, pressed=true, echo=false
TestMap: Input event received: InputEventKey: keycode=4194339 (F8), mods=none, physical=false, pressed=true, echo=false
TestMap: Unhandled input event: InputEventKey: keycode=4194339 (F8), mods=none, physical=false, pressed=true, echo=false
Screen pos: (770.1353, 1052.963) -> Local pos: (399.9999, 917.9608) -> Grid pos: (6, 14)
Enemy updating path from: (6, 14) to: (37, 11)
Screen pos: (770.6224, 1052.927) -> Local pos: (399.9999, 917.9608) -> Grid pos: (6, 14)
Enemy updating path from: (6, 14) to: (37, 11)
