Godot Engine v4.2.1.stable.official.b09f793f5 - https://godotengine.org
Vulkan API 1.3.292 - Forward+ - Using Vulkan Device #0: AMD - AMD Radeon RX 7800 XT
 
Grid: Ready called
TestMap: Ready called
Grid: Input event received: InputEventMouseButton: button_index=1, mods=none, pressed=true, canceled=false, position=((65, 676.5)), button_mask=1, double_click=false
TestMap: Input event received: InputEventMouseButton: button_index=1, mods=none, pressed=true, canceled=false, position=((65, 676.5)), button_mask=1, double_click=false
Grid: Input event received: InputEventMouseButton: button_index=1, mods=none, pressed=false, canceled=false, position=((65, 676.5)), button_mask=0, double_click=false
TestMap: Input event received: InputEventMouseButton: button_index=1, mods=none, pressed=false, canceled=false, position=((65, 676.5)), button_mask=0, double_click=false
Grid: Input event received: InputEventMouseButton: button_index=1, mods=none, pressed=true, canceled=false, position=((907.5, 299.5)), button_mask=1, double_click=false
TestMap: Input event received: InputEventMouseButton: button_index=1, mods=none, pressed=true, canceled=false, position=((907.5, 299.5)), button_mask=1, double_click=false
TestMap: Unhandled input event: InputEventMouseButton: button_index=1, mods=none, pressed=true, canceled=false, position=((907.5, 299.5)), button_mask=1, double_click=false
TestMap: Attempting to place tower
Screen pos: (907.5, 299.5) -> Local pos: (1389.281, 564.8104) -> Grid pos: (21, 8)
TestMap: Tower placement - Mouse pos: (907.5, 299.5) Grid pos: (21, 8)
TestMap: Placing tower
Grid: Input event received: InputEventMouseButton: button_index=1, mods=none, pressed=false, canceled=false, position=((907.5, 299.5)), button_mask=0, double_click=false
TestMap: Input event received: InputEventMouseButton: button_index=1, mods=none, pressed=false, canceled=false, position=((907.5, 299.5)), button_mask=0, double_click=false
TestMap: Unhandled input event: InputEventMouseButton: button_index=1, mods=none, pressed=false, canceled=false, position=((907.5, 299.5)), button_mask=0, double_click=false
Grid: Input event received: InputEventMouseButton: button_index=1, mods=none, pressed=true, canceled=false, position=((1653.5, 32)), button_mask=1, double_click=false
TestMap: Input event received: InputEventMouseButton: button_index=1, mods=none, pressed=true, canceled=false, position=((1653.5, 32)), button_mask=1, double_click=false
Grid: Input event received: InputEventMouseButton: button_index=1, mods=none, pressed=false, canceled=false, position=((1653.5, 32)), button_mask=0, double_click=false
TestMap: Input event received: InputEventMouseButton: button_index=1, mods=none, pressed=false, canceled=false, position=((1653.5, 32)), button_mask=0, double_click=false
Wave 1 started with 10 enemies
Screen pos: (32, 928) -> Local pos: (1848.261, 339.3464) -> Grid pos: (28, 5)
Enemy updating path from: (28, 5) to: (37, 11)
Spawned enemy at position: (32, 928)
Screen pos: (32, 608) -> Local pos: (1660.758, 435.9738) -> Grid pos: (25, 6)
Enemy updating path from: (25, 6) to: (37, 11)
Spawned enemy at position: (32, 608)
Screen pos: (32, 416) -> Local pos: (1680.314, 415.2679) -> Grid pos: (26, 6)
Enemy updating path from: (26, 6) to: (37, 11)
Spawned enemy at position: (32, 416)
Screen pos: (32, 416) -> Local pos: (1675.712, 412.9673) -> Grid pos: (26, 6)
Enemy updating path from: (26, 6) to: (37, 11)
Spawned enemy at position: (32, 416)
Screen pos: (32, 864) -> Local pos: (1674.562, 643.0327) -> Grid pos: (26, 10)
Enemy updating path from: (26, 10) to: (37, 11)
Spawned enemy at position: (32, 864)
Screen pos: (32, 480) -> Local pos: (1573.333, 621.1765) -> Grid pos: (24, 9)
Enemy updating path from: (24, 9) to: (37, 11)
Spawned enemy at position: (32, 480)
Screen pos: (32, 544) -> Local pos: (1215.582, 689.0457) -> Grid pos: (18, 10)
Enemy updating path from: (18, 10) to: (37, 11)
Spawned enemy at position: (32, 544)
Screen pos: (32, 1248) -> Local pos: (1390.431, 644.183) -> Grid pos: (21, 10)
Enemy updating path from: (21, 10) to: (37, 11)
Spawned enemy at position: (32, 1248)
Screen pos: (32, 1184) -> Local pos: (1451.399, 645.3333) -> Grid pos: (22, 10)
Enemy updating path from: (22, 10) to: (37, 11)
Spawned enemy at position: (32, 1184)
Screen pos: (32, 224) -> Local pos: (1450.248, 645.3333) -> Grid pos: (22, 10)
Enemy updating path from: (22, 10) to: (37, 11)
Spawned enemy at position: (32, 224)
Screen pos: (2395.342, 735.9998) -> Local pos: (1567.582, 702.8497) -> Grid pos: (24, 10)
Enemy updating path from: (24, 10) to: (37, 11)
Screen pos: (2395.59, 735.9998) -> Local pos: (1551.477, 687.8954) -> Grid pos: (24, 10)
Enemy updating path from: (24, 10) to: (37, 11)
Screen pos: (2395.213, 735.9998) -> Local pos: (1554.928, 662.5882) -> Grid pos: (24, 10)
Enemy updating path from: (24, 10) to: (37, 11)
Screen pos: (2395.336, 735.9998) -> Local pos: (1554.928, 662.5882) -> Grid pos: (24, 10)
Enemy updating path from: (24, 10) to: (37, 11)
Screen pos: (2395.416, 735.9998) -> Local pos: (1554.928, 662.5882) -> Grid pos: (24, 10)
Enemy updating path from: (24, 10) to: (37, 11)
Screen pos: (2395.108, 735.9998) -> Local pos: (1554.928, 662.5882) -> Grid pos: (24, 10)
Enemy updating path from: (24, 10) to: (37, 11)
Screen pos: (2395.495, 735.9998) -> Local pos: (1554.928, 662.5882) -> Grid pos: (24, 10)
Enemy updating path from: (24, 10) to: (37, 11)
